000 (172598.000.000) 2024-06-19 16:09:25 Job submitted from host: <131.227.81.127:9618?addrs=131.227.81.127-9618&alias=aisurrey-condor.surrey.ac.uk&noUDP&sock=schedd_1795_cc96>
...
040 (172598.000.000) 2024-06-19 16:09:25 Started transferring input files
	Transferring to host: <131.227.80.158:9618?addrs=131.227.80.158-9618&alias=aisurrey13.surrey.ac.uk&noUDP&sock=slot1_1_12037_e7c3_13198>
...
040 (172598.000.000) 2024-06-19 16:09:26 Finished transferring input files
...
001 (172598.000.000) 2024-06-19 16:09:27 Job executing on host: <131.227.80.158:9618?addrs=131.227.80.158-9618&alias=aisurrey13.surrey.ac.uk&noUDP&sock=startd_11838_763a>
...
040 (172598.000.000) 2024-06-19 16:09:30 Started transferring output files
...
040 (172598.000.000) 2024-06-19 16:09:30 Finished transferring output files
...
005 (172598.000.000) 2024-06-19 16:09:32 Job terminated.
	(1) Normal termination (return value 1)
		Usr 0 00:00:00, Sys 0 00:00:00  -  Run Remote Usage
		Usr 0 00:00:00, Sys 0 00:00:00  -  Run Local Usage
		Usr 0 00:00:00, Sys 0 00:00:00  -  Total Remote Usage
		Usr 0 00:00:00, Sys 0 00:00:00  -  Total Local Usage
	0  -  Run Bytes Sent By Job
	16250374  -  Run Bytes Received By Job
	0  -  Total Bytes Sent By Job
	16250374  -  Total Bytes Received By Job
	Partitionable Resources :    Usage  Request Allocated Assigned
	   Cpus                 :        0        4         4 
	   Disk (KB)            :    15893    17500    652975 
	   Gpus (Average)       :                 4         4 "CUDA0,CUDA2,CUDA3,CUDA4"
	   Memory (MB)          :             65536     65536 

	Job terminated of its own accord at 2024-06-19T15:09:30Z.
...
