000 (172820.000.000) 2024-06-20 14:19:39 Job submitted from host: <131.227.81.127:9618?addrs=131.227.81.127-9618&alias=aisurrey-condor.surrey.ac.uk&noUDP&sock=schedd_1795_cc96>
...
040 (172820.000.000) 2024-06-20 14:19:40 Started transferring input files
	Transferring to host: <131.227.80.154:9618?addrs=131.227.80.154-9618&alias=aisurrey11.surrey.ac.uk&noUDP&sock=slot1_3_12049_5c43_13569>
...
040 (172820.000.000) 2024-06-20 14:19:40 Finished transferring input files
...
001 (172820.000.000) 2024-06-20 14:19:41 Job executing on host: <131.227.80.154:9618?addrs=131.227.80.154-9618&alias=aisurrey11.surrey.ac.uk&noUDP&sock=startd_11841_8503>
...
006 (172820.000.000) 2024-06-20 14:19:49 Image size of job updated: 17500
	296  -  MemoryUsage of job (MB)
	303352  -  ResidentSetSize of job (KB)
...
006 (172820.000.000) 2024-06-20 14:24:50 Image size of job updated: 19535
	19535  -  MemoryUsage of job (MB)
	20003840  -  ResidentSetSize of job (KB)
...
006 (172820.000.000) 2024-06-20 14:39:53 Image size of job updated: 19587
	19587  -  MemoryUsage of job (MB)
	20057368  -  ResidentSetSize of job (KB)
...
006 (172820.000.000) 2024-06-20 17:57:09 Image size of job updated: 19605
	19605  -  MemoryUsage of job (MB)
	20075732  -  ResidentSetSize of job (KB)
...
006 (172820.000.000) 2024-06-20 18:02:09 Image size of job updated: 19608
	19608  -  MemoryUsage of job (MB)
	20079192  -  ResidentSetSize of job (KB)
...
006 (172820.000.000) 2024-06-20 18:07:10 Image size of job updated: 19628
	19628  -  MemoryUsage of job (MB)
	20100076  -  ResidentSetSize of job (KB)
...
006 (172820.000.000) 2024-06-20 18:17:11 Image size of job updated: 19703
	19703  -  MemoryUsage of job (MB)
	20176400  -  ResidentSetSize of job (KB)
...
006 (172820.000.000) 2024-06-20 18:37:15 Image size of job updated: 19713
	19713  -  MemoryUsage of job (MB)
	20186840  -  ResidentSetSize of job (KB)
...
006 (172820.000.000) 2024-06-20 19:02:17 Image size of job updated: 19752
	19752  -  MemoryUsage of job (MB)
	20226884  -  ResidentSetSize of job (KB)
...
006 (172820.000.000) 2024-06-20 19:07:18 Image size of job updated: 19770
	19770  -  MemoryUsage of job (MB)
	20244976  -  ResidentSetSize of job (KB)
...
006 (172820.000.000) 2024-06-20 19:17:20 Image size of job updated: 19772
	19772  -  MemoryUsage of job (MB)
	20247468  -  ResidentSetSize of job (KB)
...
006 (172820.000.000) 2024-06-20 19:27:21 Image size of job updated: 19801
	19801  -  MemoryUsage of job (MB)
	20276660  -  ResidentSetSize of job (KB)
...
006 (172820.000.000) 2024-06-20 19:32:21 Image size of job updated: 19811
	19811  -  MemoryUsage of job (MB)
	20286916  -  ResidentSetSize of job (KB)
...
006 (172820.000.000) 2024-06-20 19:37:22 Image size of job updated: 19816
	19816  -  MemoryUsage of job (MB)
	20292048  -  ResidentSetSize of job (KB)
...
006 (172820.000.000) 2024-06-20 19:42:23 Image size of job updated: 19832
	19832  -  MemoryUsage of job (MB)
	20308856  -  ResidentSetSize of job (KB)
...
006 (172820.000.000) 2024-06-20 19:57:24 Image size of job updated: 19865
	19865  -  MemoryUsage of job (MB)
	20342492  -  ResidentSetSize of job (KB)
...
006 (172820.000.000) 2024-06-20 20:02:24 Image size of job updated: 19869
	19869  -  MemoryUsage of job (MB)
	20346788  -  ResidentSetSize of job (KB)
...
006 (172820.000.000) 2024-06-20 20:07:25 Image size of job updated: 19893
	19893  -  MemoryUsage of job (MB)
	20371148  -  ResidentSetSize of job (KB)
...
006 (172820.000.000) 2024-06-20 20:12:26 Image size of job updated: 21105
	21105  -  MemoryUsage of job (MB)
	21612476  -  ResidentSetSize of job (KB)
...
040 (172820.000.000) 2024-06-20 22:38:07 Started transferring output files
...
040 (172820.000.000) 2024-06-20 22:38:07 Finished transferring output files
...
005 (172820.000.000) 2024-06-20 22:38:07 Job terminated.
	(1) Normal termination (return value 0)
		Usr 1 02:15:22, Sys 0 10:35:18  -  Run Remote Usage
		Usr 0 00:00:00, Sys 0 00:00:00  -  Run Local Usage
		Usr 1 02:15:22, Sys 0 10:35:18  -  Total Remote Usage
		Usr 0 00:00:00, Sys 0 00:00:00  -  Total Local Usage
	0  -  Run Bytes Sent By Job
	16250528  -  Run Bytes Received By Job
	0  -  Total Bytes Sent By Job
	16250528  -  Total Bytes Received By Job
	Partitionable Resources :    Usage  Request Allocated Assigned
	   Cpus                 :     0.00        4         4 
	   Disk (KB)            : 15893       17500    652975 
	   Gpus (Average)       :     0.98        4         4 "CUDA1,CUDA3,CUDA4,CUDA5"
	   GpusMemory (MB)      : 12582                       
	   Memory (MB)          : 21105       65536     65536 

	Job terminated of its own accord at 2024-06-20T21:38:07Z.
...
