000 (172959.000.000) 2024-06-21 11:07:09 Job submitted from host: <131.227.81.127:9618?addrs=131.227.81.127-9618&alias=aisurrey-condor.surrey.ac.uk&noUDP&sock=schedd_1795_cc96>
...
040 (172959.000.000) 2024-06-21 11:07:10 Started transferring input files
	Transferring to host: <131.227.80.174:9618?addrs=131.227.80.174-9618&alias=aisurrey02.surrey.ac.uk&noUDP&sock=slot1_1_10129_8bf5_10957>
...
040 (172959.000.000) 2024-06-21 11:07:10 Finished transferring input files
...
001 (172959.000.000) 2024-06-21 11:07:11 Job executing on host: <131.227.80.174:9618?addrs=131.227.80.174-9618&alias=aisurrey02.surrey.ac.uk&noUDP&sock=startd_9921_8f2d>
...
006 (172959.000.000) 2024-06-21 11:07:19 Image size of job updated: 17500
	139  -  MemoryUsage of job (MB)
	143284  -  ResidentSetSize of job (KB)
...
006 (172959.000.000) 2024-06-21 11:12:19 Image size of job updated: 17500
	4852  -  MemoryUsage of job (MB)
	4968636  -  ResidentSetSize of job (KB)
...
006 (172959.000.000) 2024-06-21 11:15:49 Image size of job updated: 17500
	5682  -  MemoryUsage of job (MB)
	5819292  -  ResidentSetSize of job (KB)
...
040 (172959.000.000) 2024-06-21 11:15:49 Started transferring output files
...
040 (172959.000.000) 2024-06-21 11:15:49 Finished transferring output files
...
005 (172959.000.000) 2024-06-21 11:15:50 Job terminated.
	(1) Normal termination (return value 0)
		Usr 0 00:07:58, Sys 0 00:01:11  -  Run Remote Usage
		Usr 0 00:00:00, Sys 0 00:00:00  -  Run Local Usage
		Usr 0 00:07:58, Sys 0 00:01:11  -  Total Remote Usage
		Usr 0 00:00:00, Sys 0 00:00:00  -  Total Local Usage
	0  -  Run Bytes Sent By Job
	16250706  -  Run Bytes Received By Job
	0  -  Total Bytes Sent By Job
	16250706  -  Total Bytes Received By Job
	Partitionable Resources :    Usage  Request Allocated Assigned
	   Cpus                 :     0.00        4         4 
	   Disk (KB)            : 15895       17500    246844 
	   Gpus (Average)       :     0.92        4         4 "GPU-d1f548cd-f042-2574-f668-c031c7999519,GPU-fc9f17ec-4847-1804-06a3-ff9a3f79ac7f,GPU-64610121-158a-61b7-9590-6d8bf8c1803a,GPU-e05a0b02-df58-eb49-48df-ff7a193916eb"
	   GpusMemory (MB)      :   257                       
	   Memory (MB)          :  5682       65536     65536 

	Job terminated of its own accord at 2024-06-21T10:15:49Z.
...
