000 (172947.000.000) 2024-06-21 10:23:34 Job submitted from host: <131.227.81.127:9618?addrs=131.227.81.127-9618&alias=aisurrey-condor.surrey.ac.uk&noUDP&sock=schedd_1795_cc96>
...
040 (172947.000.000) 2024-06-21 10:23:35 Started transferring input files
	Transferring to host: <131.227.80.180:9618?addrs=131.227.80.180-9618&alias=aisurrey05.surrey.ac.uk&noUDP&sock=slot1_1_7386_dae5_14321>
...
040 (172947.000.000) 2024-06-21 10:23:35 Finished transferring input files
...
001 (172947.000.000) 2024-06-21 10:23:36 Job executing on host: <131.227.80.180:9618?addrs=131.227.80.180-9618&alias=aisurrey05.surrey.ac.uk&noUDP&sock=startd_7182_d546>
...
006 (172947.000.000) 2024-06-21 10:23:44 Image size of job updated: 17500
	139  -  MemoryUsage of job (MB)
	143284  -  ResidentSetSize of job (KB)
...
006 (172947.000.000) 2024-06-21 10:25:33 Image size of job updated: 17500
	5985  -  MemoryUsage of job (MB)
	6129228  -  ResidentSetSize of job (KB)
...
040 (172947.000.000) 2024-06-21 10:25:33 Started transferring output files
...
040 (172947.000.000) 2024-06-21 10:25:33 Finished transferring output files
...
005 (172947.000.000) 2024-06-21 10:25:34 Job terminated.
	(1) Normal termination (return value 0)
		Usr 0 00:02:30, Sys 0 00:00:14  -  Run Remote Usage
		Usr 0 00:00:00, Sys 0 00:00:00  -  Run Local Usage
		Usr 0 00:02:30, Sys 0 00:00:14  -  Total Remote Usage
		Usr 0 00:00:00, Sys 0 00:00:00  -  Total Local Usage
	0  -  Run Bytes Sent By Job
	16250706  -  Run Bytes Received By Job
	0  -  Total Bytes Sent By Job
	16250706  -  Total Bytes Received By Job
	Partitionable Resources :    Usage  Request Allocated Assigned
	   Cpus                 :     0.00        4         4 
	   Disk (KB)            : 15895       17500    246844 
	   Gpus (Average)       :     0.79        4         4 "GPU-4c0e07af-34f9-c133-1852-19a006e806fc,GPU-a100ace2-2694-3aa2-55ef-ae3a446ea6bf,GPU-1e0cfc12-9972-1d70-d20d-b6b7b3347417,GPU-8b29988f-da65-72fe-d7a9-2f038be7242f"
	   GpusMemory (MB)      :   257                       
	   Memory (MB)          :  5985       65536     65536 

	Job terminated of its own accord at 2024-06-21T09:25:33Z.
...
