000 (172772.000.000) 2024-06-20 08:54:13 Job submitted from host: <131.227.81.127:9618?addrs=131.227.81.127-9618&alias=aisurrey-condor.surrey.ac.uk&noUDP&sock=schedd_1795_cc96>
...
040 (172772.000.000) 2024-06-20 08:54:14 Started transferring input files
	Transferring to host: <131.227.80.127:9618?addrs=131.227.80.127-9618&alias=aisurrey15.surrey.ac.uk&noUDP&sock=slot1_1_5855_2087_8409>
...
040 (172772.000.000) 2024-06-20 08:54:14 Finished transferring input files
...
001 (172772.000.000) 2024-06-20 08:54:15 Job executing on host: <131.227.80.127:9618?addrs=131.227.80.127-9618&alias=aisurrey15.surrey.ac.uk&noUDP&sock=startd_5652_615f>
...
006 (172772.000.000) 2024-06-20 08:54:23 Image size of job updated: 17500
	142  -  MemoryUsage of job (MB)
	145520  -  ResidentSetSize of job (KB)
...
006 (172772.000.000) 2024-06-20 08:54:25 Image size of job updated: 17500
	215  -  MemoryUsage of job (MB)
	220680  -  ResidentSetSize of job (KB)
...
040 (172772.000.000) 2024-06-20 08:54:25 Started transferring output files
...
040 (172772.000.000) 2024-06-20 08:54:25 Finished transferring output files
...
005 (172772.000.000) 2024-06-20 08:54:25 Job terminated.
	(1) Normal termination (return value 0)
		Usr 0 00:00:01, Sys 0 00:00:01  -  Run Remote Usage
		Usr 0 00:00:00, Sys 0 00:00:00  -  Run Local Usage
		Usr 0 00:00:01, Sys 0 00:00:01  -  Total Remote Usage
		Usr 0 00:00:00, Sys 0 00:00:00  -  Total Local Usage
	0  -  Run Bytes Sent By Job
	16250528  -  Run Bytes Received By Job
	0  -  Total Bytes Sent By Job
	16250528  -  Total Bytes Received By Job
	Partitionable Resources :    Usage  Request Allocated Assigned
	   Cpus                 :     0.02        4         4 
	   Disk (KB)            : 15893       17500    652975 
	   Gpus (Average)       :     0           4         4 "CUDA3,CUDA5,CUDA6,CUDA7"
	   GpusMemory (MB)      :   323                       
	   Memory (MB)          :   215       65536     65536 

	Job terminated of its own accord at 2024-06-20T07:54:25Z.
...
