000 (172591.000.000) 2024-06-19 14:50:26 Job submitted from host: <131.227.81.127:9618?addrs=131.227.81.127-9618&alias=aisurrey-condor.surrey.ac.uk&noUDP&sock=schedd_1795_cc96>
...
040 (172591.000.000) 2024-06-19 14:54:02 Started transferring input files
	Transferring to host: <131.227.80.154:9618?addrs=131.227.80.154-9618&alias=aisurrey11.surrey.ac.uk&noUDP&sock=slot1_2_12049_5c43_13094>
...
040 (172591.000.000) 2024-06-19 14:54:02 Finished transferring input files
...
001 (172591.000.000) 2024-06-19 14:54:03 Job executing on host: <131.227.80.154:9618?addrs=131.227.80.154-9618&alias=aisurrey11.surrey.ac.uk&noUDP&sock=startd_11841_8503>
...
006 (172591.000.000) 2024-06-19 14:54:11 Image size of job updated: 17500
	140  -  MemoryUsage of job (MB)
	144116  -  ResidentSetSize of job (KB)
...
006 (172591.000.000) 2024-06-19 14:59:11 Image size of job updated: 17500
	9548  -  MemoryUsage of job (MB)
	9778120  -  ResidentSetSize of job (KB)
...
006 (172591.000.000) 2024-06-19 15:04:12 Image size of job updated: 17500
	11111  -  MemoryUsage of job (MB)
	11378212  -  ResidentSetSize of job (KB)
...
006 (172591.000.000) 2024-06-19 15:04:53 Image size of job updated: 17500
	11402  -  MemoryUsage of job (MB)
	11676180  -  ResidentSetSize of job (KB)
...
004 (172591.000.000) 2024-06-19 15:04:53 Job was evicted.
	(0) CPU times
		Usr 0 00:41:26, Sys 0 00:00:22  -  Run Remote Usage
		Usr 0 00:00:00, Sys 0 00:00:00  -  Run Local Usage
	0  -  Run Bytes Sent By Job
	16250387  -  Run Bytes Received By Job
	Partitionable Resources :    Usage  Request Allocated Assigned
	   Cpus                 :     0.00        4         4 
	   Disk (KB)            : 15893       17500    652975 
	   Gpus (Average)       :     0.00        4         4 "CUDA1,CUDA2,CUDA4,CUDA5"
	   GpusMemory (MB)      :   858                       
	   Memory (MB)          : 11402       65536     65536 
...
009 (172591.000.000) 2024-06-19 15:04:53 Job was aborted.
	via condor_rm (by user ae01116)
...
