000 (172608.000.000) 2024-06-19 16:22:13 Job submitted from host: <131.227.81.127:9618?addrs=131.227.81.127-9618&alias=aisurrey-condor.surrey.ac.uk&noUDP&sock=schedd_1795_cc96>
...
040 (172608.000.000) 2024-06-19 16:22:14 Started transferring input files
	Transferring to host: <131.227.80.190:9618?addrs=131.227.80.190-9618&alias=aisurrey10.surrey.ac.uk&noUDP&sock=slot1_1_7489_6d8a_13584>
...
040 (172608.000.000) 2024-06-19 16:22:14 Finished transferring input files
...
001 (172608.000.000) 2024-06-19 16:22:15 Job executing on host: <131.227.80.190:9618?addrs=131.227.80.190-9618&alias=aisurrey10.surrey.ac.uk&noUDP&sock=startd_7285_7b87>
...
006 (172608.000.000) 2024-06-19 16:22:23 Image size of job updated: 17500
	184  -  MemoryUsage of job (MB)
	188544  -  ResidentSetSize of job (KB)
...
040 (172608.000.000) 2024-06-19 16:22:24 Started transferring output files
...
040 (172608.000.000) 2024-06-19 16:22:24 Finished transferring output files
...
005 (172608.000.000) 2024-06-19 16:22:24 Job terminated.
	(1) Normal termination (return value 0)
		Usr 0 00:00:01, Sys 0 00:00:00  -  Run Remote Usage
		Usr 0 00:00:00, Sys 0 00:00:00  -  Run Local Usage
		Usr 0 00:00:01, Sys 0 00:00:00  -  Total Remote Usage
		Usr 0 00:00:00, Sys 0 00:00:00  -  Total Local Usage
	0  -  Run Bytes Sent By Job
	16250407  -  Run Bytes Received By Job
	0  -  Total Bytes Sent By Job
	16250407  -  Total Bytes Received By Job
	Partitionable Resources :    Usage  Request Allocated Assigned
	   Cpus                 :        0        4         4 
	   Disk (KB)            :    15894    17500    246844 
	   Gpus (Average)       :        0        4         4 "GPU-85c653d0-d85f-963d-5950-363499bbb660,GPU-1afec2e8-d3aa-c772-f762-bcfbceee2109,GPU-1ca663a6-28a2-1723-51c0-4367e1cef787,GPU-837210c5-fc4c-1d71-44af-89eaf40409fe"
	   GpusMemory (MB)      :      257                    
	   Memory (MB)          :      184    65536     65536 

	Job terminated of its own accord at 2024-06-19T15:22:24Z.
...
