000 (172618.000.000) 2024-06-19 16:53:23 Job submitted from host: <131.227.81.127:9618?addrs=131.227.81.127-9618&alias=aisurrey-condor.surrey.ac.uk&noUDP&sock=schedd_1795_cc96>
...
040 (172618.000.000) 2024-06-19 16:53:33 Started transferring input files
	Transferring to host: <131.227.80.184:9618?addrs=131.227.80.184-9618&alias=aisurrey07.surrey.ac.uk&noUDP&sock=slot1_1_7478_ad69_13661>
...
040 (172618.000.000) 2024-06-19 16:53:33 Finished transferring input files
...
001 (172618.000.000) 2024-06-19 16:53:34 Job executing on host: <131.227.80.184:9618?addrs=131.227.80.184-9618&alias=aisurrey07.surrey.ac.uk&noUDP&sock=startd_7274_effc>
...
006 (172618.000.000) 2024-06-19 16:53:42 Image size of job updated: 17500
	241  -  MemoryUsage of job (MB)
	247576  -  ResidentSetSize of job (KB)
...
006 (172618.000.000) 2024-06-19 16:54:03 Image size of job updated: 17500
	13384  -  MemoryUsage of job (MB)
	13705968  -  ResidentSetSize of job (KB)
...
040 (172618.000.000) 2024-06-19 16:54:03 Started transferring output files
...
040 (172618.000.000) 2024-06-19 16:54:03 Finished transferring output files
...
005 (172618.000.000) 2024-06-19 16:54:03 Job terminated.
	(1) Normal termination (return value 0)
		Usr 0 00:01:47, Sys 0 00:00:23  -  Run Remote Usage
		Usr 0 00:00:00, Sys 0 00:00:00  -  Run Local Usage
		Usr 0 00:01:47, Sys 0 00:00:23  -  Total Remote Usage
		Usr 0 00:00:00, Sys 0 00:00:00  -  Total Local Usage
	0  -  Run Bytes Sent By Job
	16250407  -  Run Bytes Received By Job
	0  -  Total Bytes Sent By Job
	16250407  -  Total Bytes Received By Job
	Partitionable Resources :    Usage  Request Allocated Assigned
	   Cpus                 :     0.00        4         4 
	   Disk (KB)            : 15898       17500    246844 
	   Gpus (Average)       :     0.10        4         4 "GPU-b3957c7d-9a18-82f2-8dc5-24c4700966f6,GPU-32954e09-eb32-2198-2be0-15a252bef954,GPU-8594b3f5-e573-7b85-89df-dacce0f248d6,GPU-77661b56-5231-ff9a-77a4-43fec54a4462"
	   GpusMemory (MB)      :  2807                       
	   Memory (MB)          : 13384       65536     65536 

	Job terminated of its own accord at 2024-06-19T15:54:03Z.
...
