000 (172775.000.000) 2024-06-20 09:38:41 Job submitted from host: <131.227.81.127:9618?addrs=131.227.81.127-9618&alias=aisurrey-condor.surrey.ac.uk&noUDP&sock=schedd_1795_cc96>
...
040 (172775.000.000) 2024-06-20 09:38:43 Started transferring input files
	Transferring to host: <131.227.80.127:9618?addrs=131.227.80.127-9618&alias=aisurrey15.surrey.ac.uk&noUDP&sock=slot1_1_5855_2087_8426>
...
040 (172775.000.000) 2024-06-20 09:38:43 Finished transferring input files
...
001 (172775.000.000) 2024-06-20 09:38:44 Job executing on host: <131.227.80.127:9618?addrs=131.227.80.127-9618&alias=aisurrey15.surrey.ac.uk&noUDP&sock=startd_5652_615f>
...
006 (172775.000.000) 2024-06-20 09:38:53 Image size of job updated: 17500
	301  -  MemoryUsage of job (MB)
	308564  -  ResidentSetSize of job (KB)
...
040 (172775.000.000) 2024-06-20 09:38:57 Started transferring output files
...
040 (172775.000.000) 2024-06-20 09:38:57 Finished transferring output files
...
005 (172775.000.000) 2024-06-20 09:38:57 Job terminated.
	(1) Normal termination (return value 0)
		Usr 0 00:00:02, Sys 0 00:00:01  -  Run Remote Usage
		Usr 0 00:00:00, Sys 0 00:00:00  -  Run Local Usage
		Usr 0 00:00:02, Sys 0 00:00:01  -  Total Remote Usage
		Usr 0 00:00:00, Sys 0 00:00:00  -  Total Local Usage
	0  -  Run Bytes Sent By Job
	16250528  -  Run Bytes Received By Job
	0  -  Total Bytes Sent By Job
	16250528  -  Total Bytes Received By Job
	Partitionable Resources :    Usage  Request Allocated Assigned
	   Cpus                 :     0.01        4         4 
	   Disk (KB)            : 15893       17500    652975 
	   Gpus (Average)       :     0           4         4 "CUDA3,CUDA5,CUDA6,CUDA7"
	   GpusMemory (MB)      :   323                       
	   Memory (MB)          :   301       65536     65536 

	Job terminated of its own accord at 2024-06-20T08:38:57Z.
...
