000 (172950.000.000) 2024-06-21 10:26:33 Job submitted from host: <131.227.81.127:9618?addrs=131.227.81.127-9618&alias=aisurrey-condor.surrey.ac.uk&noUDP&sock=schedd_1795_cc96>
...
040 (172950.000.000) 2024-06-21 10:26:35 Started transferring input files
	Transferring to host: <131.227.80.190:9618?addrs=131.227.80.190-9618&alias=aisurrey10.surrey.ac.uk&noUDP&sock=slot1_1_7489_6d8a_14461>
...
040 (172950.000.000) 2024-06-21 10:26:35 Finished transferring input files
...
001 (172950.000.000) 2024-06-21 10:26:36 Job executing on host: <131.227.80.190:9618?addrs=131.227.80.190-9618&alias=aisurrey10.surrey.ac.uk&noUDP&sock=startd_7285_7b87>
...
006 (172950.000.000) 2024-06-21 10:26:45 Image size of job updated: 17500
	3078  -  MemoryUsage of job (MB)
	3151964  -  ResidentSetSize of job (KB)
...
006 (172950.000.000) 2024-06-21 10:28:39 Image size of job updated: 17500
	5983  -  MemoryUsage of job (MB)
	6127240  -  ResidentSetSize of job (KB)
...
040 (172950.000.000) 2024-06-21 10:28:39 Started transferring output files
...
040 (172950.000.000) 2024-06-21 10:28:39 Finished transferring output files
...
005 (172950.000.000) 2024-06-21 10:28:39 Job terminated.
	(1) Normal termination (return value 0)
		Usr 0 00:02:35, Sys 0 00:00:15  -  Run Remote Usage
		Usr 0 00:00:00, Sys 0 00:00:00  -  Run Local Usage
		Usr 0 00:02:35, Sys 0 00:00:15  -  Total Remote Usage
		Usr 0 00:00:00, Sys 0 00:00:00  -  Total Local Usage
	0  -  Run Bytes Sent By Job
	16250706  -  Run Bytes Received By Job
	0  -  Total Bytes Sent By Job
	16250706  -  Total Bytes Received By Job
	Partitionable Resources :    Usage  Request Allocated Assigned
	   Cpus                 :     0.00        4         4 
	   Disk (KB)            : 15895       17500    246844 
	   Gpus (Average)       :     0.80        4         4 "GPU-85c653d0-d85f-963d-5950-363499bbb660,GPU-1afec2e8-d3aa-c772-f762-bcfbceee2109,GPU-1ca663a6-28a2-1723-51c0-4367e1cef787,GPU-837210c5-fc4c-1d71-44af-89eaf40409fe"
	   GpusMemory (MB)      :   257                       
	   Memory (MB)          :  5983       65536     65536 

	Job terminated of its own accord at 2024-06-21T09:28:39Z.
...
