000 (172776.000.000) 2024-06-20 09:40:31 Job submitted from host: <131.227.81.127:9618?addrs=131.227.81.127-9618&alias=aisurrey-condor.surrey.ac.uk&noUDP&sock=schedd_1795_cc96>
...
040 (172776.000.000) 2024-06-20 09:40:32 Started transferring input files
	Transferring to host: <131.227.80.127:9618?addrs=131.227.80.127-9618&alias=aisurrey15.surrey.ac.uk&noUDP&sock=slot1_1_5855_2087_8427>
...
040 (172776.000.000) 2024-06-20 09:40:32 Finished transferring input files
...
001 (172776.000.000) 2024-06-20 09:40:33 Job executing on host: <131.227.80.127:9618?addrs=131.227.80.127-9618&alias=aisurrey15.surrey.ac.uk&noUDP&sock=startd_5652_615f>
...
006 (172776.000.000) 2024-06-20 09:40:41 Image size of job updated: 17500
	264  -  MemoryUsage of job (MB)
	270732  -  ResidentSetSize of job (KB)
...
006 (172776.000.000) 2024-06-20 09:40:48 Image size of job updated: 17500
	1368  -  MemoryUsage of job (MB)
	1401844  -  ResidentSetSize of job (KB)
...
040 (172776.000.000) 2024-06-20 09:40:48 Started transferring output files
...
040 (172776.000.000) 2024-06-20 09:40:48 Finished transferring output files
...
005 (172776.000.000) 2024-06-20 09:40:48 Job terminated.
	(1) Normal termination (return value 0)
		Usr 0 00:00:01, Sys 0 00:00:00  -  Run Remote Usage
		Usr 0 00:00:00, Sys 0 00:00:00  -  Run Local Usage
		Usr 0 00:00:01, Sys 0 00:00:00  -  Total Remote Usage
		Usr 0 00:00:00, Sys 0 00:00:00  -  Total Local Usage
	0  -  Run Bytes Sent By Job
	16250528  -  Run Bytes Received By Job
	0  -  Total Bytes Sent By Job
	16250528  -  Total Bytes Received By Job
	Partitionable Resources :    Usage  Request Allocated Assigned
	   Cpus                 :     0.02        4         4 
	   Disk (KB)            : 15893       17500    652975 
	   Gpus (Average)       :     0           4         4 "CUDA3,CUDA5,CUDA6,CUDA7"
	   GpusMemory (MB)      :   323                       
	   Memory (MB)          :  1368       65536     65536 

	Job terminated of its own accord at 2024-06-20T08:40:48Z.
...
