000 (172956.000.000) 2024-06-21 10:50:57 Job submitted from host: <131.227.81.127:9618?addrs=131.227.81.127-9618&alias=aisurrey-condor.surrey.ac.uk&noUDP&sock=schedd_1795_cc96>
...
040 (172956.000.000) 2024-06-21 10:50:58 Started transferring input files
	Transferring to host: <131.227.80.176:9618?addrs=131.227.80.176-9618&alias=aisurrey03.surrey.ac.uk&noUDP&sock=slot1_1_9593_e2df_11466>
...
040 (172956.000.000) 2024-06-21 10:50:58 Finished transferring input files
...
001 (172956.000.000) 2024-06-21 10:50:59 Job executing on host: <131.227.80.176:9618?addrs=131.227.80.176-9618&alias=aisurrey03.surrey.ac.uk&noUDP&sock=startd_9393_652b>
...
006 (172956.000.000) 2024-06-21 10:51:07 Image size of job updated: 17500
	146  -  MemoryUsage of job (MB)
	149624  -  ResidentSetSize of job (KB)
...
006 (172956.000.000) 2024-06-21 10:56:07 Image size of job updated: 17500
	4751  -  MemoryUsage of job (MB)
	4865428  -  ResidentSetSize of job (KB)
...
006 (172956.000.000) 2024-06-21 11:00:26 Image size of job updated: 17500
	5654  -  MemoryUsage of job (MB)
	5790668  -  ResidentSetSize of job (KB)
...
040 (172956.000.000) 2024-06-21 11:00:26 Started transferring output files
...
040 (172956.000.000) 2024-06-21 11:00:26 Finished transferring output files
...
005 (172956.000.000) 2024-06-21 11:00:26 Job terminated.
	(1) Normal termination (return value 0)
		Usr 0 00:04:20, Sys 0 00:00:55  -  Run Remote Usage
		Usr 0 00:00:00, Sys 0 00:00:00  -  Run Local Usage
		Usr 0 00:04:20, Sys 0 00:00:55  -  Total Remote Usage
		Usr 0 00:00:00, Sys 0 00:00:00  -  Total Local Usage
	0  -  Run Bytes Sent By Job
	16250706  -  Run Bytes Received By Job
	0  -  Total Bytes Sent By Job
	16250706  -  Total Bytes Received By Job
	Partitionable Resources :    Usage  Request Allocated Assigned
	   Cpus                 :     0.00        4         4 
	   Disk (KB)            : 15895       17500    246844 
	   Gpus (Average)       :     0.95        4         4 "GPU-2d0384f8-9b4f-de85-ae26-75080ed9ec3b,GPU-31de5537-fe1f-270d-fdc8-52bd2f1b6b93,GPU-3ba231bc-7a4a-5dc9-c910-8e94f695f3ab,GPU-dd31334a-8723-9dc2-a732-8fe6b9a71a51"
	   GpusMemory (MB)      :   257                       
	   Memory (MB)          :  5654       65536     65536 

	Job terminated of its own accord at 2024-06-21T10:00:26Z.
...
