000 (172609.000.000) 2024-06-19 16:23:35 Job submitted from host: <131.227.81.127:9618?addrs=131.227.81.127-9618&alias=aisurrey-condor.surrey.ac.uk&noUDP&sock=schedd_1795_cc96>
...
040 (172609.000.000) 2024-06-19 16:23:35 Started transferring input files
	Transferring to host: <131.227.80.188:9618?addrs=131.227.80.188-9618&alias=aisurrey09.surrey.ac.uk&noUDP&sock=slot1_1_7460_fea8_12846>
...
040 (172609.000.000) 2024-06-19 16:23:36 Finished transferring input files
...
001 (172609.000.000) 2024-06-19 16:23:37 Job executing on host: <131.227.80.188:9618?addrs=131.227.80.188-9618&alias=aisurrey09.surrey.ac.uk&noUDP&sock=startd_7256_9748>
...
006 (172609.000.000) 2024-06-19 16:23:45 Image size of job updated: 17500
	182  -  MemoryUsage of job (MB)
	186840  -  ResidentSetSize of job (KB)
...
006 (172609.000.000) 2024-06-19 16:24:16 Image size of job updated: 17500
	13062  -  MemoryUsage of job (MB)
	13375840  -  ResidentSetSize of job (KB)
...
040 (172609.000.000) 2024-06-19 16:24:16 Started transferring output files
...
040 (172609.000.000) 2024-06-19 16:24:16 Finished transferring output files
...
005 (172609.000.000) 2024-06-19 16:24:16 Job terminated.
	(1) Normal termination (return value 0)
		Usr 0 00:00:01, Sys 0 00:00:00  -  Run Remote Usage
		Usr 0 00:00:00, Sys 0 00:00:00  -  Run Local Usage
		Usr 0 00:00:01, Sys 0 00:00:00  -  Total Remote Usage
		Usr 0 00:00:00, Sys 0 00:00:00  -  Total Local Usage
	0  -  Run Bytes Sent By Job
	16250407  -  Run Bytes Received By Job
	0  -  Total Bytes Sent By Job
	16250407  -  Total Bytes Received By Job
	Partitionable Resources :    Usage  Request Allocated Assigned
	   Cpus                 :     0.00        4         4 
	   Disk (KB)            : 15894       17500    246844 
	   Gpus (Average)       :     0.04        4         4 "GPU-8ea7f420-6c54-e277-c504-0725b1b2102b,GPU-a2707a0f-8abf-8d0c-e1f5-565fd2e12ede,GPU-412dc69b-f4ff-2989-1f2a-1039af8e2d34,GPU-12c3b11e-5d99-1d28-076a-858d1dbb1aa6"
	   GpusMemory (MB)      :  2675                       
	   Memory (MB)          : 13062       65536     65536 

	Job terminated of its own accord at 2024-06-19T15:24:16Z.
...
