000 (172603.000.000) 2024-06-19 16:13:41 Job submitted from host: <131.227.81.127:9618?addrs=131.227.81.127-9618&alias=aisurrey-condor.surrey.ac.uk&noUDP&sock=schedd_1795_cc96>
...
040 (172603.000.000) 2024-06-19 16:13:41 Started transferring input files
	Transferring to host: <131.227.80.158:9618?addrs=131.227.80.158-9618&alias=aisurrey13.surrey.ac.uk&noUDP&sock=slot1_1_12037_e7c3_13203>
...
040 (172603.000.000) 2024-06-19 16:13:41 Finished transferring input files
...
001 (172603.000.000) 2024-06-19 16:13:42 Job executing on host: <131.227.80.158:9618?addrs=131.227.80.158-9618&alias=aisurrey13.surrey.ac.uk&noUDP&sock=startd_11838_763a>
...
006 (172603.000.000) 2024-06-19 16:13:51 Image size of job updated: 17500
	231  -  MemoryUsage of job (MB)
	236688  -  ResidentSetSize of job (KB)
...
006 (172603.000.000) 2024-06-19 16:13:57 Image size of job updated: 17500
	1481  -  MemoryUsage of job (MB)
	1516804  -  ResidentSetSize of job (KB)
...
040 (172603.000.000) 2024-06-19 16:13:57 Started transferring output files
...
040 (172603.000.000) 2024-06-19 16:13:57 Finished transferring output files
...
005 (172603.000.000) 2024-06-19 16:13:59 Job terminated.
	(1) Normal termination (return value 0)
		Usr 0 00:00:18, Sys 0 00:00:05  -  Run Remote Usage
		Usr 0 00:00:00, Sys 0 00:00:00  -  Run Local Usage
		Usr 0 00:00:18, Sys 0 00:00:05  -  Total Remote Usage
		Usr 0 00:00:00, Sys 0 00:00:00  -  Total Local Usage
	0  -  Run Bytes Sent By Job
	16250394  -  Run Bytes Received By Job
	0  -  Total Bytes Sent By Job
	16250394  -  Total Bytes Received By Job
	Partitionable Resources :    Usage  Request Allocated Assigned
	   Cpus                 :     0.03        4         4 
	   Disk (KB)            : 15893       17500    652975 
	   Gpus (Average)       :     0           4         4 "CUDA0,CUDA2,CUDA3,CUDA4"
	   GpusMemory (MB)      :   321                       
	   Memory (MB)          :  1481       65536     65536 

	Job terminated of its own accord at 2024-06-19T15:13:57Z.
...
