000 (173332.000.000) 2024-06-25 08:43:15 Job submitted from host: <131.227.81.127:9618?addrs=131.227.81.127-9618&alias=aisurrey-condor.surrey.ac.uk&noUDP&sock=schedd_1795_cc96>
...
040 (173332.000.000) 2024-06-25 08:43:16 Started transferring input files
	Transferring to host: <131.227.80.134:9618?addrs=131.227.80.134-9618&alias=aisurrey19.surrey.ac.uk&noUDP&sock=slot1_1_7479_61c9_15656>
...
040 (173332.000.000) 2024-06-25 08:43:16 Finished transferring input files
...
001 (173332.000.000) 2024-06-25 08:43:17 Job executing on host: <131.227.80.134:9618?addrs=131.227.80.134-9618&alias=aisurrey19.surrey.ac.uk&noUDP&sock=startd_7283_1c56>
...
006 (173332.000.000) 2024-06-25 08:43:25 Image size of job updated: 17500
	452  -  MemoryUsage of job (MB)
	463852  -  ResidentSetSize of job (KB)
...
006 (173332.000.000) 2024-06-25 08:43:57 Image size of job updated: 23320
	23320  -  MemoryUsage of job (MB)
	23880232  -  ResidentSetSize of job (KB)
...
040 (173332.000.000) 2024-06-25 08:43:57 Started transferring output files
...
040 (173332.000.000) 2024-06-25 08:43:57 Finished transferring output files
...
005 (173332.000.000) 2024-06-25 08:43:57 Job terminated.
	(1) Normal termination (return value 0)
		Usr 0 00:00:01, Sys 0 00:00:01  -  Run Remote Usage
		Usr 0 00:00:00, Sys 0 00:00:00  -  Run Local Usage
		Usr 0 00:00:01, Sys 0 00:00:01  -  Total Remote Usage
		Usr 0 00:00:00, Sys 0 00:00:00  -  Total Local Usage
	0  -  Run Bytes Sent By Job
	16250973  -  Run Bytes Received By Job
	0  -  Total Bytes Sent By Job
	16250973  -  Total Bytes Received By Job
	Partitionable Resources :    Usage  Request Allocated Assigned
	   Cpus                 :     0.00        4         4 
	   Disk (KB)            : 15893       17500    652975 
	   Gpus (Average)       :     0.05        4         4 "CUDA0,CUDA1,CUDA3,CUDA5"
	   GpusMemory (MB)      :  3360                       
	   Memory (MB)          : 23320       65536     65536 

	Job terminated of its own accord at 2024-06-25T07:43:57Z.
...
