000 (173169.000.000) 2024-06-23 16:18:09 Job submitted from host: <131.227.81.127:9618?addrs=131.227.81.127-9618&alias=aisurrey-condor.surrey.ac.uk&noUDP&sock=schedd_1795_cc96>
...
040 (173169.000.000) 2024-06-23 16:18:27 Started transferring input files
	Transferring to host: <131.227.80.133:9618?addrs=131.227.80.133-9618&alias=aisurrey18.surrey.ac.uk&noUDP&sock=slot1_2_7413_e107_14685>
...
040 (173169.000.000) 2024-06-23 16:18:27 Finished transferring input files
...
001 (173169.000.000) 2024-06-23 16:18:28 Job executing on host: <131.227.80.133:9618?addrs=131.227.80.133-9618&alias=aisurrey18.surrey.ac.uk&noUDP&sock=startd_7216_277e>
...
006 (173169.000.000) 2024-06-23 16:18:37 Image size of job updated: 17500
	420  -  MemoryUsage of job (MB)
	430532  -  ResidentSetSize of job (KB)
...
006 (173169.000.000) 2024-06-23 16:23:37 Image size of job updated: 21156
	21156  -  MemoryUsage of job (MB)
	21664228  -  ResidentSetSize of job (KB)
...
006 (173169.000.000) 2024-06-23 16:33:39 Image size of job updated: 21205
	21205  -  MemoryUsage of job (MB)
	21714472  -  ResidentSetSize of job (KB)
...
006 (173169.000.000) 2024-06-23 16:43:39 Image size of job updated: 21240
	21240  -  MemoryUsage of job (MB)
	21750440  -  ResidentSetSize of job (KB)
...
006 (173169.000.000) 2024-06-23 16:48:40 Image size of job updated: 21247
	21247  -  MemoryUsage of job (MB)
	21757564  -  ResidentSetSize of job (KB)
...
006 (173169.000.000) 2024-06-23 16:53:41 Image size of job updated: 21295
	21295  -  MemoryUsage of job (MB)
	21806688  -  ResidentSetSize of job (KB)
...
006 (173169.000.000) 2024-06-23 17:08:43 Image size of job updated: 21344
	21344  -  MemoryUsage of job (MB)
	21857092  -  ResidentSetSize of job (KB)
...
006 (173169.000.000) 2024-06-23 19:28:57 Image size of job updated: 21346
	21346  -  MemoryUsage of job (MB)
	21858904  -  ResidentSetSize of job (KB)
...
006 (173169.000.000) 2024-06-23 19:33:58 Image size of job updated: 21371
	21371  -  MemoryUsage of job (MB)
	21884504  -  ResidentSetSize of job (KB)
...
006 (173169.000.000) 2024-06-23 19:53:59 Image size of job updated: 22076
	22076  -  MemoryUsage of job (MB)
	22606148  -  ResidentSetSize of job (KB)
...
040 (173169.000.000) 2024-06-24 01:09:40 Started transferring output files
...
040 (173169.000.000) 2024-06-24 01:09:40 Finished transferring output files
...
005 (173169.000.000) 2024-06-24 01:09:40 Job terminated.
	(1) Normal termination (return value 0)
		Usr 1 08:15:09, Sys 0 09:13:37  -  Run Remote Usage
		Usr 0 00:00:00, Sys 0 00:00:00  -  Run Local Usage
		Usr 1 08:15:09, Sys 0 09:13:37  -  Total Remote Usage
		Usr 0 00:00:00, Sys 0 00:00:00  -  Total Local Usage
	0  -  Run Bytes Sent By Job
	16250715  -  Run Bytes Received By Job
	0  -  Total Bytes Sent By Job
	16250715  -  Total Bytes Received By Job
	Partitionable Resources :    Usage  Request Allocated Assigned
	   Cpus                 :     0.00        4         4 
	   Disk (KB)            : 15893       17500    652975 
	   Gpus (Average)       :     1.41        4         4 "CUDA3,CUDA4,CUDA5,CUDA6"
	   GpusMemory (MB)      : 21812                       
	   Memory (MB)          : 22076       65536     65536 

	Job terminated of its own accord at 2024-06-24T00:09:40Z.
...
