000 (173705.000.000) 2024-06-28 17:11:16 Job submitted from host: <131.227.81.127:9618?addrs=131.227.81.127-9618&alias=aisurrey-condor.surrey.ac.uk&noUDP&sock=schedd_1795_cc96>
...
040 (173705.000.000) 2024-06-28 17:11:29 Started transferring input files
	Transferring to host: <10.4.1.32:9618?addrs=10.4.1.32-9618+[fde1-53ba-e9a0-de11-8e11-dbce-7692-b29]-9618&alias=aisurrey22.surrey.ac.uk&noUDP&sock=slot1_1_150738_4eab_4>
...
040 (173705.000.000) 2024-06-28 17:11:29 Finished transferring input files
...
001 (173705.000.000) 2024-06-28 17:11:30 Job executing on host: <10.4.1.32:9618?addrs=10.4.1.32-9618+[fde1-53ba-e9a0-de11-8e11-dbce-7692-b29]-9618&alias=aisurrey22.surrey.ac.uk&noUDP&sock=startd_150635_a8c0>
...
006 (173705.000.000) 2024-06-28 17:11:39 Image size of job updated: 17500
	86  -  MemoryUsage of job (MB)
	88656  -  ResidentSetSize of job (KB)
...
006 (173705.000.000) 2024-06-28 17:16:39 Image size of job updated: 24894
	24894  -  MemoryUsage of job (MB)
	25491564  -  ResidentSetSize of job (KB)
...
006 (173705.000.000) 2024-06-28 17:21:39 Image size of job updated: 25127
	25127  -  MemoryUsage of job (MB)
	25730300  -  ResidentSetSize of job (KB)
...
006 (173705.000.000) 2024-06-28 17:36:41 Image size of job updated: 25201
	25201  -  MemoryUsage of job (MB)
	25805992  -  ResidentSetSize of job (KB)
...
006 (173705.000.000) 2024-06-28 17:41:42 Image size of job updated: 25208
	25208  -  MemoryUsage of job (MB)
	25813144  -  ResidentSetSize of job (KB)
...
006 (173705.000.000) 2024-06-28 17:46:43 Image size of job updated: 25215
	25215  -  MemoryUsage of job (MB)
	25820328  -  ResidentSetSize of job (KB)
...
006 (173705.000.000) 2024-06-28 17:51:45 Image size of job updated: 25257
	25257  -  MemoryUsage of job (MB)
	25863772  -  ResidentSetSize of job (KB)
...
006 (173705.000.000) 2024-06-28 18:01:45 Image size of job updated: 25268
	25268  -  MemoryUsage of job (MB)
	25874480  -  ResidentSetSize of job (KB)
...
006 (173705.000.000) 2024-06-28 18:12:18 Image size of job updated: 25288
	25288  -  MemoryUsage of job (MB)
	25895728  -  ResidentSetSize of job (KB)
...
004 (173705.000.000) 2024-06-28 18:12:19 Job was evicted.
	(0) CPU times
		Usr 0 04:58:55, Sys 0 01:24:16  -  Run Remote Usage
		Usr 0 00:00:00, Sys 0 00:00:00  -  Run Local Usage
	0  -  Run Bytes Sent By Job
	16251001  -  Run Bytes Received By Job
	Partitionable Resources :    Usage  Request Allocated Assigned
	   Cpus                 :     0.00        4         4 
	   Disk (KB)            : 15893       17500   9306305 
	   Gpus (Average)       :     1.54        4         4 "CUDA0,CUDA1,CUDA2,CUDA3"
	   GpusMemory (MB)      : 12414                       
	   Memory (MB)          : 25288       65536     65536 
...
040 (173705.000.000) 2024-06-28 18:13:14 Started transferring input files
	Transferring to host: <131.227.80.133:9618?addrs=131.227.80.133-9618&alias=aisurrey18.surrey.ac.uk&noUDP&sock=slot1_1_4726_a4f9_1156>
...
040 (173705.000.000) 2024-06-28 18:13:14 Finished transferring input files
...
001 (173705.000.000) 2024-06-28 18:13:15 Job executing on host: <131.227.80.133:9618?addrs=131.227.80.133-9618&alias=aisurrey18.surrey.ac.uk&noUDP&sock=startd_4589_4033>
...
006 (173705.000.000) 2024-06-28 18:33:26 Image size of job updated: 27500
	26145  -  MemoryUsage of job (MB)
	27500000  -  ResidentSetSize of job (KB)
...
040 (173705.000.000) 2024-06-28 20:39:14 Started transferring output files
...
040 (173705.000.000) 2024-06-28 20:39:14 Finished transferring output files
...
005 (173705.000.000) 2024-06-28 20:39:14 Job terminated.
	(1) Normal termination (return value 0)
		Usr 0 12:02:03, Sys 0 02:47:43  -  Run Remote Usage
		Usr 0 00:00:00, Sys 0 00:00:00  -  Run Local Usage
		Usr 0 17:00:58, Sys 0 04:11:59  -  Total Remote Usage
		Usr 0 00:00:00, Sys 0 00:00:00  -  Total Local Usage
	0  -  Run Bytes Sent By Job
	16251001  -  Run Bytes Received By Job
	0  -  Total Bytes Sent By Job
	32502002  -  Total Bytes Received By Job
	Partitionable Resources :    Usage  Request Allocated Assigned
	   Cpus                 :     0.00        4         4 
	   Disk (KB)            : 15894       17500    652975 
	   Gpus (Average)       :     2.21        4         4 "CUDA0,CUDA1,CUDA3,CUDA4"
	   GpusMemory (MB)      : 11092                       
	   Memory (MB)          : 26145       65536     65536 

	Job terminated of its own accord at 2024-06-28T19:39:14Z.
...
