000 (173701.000.000) 2024-06-28 16:53:47 Job submitted from host: <131.227.81.127:9618?addrs=131.227.81.127-9618&alias=aisurrey-condor.surrey.ac.uk&noUDP&sock=schedd_1795_cc96>
...
040 (173701.000.000) 2024-06-28 16:53:48 Started transferring input files
	Transferring to host: <131.227.80.133:9618?addrs=131.227.80.133-9618&alias=aisurrey18.surrey.ac.uk&noUDP&sock=slot1_1_4726_a4f9_1127>
...
040 (173701.000.000) 2024-06-28 16:53:48 Finished transferring input files
...
001 (173701.000.000) 2024-06-28 16:53:49 Job executing on host: <131.227.80.133:9618?addrs=131.227.80.133-9618&alias=aisurrey18.surrey.ac.uk&noUDP&sock=startd_4589_4033>
...
006 (173701.000.000) 2024-06-28 16:53:58 Image size of job updated: 17500
	452  -  MemoryUsage of job (MB)
	463508  -  ResidentSetSize of job (KB)
...
006 (173701.000.000) 2024-06-28 16:55:50 Image size of job updated: 32763
	32763  -  MemoryUsage of job (MB)
	33549764  -  ResidentSetSize of job (KB)
...
004 (173701.000.000) 2024-06-28 16:55:51 Job was evicted.
	(0) CPU times
		Usr 0 00:08:33, Sys 0 00:02:03  -  Run Remote Usage
		Usr 0 00:00:00, Sys 0 00:00:00  -  Run Local Usage
	0  -  Run Bytes Sent By Job
	16251001  -  Run Bytes Received By Job
	Partitionable Resources :    Usage  Request Allocated Assigned
	   Cpus                 :     0.00        4         4 
	   Disk (KB)            : 15893       17500    652975 
	   Gpus (Average)       :     1.24        4         4 "CUDA0,CUDA1,CUDA3,CUDA4"
	   GpusMemory (MB)      : 11092                       
	   Memory (MB)          : 32763       65536     65536 
...
009 (173701.000.000) 2024-06-28 16:55:51 Job was aborted.
	via condor_rm (by user ae01116)
...
