000 (173631.000.000) 2024-06-28 08:26:01 Job submitted from host: <131.227.81.127:9618?addrs=131.227.81.127-9618&alias=aisurrey-condor.surrey.ac.uk&noUDP&sock=schedd_1795_cc96>
...
040 (173631.000.000) 2024-06-28 08:26:02 Started transferring input files
	Transferring to host: <131.227.80.128:9618?addrs=131.227.80.128-9618&alias=aisurrey16.surrey.ac.uk&noUDP&sock=slot1_1_4737_651a_1290>
...
040 (173631.000.000) 2024-06-28 08:26:02 Finished transferring input files
...
001 (173631.000.000) 2024-06-28 08:26:03 Job executing on host: <131.227.80.128:9618?addrs=131.227.80.128-9618&alias=aisurrey16.surrey.ac.uk&noUDP&sock=startd_4599_1c25>
...
006 (173631.000.000) 2024-06-28 08:26:12 Image size of job updated: 17500
	1924  -  MemoryUsage of job (MB)
	1970584  -  ResidentSetSize of job (KB)
...
006 (173631.000.000) 2024-06-28 08:27:30 Image size of job updated: 24802
	24802  -  MemoryUsage of job (MB)
	25398228  -  ResidentSetSize of job (KB)
...
040 (173631.000.000) 2024-06-28 08:27:30 Started transferring output files
...
040 (173631.000.000) 2024-06-28 08:27:30 Finished transferring output files
...
005 (173631.000.000) 2024-06-28 08:27:30 Job terminated.
	(1) Normal termination (return value 0)
		Usr 0 00:00:13, Sys 0 00:00:06  -  Run Remote Usage
		Usr 0 00:00:00, Sys 0 00:00:00  -  Run Local Usage
		Usr 0 00:00:13, Sys 0 00:00:06  -  Total Remote Usage
		Usr 0 00:00:00, Sys 0 00:00:00  -  Total Local Usage
	0  -  Run Bytes Sent By Job
	16251001  -  Run Bytes Received By Job
	0  -  Total Bytes Sent By Job
	16251001  -  Total Bytes Received By Job
	Partitionable Resources :    Usage  Request Allocated Assigned
	   Cpus                 :     0.00        4         4 
	   Disk (KB)            : 15894       17500    652975 
	   Gpus (Average)       :     1.21        4         4 "CUDA0,CUDA1,CUDA2,CUDA5"
	   GpusMemory (MB)      : 11092                       
	   Memory (MB)          : 24802       65536     65536 

	Job terminated of its own accord at 2024-06-28T07:27:30Z.
...
