000 (173167.000.000) 2024-06-23 16:15:20 Job submitted from host: <131.227.81.127:9618?addrs=131.227.81.127-9618&alias=aisurrey-condor.surrey.ac.uk&noUDP&sock=schedd_1795_cc96>
...
040 (173167.000.000) 2024-06-23 16:15:20 Started transferring input files
	Transferring to host: <131.227.80.133:9618?addrs=131.227.80.133-9618&alias=aisurrey18.surrey.ac.uk&noUDP&sock=slot1_2_7413_e107_14682>
...
040 (173167.000.000) 2024-06-23 16:15:20 Finished transferring input files
...
001 (173167.000.000) 2024-06-23 16:15:21 Job executing on host: <131.227.80.133:9618?addrs=131.227.80.133-9618&alias=aisurrey18.surrey.ac.uk&noUDP&sock=startd_7216_277e>
...
006 (173167.000.000) 2024-06-23 16:15:30 Image size of job updated: 17500
	245  -  MemoryUsage of job (MB)
	251272  -  ResidentSetSize of job (KB)
...
006 (173167.000.000) 2024-06-23 16:16:08 Image size of job updated: 23598
	23598  -  MemoryUsage of job (MB)
	24164512  -  ResidentSetSize of job (KB)
...
040 (173167.000.000) 2024-06-23 16:16:08 Started transferring output files
...
040 (173167.000.000) 2024-06-23 16:16:08 Finished transferring output files
...
005 (173167.000.000) 2024-06-23 16:16:09 Job terminated.
	(1) Normal termination (return value 0)
		Usr 0 00:00:01, Sys 0 00:00:00  -  Run Remote Usage
		Usr 0 00:00:00, Sys 0 00:00:00  -  Run Local Usage
		Usr 0 00:00:01, Sys 0 00:00:00  -  Total Remote Usage
		Usr 0 00:00:00, Sys 0 00:00:00  -  Total Local Usage
	0  -  Run Bytes Sent By Job
	16250715  -  Run Bytes Received By Job
	0  -  Total Bytes Sent By Job
	16250715  -  Total Bytes Received By Job
	Partitionable Resources :    Usage  Request Allocated Assigned
	   Cpus                 :     0.00        4         4 
	   Disk (KB)            : 15893       17500    652975 
	   Gpus (Average)       :     0.07        4         4 "CUDA3,CUDA4,CUDA5,CUDA6"
	   GpusMemory (MB)      :  3314                       
	   Memory (MB)          : 23598       65536     65536 

	Job terminated of its own accord at 2024-06-23T15:16:08Z.
...
