000 (173714.000.000) 2024-06-28 21:48:16 Job submitted from host: <131.227.81.127:9618?addrs=131.227.81.127-9618&alias=aisurrey-condor.surrey.ac.uk&noUDP&sock=schedd_1795_cc96>
...
040 (173714.000.000) 2024-06-28 21:48:17 Started transferring input files
	Transferring to host: <131.227.80.127:9618?addrs=131.227.80.127-9618&alias=aisurrey15.surrey.ac.uk&noUDP&sock=slot1_2_4669_7b97_2258>
...
040 (173714.000.000) 2024-06-28 21:48:17 Finished transferring input files
...
001 (173714.000.000) 2024-06-28 21:48:18 Job executing on host: <131.227.80.127:9618?addrs=131.227.80.127-9618&alias=aisurrey15.surrey.ac.uk&noUDP&sock=startd_4536_e5ae>
...
006 (173714.000.000) 2024-06-28 21:48:26 Image size of job updated: 17500
	381  -  MemoryUsage of job (MB)
	390168  -  ResidentSetSize of job (KB)
...
006 (173714.000.000) 2024-06-28 21:50:56 Image size of job updated: 36903
	36903  -  MemoryUsage of job (MB)
	37788736  -  ResidentSetSize of job (KB)
...
040 (173714.000.000) 2024-06-28 21:50:56 Started transferring output files
...
040 (173714.000.000) 2024-06-28 21:50:56 Finished transferring output files
...
005 (173714.000.000) 2024-06-28 21:50:56 Job terminated.
	(1) Normal termination (return value 0)
		Usr 0 00:09:35, Sys 0 00:02:33  -  Run Remote Usage
		Usr 0 00:00:00, Sys 0 00:00:00  -  Run Local Usage
		Usr 0 00:09:35, Sys 0 00:02:33  -  Total Remote Usage
		Usr 0 00:00:00, Sys 0 00:00:00  -  Total Local Usage
	0  -  Run Bytes Sent By Job
	16251001  -  Run Bytes Received By Job
	0  -  Total Bytes Sent By Job
	16251001  -  Total Bytes Received By Job
	Partitionable Resources :    Usage  Request Allocated Assigned
	   Cpus                 :     0.00        4         4 
	   Disk (KB)            : 15894       17500    652975 
	   Gpus (Average)       :     1.64        4         4 "CUDA1,CUDA2,CUDA3,CUDA4"
	   GpusMemory (MB)      : 11092                       
	   Memory (MB)          : 36903       65536     65536 

	Job terminated of its own accord at 2024-06-28T20:50:56Z.
...
