000 (173185.000.000) 2024-06-23 18:13:19 Job submitted from host: <131.227.81.127:9618?addrs=131.227.81.127-9618&alias=aisurrey-condor.surrey.ac.uk&noUDP&sock=schedd_1795_cc96>
...
040 (173185.000.000) 2024-06-23 18:13:20 Started transferring input files
	Transferring to host: <131.227.80.174:9618?addrs=131.227.80.174-9618&alias=aisurrey02.surrey.ac.uk&noUDP&sock=slot1_1_10129_8bf5_12127>
...
040 (173185.000.000) 2024-06-23 18:13:20 Finished transferring input files
...
001 (173185.000.000) 2024-06-23 18:13:21 Job executing on host: <131.227.80.174:9618?addrs=131.227.80.174-9618&alias=aisurrey02.surrey.ac.uk&noUDP&sock=startd_9921_8f2d>
...
006 (173185.000.000) 2024-06-23 18:13:30 Image size of job updated: 17500
	2793  -  MemoryUsage of job (MB)
	2860608  -  ResidentSetSize of job (KB)
...
040 (173185.000.000) 2024-06-23 18:13:33 Started transferring output files
...
040 (173185.000.000) 2024-06-23 18:13:33 Finished transferring output files
...
005 (173185.000.000) 2024-06-23 18:13:35 Job terminated.
	(1) Normal termination (return value 0)
		Usr 0 00:00:06, Sys 0 00:00:01  -  Run Remote Usage
		Usr 0 00:00:00, Sys 0 00:00:00  -  Run Local Usage
		Usr 0 00:00:06, Sys 0 00:00:01  -  Total Remote Usage
		Usr 0 00:00:00, Sys 0 00:00:00  -  Total Local Usage
	0  -  Run Bytes Sent By Job
	16250890  -  Run Bytes Received By Job
	0  -  Total Bytes Sent By Job
	16250890  -  Total Bytes Received By Job
	Partitionable Resources :    Usage  Request Allocated Assigned
	   Cpus                 :     0.02        4         4 
	   Disk (KB)            : 15895       17500    246844 
	   Gpus (Average)       :     0.02        4         4 "GPU-d1f548cd-f042-2574-f668-c031c7999519,GPU-fc9f17ec-4847-1804-06a3-ff9a3f79ac7f,GPU-64610121-158a-61b7-9590-6d8bf8c1803a,GPU-e05a0b02-df58-eb49-48df-ff7a193916eb"
	   GpusMemory (MB)      :   257                       
	   Memory (MB)          :  2793       65536     65536 

	Job terminated of its own accord at 2024-06-23T17:13:33Z.
...
