000 (173699.000.000) 2024-06-28 16:44:53 Job submitted from host: <131.227.81.127:9618?addrs=131.227.81.127-9618&alias=aisurrey-condor.surrey.ac.uk&noUDP&sock=schedd_1795_cc96>
...
040 (173699.000.000) 2024-06-28 16:44:54 Started transferring input files
	Transferring to host: <131.227.80.133:9618?addrs=131.227.80.133-9618&alias=aisurrey18.surrey.ac.uk&noUDP&sock=slot1_1_4726_a4f9_1121>
...
040 (173699.000.000) 2024-06-28 16:44:54 Finished transferring input files
...
001 (173699.000.000) 2024-06-28 16:44:55 Job executing on host: <131.227.80.133:9618?addrs=131.227.80.133-9618&alias=aisurrey18.surrey.ac.uk&noUDP&sock=startd_4589_4033>
...
006 (173699.000.000) 2024-06-28 16:45:03 Image size of job updated: 17500
	549  -  MemoryUsage of job (MB)
	562880  -  ResidentSetSize of job (KB)
...
006 (173699.000.000) 2024-06-28 16:45:15 Image size of job updated: 17500
	13310  -  MemoryUsage of job (MB)
	13630072  -  ResidentSetSize of job (KB)
...
040 (173699.000.000) 2024-06-28 16:45:15 Started transferring output files
...
040 (173699.000.000) 2024-06-28 16:45:15 Finished transferring output files
...
005 (173699.000.000) 2024-06-28 16:45:15 Job terminated.
	(1) Normal termination (return value 0)
		Usr 0 00:00:46, Sys 0 00:00:13  -  Run Remote Usage
		Usr 0 00:00:00, Sys 0 00:00:00  -  Run Local Usage
		Usr 0 00:00:46, Sys 0 00:00:13  -  Total Remote Usage
		Usr 0 00:00:00, Sys 0 00:00:00  -  Total Local Usage
	0  -  Run Bytes Sent By Job
	16251001  -  Run Bytes Received By Job
	0  -  Total Bytes Sent By Job
	16251001  -  Total Bytes Received By Job
	Partitionable Resources :    Usage  Request Allocated Assigned
	   Cpus                 :     0.01        4         4 
	   Disk (KB)            : 15893       17500    652975 
	   Gpus (Average)       :     0.08        4         4 "CUDA0,CUDA1,CUDA3,CUDA4"
	   GpusMemory (MB)      :  3388                       
	   Memory (MB)          : 13310       65536     65536 

	Job terminated of its own accord at 2024-06-28T15:45:15Z.
...
