000 (173168.000.000) 2024-06-23 16:17:06 Job submitted from host: <131.227.81.127:9618?addrs=131.227.81.127-9618&alias=aisurrey-condor.surrey.ac.uk&noUDP&sock=schedd_1795_cc96>
...
040 (173168.000.000) 2024-06-23 16:17:06 Started transferring input files
	Transferring to host: <131.227.80.133:9618?addrs=131.227.80.133-9618&alias=aisurrey18.surrey.ac.uk&noUDP&sock=slot1_2_7413_e107_14683>
...
040 (173168.000.000) 2024-06-23 16:17:07 Finished transferring input files
...
001 (173168.000.000) 2024-06-23 16:17:08 Job executing on host: <131.227.80.133:9618?addrs=131.227.80.133-9618&alias=aisurrey18.surrey.ac.uk&noUDP&sock=startd_7216_277e>
...
006 (173168.000.000) 2024-06-23 16:17:16 Image size of job updated: 17500
	544  -  MemoryUsage of job (MB)
	557276  -  ResidentSetSize of job (KB)
...
006 (173168.000.000) 2024-06-23 16:17:47 Image size of job updated: 21436
	21436  -  MemoryUsage of job (MB)
	21950784  -  ResidentSetSize of job (KB)
...
040 (173168.000.000) 2024-06-23 16:17:47 Started transferring output files
...
040 (173168.000.000) 2024-06-23 16:17:47 Finished transferring output files
...
005 (173168.000.000) 2024-06-23 16:17:47 Job terminated.
	(1) Normal termination (return value 0)
		Usr 0 00:02:20, Sys 0 00:00:37  -  Run Remote Usage
		Usr 0 00:00:00, Sys 0 00:00:00  -  Run Local Usage
		Usr 0 00:02:20, Sys 0 00:00:37  -  Total Remote Usage
		Usr 0 00:00:00, Sys 0 00:00:00  -  Total Local Usage
	0  -  Run Bytes Sent By Job
	16250715  -  Run Bytes Received By Job
	0  -  Total Bytes Sent By Job
	16250715  -  Total Bytes Received By Job
	Partitionable Resources :    Usage  Request Allocated Assigned
	   Cpus                 :     0.00        4         4 
	   Disk (KB)            : 15893       17500    652975 
	   Gpus (Average)       :     0.14        4         4 "CUDA3,CUDA4,CUDA5,CUDA6"
	   GpusMemory (MB)      : 24570                       
	   Memory (MB)          : 21436       65536     65536 

	Job terminated of its own accord at 2024-06-23T15:17:47Z.
...
