000 (173166.000.000) 2024-06-23 16:07:54 Job submitted from host: <131.227.81.127:9618?addrs=131.227.81.127-9618&alias=aisurrey-condor.surrey.ac.uk&noUDP&sock=schedd_1795_cc96>
...
040 (173166.000.000) 2024-06-23 16:07:55 Started transferring input files
	Transferring to host: <131.227.80.172:9618?addrs=131.227.80.172-9618&alias=aisurrey01.surrey.ac.uk&noUDP&sock=slot1_2_9807_ab28_12157>
...
040 (173166.000.000) 2024-06-23 16:07:55 Finished transferring input files
...
001 (173166.000.000) 2024-06-23 16:07:56 Job executing on host: <131.227.80.172:9618?addrs=131.227.80.172-9618&alias=aisurrey01.surrey.ac.uk&noUDP&sock=startd_9610_3d38>
...
006 (173166.000.000) 2024-06-23 16:08:05 Image size of job updated: 17500
	2728  -  MemoryUsage of job (MB)
	2794304  -  ResidentSetSize of job (KB)
...
006 (173166.000.000) 2024-06-23 16:09:53 Image size of job updated: 17500
	5848  -  MemoryUsage of job (MB)
	5989140  -  ResidentSetSize of job (KB)
...
040 (173166.000.000) 2024-06-23 16:09:53 Started transferring output files
...
040 (173166.000.000) 2024-06-23 16:09:53 Finished transferring output files
...
005 (173166.000.000) 2024-06-23 16:09:53 Job terminated.
	(1) Normal termination (return value 0)
		Usr 0 00:02:26, Sys 0 00:00:15  -  Run Remote Usage
		Usr 0 00:00:00, Sys 0 00:00:00  -  Run Local Usage
		Usr 0 00:02:26, Sys 0 00:00:15  -  Total Remote Usage
		Usr 0 00:00:00, Sys 0 00:00:00  -  Total Local Usage
	0  -  Run Bytes Sent By Job
	16250715  -  Run Bytes Received By Job
	0  -  Total Bytes Sent By Job
	16250715  -  Total Bytes Received By Job
	Partitionable Resources :    Usage  Request Allocated Assigned
	   Cpus                 :     0.00        4         4 
	   Disk (KB)            : 15895       17500    246844 
	   Gpus (Average)       :     0.78        4         4 "GPU-fe446e8b-007f-e048-cd1c-41ba266978c3,GPU-5868899d-1d9a-6d46-f057-90abf099adfd,GPU-551e2112-58c0-b44d-d64c-cdc1493acd1c,GPU-0783041b-8bda-1df4-bc06-c65a4899c992"
	   GpusMemory (MB)      :   257                       
	   Memory (MB)          :  5848       65536     65536 

	Job terminated of its own accord at 2024-06-23T15:09:53Z.
...
