000 (173982.000.000) 2024-07-02 10:21:31 Job submitted from host: <131.227.81.127:9618?addrs=131.227.81.127-9618&alias=aisurrey-condor.surrey.ac.uk&noUDP&sock=schedd_1795_cc96>
...
040 (173982.000.000) 2024-07-02 10:21:31 Started transferring input files
	Transferring to host: <131.227.80.180:9618?addrs=131.227.80.180-9618&alias=aisurrey05.surrey.ac.uk&noUDP&sock=slot1_2_4777_941b_3430>
...
040 (173982.000.000) 2024-07-02 10:21:31 Finished transferring input files
...
001 (173982.000.000) 2024-07-02 10:21:32 Job executing on host: <131.227.80.180:9618?addrs=131.227.80.180-9618&alias=aisurrey05.surrey.ac.uk&noUDP&sock=startd_4637_2cbe>
...
006 (173982.000.000) 2024-07-02 10:21:41 Image size of job updated: 17500
	2770  -  MemoryUsage of job (MB)
	2836872  -  ResidentSetSize of job (KB)
...
006 (173982.000.000) 2024-07-02 10:23:35 Image size of job updated: 17500
	5979  -  MemoryUsage of job (MB)
	6123312  -  ResidentSetSize of job (KB)
...
040 (173982.000.000) 2024-07-02 10:23:35 Started transferring output files
...
040 (173982.000.000) 2024-07-02 10:23:35 Finished transferring output files
...
005 (173982.000.000) 2024-07-02 10:23:35 Job terminated.
	(1) Normal termination (return value 0)
		Usr 0 00:02:30, Sys 0 00:00:14  -  Run Remote Usage
		Usr 0 00:00:00, Sys 0 00:00:00  -  Run Local Usage
		Usr 0 00:02:30, Sys 0 00:00:14  -  Total Remote Usage
		Usr 0 00:00:00, Sys 0 00:00:00  -  Total Local Usage
	0  -  Run Bytes Sent By Job
	16251091  -  Run Bytes Received By Job
	0  -  Total Bytes Sent By Job
	16251091  -  Total Bytes Received By Job
	Partitionable Resources :    Usage  Request Allocated Assigned
	   Cpus                 :     0.00        4         4 
	   Disk (KB)            : 15895       17500    246844 
	   Gpus (Average)       :     0.75        4         4 "GPU-a100ace2-2694-3aa2-55ef-ae3a446ea6bf,GPU-1e0cfc12-9972-1d70-d20d-b6b7b3347417,GPU-8b29988f-da65-72fe-d7a9-2f038be7242f,GPU-51954f8e-bd09-26ec-6b05-eab6f13b4d7e"
	   GpusMemory (MB)      :   257                       
	   Memory (MB)          :  5979       65536     65536 

	Job terminated of its own accord at 2024-07-02T09:23:35Z.
...
