000 (173715.000.000) 2024-06-28 21:52:18 Job submitted from host: <131.227.81.127:9618?addrs=131.227.81.127-9618&alias=aisurrey-condor.surrey.ac.uk&noUDP&sock=schedd_1795_cc96>
...
040 (173715.000.000) 2024-06-28 21:52:37 Started transferring input files
	Transferring to host: <131.227.80.127:9618?addrs=131.227.80.127-9618&alias=aisurrey15.surrey.ac.uk&noUDP&sock=slot1_2_4669_7b97_2261>
...
040 (173715.000.000) 2024-06-28 21:52:37 Finished transferring input files
...
001 (173715.000.000) 2024-06-28 21:52:38 Job executing on host: <131.227.80.127:9618?addrs=131.227.80.127-9618&alias=aisurrey15.surrey.ac.uk&noUDP&sock=startd_4536_e5ae>
...
006 (173715.000.000) 2024-06-28 21:52:47 Image size of job updated: 17500
	453  -  MemoryUsage of job (MB)
	464436  -  ResidentSetSize of job (KB)
...
006 (173715.000.000) 2024-06-28 21:57:47 Image size of job updated: 24815
	24815  -  MemoryUsage of job (MB)
	25411256  -  ResidentSetSize of job (KB)
...
006 (173715.000.000) 2024-06-28 22:02:48 Image size of job updated: 24948
	24948  -  MemoryUsage of job (MB)
	25547672  -  ResidentSetSize of job (KB)
...
006 (173715.000.000) 2024-06-28 22:07:48 Image size of job updated: 25085
	25085  -  MemoryUsage of job (MB)
	25687840  -  ResidentSetSize of job (KB)
...
006 (173715.000.000) 2024-06-28 22:12:49 Image size of job updated: 25708
	25708  -  MemoryUsage of job (MB)
	26325876  -  ResidentSetSize of job (KB)
...
040 (173715.000.000) 2024-06-29 00:34:59 Started transferring output files
...
040 (173715.000.000) 2024-06-29 00:34:59 Finished transferring output files
...
005 (173715.000.000) 2024-06-29 00:34:59 Job terminated.
	(1) Normal termination (return value 0)
		Usr 0 12:28:35, Sys 0 03:27:52  -  Run Remote Usage
		Usr 0 00:00:00, Sys 0 00:00:00  -  Run Local Usage
		Usr 0 12:28:35, Sys 0 03:27:52  -  Total Remote Usage
		Usr 0 00:00:00, Sys 0 00:00:00  -  Total Local Usage
	0  -  Run Bytes Sent By Job
	16251001  -  Run Bytes Received By Job
	0  -  Total Bytes Sent By Job
	16251001  -  Total Bytes Received By Job
	Partitionable Resources :    Usage  Request Allocated Assigned
	   Cpus                 :     0           4         4 
	   Disk (KB)            : 15894       17500    652975 
	   Gpus (Average)       :     2.26        4         4 "CUDA1,CUDA2,CUDA3,CUDA4"
	   GpusMemory (MB)      : 11092                       
	   Memory (MB)          : 25708       65536     65536 

	Job terminated of its own accord at 2024-06-28T23:34:59Z.
...
