000 (173585.000.000) 2024-06-27 17:16:42 Job submitted from host: <131.227.81.127:9618?addrs=131.227.81.127-9618&alias=aisurrey-condor.surrey.ac.uk&noUDP&sock=schedd_1795_cc96>
...
040 (173585.000.000) 2024-06-27 17:16:43 Started transferring input files
	Transferring to host: <131.227.80.128:9618?addrs=131.227.80.128-9618&alias=aisurrey16.surrey.ac.uk&noUDP&sock=slot1_1_4737_651a_985>
...
040 (173585.000.000) 2024-06-27 17:16:43 Finished transferring input files
...
001 (173585.000.000) 2024-06-27 17:16:44 Job executing on host: <131.227.80.128:9618?addrs=131.227.80.128-9618&alias=aisurrey16.surrey.ac.uk&noUDP&sock=startd_4599_1c25>
...
006 (173585.000.000) 2024-06-27 17:16:53 Image size of job updated: 17500
	1918  -  MemoryUsage of job (MB)
	1965052  -  ResidentSetSize of job (KB)
...
006 (173585.000.000) 2024-06-27 17:21:54 Image size of job updated: 25016
	25016  -  MemoryUsage of job (MB)
	25616692  -  ResidentSetSize of job (KB)
...
006 (173585.000.000) 2024-06-27 17:26:55 Image size of job updated: 25086
	25086  -  MemoryUsage of job (MB)
	25688900  -  ResidentSetSize of job (KB)
...
006 (173585.000.000) 2024-06-27 17:36:55 Image size of job updated: 26404
	26404  -  MemoryUsage of job (MB)
	27038168  -  ResidentSetSize of job (KB)
...
006 (173585.000.000) 2024-06-27 18:22:03 Image size of job updated: 26627
	26627  -  MemoryUsage of job (MB)
	27266736  -  ResidentSetSize of job (KB)
...
006 (173585.000.000) 2024-06-27 18:37:03 Image size of job updated: 26677
	26677  -  MemoryUsage of job (MB)
	27317436  -  ResidentSetSize of job (KB)
...
040 (173585.000.000) 2024-06-27 19:51:23 Started transferring output files
...
040 (173585.000.000) 2024-06-27 19:51:23 Finished transferring output files
...
005 (173585.000.000) 2024-06-27 19:51:25 Job terminated.
	(1) Normal termination (return value 0)
		Usr 0 12:06:07, Sys 0 03:18:50  -  Run Remote Usage
		Usr 0 00:00:00, Sys 0 00:00:00  -  Run Local Usage
		Usr 0 12:06:07, Sys 0 03:18:50  -  Total Remote Usage
		Usr 0 00:00:00, Sys 0 00:00:00  -  Total Local Usage
	0  -  Run Bytes Sent By Job
	16251001  -  Run Bytes Received By Job
	0  -  Total Bytes Sent By Job
	16251001  -  Total Bytes Received By Job
	Partitionable Resources :    Usage  Request Allocated Assigned
	   Cpus                 :     0.00        4         4 
	   Disk (KB)            : 15894       17500    652975 
	   Gpus (Average)       :     2.25        4         4 "CUDA0,CUDA1,CUDA5,CUDA6"
	   GpusMemory (MB)      : 11092                       
	   Memory (MB)          : 26677       65536     65536 

	Job terminated of its own accord at 2024-06-27T18:51:23Z.
...
