000 (173017.000.000) 2024-06-21 17:01:33 Job submitted from host: <131.227.81.127:9618?addrs=131.227.81.127-9618&alias=aisurrey-condor.surrey.ac.uk&noUDP&sock=schedd_1795_cc96>
...
040 (173017.000.000) 2024-06-21 17:01:33 Started transferring input files
	Transferring to host: <131.227.80.134:9618?addrs=131.227.80.134-9618&alias=aisurrey19.surrey.ac.uk&noUDP&sock=slot1_1_7479_61c9_13861>
...
040 (173017.000.000) 2024-06-21 17:01:33 Finished transferring input files
...
001 (173017.000.000) 2024-06-21 17:01:34 Job executing on host: <131.227.80.134:9618?addrs=131.227.80.134-9618&alias=aisurrey19.surrey.ac.uk&noUDP&sock=startd_7283_1c56>
...
006 (173017.000.000) 2024-06-21 17:01:43 Image size of job updated: 17500
	132  -  MemoryUsage of job (MB)
	136144  -  ResidentSetSize of job (KB)
...
006 (173017.000.000) 2024-06-21 17:06:43 Image size of job updated: 25280
	25280  -  MemoryUsage of job (MB)
	25887464  -  ResidentSetSize of job (KB)
...
006 (173017.000.000) 2024-06-21 17:11:43 Image size of job updated: 25451
	25451  -  MemoryUsage of job (MB)
	26061852  -  ResidentSetSize of job (KB)
...
006 (173017.000.000) 2024-06-21 17:16:43 Image size of job updated: 25469
	25469  -  MemoryUsage of job (MB)
	26080892  -  ResidentSetSize of job (KB)
...
006 (173017.000.000) 2024-06-21 17:21:43 Image size of job updated: 25485
	25485  -  MemoryUsage of job (MB)
	26096980  -  ResidentSetSize of job (KB)
...
006 (173017.000.000) 2024-06-21 17:26:43 Image size of job updated: 25522
	25522  -  MemoryUsage of job (MB)
	26134748  -  ResidentSetSize of job (KB)
...
006 (173017.000.000) 2024-06-21 17:31:44 Image size of job updated: 25555
	25555  -  MemoryUsage of job (MB)
	26168936  -  ResidentSetSize of job (KB)
...
006 (173017.000.000) 2024-06-21 17:41:45 Image size of job updated: 25643
	25643  -  MemoryUsage of job (MB)
	26258596  -  ResidentSetSize of job (KB)
...
006 (173017.000.000) 2024-06-21 17:46:46 Image size of job updated: 25657
	25657  -  MemoryUsage of job (MB)
	26273668  -  ResidentSetSize of job (KB)
...
006 (173017.000.000) 2024-06-21 17:51:47 Image size of job updated: 26657
	26657  -  MemoryUsage of job (MB)
	27297132  -  ResidentSetSize of job (KB)
...
006 (173017.000.000) 2024-06-21 18:01:48 Image size of job updated: 26715
	26715  -  MemoryUsage of job (MB)
	27356984  -  ResidentSetSize of job (KB)
...
040 (173017.000.000) 2024-06-21 19:26:55 Started transferring output files
...
040 (173017.000.000) 2024-06-21 19:26:55 Finished transferring output files
...
005 (173017.000.000) 2024-06-21 19:26:56 Job terminated.
	(1) Normal termination (return value 0)
		Usr 0 11:40:46, Sys 0 03:07:11  -  Run Remote Usage
		Usr 0 00:00:00, Sys 0 00:00:00  -  Run Local Usage
		Usr 0 11:40:46, Sys 0 03:07:11  -  Total Remote Usage
		Usr 0 00:00:00, Sys 0 00:00:00  -  Total Local Usage
	0  -  Run Bytes Sent By Job
	16250630  -  Run Bytes Received By Job
	0  -  Total Bytes Sent By Job
	16250630  -  Total Bytes Received By Job
	Partitionable Resources :    Usage  Request Allocated Assigned
	   Cpus                 :     0.00        4         4 
	   Disk (KB)            : 15893       17500    652975 
	   Gpus (Average)       :     2.12        4         4 "CUDA0,CUDA1,CUDA2,CUDA3"
	   GpusMemory (MB)      : 11008                       
	   Memory (MB)          : 26715       65536     65536 

	Job terminated of its own accord at 2024-06-21T18:26:55Z.
...
