000 (173336.000.000) 2024-06-25 08:54:04 Job submitted from host: <131.227.81.127:9618?addrs=131.227.81.127-9618&alias=aisurrey-condor.surrey.ac.uk&noUDP&sock=schedd_1795_cc96>
...
040 (173336.000.000) 2024-06-25 08:54:05 Started transferring input files
	Transferring to host: <131.227.80.134:9618?addrs=131.227.80.134-9618&alias=aisurrey19.surrey.ac.uk&noUDP&sock=slot1_1_7479_61c9_15663>
...
040 (173336.000.000) 2024-06-25 08:54:05 Finished transferring input files
...
001 (173336.000.000) 2024-06-25 08:54:06 Job executing on host: <131.227.80.134:9618?addrs=131.227.80.134-9618&alias=aisurrey19.surrey.ac.uk&noUDP&sock=startd_7283_1c56>
...
006 (173336.000.000) 2024-06-25 08:54:14 Image size of job updated: 17500
	431  -  MemoryUsage of job (MB)
	441560  -  ResidentSetSize of job (KB)
...
006 (173336.000.000) 2024-06-25 08:59:15 Image size of job updated: 25416
	25416  -  MemoryUsage of job (MB)
	26026332  -  ResidentSetSize of job (KB)
...
006 (173336.000.000) 2024-06-25 09:09:17 Image size of job updated: 25492
	25492  -  MemoryUsage of job (MB)
	26104472  -  ResidentSetSize of job (KB)
...
006 (173336.000.000) 2024-06-25 09:19:18 Image size of job updated: 25553
	25553  -  MemoryUsage of job (MB)
	26166904  -  ResidentSetSize of job (KB)
...
006 (173336.000.000) 2024-06-25 09:24:19 Image size of job updated: 25569
	25569  -  MemoryUsage of job (MB)
	26182700  -  ResidentSetSize of job (KB)
...
006 (173336.000.000) 2024-06-25 09:34:21 Image size of job updated: 25614
	25614  -  MemoryUsage of job (MB)
	26228736  -  ResidentSetSize of job (KB)
...
006 (173336.000.000) 2024-06-25 09:54:23 Image size of job updated: 25692
	25692  -  MemoryUsage of job (MB)
	26308848  -  ResidentSetSize of job (KB)
...
006 (173336.000.000) 2024-06-25 09:59:23 Image size of job updated: 25708
	25708  -  MemoryUsage of job (MB)
	26325268  -  ResidentSetSize of job (KB)
...
006 (173336.000.000) 2024-06-25 10:04:23 Image size of job updated: 25722
	25722  -  MemoryUsage of job (MB)
	26339460  -  ResidentSetSize of job (KB)
...
006 (173336.000.000) 2024-06-25 10:09:23 Image size of job updated: 25734
	25734  -  MemoryUsage of job (MB)
	26351872  -  ResidentSetSize of job (KB)
...
006 (173336.000.000) 2024-06-25 10:14:23 Image size of job updated: 25974
	25974  -  MemoryUsage of job (MB)
	26597692  -  ResidentSetSize of job (KB)
...
040 (173336.000.000) 2024-06-25 11:26:40 Started transferring output files
...
040 (173336.000.000) 2024-06-25 11:26:40 Finished transferring output files
...
005 (173336.000.000) 2024-06-25 11:26:40 Job terminated.
	(1) Normal termination (return value 0)
		Usr 0 11:48:33, Sys 0 03:18:07  -  Run Remote Usage
		Usr 0 00:00:00, Sys 0 00:00:00  -  Run Local Usage
		Usr 0 11:48:33, Sys 0 03:18:07  -  Total Remote Usage
		Usr 0 00:00:00, Sys 0 00:00:00  -  Total Local Usage
	0  -  Run Bytes Sent By Job
	16250973  -  Run Bytes Received By Job
	0  -  Total Bytes Sent By Job
	16250973  -  Total Bytes Received By Job
	Partitionable Resources :    Usage  Request Allocated Assigned
	   Cpus                 :     0.00        4         4 
	   Disk (KB)            : 15893       17500    652975 
	   Gpus (Average)       :     2.19        4         4 "CUDA0,CUDA1,CUDA3,CUDA5"
	   GpusMemory (MB)      : 10730                       
	   Memory (MB)          : 25974       65536     65536 

	Job terminated of its own accord at 2024-06-25T10:26:40Z.
...
