000 (174156.000.000) 2024-07-03 12:01:50 Job submitted from host: <131.227.81.127:9618?addrs=131.227.81.127-9618&alias=aisurrey-condor.surrey.ac.uk&noUDP&sock=schedd_1795_cc96>
...
040 (174156.000.000) 2024-07-03 12:02:10 Started transferring input files
	Transferring to host: <131.227.80.172:9618?addrs=131.227.80.172-9618&alias=aisurrey01.surrey.ac.uk&noUDP&sock=slot1_1_8919_fe04_4150>
...
040 (174156.000.000) 2024-07-03 12:02:10 Finished transferring input files
...
001 (174156.000.000) 2024-07-03 12:02:11 Job executing on host: <131.227.80.172:9618?addrs=131.227.80.172-9618&alias=aisurrey01.surrey.ac.uk&noUDP&sock=startd_8775_7fa4>
...
006 (174156.000.000) 2024-07-03 12:02:19 Image size of job updated: 17500
	144  -  MemoryUsage of job (MB)
	148112  -  ResidentSetSize of job (KB)
...
006 (174156.000.000) 2024-07-03 12:04:19 Image size of job updated: 17500
	6116  -  MemoryUsage of job (MB)
	6263048  -  ResidentSetSize of job (KB)
...
004 (174156.000.000) 2024-07-03 12:04:19 Job was evicted.
	(0) CPU times
		Usr 0 00:02:22, Sys 0 00:00:12  -  Run Remote Usage
		Usr 0 00:00:00, Sys 0 00:00:00  -  Run Local Usage
	0  -  Run Bytes Sent By Job
	16251163  -  Run Bytes Received By Job
	Partitionable Resources :    Usage  Request Allocated Assigned
	   Cpus                 :     0.00        4         4 
	   Disk (KB)            : 15895       17500    246844 
	   Gpus (Average)       :     0.76        4         4 "GPU-36a655d1-c604-0db2-f8ee-bf0e0ad128fb,GPU-fe446e8b-007f-e048-cd1c-41ba266978c3,GPU-5868899d-1d9a-6d46-f057-90abf099adfd,GPU-551e2112-58c0-b44d-d64c-cdc1493acd1c"
	   GpusMemory (MB)      :   257                       
	   Memory (MB)          :  6116       65536     65536 
...
009 (174156.000.000) 2024-07-03 12:04:19 Job was aborted.
	via condor_rm (by user ae01116)
...
