000 (174396.000.000) 2024-07-05 14:49:00 Job submitted from host: <131.227.81.127:9618?addrs=131.227.81.127-9618&alias=aisurrey-condor.surrey.ac.uk&noUDP&sock=schedd_1795_cc96>
...
040 (174396.000.000) 2024-07-05 14:49:18 Started transferring input files
	Transferring to host: <131.227.80.126:9618?addrs=131.227.80.126-9618&alias=aisurrey14.surrey.ac.uk&noUDP&sock=slot1_4_4748_253a_4964>
...
040 (174396.000.000) 2024-07-05 14:49:18 Finished transferring input files
...
001 (174396.000.000) 2024-07-05 14:49:19 Job executing on host: <131.227.80.126:9618?addrs=131.227.80.126-9618&alias=aisurrey14.surrey.ac.uk&noUDP&sock=startd_4608_487f>
...
006 (174396.000.000) 2024-07-05 14:49:27 Image size of job updated: 17500
	449  -  MemoryUsage of job (MB)
	459936  -  ResidentSetSize of job (KB)
...
006 (174396.000.000) 2024-07-05 14:50:24 Image size of job updated: 30286
	30286  -  MemoryUsage of job (MB)
	31013088  -  ResidentSetSize of job (KB)
...
040 (174396.000.000) 2024-07-05 14:50:24 Started transferring output files
...
040 (174396.000.000) 2024-07-05 14:50:25 Finished transferring output files
...
005 (174396.000.000) 2024-07-05 14:50:25 Job terminated.
	(1) Normal termination (return value 0)
		Usr 0 00:00:01, Sys 0 00:00:01  -  Run Remote Usage
		Usr 0 00:00:00, Sys 0 00:00:00  -  Run Local Usage
		Usr 0 00:00:01, Sys 0 00:00:01  -  Total Remote Usage
		Usr 0 00:00:00, Sys 0 00:00:00  -  Total Local Usage
	0  -  Run Bytes Sent By Job
	16251326  -  Run Bytes Received By Job
	0  -  Total Bytes Sent By Job
	16251326  -  Total Bytes Received By Job
	Partitionable Resources :    Usage  Request Allocated Assigned
	   Cpus                 :     0.00        4         4 
	   Disk (KB)            : 15894       17500    652975 
	   Gpus (Average)       :     0.08        4         4 "CUDA3,CUDA4,CUDA5,CUDA6"
	   GpusMemory (MB)      : 16712                       
	   Memory (MB)          : 30286       65536     65536 

	Job terminated of its own accord at 2024-07-05T13:50:24Z.
...
