000 (174393.000.000) 2024-07-05 14:45:15 Job submitted from host: <131.227.81.127:9618?addrs=131.227.81.127-9618&alias=aisurrey-condor.surrey.ac.uk&noUDP&sock=schedd_1795_cc96>
...
040 (174393.000.000) 2024-07-05 14:45:16 Started transferring input files
	Transferring to host: <131.227.80.126:9618?addrs=131.227.80.126-9618&alias=aisurrey14.surrey.ac.uk&noUDP&sock=slot1_4_4748_253a_4960>
...
040 (174393.000.000) 2024-07-05 14:45:16 Finished transferring input files
...
001 (174393.000.000) 2024-07-05 14:45:17 Job executing on host: <131.227.80.126:9618?addrs=131.227.80.126-9618&alias=aisurrey14.surrey.ac.uk&noUDP&sock=startd_4608_487f>
...
006 (174393.000.000) 2024-07-05 14:45:25 Image size of job updated: 17500
	133  -  MemoryUsage of job (MB)
	136540  -  ResidentSetSize of job (KB)
...
006 (174393.000.000) 2024-07-05 14:45:34 Image size of job updated: 17500
	1916  -  MemoryUsage of job (MB)
	1962284  -  ResidentSetSize of job (KB)
...
040 (174393.000.000) 2024-07-05 14:45:34 Started transferring output files
...
040 (174393.000.000) 2024-07-05 14:45:34 Finished transferring output files
...
005 (174393.000.000) 2024-07-05 14:45:34 Job terminated.
	(1) Normal termination (return value 0)
		Usr 0 00:00:25, Sys 0 00:00:07  -  Run Remote Usage
		Usr 0 00:00:00, Sys 0 00:00:00  -  Run Local Usage
		Usr 0 00:00:25, Sys 0 00:00:07  -  Total Remote Usage
		Usr 0 00:00:00, Sys 0 00:00:00  -  Total Local Usage
	0  -  Run Bytes Sent By Job
	16251326  -  Run Bytes Received By Job
	0  -  Total Bytes Sent By Job
	16251326  -  Total Bytes Received By Job
	Partitionable Resources :    Usage  Request Allocated Assigned
	   Cpus                 :     0.01        4         4 
	   Disk (KB)            : 15894       17500    652975 
	   Gpus (Average)       :     0           4         4 "CUDA3,CUDA4,CUDA5,CUDA6"
	   GpusMemory (MB)      :   323                       
	   Memory (MB)          :  1916       65536     65536 

	Job terminated of its own accord at 2024-07-05T13:45:34Z.
...
