000 (174702.000.000) 2024-07-08 10:34:41 Job submitted from host: <131.227.81.127:9618?addrs=131.227.81.127-9618&alias=aisurrey-condor.surrey.ac.uk&noUDP&sock=schedd_1795_cc96>
...
040 (174702.000.000) 2024-07-08 20:56:42 Started transferring input files
	Transferring to host: <131.227.80.126:9618?addrs=131.227.80.126-9618&alias=aisurrey14.surrey.ac.uk&noUDP&sock=slot1_1_4748_253a_6548>
...
040 (174702.000.000) 2024-07-08 20:56:42 Finished transferring input files
...
001 (174702.000.000) 2024-07-08 20:56:43 Job executing on host: <131.227.80.126:9618?addrs=131.227.80.126-9618&alias=aisurrey14.surrey.ac.uk&noUDP&sock=startd_4608_487f>
...
006 (174702.000.000) 2024-07-08 20:56:51 Image size of job updated: 17500
	146  -  MemoryUsage of job (MB)
	149948  -  ResidentSetSize of job (KB)
...
006 (174702.000.000) 2024-07-08 21:01:51 Image size of job updated: 34529
	34529  -  MemoryUsage of job (MB)
	35357864  -  ResidentSetSize of job (KB)
...
006 (174702.000.000) 2024-07-08 21:06:52 Image size of job updated: 34854
	34854  -  MemoryUsage of job (MB)
	35691268  -  ResidentSetSize of job (KB)
...
006 (174702.000.000) 2024-07-08 21:11:53 Image size of job updated: 36078
	36078  -  MemoryUsage of job (MB)
	36944528  -  ResidentSetSize of job (KB)
...
006 (174702.000.000) 2024-07-09 01:22:15 Image size of job updated: 50735
	50735  -  MemoryUsage of job (MB)
	51953032  -  ResidentSetSize of job (KB)
...
006 (174702.000.000) 2024-07-09 01:27:16 Image size of job updated: 53005
	53005  -  MemoryUsage of job (MB)
	54277712  -  ResidentSetSize of job (KB)
...
040 (174702.000.000) 2024-07-09 01:42:58 Started transferring output files
...
040 (174702.000.000) 2024-07-09 01:42:58 Finished transferring output files
...
005 (174702.000.000) 2024-07-09 01:42:58 Job terminated.
	(1) Normal termination (return value 0)
		Usr 0 23:03:15, Sys 0 05:37:58  -  Run Remote Usage
		Usr 0 00:00:00, Sys 0 00:00:00  -  Run Local Usage
		Usr 0 23:03:15, Sys 0 05:37:58  -  Total Remote Usage
		Usr 0 00:00:00, Sys 0 00:00:00  -  Total Local Usage
	0  -  Run Bytes Sent By Job
	16251032  -  Run Bytes Received By Job
	0  -  Total Bytes Sent By Job
	16251032  -  Total Bytes Received By Job
	Partitionable Resources :    Usage  Request Allocated Assigned
	   Cpus                 :     0.00        4         4 
	   Disk (KB)            : 15894       17500    652975 
	   Gpus (Average)       :                 4         4 "CUDA0,CUDA1,CUDA2,CUDA3"
	   GpusMemory (MB)      : 19924                       
	   Memory (MB)          : 53005       65536     65536 

	Job terminated of its own accord at 2024-07-09T00:42:57Z.
...
