000 (174583.000.000) 2024-07-07 12:18:23 Job submitted from host: <131.227.81.127:9618?addrs=131.227.81.127-9618&alias=aisurrey-condor.surrey.ac.uk&noUDP&sock=schedd_1795_cc96>
...
040 (174583.000.000) 2024-07-07 12:18:28 Started transferring input files
	Transferring to host: <131.227.80.180:9618?addrs=131.227.80.180-9618&alias=aisurrey05.surrey.ac.uk&noUDP&sock=slot1_3_4777_941b_5900>
...
040 (174583.000.000) 2024-07-07 12:18:28 Finished transferring input files
...
001 (174583.000.000) 2024-07-07 12:18:29 Job executing on host: <131.227.80.180:9618?addrs=131.227.80.180-9618&alias=aisurrey05.surrey.ac.uk&noUDP&sock=startd_4637_2cbe>
...
006 (174583.000.000) 2024-07-07 12:18:38 Image size of job updated: 17500
	422  -  MemoryUsage of job (MB)
	432724  -  ResidentSetSize of job (KB)
...
006 (174583.000.000) 2024-07-07 12:19:00 Image size of job updated: 17500
	17199  -  MemoryUsage of job (MB)
	17612228  -  ResidentSetSize of job (KB)
...
040 (174583.000.000) 2024-07-07 12:19:00 Started transferring output files
...
040 (174583.000.000) 2024-07-07 12:19:00 Finished transferring output files
...
005 (174583.000.000) 2024-07-07 12:19:00 Job terminated.
	(1) Normal termination (return value 0)
		Usr 0 00:01:16, Sys 0 00:00:24  -  Run Remote Usage
		Usr 0 00:00:00, Sys 0 00:00:00  -  Run Local Usage
		Usr 0 00:01:16, Sys 0 00:00:24  -  Total Remote Usage
		Usr 0 00:00:00, Sys 0 00:00:00  -  Total Local Usage
	0  -  Run Bytes Sent By Job
	16251032  -  Run Bytes Received By Job
	0  -  Total Bytes Sent By Job
	16251032  -  Total Bytes Received By Job
	Partitionable Resources :    Usage  Request Allocated Assigned
	   Cpus                 :     0.00        4         4 
	   Disk (KB)            : 15895       17500    246844 
	   Gpus (Average)       :     0.13        4         4 "GPU-1e0cfc12-9972-1d70-d20d-b6b7b3347417,GPU-51954f8e-bd09-26ec-6b05-eab6f13b4d7e,GPU-4bbd88e7-091d-ac95-55f9-5ca8303266ae,GPU-7cf1752b-d8d5-19e1-0fbe-e61f48f0c944"
	   GpusMemory (MB)      :  3423                       
	   Memory (MB)          : 17199       65536     65536 

	Job terminated of its own accord at 2024-07-07T11:19:00Z.
...
