000 (174151.000.000) 2024-07-03 11:55:59 Job submitted from host: <131.227.81.127:9618?addrs=131.227.81.127-9618&alias=aisurrey-condor.surrey.ac.uk&noUDP&sock=schedd_1795_cc96>
...
040 (174151.000.000) 2024-07-03 11:56:01 Started transferring input files
	Transferring to host: <131.227.80.172:9618?addrs=131.227.80.172-9618&alias=aisurrey01.surrey.ac.uk&noUDP&sock=slot1_1_8919_fe04_4146>
...
040 (174151.000.000) 2024-07-03 11:56:01 Finished transferring input files
...
001 (174151.000.000) 2024-07-03 11:56:02 Job executing on host: <131.227.80.172:9618?addrs=131.227.80.172-9618&alias=aisurrey01.surrey.ac.uk&noUDP&sock=startd_8775_7fa4>
...
006 (174151.000.000) 2024-07-03 11:56:10 Image size of job updated: 17500
	138  -  MemoryUsage of job (MB)
	141864  -  ResidentSetSize of job (KB)
...
006 (174151.000.000) 2024-07-03 11:56:13 Image size of job updated: 17500
	3933  -  MemoryUsage of job (MB)
	4028276  -  ResidentSetSize of job (KB)
...
040 (174151.000.000) 2024-07-03 11:56:13 Started transferring output files
...
040 (174151.000.000) 2024-07-03 11:56:13 Finished transferring output files
...
005 (174151.000.000) 2024-07-03 11:56:14 Job terminated.
	(1) Normal termination (return value 0)
		Usr 0 00:00:06, Sys 0 00:00:02  -  Run Remote Usage
		Usr 0 00:00:00, Sys 0 00:00:00  -  Run Local Usage
		Usr 0 00:00:06, Sys 0 00:00:02  -  Total Remote Usage
		Usr 0 00:00:00, Sys 0 00:00:00  -  Total Local Usage
	0  -  Run Bytes Sent By Job
	16251163  -  Run Bytes Received By Job
	0  -  Total Bytes Sent By Job
	16251163  -  Total Bytes Received By Job
	Partitionable Resources :    Usage  Request Allocated Assigned
	   Cpus                 :     0.01        4         4 
	   Disk (KB)            : 15895       17500    246844 
	   Gpus (Average)       :     0           4         4 "GPU-36a655d1-c604-0db2-f8ee-bf0e0ad128fb,GPU-fe446e8b-007f-e048-cd1c-41ba266978c3,GPU-5868899d-1d9a-6d46-f057-90abf099adfd,GPU-551e2112-58c0-b44d-d64c-cdc1493acd1c"
	   GpusMemory (MB)      :   257                       
	   Memory (MB)          :  3933       65536     65536 

	Job terminated of its own accord at 2024-07-03T10:56:13Z.
...
