000 (174581.000.000) 2024-07-07 12:12:25 Job submitted from host: <131.227.81.127:9618?addrs=131.227.81.127-9618&alias=aisurrey-condor.surrey.ac.uk&noUDP&sock=schedd_1795_cc96>
...
040 (174581.000.000) 2024-07-07 12:12:25 Started transferring input files
	Transferring to host: <131.227.80.186:9618?addrs=131.227.80.186-9618&alias=aisurrey08.surrey.ac.uk&noUDP&sock=slot1_1_4745_081a_5858>
...
040 (174581.000.000) 2024-07-07 12:12:25 Finished transferring input files
...
001 (174581.000.000) 2024-07-07 12:12:26 Job executing on host: <131.227.80.186:9618?addrs=131.227.80.186-9618&alias=aisurrey08.surrey.ac.uk&noUDP&sock=startd_4605_39b7>
...
006 (174581.000.000) 2024-07-07 12:12:35 Image size of job updated: 17500
	157  -  MemoryUsage of job (MB)
	161552  -  ResidentSetSize of job (KB)
...
006 (174581.000.000) 2024-07-07 12:13:28 Image size of job updated: 28973
	28973  -  MemoryUsage of job (MB)
	29669296  -  ResidentSetSize of job (KB)
...
040 (174581.000.000) 2024-07-07 12:13:28 Started transferring output files
...
040 (174581.000.000) 2024-07-07 12:13:28 Finished transferring output files
...
005 (174581.000.000) 2024-07-07 12:13:28 Job terminated.
	(1) Normal termination (return value 0)
		Usr 0 00:00:01, Sys 0 00:00:00  -  Run Remote Usage
		Usr 0 00:00:00, Sys 0 00:00:00  -  Run Local Usage
		Usr 0 00:00:01, Sys 0 00:00:00  -  Total Remote Usage
		Usr 0 00:00:00, Sys 0 00:00:00  -  Total Local Usage
	0  -  Run Bytes Sent By Job
	16251032  -  Run Bytes Received By Job
	0  -  Total Bytes Sent By Job
	16251032  -  Total Bytes Received By Job
	Partitionable Resources :    Usage  Request Allocated Assigned
	   Cpus                 :     0.00        4         4 
	   Disk (KB)            : 15895       17500    246844 
	   Gpus (Average)       :     0.04        4         4 "GPU-b10e5e98-d533-35c0-c507-da5471772c00,GPU-9f1a4d93-a8ab-1e71-1a1d-5f679ccdd67d,GPU-2104b114-866d-845f-c10e-c21c0826c80c,GPU-649f9f98-2242-d13e-9375-d2ae9d76b2f2"
	   GpusMemory (MB)      :  3423                       
	   Memory (MB)          : 28973       65536     65536 

	Job terminated of its own accord at 2024-07-07T11:13:28Z.
...
