000 (174019.000.000) 2024-07-02 12:54:17 Job submitted from host: <131.227.81.127:9618?addrs=131.227.81.127-9618&alias=aisurrey-condor.surrey.ac.uk&noUDP&sock=schedd_1795_cc96>
...
040 (174019.000.000) 2024-07-02 12:54:17 Started transferring input files
	Transferring to host: <131.227.80.174:9618?addrs=131.227.80.174-9618&alias=aisurrey02.surrey.ac.uk&noUDP&sock=slot1_3_9029_7f48_2063>
...
040 (174019.000.000) 2024-07-02 12:54:18 Finished transferring input files
...
001 (174019.000.000) 2024-07-02 12:54:19 Job executing on host: <131.227.80.174:9618?addrs=131.227.80.174-9618&alias=aisurrey02.surrey.ac.uk&noUDP&sock=startd_8776_2f3c>
...
006 (174019.000.000) 2024-07-02 12:54:27 Image size of job updated: 17500
	419  -  MemoryUsage of job (MB)
	430036  -  ResidentSetSize of job (KB)
...
006 (174019.000.000) 2024-07-02 12:57:06 Image size of job updated: 31642
	31642  -  MemoryUsage of job (MB)
	32401648  -  ResidentSetSize of job (KB)
...
040 (174019.000.000) 2024-07-02 12:57:06 Started transferring output files
...
040 (174019.000.000) 2024-07-02 12:57:06 Finished transferring output files
...
005 (174019.000.000) 2024-07-02 12:57:08 Job terminated.
	(1) Normal termination (return value 0)
		Usr 0 00:00:01, Sys 0 00:00:00  -  Run Remote Usage
		Usr 0 00:00:00, Sys 0 00:00:00  -  Run Local Usage
		Usr 0 00:00:01, Sys 0 00:00:00  -  Total Remote Usage
		Usr 0 00:00:00, Sys 0 00:00:00  -  Total Local Usage
	0  -  Run Bytes Sent By Job
	16251091  -  Run Bytes Received By Job
	0  -  Total Bytes Sent By Job
	16251091  -  Total Bytes Received By Job
	Partitionable Resources :    Usage  Request Allocated Assigned
	   Cpus                 :     0.00        4         4 
	   Disk (KB)            : 15895       17500    246844 
	   Gpus (Average)       :     1.57        4         4 "GPU-64610121-158a-61b7-9590-6d8bf8c1803a,GPU-e05a0b02-df58-eb49-48df-ff7a193916eb,GPU-5f00503a-683e-5594-7d0c-169b3e8f2c01,GPU-0fe29e3a-7b07-5175-e521-14102e3dd9a0"
	   GpusMemory (MB)      : 10755                       
	   Memory (MB)          : 31642       65536     65536 

	Job terminated of its own accord at 2024-07-02T11:57:06Z.
...
