000 (174024.000.000) 2024-07-02 13:09:08 Job submitted from host: <131.227.81.127:9618?addrs=131.227.81.127-9618&alias=aisurrey-condor.surrey.ac.uk&noUDP&sock=schedd_1795_cc96>
...
040 (174024.000.000) 2024-07-02 13:09:08 Started transferring input files
	Transferring to host: <131.227.80.172:9618?addrs=131.227.80.172-9618&alias=aisurrey01.surrey.ac.uk&noUDP&sock=slot1_2_8919_fe04_3673>
...
040 (174024.000.000) 2024-07-02 13:09:08 Finished transferring input files
...
001 (174024.000.000) 2024-07-02 13:09:09 Job executing on host: <131.227.80.172:9618?addrs=131.227.80.172-9618&alias=aisurrey01.surrey.ac.uk&noUDP&sock=startd_8775_7fa4>
...
006 (174024.000.000) 2024-07-02 13:09:18 Image size of job updated: 17500
	421  -  MemoryUsage of job (MB)
	431268  -  ResidentSetSize of job (KB)
...
006 (174024.000.000) 2024-07-02 13:14:18 Image size of job updated: 24222
	24222  -  MemoryUsage of job (MB)
	24803760  -  ResidentSetSize of job (KB)
...
006 (174024.000.000) 2024-07-02 13:19:18 Image size of job updated: 24389
	24389  -  MemoryUsage of job (MB)
	24974412  -  ResidentSetSize of job (KB)
...
006 (174024.000.000) 2024-07-02 13:29:19 Image size of job updated: 24403
	24403  -  MemoryUsage of job (MB)
	24988984  -  ResidentSetSize of job (KB)
...
006 (174024.000.000) 2024-07-02 13:34:20 Image size of job updated: 24463
	24463  -  MemoryUsage of job (MB)
	25051128  -  ResidentSetSize of job (KB)
...
006 (174024.000.000) 2024-07-02 13:39:20 Image size of job updated: 24480
	24480  -  MemoryUsage of job (MB)
	25067572  -  ResidentSetSize of job (KB)
...
006 (174024.000.000) 2024-07-02 13:44:20 Image size of job updated: 24497
	24497  -  MemoryUsage of job (MB)
	25084952  -  ResidentSetSize of job (KB)
...
006 (174024.000.000) 2024-07-02 13:49:20 Image size of job updated: 24498
	24498  -  MemoryUsage of job (MB)
	25086088  -  ResidentSetSize of job (KB)
...
006 (174024.000.000) 2024-07-02 13:54:20 Image size of job updated: 24498
	24498  -  MemoryUsage of job (MB)
	25086296  -  ResidentSetSize of job (KB)
...
006 (174024.000.000) 2024-07-02 13:59:20 Image size of job updated: 24517
	24517  -  MemoryUsage of job (MB)
	25105724  -  ResidentSetSize of job (KB)
...
006 (174024.000.000) 2024-07-02 16:14:33 Image size of job updated: 30060
	30060  -  MemoryUsage of job (MB)
	30781920  -  ResidentSetSize of job (KB)
...
006 (174024.000.000) 2024-07-02 16:19:33 Image size of job updated: 30883
	30883  -  MemoryUsage of job (MB)
	31625016  -  ResidentSetSize of job (KB)
...
040 (174024.000.000) 2024-07-02 16:30:58 Started transferring output files
...
040 (174024.000.000) 2024-07-02 16:30:58 Finished transferring output files
...
005 (174024.000.000) 2024-07-02 16:30:58 Job terminated.
	(1) Normal termination (return value 0)
		Usr 0 15:08:21, Sys 0 03:38:36  -  Run Remote Usage
		Usr 0 00:00:00, Sys 0 00:00:00  -  Run Local Usage
		Usr 0 15:08:21, Sys 0 03:38:36  -  Total Remote Usage
		Usr 0 00:00:00, Sys 0 00:00:00  -  Total Local Usage
	0  -  Run Bytes Sent By Job
	16251091  -  Run Bytes Received By Job
	0  -  Total Bytes Sent By Job
	16251091  -  Total Bytes Received By Job
	Partitionable Resources :    Usage  Request Allocated Assigned
	   Cpus                 :     0.00        4         4 
	   Disk (KB)            : 15895       17500    246844 
	   Gpus (Average)       :     2.90        4         4 "GPU-fe446e8b-007f-e048-cd1c-41ba266978c3,GPU-5868899d-1d9a-6d46-f057-90abf099adfd,GPU-551e2112-58c0-b44d-d64c-cdc1493acd1c,GPU-0783041b-8bda-1df4-bc06-c65a4899c992"
	   GpusMemory (MB)      : 10757                       
	   Memory (MB)          : 30883       65536     65536 

	Job terminated of its own accord at 2024-07-02T15:30:57Z.
...
