000 (174020.000.000) 2024-07-02 12:59:38 Job submitted from host: <131.227.81.127:9618?addrs=131.227.81.127-9618&alias=aisurrey-condor.surrey.ac.uk&noUDP&sock=schedd_1795_cc96>
...
040 (174020.000.000) 2024-07-02 12:59:38 Started transferring input files
	Transferring to host: <131.227.80.174:9618?addrs=131.227.80.174-9618&alias=aisurrey02.surrey.ac.uk&noUDP&sock=slot1_3_9029_7f48_2066>
...
040 (174020.000.000) 2024-07-02 12:59:38 Finished transferring input files
...
001 (174020.000.000) 2024-07-02 12:59:39 Job executing on host: <131.227.80.174:9618?addrs=131.227.80.174-9618&alias=aisurrey02.surrey.ac.uk&noUDP&sock=startd_8776_2f3c>
...
006 (174020.000.000) 2024-07-02 12:59:49 Image size of job updated: 17500
	1918  -  MemoryUsage of job (MB)
	1964088  -  ResidentSetSize of job (KB)
...
006 (174020.000.000) 2024-07-02 13:04:49 Image size of job updated: 36240
	36240  -  MemoryUsage of job (MB)
	37110188  -  ResidentSetSize of job (KB)
...
006 (174020.000.000) 2024-07-02 13:12:53 Image size of job updated: 36706
	36706  -  MemoryUsage of job (MB)
	37587044  -  ResidentSetSize of job (KB)
...
004 (174020.000.000) 2024-07-02 13:12:55 Job was evicted.
	(0) CPU times
		Usr 0 01:01:47, Sys 0 00:10:33  -  Run Remote Usage
		Usr 0 00:00:00, Sys 0 00:00:00  -  Run Local Usage
	0  -  Run Bytes Sent By Job
	16251091  -  Run Bytes Received By Job
	Partitionable Resources :    Usage  Request Allocated Assigned
	   Cpus                 :     0.00        4         4 
	   Disk (KB)            : 15895       17500    246844 
	   Gpus (Average)       :     2.80        4         4 "GPU-64610121-158a-61b7-9590-6d8bf8c1803a,GPU-e05a0b02-df58-eb49-48df-ff7a193916eb,GPU-5f00503a-683e-5594-7d0c-169b3e8f2c01,GPU-0fe29e3a-7b07-5175-e521-14102e3dd9a0"
	   GpusMemory (MB)      : 10757                       
	   Memory (MB)          : 36706       65536     65536 
...
009 (174020.000.000) 2024-07-02 13:12:55 Job was aborted.
	via condor_rm (by user ae01116)
...
