000 (174144.000.000) 2024-07-03 11:43:32 Job submitted from host: <131.227.81.127:9618?addrs=131.227.81.127-9618&alias=aisurrey-condor.surrey.ac.uk&noUDP&sock=schedd_1795_cc96>
...
040 (174144.000.000) 2024-07-03 11:43:32 Started transferring input files
	Transferring to host: <131.227.80.176:9618?addrs=131.227.80.176-9618&alias=aisurrey03.surrey.ac.uk&noUDP&sock=slot1_1_8872_e062_4279>
...
040 (174144.000.000) 2024-07-03 11:43:33 Finished transferring input files
...
001 (174144.000.000) 2024-07-03 11:43:34 Job executing on host: <131.227.80.176:9618?addrs=131.227.80.176-9618&alias=aisurrey03.surrey.ac.uk&noUDP&sock=startd_8729_f249>
...
006 (174144.000.000) 2024-07-03 11:43:42 Image size of job updated: 17500
	143  -  MemoryUsage of job (MB)
	147208  -  ResidentSetSize of job (KB)
...
006 (174144.000.000) 2024-07-03 11:43:45 Image size of job updated: 17500
	3283  -  MemoryUsage of job (MB)
	3362384  -  ResidentSetSize of job (KB)
...
040 (174144.000.000) 2024-07-03 11:43:45 Started transferring output files
...
040 (174144.000.000) 2024-07-03 11:43:45 Finished transferring output files
...
005 (174144.000.000) 2024-07-03 11:43:45 Job terminated.
	(1) Normal termination (return value 0)
		Usr 0 00:00:12, Sys 0 00:00:02  -  Run Remote Usage
		Usr 0 00:00:00, Sys 0 00:00:00  -  Run Local Usage
		Usr 0 00:00:12, Sys 0 00:00:02  -  Total Remote Usage
		Usr 0 00:00:00, Sys 0 00:00:00  -  Total Local Usage
	0  -  Run Bytes Sent By Job
	16251163  -  Run Bytes Received By Job
	0  -  Total Bytes Sent By Job
	16251163  -  Total Bytes Received By Job
	Partitionable Resources :    Usage  Request Allocated Assigned
	   Cpus                 :     0.01        4         4 
	   Disk (KB)            : 15895       17500    246844 
	   Gpus (Average)       :     0.02        4         4 "GPU-2d0384f8-9b4f-de85-ae26-75080ed9ec3b,GPU-31de5537-fe1f-270d-fdc8-52bd2f1b6b93,GPU-3ba231bc-7a4a-5dc9-c910-8e94f695f3ab,GPU-dd31334a-8723-9dc2-a732-8fe6b9a71a51"
	   GpusMemory (MB)      :   257                       
	   Memory (MB)          :  3283       65536     65536 

	Job terminated of its own accord at 2024-07-03T10:43:45Z.
...
