000 (174584.000.000) 2024-07-07 12:20:25 Job submitted from host: <131.227.81.127:9618?addrs=131.227.81.127-9618&alias=aisurrey-condor.surrey.ac.uk&noUDP&sock=schedd_1795_cc96>
...
040 (174584.000.000) 2024-07-07 18:48:59 Started transferring input files
	Transferring to host: <131.227.80.132:9618?addrs=131.227.80.132-9618&alias=aisurrey17.surrey.ac.uk&noUDP&sock=slot1_3_4846_31fe_7010>
...
040 (174584.000.000) 2024-07-07 18:48:59 Finished transferring input files
...
001 (174584.000.000) 2024-07-07 18:49:00 Job executing on host: <131.227.80.132:9618?addrs=131.227.80.132-9618&alias=aisurrey17.surrey.ac.uk&noUDP&sock=startd_4708_dff8>
...
006 (174584.000.000) 2024-07-07 18:49:08 Image size of job updated: 17500
	361  -  MemoryUsage of job (MB)
	370152  -  ResidentSetSize of job (KB)
...
006 (174584.000.000) 2024-07-07 18:54:08 Image size of job updated: 20865
	20865  -  MemoryUsage of job (MB)
	21366320  -  ResidentSetSize of job (KB)
...
006 (174584.000.000) 2024-07-07 18:59:09 Image size of job updated: 21090
	21090  -  MemoryUsage of job (MB)
	21596964  -  ResidentSetSize of job (KB)
...
006 (174584.000.000) 2024-07-07 19:09:10 Image size of job updated: 21090
	21090  -  MemoryUsage of job (MB)
	21597172  -  ResidentSetSize of job (KB)
...
006 (174584.000.000) 2024-07-07 19:19:10 Image size of job updated: 21093
	21093  -  MemoryUsage of job (MB)
	21599368  -  ResidentSetSize of job (KB)
...
006 (174584.000.000) 2024-07-07 19:29:11 Image size of job updated: 21103
	21103  -  MemoryUsage of job (MB)
	21609844  -  ResidentSetSize of job (KB)
...
006 (174584.000.000) 2024-07-07 19:49:14 Image size of job updated: 21104
	21104  -  MemoryUsage of job (MB)
	21611328  -  ResidentSetSize of job (KB)
...
006 (174584.000.000) 2024-07-07 19:59:15 Image size of job updated: 21107
	21107  -  MemoryUsage of job (MB)
	21614000  -  ResidentSetSize of job (KB)
...
006 (174584.000.000) 2024-07-07 20:09:15 Image size of job updated: 21109
	21109  -  MemoryUsage of job (MB)
	21616496  -  ResidentSetSize of job (KB)
...
006 (174584.000.000) 2024-07-07 20:14:15 Image size of job updated: 21111
	21111  -  MemoryUsage of job (MB)
	21617912  -  ResidentSetSize of job (KB)
...
006 (174584.000.000) 2024-07-07 20:24:17 Image size of job updated: 21111
	21111  -  MemoryUsage of job (MB)
	21618052  -  ResidentSetSize of job (KB)
...
006 (174584.000.000) 2024-07-07 20:34:19 Image size of job updated: 21112
	21112  -  MemoryUsage of job (MB)
	21618752  -  ResidentSetSize of job (KB)
...
006 (174584.000.000) 2024-07-07 20:39:19 Image size of job updated: 21114
	21114  -  MemoryUsage of job (MB)
	21621488  -  ResidentSetSize of job (KB)
...
006 (174584.000.000) 2024-07-07 20:44:20 Image size of job updated: 21116
	21116  -  MemoryUsage of job (MB)
	21623764  -  ResidentSetSize of job (KB)
...
006 (174584.000.000) 2024-07-07 20:49:21 Image size of job updated: 21119
	21119  -  MemoryUsage of job (MB)
	21626876  -  ResidentSetSize of job (KB)
...
006 (174584.000.000) 2024-07-07 21:59:29 Image size of job updated: 23162
	23162  -  MemoryUsage of job (MB)
	23718124  -  ResidentSetSize of job (KB)
...
006 (174584.000.000) 2024-07-07 22:04:29 Image size of job updated: 23757
	23757  -  MemoryUsage of job (MB)
	24327568  -  ResidentSetSize of job (KB)
...
040 (174584.000.000) 2024-07-07 22:12:44 Started transferring output files
...
040 (174584.000.000) 2024-07-07 22:12:44 Finished transferring output files
...
005 (174584.000.000) 2024-07-07 22:12:44 Job terminated.
	(1) Normal termination (return value 0)
		Usr 0 11:27:49, Sys 0 03:41:40  -  Run Remote Usage
		Usr 0 00:00:00, Sys 0 00:00:00  -  Run Local Usage
		Usr 0 11:27:49, Sys 0 03:41:40  -  Total Remote Usage
		Usr 0 00:00:00, Sys 0 00:00:00  -  Total Local Usage
	0  -  Run Bytes Sent By Job
	16251032  -  Run Bytes Received By Job
	0  -  Total Bytes Sent By Job
	16251032  -  Total Bytes Received By Job
	Partitionable Resources :    Usage  Request Allocated Assigned
	   Cpus                 :     0.00        4         4 
	   Disk (KB)            : 15894       17500    652975 
	   Gpus (Average)       :     1.45        4         4 "CUDA2,CUDA3,CUDA4,CUDA6"
	   GpusMemory (MB)      :  5572                       
	   Memory (MB)          : 23757       65536     65536 

	Job terminated of its own accord at 2024-07-07T21:12:44Z.
...
