000 (174157.000.000) 2024-07-03 12:04:44 Job submitted from host: <131.227.81.127:9618?addrs=131.227.81.127-9618&alias=aisurrey-condor.surrey.ac.uk&noUDP&sock=schedd_1795_cc96>
...
040 (174157.000.000) 2024-07-03 12:04:45 Started transferring input files
	Transferring to host: <131.227.80.133:9618?addrs=131.227.80.133-9618&alias=aisurrey18.surrey.ac.uk&noUDP&sock=slot1_1_4726_a4f9_3467>
...
040 (174157.000.000) 2024-07-03 12:04:45 Finished transferring input files
...
001 (174157.000.000) 2024-07-03 12:04:46 Job executing on host: <131.227.80.133:9618?addrs=131.227.80.133-9618&alias=aisurrey18.surrey.ac.uk&noUDP&sock=startd_4589_4033>
...
006 (174157.000.000) 2024-07-03 12:04:54 Image size of job updated: 17500
	144  -  MemoryUsage of job (MB)
	147908  -  ResidentSetSize of job (KB)
...
006 (174157.000.000) 2024-07-03 12:09:54 Image size of job updated: 26783
	26783  -  MemoryUsage of job (MB)
	27426532  -  ResidentSetSize of job (KB)
...
006 (174157.000.000) 2024-07-03 12:14:55 Image size of job updated: 26827
	26827  -  MemoryUsage of job (MB)
	27470868  -  ResidentSetSize of job (KB)
...
006 (174157.000.000) 2024-07-03 12:19:56 Image size of job updated: 26857
	26857  -  MemoryUsage of job (MB)
	27501932  -  ResidentSetSize of job (KB)
...
006 (174157.000.000) 2024-07-03 12:24:56 Image size of job updated: 26871
	26871  -  MemoryUsage of job (MB)
	27516352  -  ResidentSetSize of job (KB)
...
006 (174157.000.000) 2024-07-03 15:35:17 Image size of job updated: 32461
	32461  -  MemoryUsage of job (MB)
	33240408  -  ResidentSetSize of job (KB)
...
006 (174157.000.000) 2024-07-03 15:40:18 Image size of job updated: 32841
	32841  -  MemoryUsage of job (MB)
	33629392  -  ResidentSetSize of job (KB)
...
006 (174157.000.000) 2024-07-03 15:45:19 Image size of job updated: 33058
	33058  -  MemoryUsage of job (MB)
	33852132  -  ResidentSetSize of job (KB)
...
040 (174157.000.000) 2024-07-03 15:52:50 Started transferring output files
...
040 (174157.000.000) 2024-07-03 15:52:50 Finished transferring output files
...
005 (174157.000.000) 2024-07-03 15:52:50 Job terminated.
	(1) Normal termination (return value 0)
		Usr 0 16:13:53, Sys 0 04:14:03  -  Run Remote Usage
		Usr 0 00:00:00, Sys 0 00:00:00  -  Run Local Usage
		Usr 0 16:13:53, Sys 0 04:14:03  -  Total Remote Usage
		Usr 0 00:00:00, Sys 0 00:00:00  -  Total Local Usage
	0  -  Run Bytes Sent By Job
	16251243  -  Run Bytes Received By Job
	0  -  Total Bytes Sent By Job
	16251243  -  Total Bytes Received By Job
	Partitionable Resources :    Usage  Request Allocated Assigned
	   Cpus                 :     0.00        4         4 
	   Disk (KB)            : 15894       17500    652975 
	   Gpus (Average)       :     2.11        4         4 "CUDA0,CUDA1,CUDA4,CUDA5"
	   GpusMemory (MB)      : 11540                       
	   Memory (MB)          : 33058       65536     65536 

	Job terminated of its own accord at 2024-07-03T14:52:50Z.
...
