000 (174394.000.000) 2024-07-05 14:46:30 Job submitted from host: <131.227.81.127:9618?addrs=131.227.81.127-9618&alias=aisurrey-condor.surrey.ac.uk&noUDP&sock=schedd_1795_cc96>
...
040 (174394.000.000) 2024-07-05 14:46:36 Started transferring input files
	Transferring to host: <131.227.80.126:9618?addrs=131.227.80.126-9618&alias=aisurrey14.surrey.ac.uk&noUDP&sock=slot1_4_4748_253a_4962>
...
040 (174394.000.000) 2024-07-05 14:46:36 Finished transferring input files
...
001 (174394.000.000) 2024-07-05 14:46:37 Job executing on host: <131.227.80.126:9618?addrs=131.227.80.126-9618&alias=aisurrey14.surrey.ac.uk&noUDP&sock=startd_4608_487f>
...
006 (174394.000.000) 2024-07-05 14:46:46 Image size of job updated: 17500
	449  -  MemoryUsage of job (MB)
	460384  -  ResidentSetSize of job (KB)
...
006 (174394.000.000) 2024-07-05 14:46:52 Image size of job updated: 17500
	2159  -  MemoryUsage of job (MB)
	2211496  -  ResidentSetSize of job (KB)
...
040 (174394.000.000) 2024-07-05 14:46:52 Started transferring output files
...
040 (174394.000.000) 2024-07-05 14:46:52 Finished transferring output files
...
005 (174394.000.000) 2024-07-05 14:46:52 Job terminated.
	(1) Normal termination (return value 0)
		Usr 0 00:00:01, Sys 0 00:00:01  -  Run Remote Usage
		Usr 0 00:00:00, Sys 0 00:00:00  -  Run Local Usage
		Usr 0 00:00:01, Sys 0 00:00:01  -  Total Remote Usage
		Usr 0 00:00:00, Sys 0 00:00:00  -  Total Local Usage
	0  -  Run Bytes Sent By Job
	16251326  -  Run Bytes Received By Job
	0  -  Total Bytes Sent By Job
	16251326  -  Total Bytes Received By Job
	Partitionable Resources :    Usage  Request Allocated Assigned
	   Cpus                 :     0.02        4         4 
	   Disk (KB)            : 15894       17500    652975 
	   Gpus (Average)       :     0           4         4 "CUDA3,CUDA4,CUDA5,CUDA6"
	   GpusMemory (MB)      :   323                       
	   Memory (MB)          :  2159       65536     65536 

	Job terminated of its own accord at 2024-07-05T13:46:52Z.
...
