000 (174397.000.000) 2024-07-05 14:52:08 Job submitted from host: <131.227.81.127:9618?addrs=131.227.81.127-9618&alias=aisurrey-condor.surrey.ac.uk&noUDP&sock=schedd_1795_cc96>
...
040 (174397.000.000) 2024-07-05 14:52:08 Started transferring input files
	Transferring to host: <131.227.80.126:9618?addrs=131.227.80.126-9618&alias=aisurrey14.surrey.ac.uk&noUDP&sock=slot1_3_4748_253a_4966>
...
040 (174397.000.000) 2024-07-05 14:52:08 Finished transferring input files
...
001 (174397.000.000) 2024-07-05 14:52:09 Job executing on host: <131.227.80.126:9618?addrs=131.227.80.126-9618&alias=aisurrey14.surrey.ac.uk&noUDP&sock=startd_4608_487f>
...
006 (174397.000.000) 2024-07-05 14:52:18 Image size of job updated: 17500
	2152  -  MemoryUsage of job (MB)
	2203868  -  ResidentSetSize of job (KB)
...
006 (174397.000.000) 2024-07-05 14:57:18 Image size of job updated: 35795
	35795  -  MemoryUsage of job (MB)
	36654912  -  ResidentSetSize of job (KB)
...
006 (174397.000.000) 2024-07-05 15:02:18 Image size of job updated: 35841
	35841  -  MemoryUsage of job (MB)
	36701876  -  ResidentSetSize of job (KB)
...
004 (174397.000.000) 2024-07-05 15:03:31 Job was evicted.
	(0) CPU times
		Usr 0 00:48:48, Sys 0 00:11:44  -  Run Remote Usage
		Usr 0 00:00:00, Sys 0 00:00:00  -  Run Local Usage
	0  -  Run Bytes Sent By Job
	16251326  -  Run Bytes Received By Job
	Partitionable Resources :    Usage  Request Allocated Assigned
	   Cpus                 :     0.00        4         4 
	   Disk (KB)            : 15894       17500    652975 
	   Gpus (Average)       :     2.43        4         4 "CUDA0,CUDA3,CUDA4,CUDA5"
	   GpusMemory (MB)      : 19878                       
	   Memory (MB)          : 35841       65536     65536 
...
009 (174397.000.000) 2024-07-05 15:03:31 Job was aborted.
	via condor_rm (by user ae01116)
...
