000 (174212.000.000) 2024-07-03 17:03:32 Job submitted from host: <131.227.81.127:9618?addrs=131.227.81.127-9618&alias=aisurrey-condor.surrey.ac.uk&noUDP&sock=schedd_1795_cc96>
...
040 (174212.000.000) 2024-07-03 17:54:03 Started transferring input files
	Transferring to host: <131.227.80.132:9618?addrs=131.227.80.132-9618&alias=aisurrey17.surrey.ac.uk&noUDP&sock=slot1_2_4846_31fe_5013>
...
040 (174212.000.000) 2024-07-03 17:54:03 Finished transferring input files
...
001 (174212.000.000) 2024-07-03 17:54:04 Job executing on host: <131.227.80.132:9618?addrs=131.227.80.132-9618&alias=aisurrey17.surrey.ac.uk&noUDP&sock=startd_4708_dff8>
...
006 (174212.000.000) 2024-07-03 17:54:13 Image size of job updated: 17500
	194  -  MemoryUsage of job (MB)
	199544  -  ResidentSetSize of job (KB)
...
006 (174212.000.000) 2024-07-03 17:59:14 Image size of job updated: 35257
	35257  -  MemoryUsage of job (MB)
	36103600  -  ResidentSetSize of job (KB)
...
006 (174212.000.000) 2024-07-03 18:04:14 Image size of job updated: 35591
	35591  -  MemoryUsage of job (MB)
	36446008  -  ResidentSetSize of job (KB)
...
006 (174212.000.000) 2024-07-03 18:09:15 Image size of job updated: 35678
	35678  -  MemoryUsage of job (MB)
	36534336  -  ResidentSetSize of job (KB)
...
006 (174212.000.000) 2024-07-03 18:14:15 Image size of job updated: 35691
	35691  -  MemoryUsage of job (MB)
	36548012  -  ResidentSetSize of job (KB)
...
006 (174212.000.000) 2024-07-03 18:24:16 Image size of job updated: 35734
	35734  -  MemoryUsage of job (MB)
	36591684  -  ResidentSetSize of job (KB)
...
006 (174212.000.000) 2024-07-03 18:44:19 Image size of job updated: 35777
	35777  -  MemoryUsage of job (MB)
	36636264  -  ResidentSetSize of job (KB)
...
006 (174212.000.000) 2024-07-03 22:29:40 Image size of job updated: 50150
	50150  -  MemoryUsage of job (MB)
	51354184  -  ResidentSetSize of job (KB)
...
006 (174212.000.000) 2024-07-03 22:34:40 Image size of job updated: 51457
	51457  -  MemoryUsage of job (MB)
	52692072  -  ResidentSetSize of job (KB)
...
006 (174212.000.000) 2024-07-03 22:44:42 Image size of job updated: 52146
	52146  -  MemoryUsage of job (MB)
	53397932  -  ResidentSetSize of job (KB)
...
040 (174212.000.000) 2024-07-03 22:48:43 Started transferring output files
...
040 (174212.000.000) 2024-07-03 22:48:43 Finished transferring output files
...
005 (174212.000.000) 2024-07-03 22:48:43 Job terminated.
	(1) Normal termination (return value 0)
		Usr 0 23:52:48, Sys 0 06:07:57  -  Run Remote Usage
		Usr 0 00:00:00, Sys 0 00:00:00  -  Run Local Usage
		Usr 0 23:52:48, Sys 0 06:07:57  -  Total Remote Usage
		Usr 0 00:00:00, Sys 0 00:00:00  -  Total Local Usage
	0  -  Run Bytes Sent By Job
	16251243  -  Run Bytes Received By Job
	0  -  Total Bytes Sent By Job
	16251243  -  Total Bytes Received By Job
	Partitionable Resources :    Usage  Request Allocated Assigned
	   Cpus                 :     0.00        4         4 
	   Disk (KB)            : 15894       17500    652975 
	   Gpus (Average)       :     2.57        4         4 "CUDA2,CUDA3,CUDA4,CUDA5"
	   GpusMemory (MB)      : 19834                       
	   Memory (MB)          : 52146       65536     65536 

	Job terminated of its own accord at 2024-07-03T21:48:43Z.
...
