000 (175297.000.000) 2024-07-11 17:12:04 Job submitted from host: <131.227.81.127:9618?addrs=131.227.81.127-9618&alias=aisurrey-condor.surrey.ac.uk&noUDP&sock=schedd_1795_cc96>
...
040 (175297.000.000) 2024-07-11 17:12:05 Started transferring input files
	Transferring to host: <131.227.80.172:9618?addrs=131.227.80.172-9618&alias=aisurrey01.surrey.ac.uk&noUDP&sock=slot1_1_8919_fe04_8357>
...
040 (175297.000.000) 2024-07-11 17:12:05 Finished transferring input files
...
001 (175297.000.000) 2024-07-11 17:12:06 Job executing on host: <131.227.80.172:9618?addrs=131.227.80.172-9618&alias=aisurrey01.surrey.ac.uk&noUDP&sock=startd_8775_7fa4>
...
006 (175297.000.000) 2024-07-11 17:12:15 Image size of job updated: 17500
	148  -  MemoryUsage of job (MB)
	151688  -  ResidentSetSize of job (KB)
...
006 (175297.000.000) 2024-07-11 17:13:07 Image size of job updated: 29208
	29208  -  MemoryUsage of job (MB)
	29909620  -  ResidentSetSize of job (KB)
...
040 (175297.000.000) 2024-07-11 17:13:07 Started transferring output files
...
040 (175297.000.000) 2024-07-11 17:13:07 Finished transferring output files
...
005 (175297.000.000) 2024-07-11 17:13:08 Job terminated.
	(1) Normal termination (return value 0)
		Usr 0 00:03:45, Sys 0 00:01:04  -  Run Remote Usage
		Usr 0 00:00:00, Sys 0 00:00:00  -  Run Local Usage
		Usr 0 00:03:45, Sys 0 00:01:04  -  Total Remote Usage
		Usr 0 00:00:00, Sys 0 00:00:00  -  Total Local Usage
	0  -  Run Bytes Sent By Job
	16251119  -  Run Bytes Received By Job
	0  -  Total Bytes Sent By Job
	16251119  -  Total Bytes Received By Job
	Partitionable Resources :    Usage  Request Allocated Assigned
	   Cpus                 :     0           4         4 
	   Disk (KB)            : 15895       17500    246844 
	   Gpus (Average)       :     0.03        4         4 "GPU-36a655d1-c604-0db2-f8ee-bf0e0ad128fb,GPU-fe446e8b-007f-e048-cd1c-41ba266978c3,GPU-5868899d-1d9a-6d46-f057-90abf099adfd,GPU-551e2112-58c0-b44d-d64c-cdc1493acd1c"
	   GpusMemory (MB)      :  3293                       
	   Memory (MB)          : 29208       65536     65536 

	Job terminated of its own accord at 2024-07-11T16:13:07Z.
...
