000 (175271.000.000) 2024-07-11 15:56:38 Job submitted from host: <131.227.81.127:9618?addrs=131.227.81.127-9618&alias=aisurrey-condor.surrey.ac.uk&noUDP&sock=schedd_1795_cc96>
...
040 (175271.000.000) 2024-07-11 15:56:38 Started transferring input files
	Transferring to host: <131.227.80.174:9618?addrs=131.227.80.174-9618&alias=aisurrey02.surrey.ac.uk&noUDP&sock=slot1_2_9029_7f48_6757>
...
040 (175271.000.000) 2024-07-11 15:56:39 Finished transferring input files
...
001 (175271.000.000) 2024-07-11 15:56:40 Job executing on host: <131.227.80.174:9618?addrs=131.227.80.174-9618&alias=aisurrey02.surrey.ac.uk&noUDP&sock=startd_8776_2f3c>
...
006 (175271.000.000) 2024-07-11 15:56:48 Image size of job updated: 17500
	135  -  MemoryUsage of job (MB)
	138656  -  ResidentSetSize of job (KB)
...
006 (175271.000.000) 2024-07-11 15:57:11 Image size of job updated: 17500
	17287  -  MemoryUsage of job (MB)
	17702460  -  ResidentSetSize of job (KB)
...
040 (175271.000.000) 2024-07-11 15:57:11 Started transferring output files
...
040 (175271.000.000) 2024-07-11 15:57:11 Finished transferring output files
...
005 (175271.000.000) 2024-07-11 15:57:12 Job terminated.
	(1) Normal termination (return value 0)
		Usr 0 00:01:13, Sys 0 00:00:21  -  Run Remote Usage
		Usr 0 00:00:00, Sys 0 00:00:00  -  Run Local Usage
		Usr 0 00:01:13, Sys 0 00:00:21  -  Total Remote Usage
		Usr 0 00:00:00, Sys 0 00:00:00  -  Total Local Usage
	0  -  Run Bytes Sent By Job
	16251119  -  Run Bytes Received By Job
	0  -  Total Bytes Sent By Job
	16251119  -  Total Bytes Received By Job
	Partitionable Resources :    Usage  Request Allocated Assigned
	   Cpus                 :     0.00        4         4 
	   Disk (KB)            : 15895       17500    246844 
	   Gpus (Average)       :     0.07        4         4 "GPU-fc9f17ec-4847-1804-06a3-ff9a3f79ac7f,GPU-64610121-158a-61b7-9590-6d8bf8c1803a,GPU-e05a0b02-df58-eb49-48df-ff7a193916eb,GPU-5f00503a-683e-5594-7d0c-169b3e8f2c01"
	   GpusMemory (MB)      :  3385                       
	   Memory (MB)          : 17287       65536     65536 

	Job terminated of its own accord at 2024-07-11T14:57:11Z.
...
