000 (175300.000.000) 2024-07-11 17:15:12 Job submitted from host: <131.227.81.127:9618?addrs=131.227.81.127-9618&alias=aisurrey-condor.surrey.ac.uk&noUDP&sock=schedd_1795_cc96>
...
040 (175300.000.000) 2024-07-11 17:15:13 Started transferring input files
	Transferring to host: <131.227.80.172:9618?addrs=131.227.80.172-9618&alias=aisurrey01.surrey.ac.uk&noUDP&sock=slot1_1_8919_fe04_8360>
...
040 (175300.000.000) 2024-07-11 17:15:13 Finished transferring input files
...
001 (175300.000.000) 2024-07-11 17:15:14 Job executing on host: <131.227.80.172:9618?addrs=131.227.80.172-9618&alias=aisurrey01.surrey.ac.uk&noUDP&sock=startd_8775_7fa4>
...
006 (175300.000.000) 2024-07-11 17:15:23 Image size of job updated: 17500
	2160  -  MemoryUsage of job (MB)
	2211992  -  ResidentSetSize of job (KB)
...
006 (175300.000.000) 2024-07-11 17:20:23 Image size of job updated: 19374
	19374  -  MemoryUsage of job (MB)
	19839268  -  ResidentSetSize of job (KB)
...
006 (175300.000.000) 2024-07-11 17:25:24 Image size of job updated: 19386
	19386  -  MemoryUsage of job (MB)
	19851776  -  ResidentSetSize of job (KB)
...
004 (175300.000.000) 2024-07-11 17:26:29 Job was evicted.
	(0) CPU times
		Usr 0 00:35:32, Sys 0 00:14:57  -  Run Remote Usage
		Usr 0 00:00:00, Sys 0 00:00:00  -  Run Local Usage
	0  -  Run Bytes Sent By Job
	16251119  -  Run Bytes Received By Job
	Partitionable Resources :    Usage  Request Allocated Assigned
	   Cpus                 :     0           4         4 
	   Disk (KB)            : 15895       17500    246844 
	   Gpus (Average)       :     1.26        4         4 "GPU-36a655d1-c604-0db2-f8ee-bf0e0ad128fb,GPU-fe446e8b-007f-e048-cd1c-41ba266978c3,GPU-5868899d-1d9a-6d46-f057-90abf099adfd,GPU-551e2112-58c0-b44d-d64c-cdc1493acd1c"
	   GpusMemory (MB)      :  4905                       
	   Memory (MB)          : 19386       65536     65536 
...
009 (175300.000.000) 2024-07-11 17:26:29 Job was aborted.
	via condor_rm (by user ae01116)
...
