000 (175273.000.000) 2024-07-11 15:58:29 Job submitted from host: <131.227.81.127:9618?addrs=131.227.81.127-9618&alias=aisurrey-condor.surrey.ac.uk&noUDP&sock=schedd_1795_cc96>
...
040 (175273.000.000) 2024-07-11 15:58:29 Started transferring input files
	Transferring to host: <131.227.80.174:9618?addrs=131.227.80.174-9618&alias=aisurrey02.surrey.ac.uk&noUDP&sock=slot1_2_9029_7f48_6758>
...
040 (175273.000.000) 2024-07-11 15:58:30 Finished transferring input files
...
001 (175273.000.000) 2024-07-11 15:58:31 Job executing on host: <131.227.80.174:9618?addrs=131.227.80.174-9618&alias=aisurrey02.surrey.ac.uk&noUDP&sock=startd_8776_2f3c>
...
006 (175273.000.000) 2024-07-11 15:58:39 Image size of job updated: 17500
	370  -  MemoryUsage of job (MB)
	379268  -  ResidentSetSize of job (KB)
...
006 (175273.000.000) 2024-07-11 15:59:01 Image size of job updated: 17500
	16304  -  MemoryUsage of job (MB)
	16695444  -  ResidentSetSize of job (KB)
...
040 (175273.000.000) 2024-07-11 15:59:01 Started transferring output files
...
040 (175273.000.000) 2024-07-11 15:59:01 Finished transferring output files
...
005 (175273.000.000) 2024-07-11 15:59:03 Job terminated.
	(1) Normal termination (return value 0)
		Usr 0 00:01:29, Sys 0 00:00:20  -  Run Remote Usage
		Usr 0 00:00:00, Sys 0 00:00:00  -  Run Local Usage
		Usr 0 00:01:29, Sys 0 00:00:20  -  Total Remote Usage
		Usr 0 00:00:00, Sys 0 00:00:00  -  Total Local Usage
	0  -  Run Bytes Sent By Job
	16251119  -  Run Bytes Received By Job
	0  -  Total Bytes Sent By Job
	16251119  -  Total Bytes Received By Job
	Partitionable Resources :    Usage  Request Allocated Assigned
	   Cpus                 :     0.00        4         4 
	   Disk (KB)            : 15895       17500    246844 
	   Gpus (Average)       :     0.07        4         4 "GPU-fc9f17ec-4847-1804-06a3-ff9a3f79ac7f,GPU-64610121-158a-61b7-9590-6d8bf8c1803a,GPU-e05a0b02-df58-eb49-48df-ff7a193916eb,GPU-5f00503a-683e-5594-7d0c-169b3e8f2c01"
	   GpusMemory (MB)      :  3385                       
	   Memory (MB)          : 16304       65536     65536 

	Job terminated of its own accord at 2024-07-11T14:59:01Z.
...
