000 (175302.000.000) 2024-07-11 17:16:40 Job submitted from host: <131.227.81.127:9618?addrs=131.227.81.127-9618&alias=aisurrey-condor.surrey.ac.uk&noUDP&sock=schedd_1795_cc96>
...
040 (175302.000.000) 2024-07-11 22:58:34 Started transferring input files
	Transferring to host: <131.227.80.156:9618?addrs=131.227.80.156-9618&alias=aisurrey12.surrey.ac.uk&noUDP&sock=slot1_1_8364_f1cd_9309>
...
040 (175302.000.000) 2024-07-11 22:58:34 Finished transferring input files
...
001 (175302.000.000) 2024-07-11 22:58:35 Job executing on host: <131.227.80.156:9618?addrs=131.227.80.156-9618&alias=aisurrey12.surrey.ac.uk&noUDP&sock=startd_8217_c1cb>
...
006 (175302.000.000) 2024-07-11 22:58:44 Image size of job updated: 17500
	151  -  MemoryUsage of job (MB)
	154696  -  ResidentSetSize of job (KB)
...
006 (175302.000.000) 2024-07-11 23:03:45 Image size of job updated: 34706
	34706  -  MemoryUsage of job (MB)
	35539364  -  ResidentSetSize of job (KB)
...
006 (175302.000.000) 2024-07-11 23:08:46 Image size of job updated: 35758
	35758  -  MemoryUsage of job (MB)
	36617020  -  ResidentSetSize of job (KB)
...
006 (175302.000.000) 2024-07-11 23:18:47 Image size of job updated: 35946
	35946  -  MemoryUsage of job (MB)
	36809676  -  ResidentSetSize of job (KB)
...
006 (175302.000.000) 2024-07-11 23:23:47 Image size of job updated: 35982
	35982  -  MemoryUsage of job (MB)
	36846364  -  ResidentSetSize of job (KB)
...
006 (175302.000.000) 2024-07-11 23:28:48 Image size of job updated: 36000
	36000  -  MemoryUsage of job (MB)
	36864480  -  ResidentSetSize of job (KB)
...
006 (175302.000.000) 2024-07-11 23:33:49 Image size of job updated: 36002
	36002  -  MemoryUsage of job (MB)
	36866140  -  ResidentSetSize of job (KB)
...
006 (175302.000.000) 2024-07-11 23:43:51 Image size of job updated: 36014
	36014  -  MemoryUsage of job (MB)
	36879352  -  ResidentSetSize of job (KB)
...
006 (175302.000.000) 2024-07-11 23:48:52 Image size of job updated: 36036
	36036  -  MemoryUsage of job (MB)
	36900976  -  ResidentSetSize of job (KB)
...
006 (175302.000.000) 2024-07-11 23:58:52 Image size of job updated: 36063
	36063  -  MemoryUsage of job (MB)
	36929248  -  ResidentSetSize of job (KB)
...
006 (175302.000.000) 2024-07-12 03:14:13 Image size of job updated: 48109
	48109  -  MemoryUsage of job (MB)
	49264000  -  ResidentSetSize of job (KB)
...
006 (175302.000.000) 2024-07-12 03:19:13 Image size of job updated: 48708
	48708  -  MemoryUsage of job (MB)
	49877244  -  ResidentSetSize of job (KB)
...
006 (175302.000.000) 2024-07-12 03:24:13 Image size of job updated: 49496
	49496  -  MemoryUsage of job (MB)
	50684596  -  ResidentSetSize of job (KB)
...
040 (175302.000.000) 2024-07-12 03:33:34 Started transferring output files
...
040 (175302.000.000) 2024-07-12 03:33:34 Finished transferring output files
...
005 (175302.000.000) 2024-07-12 03:33:34 Job terminated.
	(1) Normal termination (return value 0)
		Usr 0 22:34:07, Sys 0 05:51:10  -  Run Remote Usage
		Usr 0 00:00:00, Sys 0 00:00:00  -  Run Local Usage
		Usr 0 22:34:07, Sys 0 05:51:10  -  Total Remote Usage
		Usr 0 00:00:00, Sys 0 00:00:00  -  Total Local Usage
	0  -  Run Bytes Sent By Job
	16251119  -  Run Bytes Received By Job
	0  -  Total Bytes Sent By Job
	16251119  -  Total Bytes Received By Job
	Partitionable Resources :    Usage  Request Allocated Assigned
	   Cpus                 :     0.00        4         4 
	   Disk (KB)            : 15894       17500    652975 
	   Gpus (Average)       :     0           4         4 "CUDA0,CUDA1,CUDA2,CUDA3"
	   GpusMemory (MB)      : 19906                       
	   Memory (MB)          : 49496       65536     65536 

	Job terminated of its own accord at 2024-07-12T02:33:34Z.
...
