000 (175222.000.000) 2024-07-11 14:19:04 Job submitted from host: <131.227.81.127:9618?addrs=131.227.81.127-9618&alias=aisurrey-condor.surrey.ac.uk&noUDP&sock=schedd_1795_cc96>
...
040 (175222.000.000) 2024-07-11 14:19:14 Started transferring input files
	Transferring to host: <131.227.80.180:9618?addrs=131.227.80.180-9618&alias=aisurrey05.surrey.ac.uk&noUDP&sock=slot1_1_4777_941b_7936>
...
040 (175222.000.000) 2024-07-11 14:19:15 Finished transferring input files
...
001 (175222.000.000) 2024-07-11 14:19:16 Job executing on host: <131.227.80.180:9618?addrs=131.227.80.180-9618&alias=aisurrey05.surrey.ac.uk&noUDP&sock=startd_4637_2cbe>
...
006 (175222.000.000) 2024-07-11 14:19:24 Image size of job updated: 17500
	193  -  MemoryUsage of job (MB)
	198036  -  ResidentSetSize of job (KB)
...
006 (175222.000.000) 2024-07-11 14:19:41 Image size of job updated: 17500
	17262  -  MemoryUsage of job (MB)
	17676544  -  ResidentSetSize of job (KB)
...
040 (175222.000.000) 2024-07-11 14:19:41 Started transferring output files
...
040 (175222.000.000) 2024-07-11 14:19:41 Finished transferring output files
...
005 (175222.000.000) 2024-07-11 14:19:41 Job terminated.
	(1) Normal termination (return value 0)
		Usr 0 00:00:57, Sys 0 00:00:18  -  Run Remote Usage
		Usr 0 00:00:00, Sys 0 00:00:00  -  Run Local Usage
		Usr 0 00:00:57, Sys 0 00:00:18  -  Total Remote Usage
		Usr 0 00:00:00, Sys 0 00:00:00  -  Total Local Usage
	0  -  Run Bytes Sent By Job
	16251119  -  Run Bytes Received By Job
	0  -  Total Bytes Sent By Job
	16251119  -  Total Bytes Received By Job
	Partitionable Resources :    Usage  Request Allocated Assigned
	   Cpus                 :     0.01        4         4 
	   Disk (KB)            : 15895       17500    246844 
	   Gpus (Average)       :     0.09        4         4 "GPU-4c0e07af-34f9-c133-1852-19a006e806fc,GPU-a100ace2-2694-3aa2-55ef-ae3a446ea6bf,GPU-1e0cfc12-9972-1d70-d20d-b6b7b3347417,GPU-8b29988f-da65-72fe-d7a9-2f038be7242f"
	   GpusMemory (MB)      :  3347                       
	   Memory (MB)          : 17262       65536     65536 

	Job terminated of its own accord at 2024-07-11T13:19:41Z.
...
