000 (175276.000.000) 2024-07-11 16:01:15 Job submitted from host: <131.227.81.127:9618?addrs=131.227.81.127-9618&alias=aisurrey-condor.surrey.ac.uk&noUDP&sock=schedd_1795_cc96>
...
040 (175276.000.000) 2024-07-11 16:01:29 Started transferring input files
	Transferring to host: <131.227.80.174:9618?addrs=131.227.80.174-9618&alias=aisurrey02.surrey.ac.uk&noUDP&sock=slot1_2_9029_7f48_6760>
...
040 (175276.000.000) 2024-07-11 16:01:29 Finished transferring input files
...
001 (175276.000.000) 2024-07-11 16:01:30 Job executing on host: <131.227.80.174:9618?addrs=131.227.80.174-9618&alias=aisurrey02.surrey.ac.uk&noUDP&sock=startd_8776_2f3c>
...
006 (175276.000.000) 2024-07-11 16:01:39 Image size of job updated: 17500
	1924  -  MemoryUsage of job (MB)
	1970928  -  ResidentSetSize of job (KB)
...
006 (175276.000.000) 2024-07-11 16:06:40 Image size of job updated: 19233
	19233  -  MemoryUsage of job (MB)
	19694832  -  ResidentSetSize of job (KB)
...
006 (175276.000.000) 2024-07-11 16:11:41 Image size of job updated: 19250
	19250  -  MemoryUsage of job (MB)
	19712788  -  ResidentSetSize of job (KB)
...
004 (175276.000.000) 2024-07-11 16:13:25 Job was evicted.
	(0) CPU times
		Usr 0 00:40:10, Sys 0 00:14:00  -  Run Remote Usage
		Usr 0 00:00:00, Sys 0 00:00:00  -  Run Local Usage
	0  -  Run Bytes Sent By Job
	16251119  -  Run Bytes Received By Job
	Partitionable Resources :    Usage  Request Allocated Assigned
	   Cpus                 :     0.00        4         4 
	   Disk (KB)            : 15895       17500    246844 
	   Gpus (Average)       :     1.32        4         4 "GPU-fc9f17ec-4847-1804-06a3-ff9a3f79ac7f,GPU-64610121-158a-61b7-9590-6d8bf8c1803a,GPU-e05a0b02-df58-eb49-48df-ff7a193916eb,GPU-5f00503a-683e-5594-7d0c-169b3e8f2c01"
	   GpusMemory (MB)      :  4807                       
	   Memory (MB)          : 19250       65536     65536 
...
