000 (175267.000.000) 2024-07-11 15:52:36 Job submitted from host: <131.227.81.127:9618?addrs=131.227.81.127-9618&alias=aisurrey-condor.surrey.ac.uk&noUDP&sock=schedd_1795_cc96>
...
040 (175267.000.000) 2024-07-11 15:52:36 Started transferring input files
	Transferring to host: <131.227.80.186:9618?addrs=131.227.80.186-9618&alias=aisurrey08.surrey.ac.uk&noUDP&sock=slot1_4_4745_081a_7932>
...
040 (175267.000.000) 2024-07-11 15:52:36 Finished transferring input files
...
001 (175267.000.000) 2024-07-11 15:52:37 Job executing on host: <131.227.80.186:9618?addrs=131.227.80.186-9618&alias=aisurrey08.surrey.ac.uk&noUDP&sock=startd_4605_39b7>
...
006 (175267.000.000) 2024-07-11 15:52:46 Image size of job updated: 17500
	841  -  MemoryUsage of job (MB)
	862076  -  ResidentSetSize of job (KB)
...
006 (175267.000.000) 2024-07-11 15:52:52 Image size of job updated: 17500
	2166  -  MemoryUsage of job (MB)
	2218736  -  ResidentSetSize of job (KB)
...
040 (175267.000.000) 2024-07-11 15:52:52 Started transferring output files
...
040 (175267.000.000) 2024-07-11 15:52:52 Finished transferring output files
...
005 (175267.000.000) 2024-07-11 15:52:52 Job terminated.
	(1) Normal termination (return value 0)
		Usr 0 00:00:02, Sys 0 00:00:02  -  Run Remote Usage
		Usr 0 00:00:00, Sys 0 00:00:00  -  Run Local Usage
		Usr 0 00:00:02, Sys 0 00:00:02  -  Total Remote Usage
		Usr 0 00:00:00, Sys 0 00:00:00  -  Total Local Usage
	0  -  Run Bytes Sent By Job
	16251119  -  Run Bytes Received By Job
	0  -  Total Bytes Sent By Job
	16251119  -  Total Bytes Received By Job
	Partitionable Resources :    Usage  Request Allocated Assigned
	   Cpus                 :     0.01        4         4 
	   Disk (KB)            : 15895       17500    246844 
	   Gpus (Average)       :     0           4         4 "GPU-9f1a4d93-a8ab-1e71-1a1d-5f679ccdd67d,GPU-f779f17c-a1cb-91aa-033e-48468d1fcbcf,GPU-2104b114-866d-845f-c10e-c21c0826c80c,GPU-649f9f98-2242-d13e-9375-d2ae9d76b2f2"
	   GpusMemory (MB)      :   257                       
	   Memory (MB)          :  2166       65536     65536 

	Job terminated of its own accord at 2024-07-11T14:52:52Z.
...
