000 (176632.000.000) 2024-07-21 12:34:40 Job submitted from host: <131.227.81.127:9618?addrs=131.227.81.127-9618&alias=aisurrey-condor.surrey.ac.uk&noUDP&sock=schedd_1795_cc96>
...
040 (176632.000.000) 2024-07-21 12:34:41 Started transferring input files
	Transferring to host: <131.227.80.127:9618?addrs=131.227.80.127-9618&alias=aisurrey15.surrey.ac.uk&noUDP&sock=slot1_4_5217_992d_3077>
...
040 (176632.000.000) 2024-07-21 12:34:41 Finished transferring input files
...
001 (176632.000.000) 2024-07-21 12:34:42 Job executing on host: <131.227.80.127:9618?addrs=131.227.80.127-9618&alias=aisurrey15.surrey.ac.uk&noUDP&sock=startd_5078_aa02>
...
006 (176632.000.000) 2024-07-21 12:34:52 Image size of job updated: 17500
	2123  -  MemoryUsage of job (MB)
	2174852  -  ResidentSetSize of job (KB)
...
006 (176632.000.000) 2024-07-21 12:36:23 Image size of job updated: 20531
	20531  -  MemoryUsage of job (MB)
	21024376  -  ResidentSetSize of job (KB)
...
040 (176632.000.000) 2024-07-21 12:36:23 Started transferring output files
...
040 (176632.000.000) 2024-07-21 12:36:23 Finished transferring output files
...
005 (176632.000.000) 2024-07-21 12:36:24 Job terminated.
	(1) Normal termination (return value 0)
		Usr 0 00:00:17, Sys 0 00:00:06  -  Run Remote Usage
		Usr 0 00:00:00, Sys 0 00:00:00  -  Run Local Usage
		Usr 0 00:00:17, Sys 0 00:00:06  -  Total Remote Usage
		Usr 0 00:00:00, Sys 0 00:00:00  -  Total Local Usage
	0  -  Run Bytes Sent By Job
	16251198  -  Run Bytes Received By Job
	0  -  Total Bytes Sent By Job
	16251198  -  Total Bytes Received By Job
	Partitionable Resources :    Usage  Request Allocated Assigned
	   Cpus                 :     0.00        4         4 
	   Disk (KB)            : 15894       17500    652975 
	   Gpus (Average)       :     0.02        4         4 "CUDA4,CUDA5,CUDA6,CUDA7"
	   GpusMemory (MB)      :   323                       
	   Memory (MB)          : 20531       65536     65536 

	Job terminated of its own accord at 2024-07-21T11:36:23Z.
...
