000 (176629.000.000) 2024-07-21 12:26:40 Job submitted from host: <131.227.81.127:9618?addrs=131.227.81.127-9618&alias=aisurrey-condor.surrey.ac.uk&noUDP&sock=schedd_1795_cc96>
...
040 (176629.000.000) 2024-07-21 12:26:40 Started transferring input files
	Transferring to host: <131.227.80.127:9618?addrs=131.227.80.127-9618&alias=aisurrey15.surrey.ac.uk&noUDP&sock=slot1_4_5217_992d_3073>
...
040 (176629.000.000) 2024-07-21 12:26:40 Finished transferring input files
...
001 (176629.000.000) 2024-07-21 12:26:41 Job executing on host: <131.227.80.127:9618?addrs=131.227.80.127-9618&alias=aisurrey15.surrey.ac.uk&noUDP&sock=startd_5078_aa02>
...
006 (176629.000.000) 2024-07-21 12:26:50 Image size of job updated: 17500
	438  -  MemoryUsage of job (MB)
	449024  -  ResidentSetSize of job (KB)
...
006 (176629.000.000) 2024-07-21 12:28:48 Image size of job updated: 18100
	18100  -  MemoryUsage of job (MB)
	18534908  -  ResidentSetSize of job (KB)
...
004 (176629.000.000) 2024-07-21 12:28:50 Job was evicted.
	(0) CPU times
		Usr 0 00:00:01, Sys 0 00:00:01  -  Run Remote Usage
		Usr 0 00:00:00, Sys 0 00:00:00  -  Run Local Usage
	0  -  Run Bytes Sent By Job
	16251198  -  Run Bytes Received By Job
	Partitionable Resources :    Usage  Request Allocated Assigned
	   Cpus                 :     0.00        4         4 
	   Disk (KB)            : 15894       17500    652975 
	   Gpus (Average)       :     0.02        4         4 "CUDA4,CUDA5,CUDA6,CUDA7"
	   GpusMemory (MB)      :   323                       
	   Memory (MB)          : 18100       65536     65536 
...
009 (176629.000.000) 2024-07-21 12:28:50 Job was aborted.
	via condor_rm (by user ae01116)
...
