000 (176625.000.000) 2024-07-21 12:05:23 Job submitted from host: <131.227.81.127:9618?addrs=131.227.81.127-9618&alias=aisurrey-condor.surrey.ac.uk&noUDP&sock=schedd_1795_cc96>
...
040 (176625.000.000) 2024-07-21 12:05:24 Started transferring input files
	Transferring to host: <131.227.80.188:9618?addrs=131.227.80.188-9618&alias=aisurrey09.surrey.ac.uk&noUDP&sock=slot1_1_4713_7c19_12730>
...
040 (176625.000.000) 2024-07-21 12:05:24 Finished transferring input files
...
001 (176625.000.000) 2024-07-21 12:05:25 Job executing on host: <131.227.80.188:9618?addrs=131.227.80.188-9618&alias=aisurrey09.surrey.ac.uk&noUDP&sock=startd_4574_f647>
...
006 (176625.000.000) 2024-07-21 12:05:33 Image size of job updated: 17500
	148  -  MemoryUsage of job (MB)
	151572  -  ResidentSetSize of job (KB)
...
006 (176625.000.000) 2024-07-21 12:07:11 Image size of job updated: 17500
	17251  -  MemoryUsage of job (MB)
	17665484  -  ResidentSetSize of job (KB)
...
040 (176625.000.000) 2024-07-21 12:07:11 Started transferring output files
...
040 (176625.000.000) 2024-07-21 12:07:11 Finished transferring output files
...
005 (176625.000.000) 2024-07-21 12:07:11 Job terminated.
	(1) Normal termination (return value 0)
		Usr 0 00:04:00, Sys 0 00:01:05  -  Run Remote Usage
		Usr 0 00:00:00, Sys 0 00:00:00  -  Run Local Usage
		Usr 0 00:04:00, Sys 0 00:01:05  -  Total Remote Usage
		Usr 0 00:00:00, Sys 0 00:00:00  -  Total Local Usage
	0  -  Run Bytes Sent By Job
	16251198  -  Run Bytes Received By Job
	0  -  Total Bytes Sent By Job
	16251198  -  Total Bytes Received By Job
	Partitionable Resources :    Usage  Request Allocated Assigned
	   Cpus                 :     0.00        4         4 
	   Disk (KB)            : 15895       17500    246844 
	   Gpus (Average)       :     0.01        4         4 "GPU-8ea7f420-6c54-e277-c504-0725b1b2102b,GPU-a2707a0f-8abf-8d0c-e1f5-565fd2e12ede,GPU-412dc69b-f4ff-2989-1f2a-1039af8e2d34,GPU-12c3b11e-5d99-1d28-076a-858d1dbb1aa6"
	   GpusMemory (MB)      :   257                       
	   Memory (MB)          : 17251       65536     65536 

	Job terminated of its own accord at 2024-07-21T11:07:11Z.
...
