000 (177938.000.000) 2024-07-28 15:01:55 Job submitted from host: <131.227.81.127:9618?addrs=131.227.81.127-9618&alias=aisurrey-condor.surrey.ac.uk&noUDP&sock=schedd_1795_cc96>
...
040 (177938.000.000) 2024-07-28 15:01:56 Started transferring input files
	Transferring to host: <131.227.80.128:9618?addrs=131.227.80.128-9618&alias=aisurrey16.surrey.ac.uk&noUDP&sock=slot1_5_5283_19f0_6797>
...
040 (177938.000.000) 2024-07-28 15:01:56 Finished transferring input files
...
001 (177938.000.000) 2024-07-28 15:01:57 Job executing on host: <131.227.80.128:9618?addrs=131.227.80.128-9618&alias=aisurrey16.surrey.ac.uk&noUDP&sock=startd_5143_3faa>
...
006 (177938.000.000) 2024-07-28 15:02:07 Image size of job updated: 17500
	500  -  MemoryUsage of job (MB)
	512824  -  ResidentSetSize of job (KB)
...
006 (177938.000.000) 2024-07-28 15:03:23 Image size of job updated: 17733
	17733  -  MemoryUsage of job (MB)
	18159504  -  ResidentSetSize of job (KB)
...
040 (177938.000.000) 2024-07-28 15:03:23 Started transferring output files
...
040 (177938.000.000) 2024-07-28 15:03:23 Finished transferring output files
...
005 (177938.000.000) 2024-07-28 15:03:23 Job terminated.
	(1) Normal termination (return value 0)
		Usr 0 00:00:05, Sys 0 00:00:02  -  Run Remote Usage
		Usr 0 00:00:00, Sys 0 00:00:00  -  Run Local Usage
		Usr 0 00:00:05, Sys 0 00:00:02  -  Total Remote Usage
		Usr 0 00:00:00, Sys 0 00:00:00  -  Total Local Usage
	0  -  Run Bytes Sent By Job
	16251893  -  Run Bytes Received By Job
	0  -  Total Bytes Sent By Job
	16251893  -  Total Bytes Received By Job
	Partitionable Resources :    Usage  Request Allocated Assigned
	   Cpus                 :     0.00        4         4 
	   Disk (KB)            : 16245       17500    652975 
	   Gpus (Average)       :     0.05        4         4 "CUDA2,CUDA5,CUDA6,CUDA7"
	   GpusMemory (MB)      :   323                       
	   Memory (MB)          : 17733       65536     65536 

	Job terminated of its own accord at 2024-07-28T14:03:23Z.
...
