000 (177905.000.000) 2024-07-28 13:37:57 Job submitted from host: <131.227.81.127:9618?addrs=131.227.81.127-9618&alias=aisurrey-condor.surrey.ac.uk&noUDP&sock=schedd_1795_cc96>
...
040 (177905.000.000) 2024-07-28 13:37:57 Started transferring input files
	Transferring to host: <131.227.80.188:9618?addrs=131.227.80.188-9618&alias=aisurrey09.surrey.ac.uk&noUDP&sock=slot1_1_4713_7c19_16392>
...
040 (177905.000.000) 2024-07-28 13:37:57 Finished transferring input files
...
001 (177905.000.000) 2024-07-28 13:37:58 Job executing on host: <131.227.80.188:9618?addrs=131.227.80.188-9618&alias=aisurrey09.surrey.ac.uk&noUDP&sock=startd_4574_f647>
...
006 (177905.000.000) 2024-07-28 13:38:07 Image size of job updated: 17500
	255  -  MemoryUsage of job (MB)
	261904  -  ResidentSetSize of job (KB)
...
006 (177905.000.000) 2024-07-28 13:38:14 Image size of job updated: 17500
	2069  -  MemoryUsage of job (MB)
	2118696  -  ResidentSetSize of job (KB)
...
040 (177905.000.000) 2024-07-28 13:38:14 Started transferring output files
...
040 (177905.000.000) 2024-07-28 13:38:14 Finished transferring output files
...
005 (177905.000.000) 2024-07-28 13:38:14 Job terminated.
	(1) Normal termination (return value 0)
		Usr 0 00:00:01, Sys 0 00:00:00  -  Run Remote Usage
		Usr 0 00:00:00, Sys 0 00:00:00  -  Run Local Usage
		Usr 0 00:00:01, Sys 0 00:00:00  -  Total Remote Usage
		Usr 0 00:00:00, Sys 0 00:00:00  -  Total Local Usage
	0  -  Run Bytes Sent By Job
	16251199  -  Run Bytes Received By Job
	0  -  Total Bytes Sent By Job
	16251199  -  Total Bytes Received By Job
	Partitionable Resources :    Usage  Request Allocated Assigned
	   Cpus                 :     0.02        4         4 
	   Disk (KB)            : 15895       17500    246844 
	   Gpus (Average)       :     0           4         4 "GPU-8ea7f420-6c54-e277-c504-0725b1b2102b,GPU-a2707a0f-8abf-8d0c-e1f5-565fd2e12ede,GPU-412dc69b-f4ff-2989-1f2a-1039af8e2d34,GPU-12c3b11e-5d99-1d28-076a-858d1dbb1aa6"
	   GpusMemory (MB)      :   257                       
	   Memory (MB)          :  2069       65536     65536 

	Job terminated of its own accord at 2024-07-28T12:38:14Z.
...
