000 (177931.000.000) 2024-07-28 14:25:08 Job submitted from host: <131.227.81.127:9618?addrs=131.227.81.127-9618&alias=aisurrey-condor.surrey.ac.uk&noUDP&sock=schedd_1795_cc96>
...
040 (177931.000.000) 2024-07-28 14:25:09 Started transferring input files
	Transferring to host: <131.227.80.180:9618?addrs=131.227.80.180-9618&alias=aisurrey05.surrey.ac.uk&noUDP&sock=slot1_1_4777_941b_16447>
...
040 (177931.000.000) 2024-07-28 14:25:09 Finished transferring input files
...
001 (177931.000.000) 2024-07-28 14:25:10 Job executing on host: <131.227.80.180:9618?addrs=131.227.80.180-9618&alias=aisurrey05.surrey.ac.uk&noUDP&sock=startd_4637_2cbe>
...
006 (177931.000.000) 2024-07-28 14:25:18 Image size of job updated: 17500
	317  -  MemoryUsage of job (MB)
	325432  -  ResidentSetSize of job (KB)
...
006 (177931.000.000) 2024-07-28 14:30:19 Image size of job updated: 19388
	19388  -  MemoryUsage of job (MB)
	19853516  -  ResidentSetSize of job (KB)
...
006 (177931.000.000) 2024-07-28 14:35:20 Image size of job updated: 19403
	19403  -  MemoryUsage of job (MB)
	19868716  -  ResidentSetSize of job (KB)
...
004 (177931.000.000) 2024-07-28 14:36:23 Job was evicted.
	(0) CPU times
		Usr 0 00:34:28, Sys 0 00:11:29  -  Run Remote Usage
		Usr 0 00:00:00, Sys 0 00:00:00  -  Run Local Usage
	0  -  Run Bytes Sent By Job
	16251406  -  Run Bytes Received By Job
	Partitionable Resources :    Usage  Request Allocated Assigned
	   Cpus                 :     0.00        4         4 
	   Disk (KB)            : 15895       17500    246844 
	   Gpus (Average)       :     1.44        4         4 "GPU-4c0e07af-34f9-c133-1852-19a006e806fc,GPU-a100ace2-2694-3aa2-55ef-ae3a446ea6bf,GPU-1e0cfc12-9972-1d70-d20d-b6b7b3347417,GPU-8b29988f-da65-72fe-d7a9-2f038be7242f"
	   GpusMemory (MB)      :  4905                       
	   Memory (MB)          : 19403       65536     65536 
...
009 (177931.000.000) 2024-07-28 14:36:23 Job was aborted.
	via condor_rm (by user ae01116)
...
