000 (177937.000.000) 2024-07-28 14:57:02 Job submitted from host: <131.227.81.127:9618?addrs=131.227.81.127-9618&alias=aisurrey-condor.surrey.ac.uk&noUDP&sock=schedd_1795_cc96>
...
040 (177937.000.000) 2024-07-28 14:57:02 Started transferring input files
	Transferring to host: <131.227.80.174:9618?addrs=131.227.80.174-9618&alias=aisurrey02.surrey.ac.uk&noUDP&sock=slot1_1_9029_7f48_16462>
...
040 (177937.000.000) 2024-07-28 14:57:03 Finished transferring input files
...
001 (177937.000.000) 2024-07-28 14:57:04 Job executing on host: <131.227.80.174:9618?addrs=131.227.80.174-9618&alias=aisurrey02.surrey.ac.uk&noUDP&sock=startd_8776_2f3c>
...
006 (177937.000.000) 2024-07-28 14:57:13 Image size of job updated: 17500
	356  -  MemoryUsage of job (MB)
	365440  -  ResidentSetSize of job (KB)
...
006 (177937.000.000) 2024-07-28 14:58:45 Image size of job updated: 17500
	11133  -  MemoryUsage of job (MB)
	11400308  -  ResidentSetSize of job (KB)
...
040 (177937.000.000) 2024-07-28 14:58:45 Started transferring output files
...
040 (177937.000.000) 2024-07-28 14:58:45 Finished transferring output files
...
005 (177937.000.000) 2024-07-28 14:58:46 Job terminated.
	(1) Normal termination (return value 0)
		Usr 0 00:00:01, Sys 0 00:00:00  -  Run Remote Usage
		Usr 0 00:00:00, Sys 0 00:00:00  -  Run Local Usage
		Usr 0 00:00:01, Sys 0 00:00:00  -  Total Remote Usage
		Usr 0 00:00:00, Sys 0 00:00:00  -  Total Local Usage
	0  -  Run Bytes Sent By Job
	16251893  -  Run Bytes Received By Job
	0  -  Total Bytes Sent By Job
	16251893  -  Total Bytes Received By Job
	Partitionable Resources :    Usage  Request Allocated Assigned
	   Cpus                 :     0.00        4         4 
	   Disk (KB)            : 16157       17500    246844 
	   Gpus (Average)       :     0.01        4         4 "GPU-d1f548cd-f042-2574-f668-c031c7999519,GPU-fc9f17ec-4847-1804-06a3-ff9a3f79ac7f,GPU-64610121-158a-61b7-9590-6d8bf8c1803a,GPU-e05a0b02-df58-eb49-48df-ff7a193916eb"
	   GpusMemory (MB)      :   257                       
	   Memory (MB)          : 11133       65536     65536 

	Job terminated of its own accord at 2024-07-28T13:58:45Z.
...
