000 (177934.000.000) 2024-07-28 14:50:54 Job submitted from host: <131.227.81.127:9618?addrs=131.227.81.127-9618&alias=aisurrey-condor.surrey.ac.uk&noUDP&sock=schedd_1795_cc96>
...
040 (177934.000.000) 2024-07-28 14:50:58 Started transferring input files
	Transferring to host: <131.227.80.178:9618?addrs=131.227.80.178-9618&alias=aisurrey04.surrey.ac.uk&noUDP&sock=slot1_1_4735_fc5a_17374>
...
040 (177934.000.000) 2024-07-28 14:50:59 Finished transferring input files
...
001 (177934.000.000) 2024-07-28 14:51:00 Job executing on host: <131.227.80.178:9618?addrs=131.227.80.178-9618&alias=aisurrey04.surrey.ac.uk&noUDP&sock=startd_4596_0d5c>
...
006 (177934.000.000) 2024-07-28 14:51:05 Image size of job updated: 17500
	137  -  MemoryUsage of job (MB)
	140932  -  ResidentSetSize of job (KB)
...
040 (177934.000.000) 2024-07-28 14:51:05 Started transferring output files
...
040 (177934.000.000) 2024-07-28 14:51:05 Finished transferring output files
...
005 (177934.000.000) 2024-07-28 14:51:05 Job terminated.
	(1) Normal termination (return value 0)
		Usr 0 00:00:01, Sys 0 00:00:00  -  Run Remote Usage
		Usr 0 00:00:00, Sys 0 00:00:00  -  Run Local Usage
		Usr 0 00:00:01, Sys 0 00:00:00  -  Total Remote Usage
		Usr 0 00:00:00, Sys 0 00:00:00  -  Total Local Usage
	0  -  Run Bytes Sent By Job
	16252030  -  Run Bytes Received By Job
	0  -  Total Bytes Sent By Job
	16252030  -  Total Bytes Received By Job
	Partitionable Resources :    Usage  Request Allocated Assigned
	   Cpus                 :        0        4         4 
	   Disk (KB)            :    15896    17500    246844 
	   Gpus (Average)       :                 4         4 "GPU-ec4eb180-2293-1d4a-97fd-626bac3b365a,GPU-d2653cd8-a463-d9a0-7f19-0bef04198056,GPU-527420aa-a74e-837e-7287-5667a662e5ff,GPU-4b7e85e4-70b8-d123-b08e-7177a348840c"
	   Memory (MB)          :      137    65536     65536 

	Job terminated of its own accord at 2024-07-28T13:51:05Z.
...
