000 (177679.000.000) 2024-07-26 17:23:10 Job submitted from host: <131.227.81.127:9618?addrs=131.227.81.127-9618&alias=aisurrey-condor.surrey.ac.uk&noUDP&sock=schedd_1795_cc96>
...
040 (177679.000.000) 2024-07-26 23:33:56 Started transferring input files
	Transferring to host: <131.227.80.190:9618?addrs=131.227.80.190-9618&alias=aisurrey10.surrey.ac.uk&noUDP&sock=slot1_1_4821_949d_15571>
...
040 (177679.000.000) 2024-07-26 23:33:57 Finished transferring input files
...
001 (177679.000.000) 2024-07-26 23:33:58 Job executing on host: <131.227.80.190:9618?addrs=131.227.80.190-9618&alias=aisurrey10.surrey.ac.uk&noUDP&sock=startd_4682_0a81>
...
006 (177679.000.000) 2024-07-26 23:34:06 Image size of job updated: 17500
	147  -  MemoryUsage of job (MB)
	151380  -  ResidentSetSize of job (KB)
...
006 (177679.000.000) 2024-07-26 23:34:14 Image size of job updated: 17500
	2081  -  MemoryUsage of job (MB)
	2131892  -  ResidentSetSize of job (KB)
...
040 (177679.000.000) 2024-07-26 23:34:14 Started transferring output files
...
040 (177679.000.000) 2024-07-26 23:34:14 Finished transferring output files
...
005 (177679.000.000) 2024-07-26 23:34:14 Job terminated.
	(1) Normal termination (return value 0)
		Usr 0 00:00:01, Sys 0 00:00:00  -  Run Remote Usage
		Usr 0 00:00:00, Sys 0 00:00:00  -  Run Local Usage
		Usr 0 00:00:01, Sys 0 00:00:00  -  Total Remote Usage
		Usr 0 00:00:00, Sys 0 00:00:00  -  Total Local Usage
	0  -  Run Bytes Sent By Job
	16251196  -  Run Bytes Received By Job
	0  -  Total Bytes Sent By Job
	16251196  -  Total Bytes Received By Job
	Partitionable Resources :    Usage  Request Allocated Assigned
	   Cpus                 :     0.02        4         4 
	   Disk (KB)            : 15895       17500    246844 
	   Gpus (Average)       :     0           4         4 "GPU-85c653d0-d85f-963d-5950-363499bbb660,GPU-1afec2e8-d3aa-c772-f762-bcfbceee2109,GPU-1ca663a6-28a2-1723-51c0-4367e1cef787,GPU-837210c5-fc4c-1d71-44af-89eaf40409fe"
	   GpusMemory (MB)      :   257                       
	   Memory (MB)          :  2081       65536     65536 

	Job terminated of its own accord at 2024-07-26T22:34:14Z.
...
