000 (177933.000.000) 2024-07-28 14:47:38 Job submitted from host: <131.227.81.127:9618?addrs=131.227.81.127-9618&alias=aisurrey-condor.surrey.ac.uk&noUDP&sock=schedd_1795_cc96>
...
040 (177933.000.000) 2024-07-28 14:47:38 Started transferring input files
	Transferring to host: <131.227.80.190:9618?addrs=131.227.80.190-9618&alias=aisurrey10.surrey.ac.uk&noUDP&sock=slot1_1_4821_949d_16369>
...
040 (177933.000.000) 2024-07-28 14:47:39 Finished transferring input files
...
001 (177933.000.000) 2024-07-28 14:47:40 Job executing on host: <131.227.80.190:9618?addrs=131.227.80.190-9618&alias=aisurrey10.surrey.ac.uk&noUDP&sock=startd_4682_0a81>
...
006 (177933.000.000) 2024-07-28 14:47:48 Image size of job updated: 17500
	183  -  MemoryUsage of job (MB)
	188332  -  ResidentSetSize of job (KB)
...
006 (177933.000.000) 2024-07-28 14:49:01 Image size of job updated: 17500
	2598  -  MemoryUsage of job (MB)
	2660804  -  ResidentSetSize of job (KB)
...
040 (177933.000.000) 2024-07-28 14:49:01 Started transferring output files
...
040 (177933.000.000) 2024-07-28 14:49:01 Finished transferring output files
...
005 (177933.000.000) 2024-07-28 14:49:01 Job terminated.
	(1) Normal termination (return value 0)
		Usr 0 00:00:01, Sys 0 00:00:00  -  Run Remote Usage
		Usr 0 00:00:00, Sys 0 00:00:00  -  Run Local Usage
		Usr 0 00:00:01, Sys 0 00:00:00  -  Total Remote Usage
		Usr 0 00:00:00, Sys 0 00:00:00  -  Total Local Usage
	0  -  Run Bytes Sent By Job
	16252091  -  Run Bytes Received By Job
	0  -  Total Bytes Sent By Job
	16252091  -  Total Bytes Received By Job
	Partitionable Resources :    Usage  Request Allocated Assigned
	   Cpus                 :     0.00        4         4 
	   Disk (KB)            : 16207       17500    246844 
	   Gpus (Average)       :     0.00        4         4 "GPU-85c653d0-d85f-963d-5950-363499bbb660,GPU-1afec2e8-d3aa-c772-f762-bcfbceee2109,GPU-1ca663a6-28a2-1723-51c0-4367e1cef787,GPU-837210c5-fc4c-1d71-44af-89eaf40409fe"
	   GpusMemory (MB)      :   257                       
	   Memory (MB)          :  2598       65536     65536 

	Job terminated of its own accord at 2024-07-28T13:49:01Z.
...
