000 (178687.000.000) 2024-08-01 13:42:38 Job submitted from host: <131.227.81.127:9618?addrs=131.227.81.127-9618&alias=aisurrey-condor.surrey.ac.uk&noUDP&sock=schedd_1795_cc96>
...
040 (178687.000.000) 2024-08-01 13:42:51 Started transferring input files
	Transferring to host: <131.227.80.154:9618?addrs=131.227.80.154-9618&alias=aisurrey11.surrey.ac.uk&noUDP&sock=slot1_1_8568_ae55_34396>
...
040 (178687.000.000) 2024-08-01 13:42:51 Finished transferring input files
...
001 (178687.000.000) 2024-08-01 13:42:52 Job executing on host: <131.227.80.154:9618?addrs=131.227.80.154-9618&alias=aisurrey11.surrey.ac.uk&noUDP&sock=startd_8426_1d16>
...
006 (178687.000.000) 2024-08-01 13:43:01 Image size of job updated: 17500
	257  -  MemoryUsage of job (MB)
	263468  -  ResidentSetSize of job (KB)
...
006 (178687.000.000) 2024-08-01 13:44:43 Image size of job updated: 17500
	6368  -  MemoryUsage of job (MB)
	6521108  -  ResidentSetSize of job (KB)
...
040 (178687.000.000) 2024-08-01 13:44:43 Started transferring output files
...
040 (178687.000.000) 2024-08-01 13:44:44 Finished transferring output files
...
005 (178687.000.000) 2024-08-01 13:44:44 Job terminated.
	(1) Normal termination (return value 0)
		Usr 0 00:00:01, Sys 0 00:00:00  -  Run Remote Usage
		Usr 0 00:00:00, Sys 0 00:00:00  -  Run Local Usage
		Usr 0 00:00:01, Sys 0 00:00:00  -  Total Remote Usage
		Usr 0 00:00:00, Sys 0 00:00:00  -  Total Local Usage
	6082  -  Run Bytes Sent By Job
	16252046  -  Run Bytes Received By Job
	6082  -  Total Bytes Sent By Job
	16252046  -  Total Bytes Received By Job
	Partitionable Resources :    Usage  Request Allocated Assigned
	   Cpus                 :     0.00        4         4 
	   Disk (KB)            : 16070       17500    652975 
	   Gpus (Average)       :     0.00        4         4 "CUDA0,CUDA1,CUDA2,CUDA4"
	   GpusMemory (MB)      :   323                       
	   Memory (MB)          :  6368       65536     65536 

	Job terminated of its own accord at 2024-08-01T12:44:43Z.
...
