000 (178880.000.000) 2024-08-02 08:46:48 Job submitted from host: <131.227.81.127:9618?addrs=131.227.81.127-9618&alias=aisurrey-condor.surrey.ac.uk&noUDP&sock=schedd_1795_cc96>
...
040 (178880.000.000) 2024-08-02 08:46:48 Started transferring input files
	Transferring to host: <131.227.80.174:9618?addrs=131.227.80.174-9618&alias=aisurrey02.surrey.ac.uk&noUDP&sock=slot1_2_9029_7f48_18939>
...
040 (178880.000.000) 2024-08-02 08:46:48 Finished transferring input files
...
001 (178880.000.000) 2024-08-02 08:46:49 Job executing on host: <131.227.80.174:9618?addrs=131.227.80.174-9618&alias=aisurrey02.surrey.ac.uk&noUDP&sock=startd_8776_2f3c>
...
006 (178880.000.000) 2024-08-02 08:46:58 Image size of job updated: 17500
	142  -  MemoryUsage of job (MB)
	146428  -  ResidentSetSize of job (KB)
...
006 (178880.000.000) 2024-08-02 08:49:09 Image size of job updated: 17500
	5259  -  MemoryUsage of job (MB)
	5385436  -  ResidentSetSize of job (KB)
...
040 (178880.000.000) 2024-08-02 08:49:09 Started transferring output files
...
040 (178880.000.000) 2024-08-02 08:49:09 Finished transferring output files
...
005 (178880.000.000) 2024-08-02 08:49:11 Job terminated.
	(1) Normal termination (return value 0)
		Usr 0 00:06:56, Sys 0 00:01:14  -  Run Remote Usage
		Usr 0 00:00:00, Sys 0 00:00:00  -  Run Local Usage
		Usr 0 00:06:56, Sys 0 00:01:14  -  Total Remote Usage
		Usr 0 00:00:00, Sys 0 00:00:00  -  Total Local Usage
	6082  -  Run Bytes Sent By Job
	16252046  -  Run Bytes Received By Job
	6082  -  Total Bytes Sent By Job
	16252046  -  Total Bytes Received By Job
	Partitionable Resources :    Usage  Request Allocated Assigned
	   Cpus                 :     0.00        4         4 
	   Disk (KB)            : 16157       17500    246844 
	   Gpus (Average)       :     0.00        4         4 "GPU-fc9f17ec-4847-1804-06a3-ff9a3f79ac7f,GPU-64610121-158a-61b7-9590-6d8bf8c1803a,GPU-e05a0b02-df58-eb49-48df-ff7a193916eb,GPU-5f00503a-683e-5594-7d0c-169b3e8f2c01"
	   GpusMemory (MB)      :   257                       
	   Memory (MB)          :  5259       65536     65536 

	Job terminated of its own accord at 2024-08-02T07:49:09Z.
...
