000 (178877.000.000) 2024-08-02 08:28:13 Job submitted from host: <131.227.81.127:9618?addrs=131.227.81.127-9618&alias=aisurrey-condor.surrey.ac.uk&noUDP&sock=schedd_1795_cc96>
...
040 (178877.000.000) 2024-08-02 08:28:14 Started transferring input files
	Transferring to host: <131.227.80.154:9618?addrs=131.227.80.154-9618&alias=aisurrey11.surrey.ac.uk&noUDP&sock=slot1_1_8568_ae55_34783>
...
040 (178877.000.000) 2024-08-02 08:28:14 Finished transferring input files
...
001 (178877.000.000) 2024-08-02 08:28:15 Job executing on host: <131.227.80.154:9618?addrs=131.227.80.154-9618&alias=aisurrey11.surrey.ac.uk&noUDP&sock=startd_8426_1d16>
...
006 (178877.000.000) 2024-08-02 08:28:23 Image size of job updated: 17500
	264  -  MemoryUsage of job (MB)
	270976  -  ResidentSetSize of job (KB)
...
006 (178877.000.000) 2024-08-02 08:30:05 Image size of job updated: 17500
	5931  -  MemoryUsage of job (MB)
	6074220  -  ResidentSetSize of job (KB)
...
040 (178877.000.000) 2024-08-02 08:30:05 Started transferring output files
...
040 (178877.000.000) 2024-08-02 08:30:05 Finished transferring output files
...
005 (178877.000.000) 2024-08-02 08:30:05 Job terminated.
	(1) Normal termination (return value 0)
		Usr 0 00:05:16, Sys 0 00:01:02  -  Run Remote Usage
		Usr 0 00:00:00, Sys 0 00:00:00  -  Run Local Usage
		Usr 0 00:05:16, Sys 0 00:01:02  -  Total Remote Usage
		Usr 0 00:00:00, Sys 0 00:00:00  -  Total Local Usage
	6082  -  Run Bytes Sent By Job
	16252046  -  Run Bytes Received By Job
	6082  -  Total Bytes Sent By Job
	16252046  -  Total Bytes Received By Job
	Partitionable Resources :    Usage  Request Allocated Assigned
	   Cpus                 :     0           4         4 
	   Disk (KB)            : 15932       17500    652975 
	   Gpus (Average)       :     0.00        4         4 "CUDA0,CUDA1,CUDA2,CUDA6"
	   GpusMemory (MB)      :   323                       
	   Memory (MB)          :  5931       65536     65536 

	Job terminated of its own accord at 2024-08-02T07:30:05Z.
...
