000 (178669.000.000) 2024-08-01 13:11:24 Job submitted from host: <131.227.81.127:9618?addrs=131.227.81.127-9618&alias=aisurrey-condor.surrey.ac.uk&noUDP&sock=schedd_1795_cc96>
...
040 (178669.000.000) 2024-08-01 13:11:24 Started transferring input files
	Transferring to host: <131.227.80.126:9618?addrs=131.227.80.126-9618&alias=aisurrey14.surrey.ac.uk&noUDP&sock=slot1_1_4748_253a_18194>
...
040 (178669.000.000) 2024-08-01 13:11:25 Finished transferring input files
...
001 (178669.000.000) 2024-08-01 13:11:26 Job executing on host: <131.227.80.126:9618?addrs=131.227.80.126-9618&alias=aisurrey14.surrey.ac.uk&noUDP&sock=startd_4608_487f>
...
006 (178669.000.000) 2024-08-01 13:11:34 Image size of job updated: 17500
	146  -  MemoryUsage of job (MB)
	149928  -  ResidentSetSize of job (KB)
...
006 (178669.000.000) 2024-08-01 13:12:43 Image size of job updated: 17500
	2014  -  MemoryUsage of job (MB)
	2062440  -  ResidentSetSize of job (KB)
...
040 (178669.000.000) 2024-08-01 13:12:43 Started transferring output files
...
040 (178669.000.000) 2024-08-01 13:12:43 Finished transferring output files
...
005 (178669.000.000) 2024-08-01 13:12:43 Job terminated.
	(1) Normal termination (return value 0)
		Usr 0 00:03:42, Sys 0 00:00:36  -  Run Remote Usage
		Usr 0 00:00:00, Sys 0 00:00:00  -  Run Local Usage
		Usr 0 00:03:42, Sys 0 00:00:36  -  Total Remote Usage
		Usr 0 00:00:00, Sys 0 00:00:00  -  Total Local Usage
	0  -  Run Bytes Sent By Job
	16251942  -  Run Bytes Received By Job
	0  -  Total Bytes Sent By Job
	16251942  -  Total Bytes Received By Job
	Partitionable Resources :    Usage  Request Allocated Assigned
	   Cpus                 :     0.00        4         4 
	   Disk (KB)            : 16398       17500    652975 
	   Gpus (Average)       :     0.00        4         4 "CUDA0,CUDA1,CUDA3,CUDA5"
	   GpusMemory (MB)      :   323                       
	   Memory (MB)          :  2014       65536     65536 

	Job terminated of its own accord at 2024-08-01T12:12:43Z.
...
