000 (178722.000.000) 2024-08-01 15:15:37 Job submitted from host: <131.227.81.127:9618?addrs=131.227.81.127-9618&alias=aisurrey-condor.surrey.ac.uk&noUDP&sock=schedd_1795_cc96>
...
040 (178722.000.000) 2024-08-01 15:15:54 Started transferring input files
	Transferring to host: <131.227.80.126:9618?addrs=131.227.80.126-9618&alias=aisurrey14.surrey.ac.uk&noUDP&sock=slot1_1_4748_253a_18244>
...
040 (178722.000.000) 2024-08-01 15:15:54 Finished transferring input files
...
001 (178722.000.000) 2024-08-01 15:15:55 Job executing on host: <131.227.80.126:9618?addrs=131.227.80.126-9618&alias=aisurrey14.surrey.ac.uk&noUDP&sock=startd_4608_487f>
...
006 (178722.000.000) 2024-08-01 15:16:04 Image size of job updated: 17500
	235  -  MemoryUsage of job (MB)
	241032  -  ResidentSetSize of job (KB)
...
006 (178722.000.000) 2024-08-01 15:17:12 Image size of job updated: 17500
	3578  -  MemoryUsage of job (MB)
	3663904  -  ResidentSetSize of job (KB)
...
040 (178722.000.000) 2024-08-01 15:17:12 Started transferring output files
...
040 (178722.000.000) 2024-08-01 15:17:12 Finished transferring output files
...
005 (178722.000.000) 2024-08-01 15:17:12 Job terminated.
	(1) Normal termination (return value 0)
		Usr 0 00:03:41, Sys 0 00:00:36  -  Run Remote Usage
		Usr 0 00:00:00, Sys 0 00:00:00  -  Run Local Usage
		Usr 0 00:03:41, Sys 0 00:00:36  -  Total Remote Usage
		Usr 0 00:00:00, Sys 0 00:00:00  -  Total Local Usage
	0  -  Run Bytes Sent By Job
	16252046  -  Run Bytes Received By Job
	0  -  Total Bytes Sent By Job
	16252046  -  Total Bytes Received By Job
	Partitionable Resources :    Usage  Request Allocated Assigned
	   Cpus                 :     0.00        4         4 
	   Disk (KB)            : 24186       17500    652975 
	   Gpus (Average)       :     0.00        4         4 "CUDA0,CUDA1,CUDA3,CUDA4"
	   GpusMemory (MB)      :   323                       
	   Memory (MB)          :  3578       65536     65536 

	Job terminated of its own accord at 2024-08-01T14:17:12Z.
...
