000 (178681.000.000) 2024-08-01 13:28:45 Job submitted from host: <131.227.81.127:9618?addrs=131.227.81.127-9618&alias=aisurrey-condor.surrey.ac.uk&noUDP&sock=schedd_1795_cc96>
...
040 (178681.000.000) 2024-08-01 13:28:45 Started transferring input files
	Transferring to host: <131.227.80.154:9618?addrs=131.227.80.154-9618&alias=aisurrey11.surrey.ac.uk&noUDP&sock=slot1_1_8568_ae55_34387>
...
040 (178681.000.000) 2024-08-01 13:28:45 Finished transferring input files
...
001 (178681.000.000) 2024-08-01 13:28:46 Job executing on host: <131.227.80.154:9618?addrs=131.227.80.154-9618&alias=aisurrey11.surrey.ac.uk&noUDP&sock=startd_8426_1d16>
...
006 (178681.000.000) 2024-08-01 13:28:55 Image size of job updated: 17500
	131  -  MemoryUsage of job (MB)
	135148  -  ResidentSetSize of job (KB)
...
006 (178681.000.000) 2024-08-01 13:29:04 Image size of job updated: 17500
	5049  -  MemoryUsage of job (MB)
	5171156  -  ResidentSetSize of job (KB)
...
040 (178681.000.000) 2024-08-01 13:29:04 Started transferring output files
...
040 (178681.000.000) 2024-08-01 13:29:04 Finished transferring output files
...
005 (178681.000.000) 2024-08-01 13:29:05 Job terminated.
	(1) Normal termination (return value 0)
		Usr 0 00:00:05, Sys 0 00:00:03  -  Run Remote Usage
		Usr 0 00:00:00, Sys 0 00:00:00  -  Run Local Usage
		Usr 0 00:00:05, Sys 0 00:00:03  -  Total Remote Usage
		Usr 0 00:00:00, Sys 0 00:00:00  -  Total Local Usage
	0  -  Run Bytes Sent By Job
	16252046  -  Run Bytes Received By Job
	0  -  Total Bytes Sent By Job
	16252046  -  Total Bytes Received By Job
	Partitionable Resources :    Usage  Request Allocated Assigned
	   Cpus                 :     0.08        4         4 
	   Disk (KB)            : 15895       17500    652975 
	   Gpus (Average)       :     0.00        4         4 "CUDA0,CUDA1,CUDA2,CUDA4"
	   GpusMemory (MB)      :   323                       
	   Memory (MB)          :  5049       65536     65536 

	Job terminated of its own accord at 2024-08-01T12:29:04Z.
...
