000 (178878.000.000) 2024-08-02 08:40:24 Job submitted from host: <131.227.81.127:9618?addrs=131.227.81.127-9618&alias=aisurrey-condor.surrey.ac.uk&noUDP&sock=schedd_1795_cc96>
...
040 (178878.000.000) 2024-08-02 08:40:34 Started transferring input files
	Transferring to host: <131.227.80.180:9618?addrs=131.227.80.180-9618&alias=aisurrey05.surrey.ac.uk&noUDP&sock=slot1_1_4777_941b_18815>
...
040 (178878.000.000) 2024-08-02 08:40:34 Finished transferring input files
...
001 (178878.000.000) 2024-08-02 08:40:35 Job executing on host: <131.227.80.180:9618?addrs=131.227.80.180-9618&alias=aisurrey05.surrey.ac.uk&noUDP&sock=startd_4637_2cbe>
...
006 (178878.000.000) 2024-08-02 08:40:43 Image size of job updated: 17500
	145  -  MemoryUsage of job (MB)
	148584  -  ResidentSetSize of job (KB)
...
006 (178878.000.000) 2024-08-02 08:42:25 Image size of job updated: 17500
	5764  -  MemoryUsage of job (MB)
	5902724  -  ResidentSetSize of job (KB)
...
040 (178878.000.000) 2024-08-02 08:42:25 Started transferring output files
...
040 (178878.000.000) 2024-08-02 08:42:25 Finished transferring output files
...
005 (178878.000.000) 2024-08-02 08:42:25 Job terminated.
	(1) Normal termination (return value 0)
		Usr 0 00:00:01, Sys 0 00:00:00  -  Run Remote Usage
		Usr 0 00:00:00, Sys 0 00:00:00  -  Run Local Usage
		Usr 0 00:00:01, Sys 0 00:00:00  -  Total Remote Usage
		Usr 0 00:00:00, Sys 0 00:00:00  -  Total Local Usage
	6082  -  Run Bytes Sent By Job
	16252046  -  Run Bytes Received By Job
	6082  -  Total Bytes Sent By Job
	16252046  -  Total Bytes Received By Job
	Partitionable Resources :    Usage  Request Allocated Assigned
	   Cpus                 :     0.00        4         4 
	   Disk (KB)            : 15934       17500    246844 
	   Gpus (Average)       :  5237.34        4         4 "GPU-4c0e07af-34f9-c133-1852-19a006e806fc,GPU-a100ace2-2694-3aa2-55ef-ae3a446ea6bf,GPU-1e0cfc12-9972-1d70-d20d-b6b7b3347417,GPU-8b29988f-da65-72fe-d7a9-2f038be7242f"
	   GpusMemory (MB)      :   257                       
	   Memory (MB)          :  5764       65536     65536 

	Job terminated of its own accord at 2024-08-02T07:42:25Z.
...
