000 (178640.000.000) 2024-08-01 11:25:32 Job submitted from host: <131.227.81.127:9618?addrs=131.227.81.127-9618&alias=aisurrey-condor.surrey.ac.uk&noUDP&sock=schedd_1795_cc96>
...
040 (178640.000.000) 2024-08-01 11:25:33 Started transferring input files
	Transferring to host: <10.4.1.36:9618?addrs=10.4.1.36-9618&alias=aisurrey26.surrey.ac.uk&noUDP&sock=slot1_4_8799_70ff_84>
...
040 (178640.000.000) 2024-08-01 11:25:33 Finished transferring input files
...
001 (178640.000.000) 2024-08-01 11:25:34 Job executing on host: <10.4.1.36:9618?addrs=10.4.1.36-9618&alias=aisurrey26.surrey.ac.uk&noUDP&sock=startd_8509_0b73>
...
006 (178640.000.000) 2024-08-01 11:25:43 Image size of job updated: 17500
	92  -  MemoryUsage of job (MB)
	94556  -  ResidentSetSize of job (KB)
...
006 (178640.000.000) 2024-08-01 11:30:44 Image size of job updated: 17500
	2691  -  MemoryUsage of job (MB)
	2755676  -  ResidentSetSize of job (KB)
...
006 (178640.000.000) 2024-08-01 11:35:45 Image size of job updated: 17500
	10463  -  MemoryUsage of job (MB)
	10715012  -  ResidentSetSize of job (KB)
...
006 (178640.000.000) 2024-08-01 11:40:46 Image size of job updated: 26941
	26941  -  MemoryUsage of job (MB)
	27588332  -  ResidentSetSize of job (KB)
...
040 (178640.000.000) 2024-08-01 11:41:25 Started transferring output files
...
040 (178640.000.000) 2024-08-01 11:41:25 Finished transferring output files
...
005 (178640.000.000) 2024-08-01 11:41:26 Job terminated.
	(1) Normal termination (return value 0)
		Usr 0 00:09:39, Sys 0 00:02:16  -  Run Remote Usage
		Usr 0 00:00:00, Sys 0 00:00:00  -  Run Local Usage
		Usr 0 00:09:39, Sys 0 00:02:16  -  Total Remote Usage
		Usr 0 00:00:00, Sys 0 00:00:00  -  Total Local Usage
	0  -  Run Bytes Sent By Job
	16251893  -  Run Bytes Received By Job
	0  -  Total Bytes Sent By Job
	16251893  -  Total Bytes Received By Job
	Partitionable Resources :    Usage  Request Allocated Assigned
	   Cpus                 :     0.00        4         4 
	   Disk (KB)            : 15896       17500  12413164 
	   Gpus (Average)       :     0.00        4         4 "GPU-1efa1288-7546-57c7-509c-e387a90f730f,GPU-f8a5df37-1bf9-b26a-0ab1-02d1d21e8533,GPU-0984a964-7e5e-d7f1-711b-9ab689358af8,GPU-bdc563d8-88dd-c0f6-fe7e-13c85dceab78"
	   GpusMemory (MB)      :  3569                       
	   Memory (MB)          : 26941       65536     65536 

	Job terminated of its own accord at 2024-08-01T10:41:25Z.
...
