000 (178666.000.000) 2024-08-01 13:02:27 Job submitted from host: <131.227.81.127:9618?addrs=131.227.81.127-9618&alias=aisurrey-condor.surrey.ac.uk&noUDP&sock=schedd_1795_cc96>
...
040 (178666.000.000) 2024-08-01 13:02:27 Started transferring input files
	Transferring to host: <131.227.80.134:9618?addrs=131.227.80.134-9618&alias=aisurrey19.surrey.ac.uk&noUDP&sock=slot1_1_4848_9abe_8480>
...
040 (178666.000.000) 2024-08-01 13:02:28 Finished transferring input files
...
001 (178666.000.000) 2024-08-01 13:02:29 Job executing on host: <131.227.80.134:9618?addrs=131.227.80.134-9618&alias=aisurrey19.surrey.ac.uk&noUDP&sock=startd_4709_8f90>
...
006 (178666.000.000) 2024-08-01 13:02:37 Image size of job updated: 17500
	429  -  MemoryUsage of job (MB)
	439896  -  ResidentSetSize of job (KB)
...
006 (178666.000.000) 2024-08-01 13:03:06 Image size of job updated: 25418
	25418  -  MemoryUsage of job (MB)
	26028596  -  ResidentSetSize of job (KB)
...
040 (178666.000.000) 2024-08-01 13:03:06 Started transferring output files
...
040 (178666.000.000) 2024-08-01 13:03:06 Finished transferring output files
...
005 (178666.000.000) 2024-08-01 13:03:06 Job terminated.
	(1) Normal termination (return value 0)
		Usr 0 00:00:51, Sys 0 00:00:30  -  Run Remote Usage
		Usr 0 00:00:00, Sys 0 00:00:00  -  Run Local Usage
		Usr 0 00:00:51, Sys 0 00:00:30  -  Total Remote Usage
		Usr 0 00:00:00, Sys 0 00:00:00  -  Total Local Usage
	6082  -  Run Bytes Sent By Job
	16251893  -  Run Bytes Received By Job
	6082  -  Total Bytes Sent By Job
	16251893  -  Total Bytes Received By Job
	Partitionable Resources :    Usage  Request Allocated Assigned
	   Cpus                 :     0           4         4 
	   Disk (KB)            : 15983       17500    652975 
	   Gpus (Average)       :     0.14        4         4 "CUDA0,CUDA3,CUDA4,CUDA5"
	   GpusMemory (MB)      :  1944                       
	   Memory (MB)          : 25418       65536     65536 

	Job terminated of its own accord at 2024-08-01T12:03:06Z.
...
