000 (178720.000.000) 2024-08-01 15:11:04 Job submitted from host: <131.227.81.127:9618?addrs=131.227.81.127-9618&alias=aisurrey-condor.surrey.ac.uk&noUDP&sock=schedd_1795_cc96>
...
040 (178720.000.000) 2024-08-01 15:11:13 Started transferring input files
	Transferring to host: <131.227.80.126:9618?addrs=131.227.80.126-9618&alias=aisurrey14.surrey.ac.uk&noUDP&sock=slot1_1_4748_253a_18242>
...
040 (178720.000.000) 2024-08-01 15:11:14 Finished transferring input files
...
001 (178720.000.000) 2024-08-01 15:11:15 Job executing on host: <131.227.80.126:9618?addrs=131.227.80.126-9618&alias=aisurrey14.surrey.ac.uk&noUDP&sock=startd_4608_487f>
...
006 (178720.000.000) 2024-08-01 15:11:23 Image size of job updated: 17500
	150  -  MemoryUsage of job (MB)
	154228  -  ResidentSetSize of job (KB)
...
006 (178720.000.000) 2024-08-01 15:11:45 Image size of job updated: 17500
	5166  -  MemoryUsage of job (MB)
	5289992  -  ResidentSetSize of job (KB)
...
040 (178720.000.000) 2024-08-01 15:11:45 Started transferring output files
...
040 (178720.000.000) 2024-08-01 15:11:45 Finished transferring output files
...
005 (178720.000.000) 2024-08-01 15:11:45 Job terminated.
	(1) Normal termination (return value 0)
		Usr 0 00:00:12, Sys 0 00:00:06  -  Run Remote Usage
		Usr 0 00:00:00, Sys 0 00:00:00  -  Run Local Usage
		Usr 0 00:00:12, Sys 0 00:00:06  -  Total Remote Usage
		Usr 0 00:00:00, Sys 0 00:00:00  -  Total Local Usage
	6082  -  Run Bytes Sent By Job
	16252046  -  Run Bytes Received By Job
	6082  -  Total Bytes Sent By Job
	16252046  -  Total Bytes Received By Job
	Partitionable Resources :    Usage  Request Allocated Assigned
	   Cpus                 :     0.00        4         4 
	   Disk (KB)            : 24095       17500    652975 
	   Gpus (Average)       :     0.01        4         4 "CUDA0,CUDA1,CUDA3,CUDA4"
	   GpusMemory (MB)      :   323                       
	   Memory (MB)          :  5166       65536     65536 

	Job terminated of its own accord at 2024-08-01T14:11:45Z.
...
