[i 0801 12:52:09.037465 28 lock.py:85] Create lock file:/user/HS400/ae01116/.cache/jittor/jt1.3.8/g++7.5.0/py3.9.19/Linux-4.18.0-3x8f/AMDEPYC754332-xca/jittor.lock
[i 0801 12:52:09.037448 72 lock.py:85] Create lock file:/user/HS400/ae01116/.cache/jittor/jt1.3.8/g++7.5.0/py3.9.19/Linux-4.18.0-3x8f/AMDEPYC754332-xca/jittor.lock
[i 0801 12:52:09.037586 44 lock.py:85] Create lock file:/user/HS400/ae01116/.cache/jittor/jt1.3.8/g++7.5.0/py3.9.19/Linux-4.18.0-3x8f/AMDEPYC754332-xca/jittor.lock
[i 0801 12:52:09.037628 76 lock.py:85] Create lock file:/user/HS400/ae01116/.cache/jittor/jt1.3.8/g++7.5.0/py3.9.19/Linux-4.18.0-3x8f/AMDEPYC754332-xca/jittor.lock
[i 0801 12:52:09.089296 72 compiler.py:956] Jittor(1.3.8.5) src: /mnt/fast/nobackup/scratch4weeks/ae01116/zegenv/lib/python3.9/site-packages/jittor
[i 0801 12:52:09.093406 72 compiler.py:957] g++ at /usr/bin/g++(7.5.0)
[i 0801 12:52:09.093505 72 compiler.py:958] cache_path: /user/HS400/ae01116/.cache/jittor/jt1.3.8/g++7.5.0/py3.9.19/Linux-4.18.0-3x8f/AMDEPYC754332-xca/default
[i 0801 12:52:09.099010 72 __init__.py:411] Found nvcc(11.0.221) at /usr/local/cuda/bin/nvcc.
[i 0801 12:52:09.105079 72 __init__.py:411] Found addr2line(2.30) at /usr/bin/addr2line.
[i 0801 12:52:09.335562 72 compiler.py:1011] cuda key:cu11.0.221_sm_80
[i 0801 12:52:09.369434 72 compiler.py:34] Create cache dir: /user/HS400/ae01116/.cache/jittor/jt1.3.8/g++7.5.0/py3.9.19/Linux-4.18.0-3x8f/AMDEPYC754332-xca/default/cu11.0.221_sm_80
[i 0801 12:52:09.372165 72 compiler.py:34] Create cache dir: /user/HS400/ae01116/.cache/jittor/jt1.3.8/g++7.5.0/py3.9.19/Linux-4.18.0-3x8f/AMDEPYC754332-xca/default/cu11.0.221_sm_80/jit
[i 0801 12:52:09.373860 72 compiler.py:34] Create cache dir: /user/HS400/ae01116/.cache/jittor/jt1.3.8/g++7.5.0/py3.9.19/Linux-4.18.0-3x8f/AMDEPYC754332-xca/default/cu11.0.221_sm_80/obj_files
[i 0801 12:52:09.375595 72 compiler.py:34] Create cache dir: /user/HS400/ae01116/.cache/jittor/jt1.3.8/g++7.5.0/py3.9.19/Linux-4.18.0-3x8f/AMDEPYC754332-xca/default/cu11.0.221_sm_80/gen
[i 0801 12:52:09.377239 72 compiler.py:34] Create cache dir: /user/HS400/ae01116/.cache/jittor/jt1.3.8/g++7.5.0/py3.9.19/Linux-4.18.0-3x8f/AMDEPYC754332-xca/default/cu11.0.221_sm_80/tmp
[i 0801 12:52:09.379036 72 compiler.py:34] Create cache dir: /user/HS400/ae01116/.cache/jittor/jt1.3.8/g++7.5.0/py3.9.19/Linux-4.18.0-3x8f/AMDEPYC754332-xca/default/cu11.0.221_sm_80/checkpoints
Compiling jittor_core(28/151) used: 2.021s eta: 8.877s
Compiling jittor_core(29/151) used: 2.041s eta: 8.586s
Compiling jittor_core(30/151) used: 2.254s eta: 9.092s
Compiling jittor_core(31/151) used: 2.259s eta: 8.746s
Compiling jittor_core(32/151) used: 2.368s eta: 8.808s
Compiling jittor_core(33/151) used: 2.374s eta: 8.488s
Compiling jittor_core(34/151) used: 2.525s eta: 8.690s
Compiling jittor_core(35/151) used: 2.575s eta: 8.534s
Compiling jittor_core(36/151) used: 2.635s eta: 8.416s
Compiling jittor_core(37/151) used: 2.763s eta: 8.512s
Compiling jittor_core(38/151) used: 2.806s eta: 8.345s
Compiling jittor_core(39/151) used: 2.820s eta: 8.098s
Compiling jittor_core(40/151) used: 2.919s eta: 8.102s
Compiling jittor_core(41/151) used: 2.921s eta: 7.838s
Compiling jittor_core(42/151) used: 2.979s eta: 7.730s
Compiling jittor_core(43/151) used: 3.123s eta: 7.843s
Compiling jittor_core(44/151) used: 3.128s eta: 7.607s
Compiling jittor_core(45/151) used: 3.170s eta: 7.468s
Compiling jittor_core(46/151) used: 3.400s eta: 7.761s
Compiling jittor_core(47/151) used: 3.415s eta: 7.557s
Compiling jittor_core(48/151) used: 3.423s eta: 7.345s
Compiling jittor_core(49/151) used: 3.585s eta: 7.462s
Compiling jittor_core(50/151) used: 3.669s eta: 7.412s
Compiling jittor_core(51/151) used: 3.710s eta: 7.275s
Compiling jittor_core(52/151) used: 3.720s eta: 7.082s
Compiling jittor_core(53/151) used: 3.736s eta: 6.908s
Compiling jittor_core(54/151) used: 3.850s eta: 6.916s
Compiling jittor_core(55/151) used: 3.879s eta: 6.771s
Compiling jittor_core(56/151) used: 4.013s eta: 6.808s
Compiling jittor_core(57/151) used: 4.062s eta: 6.699s
Compiling jittor_core(58/151) used: 4.123s eta: 6.611s
Compiling jittor_core(59/151) used: 4.225s eta: 6.589s
Compiling jittor_core(60/151) used: 4.228s eta: 6.412s
Compiling jittor_core(61/151) used: 4.253s eta: 6.276s
Compiling jittor_core(62/151) used: 4.264s eta: 6.121s
Compiling jittor_core(63/151) used: 4.384s eta: 6.124s
Compiling jittor_core(64/151) used: 4.539s eta: 6.170s
Compiling jittor_core(65/151) used: 4.586s eta: 6.068s
Compiling jittor_core(66/151) used: 4.618s eta: 5.947s
Compiling jittor_core(67/151) used: 4.670s eta: 5.855s
Compiling jittor_core(68/151) used: 4.671s eta: 5.701s
Compiling jittor_core(69/151) used: 4.705s eta: 5.592s
Compiling jittor_core(70/151) used: 4.772s eta: 5.521s
Compiling jittor_core(71/151) used: 4.864s eta: 5.480s
Compiling jittor_core(72/151) used: 4.912s eta: 5.389s
Compiling jittor_core(73/151) used: 4.946s eta: 5.285s
Compiling jittor_core(74/151) used: 4.956s eta: 5.157s
Compiling jittor_core(75/151) used: 4.990s eta: 5.057s
Compiling jittor_core(76/151) used: 5.046s eta: 4.980s
Compiling jittor_core(77/151) used: 5.106s eta: 4.907s
Compiling jittor_core(78/151) used: 5.135s eta: 4.806s
Compiling jittor_core(79/151) used: 5.150s eta: 4.694s
Compiling jittor_core(80/151) used: 5.201s eta: 4.616s
Compiling jittor_core(81/151) used: 5.223s eta: 4.514s
Compiling jittor_core(82/151) used: 5.296s eta: 4.456s
Compiling jittor_core(83/151) used: 5.319s eta: 4.358s
Compiling jittor_core(84/151) used: 5.514s eta: 4.398s
Compiling jittor_core(85/151) used: 5.654s eta: 4.390s
Compiling jittor_core(86/151) used: 5.700s eta: 4.308s
Compiling jittor_core(87/151) used: 5.724s eta: 4.211s
Compiling jittor_core(88/151) used: 5.754s eta: 4.119s
Compiling jittor_core(89/151) used: 5.823s eta: 4.056s
Compiling jittor_core(90/151) used: 5.921s eta: 4.013s
Compiling jittor_core(91/151) used: 5.925s eta: 3.907s
Compiling jittor_core(92/151) used: 5.987s eta: 3.839s
Compiling jittor_core(93/151) used: 6.105s eta: 3.808s
Compiling jittor_core(94/151) used: 6.126s eta: 3.715s
Compiling jittor_core(95/151) used: 6.128s eta: 3.612s
Compiling jittor_core(96/151) used: 6.131s eta: 3.513s
Compiling jittor_core(97/151) used: 6.265s eta: 3.487s
Compiling jittor_core(98/151) used: 6.266s eta: 3.389s
Compiling jittor_core(99/151) used: 6.331s eta: 3.325s
Compiling jittor_core(100/151) used: 6.381s eta: 3.254s
Compiling jittor_core(101/151) used: 6.428s eta: 3.182s
Compiling jittor_core(102/151) used: 6.504s eta: 3.125s
Compiling jittor_core(103/151) used: 6.695s eta: 3.120s
Compiling jittor_core(104/151) used: 6.789s eta: 3.068s
Compiling jittor_core(105/151) used: 6.862s eta: 3.006s
Compiling jittor_core(106/151) used: 6.894s eta: 2.927s
Compiling jittor_core(107/151) used: 6.926s eta: 2.848s
Compiling jittor_core(108/151) used: 6.947s eta: 2.766s
Compiling jittor_core(109/151) used: 7.031s eta: 2.709s
Compiling jittor_core(110/151) used: 7.091s eta: 2.643s
Compiling jittor_core(111/151) used: 7.177s eta: 2.586s
Compiling jittor_core(112/151) used: 7.188s eta: 2.503s
Compiling jittor_core(113/151) used: 7.202s eta: 2.422s
Compiling jittor_core(114/151) used: 7.216s eta: 2.342s
Compiling jittor_core(115/151) used: 7.407s eta: 2.319s
Compiling jittor_core(116/151) used: 7.436s eta: 2.244s
Compiling jittor_core(117/151) used: 7.463s eta: 2.169s
Compiling jittor_core(118/151) used: 7.626s eta: 2.133s
Compiling jittor_core(119/151) used: 7.638s eta: 2.054s
Compiling jittor_core(120/151) used: 7.725s eta: 1.996s
Compiling jittor_core(121/151) used: 7.848s eta: 1.946s
Compiling jittor_core(122/151) used: 7.896s eta: 1.877s
Compiling jittor_core(123/151) used: 7.915s eta: 1.802s
Compiling jittor_core(124/151) used: 7.941s eta: 1.729s
Compiling jittor_core(125/151) used: 8.051s eta: 1.675s
Compiling jittor_core(126/151) used: 8.073s eta: 1.602s
Compiling jittor_core(127/151) used: 8.092s eta: 1.529s
Compiling jittor_core(128/151) used: 8.292s eta: 1.490s
Compiling jittor_core(129/151) used: 8.317s eta: 1.418s
Compiling jittor_core(130/151) used: 8.340s eta: 1.347s
Compiling jittor_core(131/151) used: 8.362s eta: 1.277s
Compiling jittor_core(132/151) used: 8.385s eta: 1.207s
Compiling jittor_core(133/151) used: 8.403s eta: 1.137s
Compiling jittor_core(134/151) used: 8.429s eta: 1.069s
Compiling jittor_core(135/151) used: 8.450s eta: 1.002s
Compiling jittor_core(136/151) used: 8.550s eta: 0.943s
Compiling jittor_core(137/151) used: 8.619s eta: 0.881s
Compiling jittor_core(138/151) used: 8.626s eta: 0.813s
Compiling jittor_core(139/151) used: 8.682s eta: 0.750s
Compiling jittor_core(140/151) used: 8.716s eta: 0.685s
Compiling jittor_core(141/151) used: 8.781s eta: 0.623s
Compiling jittor_core(142/151) used: 8.822s eta: 0.559s
Compiling jittor_core(143/151) used: 8.876s eta: 0.497s
Compiling jittor_core(144/151) used: 8.950s eta: 0.435s
Compiling jittor_core(145/151) used: 9.011s eta: 0.373s
Compiling jittor_core(146/151) used: 9.097s eta: 0.312s
Compiling jittor_core(147/151) used: 9.189s eta: 0.250s
Compiling jittor_core(148/151) used: 9.916s eta: 0.201s
Compiling jittor_core(149/151) used: 10.258s eta: 0.138s
Compiling jittor_core(150/151) used: 10.605s eta: 0.071s
Compiling jittor_core(151/151) used: 16.930s eta: 0.000s
--------------------------------------------------------------------------
[[45756,1],2]: A high-performance Open MPI point-to-point messaging module
was unable to find any relevant network interfaces:

Module: OpenFabrics (openib)
  Host: ae01116-178691

Another transport will be used instead, although this may result in
lower performance.

NOTE: You can disable this warning by setting the MCA parameter
btl_base_warn_component_unused to 0.
--------------------------------------------------------------------------
Compiling libcutt(8/9) used: 3.482s eta: 0.435s
Compiling libcutt(9/9) used: 7.264s eta: 0.000s
Compiling gen_ops_cudnn_rnn_cudnn_conv_backward_w_cudnn_conv___hash8b3aa2(16/16) used: 3.113s eta: 0.000s
Loading config from:  /mnt/fast/nobackup/users/ae01116/multi-modal-dissertation-uos/configs/voc12/clip_rc_zero_vit-b_512x512_40k_voc_10_16.py
Loading config from:  /mnt/fast/nobackup/users/ae01116/multi-modal-dissertation-uos/configs/voc12/clip_rc_zero_vit-b_512x512_40k_voc_10_16.py
Loading config from:  /mnt/fast/nobackup/users/ae01116/multi-modal-dissertation-uos/configs/voc12/clip_rc_zero_vit-b_512x512_40k_voc_10_16.py
Loading config from:  /mnt/fast/nobackup/users/ae01116/multi-modal-dissertation-uos/configs/voc12/clip_rc_zero_vit-b_512x512_40k_voc_10_16.py
Resize the pos_embed shape from (197, 768) to [1025,768,]
Resize the pos_embed shape from (197, 768) to [1025,768,]
Resize the pos_embed shape from (197, 768) to [1025,768,]
Resize the pos_embed shape from (197, 768) to [1025,768,]
Making visible mask for zero-shot setting: [  0   1   2   3   4   5   6   7   8   9  10  11  12  13  14  -1  -1  -1
  -1  -1  -1  -1  -1  -1  -1  -1  -1  -1  -1  -1  -1  -1  -1  -1  -1  -1
  -1  -1  -1  -1  -1  -1  -1  -1  -1  -1  -1  -1  -1  -1  -1  -1  -1  -1
  -1  -1  -1  -1  -1  -1  -1  -1  -1  -1  -1  -1  -1  -1  -1  -1  -1  -1
  -1  -1  -1  -1  -1  -1  -1  -1  -1  -1  -1  -1  -1  -1  -1  -1  -1  -1
  -1  -1  -1  -1  -1  -1  -1  -1  -1  -1  -1  -1  -1  -1  -1  -1  -1  -1
  -1  -1  -1  -1  -1  -1  -1  -1  -1  -1  -1  -1  -1  -1  -1  -1  -1  -1
  -1  -1  -1  -1  -1  -1  -1  -1  -1  -1  -1  -1  -1  -1  -1  -1  -1  -1
  -1  -1  -1  -1  -1  -1  -1  -1  -1  -1  -1  -1  -1  -1  -1  -1  -1  -1
  -1  -1  -1  -1  -1  -1  -1  -1  -1  -1  -1  -1  -1  -1  -1  -1  -1  -1
  -1  -1  -1  -1  -1  -1  -1  -1  -1  -1  -1  -1  -1  -1  -1  -1  -1  -1
  -1  -1  -1  -1  -1  -1  -1  -1  -1  -1  -1  -1  -1  -1  -1  -1  -1  -1
  -1  -1  -1  -1  -1  -1  -1  -1  -1  -1  -1  -1  -1  -1  -1  -1  -1  -1
  -1  -1  -1  -1  -1  -1  -1  -1  -1  -1  -1  -1  -1  -1  -1  -1  -1  -1
  -1  -1  -1 255]
--------------------------------------
Finetune layer in segmentor: backbone.prompt_embeddings
Finetune layer in segmentor: backbone.deep_prompt_embeddings
Finetune layer in segmentor: backbone.prompt_proj.weight
Finetune layer in segmentor: backbone.prompt_proj.bias
Finetune layer in segmentor: backbone.prompt_norm.weight
Finetune layer in segmentor: backbone.prompt_norm.bias
Finetune layer in segmentor: decode_head.decoder_q.layers.0.linear1.bias
Finetune layer in segmentor: decode_head.decoder_q.layers.0.linear2.bias
Finetune layer in segmentor: decode_head.decoder_q.layers.0.norm2.weight
Finetune layer in segmentor: decode_head.decoder_q.layers.0.norm2.bias
Finetune layer in segmentor: decode_head.decoder_q.layers.0.norm3.weight
Finetune layer in segmentor: decode_head.decoder_q.layers.0.norm3.bias
Finetune layer in segmentor: decode_head.decoder_q.layers.0.multihead_attn.q.bias
Finetune layer in segmentor: decode_head.decoder_q.layers.0.multihead_attn.k.bias
Finetune layer in segmentor: decode_head.decoder_q.layers.0.multihead_attn.v.bias
Finetune layer in segmentor: decode_head.decoder_q.layers.0.multihead_attn.proj.bias
Finetune layer in segmentor: decode_head.decoder_q.layers.1.linear1.bias
Finetune layer in segmentor: decode_head.decoder_q.layers.1.linear2.bias
Finetune layer in segmentor: decode_head.decoder_q.layers.1.norm2.weight
Finetune layer in segmentor: decode_head.decoder_q.layers.1.norm2.bias
Finetune layer in segmentor: decode_head.decoder_q.layers.1.norm3.weight
Finetune layer in segmentor: decode_head.decoder_q.layers.1.norm3.bias
Finetune layer in segmentor: decode_head.decoder_q.layers.1.multihead_attn.q.bias
Finetune layer in segmentor: decode_head.decoder_q.layers.1.multihead_attn.k.bias
Finetune layer in segmentor: decode_head.decoder_q.layers.1.multihead_attn.v.bias
Finetune layer in segmentor: decode_head.decoder_q.layers.1.multihead_attn.proj.bias
Finetune layer in segmentor: decode_head.decoder_q.layers.2.linear1.bias
Finetune layer in segmentor: decode_head.decoder_q.layers.2.linear2.bias
Finetune layer in segmentor: decode_head.decoder_q.layers.2.norm2.weight
Finetune layer in segmentor: decode_head.decoder_q.layers.2.norm2.bias
Finetune layer in segmentor: decode_head.decoder_q.layers.2.norm3.weight
Finetune layer in segmentor: decode_head.decoder_q.layers.2.norm3.bias
Finetune layer in segmentor: decode_head.decoder_q.layers.2.multihead_attn.q.bias
Finetune layer in segmentor: decode_head.decoder_q.layers.2.multihead_attn.k.bias
Finetune layer in segmentor: decode_head.decoder_q.layers.2.multihead_attn.v.bias
Finetune layer in segmentor: decode_head.decoder_q.layers.2.multihead_attn.proj.bias
Finetune layer in segmentor: decode_head.decoder_v.layers.0.linear1.bias
Finetune layer in segmentor: decode_head.decoder_v.layers.0.linear2.bias
Finetune layer in segmentor: decode_head.decoder_v.layers.0.norm2.weight
Finetune layer in segmentor: decode_head.decoder_v.layers.0.norm2.bias
Finetune layer in segmentor: decode_head.decoder_v.layers.0.norm3.weight
Finetune layer in segmentor: decode_head.decoder_v.layers.0.norm3.bias
Finetune layer in segmentor: decode_head.decoder_v.layers.0.multihead_attn.q.bias
Finetune layer in segmentor: decode_head.decoder_v.layers.0.multihead_attn.k.bias
Finetune layer in segmentor: decode_head.decoder_v.layers.0.multihead_attn.v.bias
Finetune layer in segmentor: decode_head.decoder_v.layers.0.multihead_attn.proj.bias
Finetune layer in segmentor: decode_head.decoder_v.layers.1.linear1.bias
Finetune layer in segmentor: decode_head.decoder_v.layers.1.linear2.bias
Finetune layer in segmentor: decode_head.decoder_v.layers.1.norm2.weight
Finetune layer in segmentor: decode_head.decoder_v.layers.1.norm2.bias
Finetune layer in segmentor: decode_head.decoder_v.layers.1.norm3.weight
Finetune layer in segmentor: decode_head.decoder_v.layers.1.norm3.bias
Finetune layer in segmentor: decode_head.decoder_v.layers.1.multihead_attn.q.bias
Finetune layer in segmentor: decode_head.decoder_v.layers.1.multihead_attn.k.bias
Finetune layer in segmentor: decode_head.decoder_v.layers.1.multihead_attn.v.bias
Finetune layer in segmentor: decode_head.decoder_v.layers.1.multihead_attn.proj.bias
Finetune layer in segmentor: decode_head.decoder_v.layers.2.linear1.bias
Finetune layer in segmentor: decode_head.decoder_v.layers.2.linear2.bias
Finetune layer in segmentor: decode_head.decoder_v.layers.2.norm2.weight
Finetune layer in segmentor: decode_head.decoder_v.layers.2.norm2.bias
Finetune layer in segmentor: decode_head.decoder_v.layers.2.norm3.weight
Finetune layer in segmentor: decode_head.decoder_v.layers.2.norm3.bias
Finetune layer in segmentor: decode_head.decoder_v.layers.2.multihead_attn.q.bias
Finetune layer in segmentor: decode_head.decoder_v.layers.2.multihead_attn.k.bias
Finetune layer in segmentor: decode_head.decoder_v.layers.2.multihead_attn.v.bias
Finetune layer in segmentor: decode_head.decoder_v.layers.2.multihead_attn.proj.bias
Finetune layer in segmentor: decode_head.recovery_decoder.decouple_q.0.linear1.bias
Finetune layer in segmentor: decode_head.recovery_decoder.decouple_q.0.linear2.bias
Finetune layer in segmentor: decode_head.recovery_decoder.decouple_q.0.norm2.weight
Finetune layer in segmentor: decode_head.recovery_decoder.decouple_q.0.norm2.bias
Finetune layer in segmentor: decode_head.recovery_decoder.decouple_q.0.norm3.weight
Finetune layer in segmentor: decode_head.recovery_decoder.decouple_q.0.norm3.bias
Finetune layer in segmentor: decode_head.recovery_decoder.decouple_q.0.multihead_attn.q.bias
Finetune layer in segmentor: decode_head.recovery_decoder.decouple_q.0.multihead_attn.k.bias
Finetune layer in segmentor: decode_head.recovery_decoder.decouple_q.0.multihead_attn.v.bias
Finetune layer in segmentor: decode_head.recovery_decoder.decouple_q.0.multihead_attn.proj.bias
Finetune layer in segmentor: decode_head.recovery_decoder.decouple_v.0.linear1.bias
Finetune layer in segmentor: decode_head.recovery_decoder.decouple_v.0.linear2.bias
Finetune layer in segmentor: decode_head.recovery_decoder.decouple_v.0.norm2.weight
Finetune layer in segmentor: decode_head.recovery_decoder.decouple_v.0.norm2.bias
Finetune layer in segmentor: decode_head.recovery_decoder.decouple_v.0.norm3.weight
Finetune layer in segmentor: decode_head.recovery_decoder.decouple_v.0.norm3.bias
Finetune layer in segmentor: decode_head.recovery_decoder.decouple_v.0.multihead_attn.q.bias
Finetune layer in segmentor: decode_head.recovery_decoder.decouple_v.0.multihead_attn.k.bias
Finetune layer in segmentor: decode_head.recovery_decoder.decouple_v.0.multihead_attn.v.bias
Finetune layer in segmentor: decode_head.recovery_decoder.decouple_v.0.multihead_attn.proj.bias
Finetune layer in segmentor: decode_head.recovery_decoder.linear_q_in.bias
Finetune layer in segmentor: decode_head.recovery_decoder.linear_k_in.bias
Finetune layer in segmentor: decode_head.recovery_decoder.linear_q_out.bias
Finetune layer in segmentor: decode_head.recovery_decoder.linear_k_out.bias
Finetune layer in segmentor: decode_head.lateral_proj.bias
Finetune layer in segmentor: decode_head.q_proj.bias
CLASSES: &id003 !!python/tuple
- aeroplane
- bicycle
- bird
- boat
- bottle
- bus
- car
- cat
- chair
- cow
- diningtable
- dog
- horse
- motorbike
- person
- pottedplant
- sheep
- sofa
- train
- tvmonitor
base: /mnt/fast/nobackup/users/ae01116/multi-modal-dissertation-uos
base_class:
- 0
- 1
- 2
- 3
- 4
- 5
- 6
- 7
- 8
- 9
- 10
- 11
- 12
- 13
- 14
base_scratch: /mnt/fast/nobackup/scratch4weeks/ae01116
both_class:
- 0
- 1
- 2
- 3
- 4
- 5
- 6
- 7
- 8
- 9
- 10
- 11
- 12
- 13
- 14
- 15
- 16
- 17
- 18
- 19
checkpoint_interval: 2000
crop_size: &id001 !!python/tuple
- 512
- 512
data_root: /mnt/fast/nobackup/scratch4weeks/ae01116/data/VOC2012
dataset:
  train:
    ann_dir: SegmentationClassAug
    batch_size: 4
    data_root: /mnt/fast/nobackup/scratch4weeks/ae01116/data/VOC2012
    drop_last: false
    img_dir: JPEGImages
    num_workers: 8
    pipeline:
    - type: LoadImageFromFile
    - reduce_zero_label: true
      type: LoadAnnotations
    - img_scale: &id002 !!python/tuple
      - 2048
      - 512
      ratio_range: &id004 !!python/tuple
      - 0.5
      - 2.0
      type: Resize
    - cat_max_ratio: 0.75
      crop_size: *id001
      type: RandomCrop
    - prob: 0.5
      type: RandomFlip
    - type: PhotoMetricDistortion
    - mean:
      - 123.675
      - 116.28
      - 103.53
      std:
      - 58.395
      - 57.12
      - 57.375
      to_rgb: true
      type: Normalize
    - pad_val: 0
      seg_pad_val: 255
      size: *id001
      type: Pad
    - type: DefaultFormatBundle
    - keys:
      - img
      - gt_semantic_seg
      type: Collect
    shuffle: true
    split: ImageSets/Segmentation/trainaug.txt
    type: ZeroPascalVOCDataset20
  val:
    ann_dir: SegmentationClass
    batch_size: 1
    data_root: /mnt/fast/nobackup/scratch4weeks/ae01116/data/VOC2012
    drop_last: false
    img_dir: JPEGImages
    num_workers: 1
    pipeline:
    - type: LoadImageFromFile
    - flip: false
      img_scale: *id002
      transforms:
      - keep_ratio: true
        min_size: 512
        type: Resize
      - type: RandomFlip
      - mean:
        - 123.675
        - 116.28
        - 103.53
        std:
        - 58.395
        - 57.12
        - 57.375
        to_rgb: true
        type: Normalize
      - keys:
        - img
        type: ImageToTensor
      - keys:
        - img
        type: Collect
      type: MultiScaleFlipAug
    shuffle: false
    split: ImageSets/Segmentation/val.txt
    type: ZeroPascalVOCDataset20
dataset_type: ZeroPascalVOCDataset20
eval_interval: 2000
img_norm_cfg:
  mean:
  - 123.675
  - 116.28
  - 103.53
  std:
  - 58.395
  - 57.12
  - 57.375
  to_rgb: true
img_size: 512
in_channels: 512
log_interval: 50
logger:
  type: RunLogger
max_iter: 40000
model:
  backbone:
    drop_path_rate: 0.1
    get_embeddings: true
    input_resolution: 512
    layers: 12
    num_tokens: 10
    out_indices:
    - 11
    output_dim: 512
    patch_size: 16
    prompt_dim: 768
    region_level_bridge_size: 16
    total_d_layer: 11
    type: CLIPVisionTransformerWithRLB
    width: 768
  base_class:
  - 0
  - 1
  - 2
  - 3
  - 4
  - 5
  - 6
  - 7
  - 8
  - 9
  - 10
  - 11
  - 12
  - 13
  - 14
  both_class:
  - 0
  - 1
  - 2
  - 3
  - 4
  - 5
  - 6
  - 7
  - 8
  - 9
  - 10
  - 11
  - 12
  - 13
  - 14
  - 15
  - 16
  - 17
  - 18
  - 19
  class_names: *id003
  decode_head:
    all_idx:
    - 0
    - 1
    - 2
    - 3
    - 4
    - 5
    - 6
    - 7
    - 8
    - 9
    - 10
    - 11
    - 12
    - 13
    - 14
    - 15
    - 16
    - 17
    - 18
    - 19
    channels: 512
    embed_dims: 512
    img_size: 512
    in_channels: 512
    num_classes: 15
    num_heads: 8
    num_layers: 3
    seen_idx:
    - 0
    - 1
    - 2
    - 3
    - 4
    - 5
    - 6
    - 7
    - 8
    - 9
    - 10
    - 11
    - 12
    - 13
    - 14
    type: ATMSingleHeadSeg
    use_proj: false
    use_stages: 1
  exclude_key: prompt
  ft_backbone: false
  load_text_embedding: /mnt/fast/nobackup/users/ae01116/multi-modal-dissertation-uos/configs/_base_/datasets/text_embedding/voc12_single.npy
  novel_class:
  - 15
  - 16
  - 17
  - 18
  - 19
  pretrained: /mnt/fast/nobackup/scratch4weeks/ae01116/weights/ViT-B-16-RC-CLIP.pkl
  pretrained_text: /mnt/fast/nobackup/scratch4weeks/ae01116/weights/ViT-B-16-RC-CLIP.pkl
  test_cfg:
    crop_size: !!python/tuple
    - 512
    - 512
    mode: slide
    stride: !!python/tuple
    - 426
    - 426
  text_encoder:
    context_length: 77
    embed_dim: 512
    pretrained: /mnt/fast/nobackup/scratch4weeks/ae01116/weights/ViT-B-16-RC-CLIP.pkl
    transformer_heads: 8
    transformer_layers: 12
    transformer_width: 512
    type: CLIPTextEncoder
  type: CLIPRC
name: clip_rc_zero_vit-b_512x512_40k_voc_10_16
novel_class:
- 15
- 16
- 17
- 18
- 19
optimizer:
  betas: !!python/tuple
  - 0.9
  - 0.999
  lr: 2.0e-05
  type: CustomAdamW
  weight_decay: 0.01
out_indices:
- 11
parameter_groups_generator:
  custom_keys:
    backbone:
      lr_mult: 10.0
    head:
      lr_mult: 10.0
    ln:
      decay_mult: 0.0
    norm:
      decay_mult: 0.0
    text_encoder:
      lr_mult: 0.0
  type: CustomPrameterGroupsGenerator
pretrained: /mnt/fast/nobackup/scratch4weeks/ae01116/weights/ViT-B-16-RC-CLIP.pkl
region_level_bridge_size: 16
scheduler:
  max_steps: 40000
  min_lr: 1.0e-06
  power: 0.9
  type: PolyLR
  warmup: linear
  warmup_iters: 1500
  warmup_ratio: 1.0e-06
test_pipeline:
- type: LoadImageFromFile
- flip: false
  img_scale: *id002
  transforms:
  - keep_ratio: true
    min_size: 512
    type: Resize
  - type: RandomFlip
  - mean:
    - 123.675
    - 116.28
    - 103.53
    std:
    - 58.395
    - 57.12
    - 57.375
    to_rgb: true
    type: Normalize
  - keys:
    - img
    type: ImageToTensor
  - keys:
    - img
    type: Collect
  type: MultiScaleFlipAug
train_pipeline:
- type: LoadImageFromFile
- reduce_zero_label: true
  type: LoadAnnotations
- img_scale: *id002
  ratio_range: *id004
  type: Resize
- cat_max_ratio: 0.75
  crop_size: *id001
  type: RandomCrop
- prob: 0.5
  type: RandomFlip
- type: PhotoMetricDistortion
- mean:
  - 123.675
  - 116.28
  - 103.53
  std:
  - 58.395
  - 57.12
  - 57.375
  to_rgb: true
  type: Normalize
- pad_val: 0
  seg_pad_val: 255
  size: *id001
  type: Pad
- type: DefaultFormatBundle
- keys:
  - img
  - gt_semantic_seg
  type: Collect
work_dir: work_dirs/clip_rc_zero_vit-b_512x512_40k_voc_10_16

Thu Aug  1 13:17:59 2024  model:CLIPRC(
    backbone: CLIPVisionTransformerWithRLB(
        conv1: Conv(3, 768, (16, 16), (16, 16), (0, 0), (1, 1), 1, None, None, Kw=None, fan=None, i=None, bound=None)
        ln_pre: LayerNorm((768,), 1e-05, elementwise_affine=True)
        transformer: Transformer(
            resblocks: Sequential(
                0: ResidualAttentionBlock(
                    attn: MultiheadAttention(
                        out_proj: Linear(768, 768, float32[768,], None)
                    )
                    ln_1: LayerNorm((768,), 1e-05, elementwise_affine=True)
                    mlp: Sequential(
                        c_fc: Linear(768, 3072, float32[3072,], None)
                        gelu: QuickGELU(None, None)
                        c_proj: Linear(3072, 768, float32[768,], None)
                    )
                    ln_2: LayerNorm((768,), 1e-05, elementwise_affine=True)
                    drop_path: Identity(None, None)
                )
                1: ResidualAttentionBlock(
                    attn: MultiheadAttention(
                        out_proj: Linear(768, 768, float32[768,], None)
                    )
                    ln_1: LayerNorm((768,), 1e-05, elementwise_affine=True)
                    mlp: Sequential(
                        c_fc: Linear(768, 3072, float32[3072,], None)
                        gelu: QuickGELU(None, None)
                        c_proj: Linear(3072, 768, float32[768,], None)
                    )
                    ln_2: LayerNorm((768,), 1e-05, elementwise_affine=True)
                    drop_path: DropPath(p=0.00909090880304575)
                )
                2: ResidualAttentionBlock(
                    attn: MultiheadAttention(
                        out_proj: Linear(768, 768, float32[768,], None)
                    )
                    ln_1: LayerNorm((768,), 1e-05, elementwise_affine=True)
                    mlp: Sequential(
                        c_fc: Linear(768, 3072, float32[3072,], None)
                        gelu: QuickGELU(None, None)
                        c_proj: Linear(3072, 768, float32[768,], None)
                    )
                    ln_2: LayerNorm((768,), 1e-05, elementwise_affine=True)
                    drop_path: DropPath(p=0.0181818176060915)
                )
                3: ResidualAttentionBlock(
                    attn: MultiheadAttention(
                        out_proj: Linear(768, 768, float32[768,], None)
                    )
                    ln_1: LayerNorm((768,), 1e-05, elementwise_affine=True)
                    mlp: Sequential(
                        c_fc: Linear(768, 3072, float32[3072,], None)
                        gelu: QuickGELU(None, None)
                        c_proj: Linear(3072, 768, float32[768,], None)
                    )
                    ln_2: LayerNorm((768,), 1e-05, elementwise_affine=True)
                    drop_path: DropPath(p=0.027272727340459824)
                )
                4: ResidualAttentionBlock(
                    attn: MultiheadAttention(
                        out_proj: Linear(768, 768, float32[768,], None)
                    )
                    ln_1: LayerNorm((768,), 1e-05, elementwise_affine=True)
                    mlp: Sequential(
                        c_fc: Linear(768, 3072, float32[3072,], None)
                        gelu: QuickGELU(None, None)
                        c_proj: Linear(3072, 768, float32[768,], None)
                    )
                    ln_2: LayerNorm((768,), 1e-05, elementwise_affine=True)
                    drop_path: DropPath(p=0.036363635212183)
                )
                5: ResidualAttentionBlock(
                    attn: MultiheadAttention(
                        out_proj: Linear(768, 768, float32[768,], None)
                    )
                    ln_1: LayerNorm((768,), 1e-05, elementwise_affine=True)
                    mlp: Sequential(
                        c_fc: Linear(768, 3072, float32[3072,], None)
                        gelu: QuickGELU(None, None)
                        c_proj: Linear(3072, 768, float32[768,], None)
                    )
                    ln_2: LayerNorm((768,), 1e-05, elementwise_affine=True)
                    drop_path: DropPath(p=0.045454543083906174)
                )
                6: ResidualAttentionBlock(
                    attn: MultiheadAttention(
                        out_proj: Linear(768, 768, float32[768,], None)
                    )
                    ln_1: LayerNorm((768,), 1e-05, elementwise_affine=True)
                    mlp: Sequential(
                        c_fc: Linear(768, 3072, float32[3072,], None)
                        gelu: QuickGELU(None, None)
                        c_proj: Linear(3072, 768, float32[768,], None)
                    )
                    ln_2: LayerNorm((768,), 1e-05, elementwise_affine=True)
                    drop_path: DropPath(p=0.05454545468091965)
                )
                7: ResidualAttentionBlock(
                    attn: MultiheadAttention(
                        out_proj: Linear(768, 768, float32[768,], None)
                    )
                    ln_1: LayerNorm((768,), 1e-05, elementwise_affine=True)
                    mlp: Sequential(
                        c_fc: Linear(768, 3072, float32[3072,], None)
                        gelu: QuickGELU(None, None)
                        c_proj: Linear(3072, 768, float32[768,], None)
                    )
                    ln_2: LayerNorm((768,), 1e-05, elementwise_affine=True)
                    drop_path: DropPath(p=0.06363636255264282)
                )
                8: ResidualAttentionBlock(
                    attn: MultiheadAttention(
                        out_proj: Linear(768, 768, float32[768,], None)
                    )
                    ln_1: LayerNorm((768,), 1e-05, elementwise_affine=True)
                    mlp: Sequential(
                        c_fc: Linear(768, 3072, float32[3072,], None)
                        gelu: QuickGELU(None, None)
                        c_proj: Linear(3072, 768, float32[768,], None)
                    )
                    ln_2: LayerNorm((768,), 1e-05, elementwise_affine=True)
                    drop_path: DropPath(p=0.072727270424366)
                )
                9: ResidualAttentionBlock(
                    attn: MultiheadAttention(
                        out_proj: Linear(768, 768, float32[768,], None)
                    )
                    ln_1: LayerNorm((768,), 1e-05, elementwise_affine=True)
                    mlp: Sequential(
                        c_fc: Linear(768, 3072, float32[3072,], None)
                        gelu: QuickGELU(None, None)
                        c_proj: Linear(3072, 768, float32[768,], None)
                    )
                    ln_2: LayerNorm((768,), 1e-05, elementwise_affine=True)
                    drop_path: DropPath(p=0.08181817829608917)
                )
                10: ResidualAttentionBlock(
                    attn: MultiheadAttention(
                        out_proj: Linear(768, 768, float32[768,], None)
                    )
                    ln_1: LayerNorm((768,), 1e-05, elementwise_affine=True)
                    mlp: Sequential(
                        c_fc: Linear(768, 3072, float32[3072,], None)
                        gelu: QuickGELU(None, None)
                        c_proj: Linear(3072, 768, float32[768,], None)
                    )
                    ln_2: LayerNorm((768,), 1e-05, elementwise_affine=True)
                    drop_path: DropPath(p=0.09090908616781235)
                )
                11: ResidualAttentionBlock(
                    attn: MultiheadAttention(
                        out_proj: Linear(768, 768, float32[768,], None)
                    )
                    ln_1: LayerNorm((768,), 1e-05, elementwise_affine=True)
                    mlp: Sequential(
                        c_fc: Linear(768, 3072, float32[3072,], None)
                        gelu: QuickGELU(None, None)
                        c_proj: Linear(3072, 768, float32[768,], None)
                    )
                    ln_2: LayerNorm((768,), 1e-05, elementwise_affine=True)
                    drop_path: DropPath(p=0.09999999403953552)
                )
            )
        )
        ln_post: LayerNorm((768,), 1e-05, elementwise_affine=True)
        prompt_proj: Linear(768, 768, float32[768,], None)
        prompt_norm: LayerNorm((768,), 1e-06, elementwise_affine=True)
        prompt_dropout: Dropout(0.1, is_train=False)
    )
    decode_head: ATMSingleHeadSeg(
        loss_decode: CrossEntropyLoss(avg_non_ignore=False)
        dropout: Dropout(0.1, is_train=False)
        input_proj_1: Identity(None, None)
        proj_norm_1: Identity(None, None)
        decoder_q: TPN_Decoder(
            layers: Sequential(
                0: TPN_DecoderLayer(
                    linear1: Linear(512, 2048, float32[2048,], None)
                    dropout: Dropout(0.1, is_train=False)
                    linear2: Linear(2048, 512, float32[512,], None)
                    norm2: LayerNorm((512,), 1e-05, elementwise_affine=True)
                    norm3: LayerNorm((512,), 1e-05, elementwise_affine=True)
                    dropout1: Dropout(0.1, is_train=False)
                    dropout2: Dropout(0.1, is_train=False)
                    dropout3: Dropout(0.1, is_train=False)
                    multihead_attn: Attention(
                        q: Linear(512, 512, float32[512,], None)
                        k: Linear(512, 512, float32[512,], None)
                        v: Linear(512, 512, float32[512,], None)
                        attn_drop: Dropout(0.1, is_train=False)
                        proj: Linear(512, 512, float32[512,], None)
                        proj_drop: Dropout(0.0, is_train=False)
                    )
                )
                1: TPN_DecoderLayer(
                    linear1: Linear(512, 2048, float32[2048,], None)
                    dropout: Dropout(0.1, is_train=False)
                    linear2: Linear(2048, 512, float32[512,], None)
                    norm2: LayerNorm((512,), 1e-05, elementwise_affine=True)
                    norm3: LayerNorm((512,), 1e-05, elementwise_affine=True)
                    dropout1: Dropout(0.1, is_train=False)
                    dropout2: Dropout(0.1, is_train=False)
                    dropout3: Dropout(0.1, is_train=False)
                    multihead_attn: Attention(
                        q: Linear(512, 512, float32[512,], None)
                        k: Linear(512, 512, float32[512,], None)
                        v: Linear(512, 512, float32[512,], None)
                        attn_drop: Dropout(0.1, is_train=False)
                        proj: Linear(512, 512, float32[512,], None)
                        proj_drop: Dropout(0.0, is_train=False)
                    )
                )
                2: TPN_DecoderLayer(
                    linear1: Linear(512, 2048, float32[2048,], None)
                    dropout: Dropout(0.1, is_train=False)
                    linear2: Linear(2048, 512, float32[512,], None)
                    norm2: LayerNorm((512,), 1e-05, elementwise_affine=True)
                    norm3: LayerNorm((512,), 1e-05, elementwise_affine=True)
                    dropout1: Dropout(0.1, is_train=False)
                    dropout2: Dropout(0.1, is_train=False)
                    dropout3: Dropout(0.1, is_train=False)
                    multihead_attn: Attention(
                        q: Linear(512, 512, float32[512,], None)
                        k: Linear(512, 512, float32[512,], None)
                        v: Linear(512, 512, float32[512,], None)
                        attn_drop: Dropout(0.1, is_train=False)
                        proj: Linear(512, 512, float32[512,], None)
                        proj_drop: Dropout(0.0, is_train=False)
                    )
                )
            )
        )
        decoder_v: TPN_Decoder(
            layers: Sequential(
                0: TPN_DecoderLayer(
                    linear1: Linear(512, 2048, float32[2048,], None)
                    dropout: Dropout(0.1, is_train=False)
                    linear2: Linear(2048, 512, float32[512,], None)
                    norm2: LayerNorm((512,), 1e-05, elementwise_affine=True)
                    norm3: LayerNorm((512,), 1e-05, elementwise_affine=True)
                    dropout1: Dropout(0.1, is_train=False)
                    dropout2: Dropout(0.1, is_train=False)
                    dropout3: Dropout(0.1, is_train=False)
                    multihead_attn: Attention(
                        q: Linear(512, 512, float32[512,], None)
                        k: Linear(512, 512, float32[512,], None)
                        v: Linear(512, 512, float32[512,], None)
                        attn_drop: Dropout(0.1, is_train=False)
                        proj: Linear(512, 512, float32[512,], None)
                        proj_drop: Dropout(0.0, is_train=False)
                    )
                )
                1: TPN_DecoderLayer(
                    linear1: Linear(512, 2048, float32[2048,], None)
                    dropout: Dropout(0.1, is_train=False)
                    linear2: Linear(2048, 512, float32[512,], None)
                    norm2: LayerNorm((512,), 1e-05, elementwise_affine=True)
                    norm3: LayerNorm((512,), 1e-05, elementwise_affine=True)
                    dropout1: Dropout(0.1, is_train=False)
                    dropout2: Dropout(0.1, is_train=False)
                    dropout3: Dropout(0.1, is_train=False)
                    multihead_attn: Attention(
                        q: Linear(512, 512, float32[512,], None)
                        k: Linear(512, 512, float32[512,], None)
                        v: Linear(512, 512, float32[512,], None)
                        attn_drop: Dropout(0.1, is_train=False)
                        proj: Linear(512, 512, float32[512,], None)
                        proj_drop: Dropout(0.0, is_train=False)
                    )
                )
                2: TPN_DecoderLayer(
                    linear1: Linear(512, 2048, float32[2048,], None)
                    dropout: Dropout(0.1, is_train=False)
                    linear2: Linear(2048, 512, float32[512,], None)
                    norm2: LayerNorm((512,), 1e-05, elementwise_affine=True)
                    norm3: LayerNorm((512,), 1e-05, elementwise_affine=True)
                    dropout1: Dropout(0.1, is_train=False)
                    dropout2: Dropout(0.1, is_train=False)
                    dropout3: Dropout(0.1, is_train=False)
                    multihead_attn: Attention(
                        q: Linear(512, 512, float32[512,], None)
                        k: Linear(512, 512, float32[512,], None)
                        v: Linear(512, 512, float32[512,], None)
                        attn_drop: Dropout(0.1, is_train=False)
                        proj: Linear(512, 512, float32[512,], None)
                        proj_drop: Dropout(0.0, is_train=False)
                    )
                )
            )
        )
        recovery_decoder: RecoveryDecoder(
            decouple_q: Sequential(
                0: TPN_DecoderLayer(
                    linear1: Linear(512, 2048, float32[2048,], None)
                    dropout: Dropout(0.1, is_train=False)
                    linear2: Linear(2048, 512, float32[512,], None)
                    norm2: LayerNorm((512,), 1e-05, elementwise_affine=True)
                    norm3: LayerNorm((512,), 1e-05, elementwise_affine=True)
                    dropout1: Dropout(0.1, is_train=False)
                    dropout2: Dropout(0.1, is_train=False)
                    dropout3: Dropout(0.1, is_train=False)
                    multihead_attn: Attention(
                        q: Linear(512, 512, float32[512,], None)
                        k: Linear(512, 512, float32[512,], None)
                        v: Linear(512, 512, float32[512,], None)
                        attn_drop: Dropout(0.1, is_train=False)
                        proj: Linear(512, 512, float32[512,], None)
                        proj_drop: Dropout(0.0, is_train=False)
                    )
                )
            )
            decouple_v: Sequential(
                0: TPN_DecoderLayer(
                    linear1: Linear(512, 2048, float32[2048,], None)
                    dropout: Dropout(0.1, is_train=False)
                    linear2: Linear(2048, 512, float32[512,], None)
                    norm2: LayerNorm((512,), 1e-05, elementwise_affine=True)
                    norm3: LayerNorm((512,), 1e-05, elementwise_affine=True)
                    dropout1: Dropout(0.1, is_train=False)
                    dropout2: Dropout(0.1, is_train=False)
                    dropout3: Dropout(0.1, is_train=False)
                    multihead_attn: Attention(
                        q: Linear(512, 512, float32[512,], None)
                        k: Linear(512, 512, float32[512,], None)
                        v: Linear(512, 512, float32[512,], None)
                        attn_drop: Dropout(0.1, is_train=False)
                        proj: Linear(512, 512, float32[512,], None)
                        proj_drop: Dropout(0.0, is_train=False)
                    )
                )
            )
            linear_q_in: Linear(512, 512, float32[512,], None)
            linear_k_in: Linear(512, 512, float32[512,], None)
            linear_q_out: Linear(512, 1024, float32[1024,], None)
            linear_k_out: Linear(512, 512, float32[512,], None)
        )
        lateral_proj: Linear(1536, 512, float32[512,], None)
        q_proj: Linear(1024, 512, float32[512,], None)
    )
    text_encoder: CLIPTextEncoder(
        transformer: Transformer(
            resblocks: Sequential(
                0: ResidualAttentionBlock(
                    attn: MultiheadAttention(
                        out_proj: Linear(512, 512, float32[512,], None)
                    )
                    ln_1: LayerNorm((512,), 1e-05, elementwise_affine=True)
                    mlp: Sequential(
                        c_fc: Linear(512, 2048, float32[2048,], None)
                        gelu: QuickGELU(None, None)
                        c_proj: Linear(2048, 512, float32[512,], None)
                    )
                    ln_2: LayerNorm((512,), 1e-05, elementwise_affine=True)
                    drop_path: Identity(None, None)
                )
                1: ResidualAttentionBlock(
                    attn: MultiheadAttention(
                        out_proj: Linear(512, 512, float32[512,], None)
                    )
                    ln_1: LayerNorm((512,), 1e-05, elementwise_affine=True)
                    mlp: Sequential(
                        c_fc: Linear(512, 2048, float32[2048,], None)
                        gelu: QuickGELU(None, None)
                        c_proj: Linear(2048, 512, float32[512,], None)
                    )
                    ln_2: LayerNorm((512,), 1e-05, elementwise_affine=True)
                    drop_path: Identity(None, None)
                )
                2: ResidualAttentionBlock(
                    attn: MultiheadAttention(
                        out_proj: Linear(512, 512, float32[512,], None)
                    )
                    ln_1: LayerNorm((512,), 1e-05, elementwise_affine=True)
                    mlp: Sequential(
                        c_fc: Linear(512, 2048, float32[2048,], None)
                        gelu: QuickGELU(None, None)
                        c_proj: Linear(2048, 512, float32[512,], None)
                    )
                    ln_2: LayerNorm((512,), 1e-05, elementwise_affine=True)
                    drop_path: Identity(None, None)
                )
                3: ResidualAttentionBlock(
                    attn: MultiheadAttention(
                        out_proj: Linear(512, 512, float32[512,], None)
                    )
                    ln_1: LayerNorm((512,), 1e-05, elementwise_affine=True)
                    mlp: Sequential(
                        c_fc: Linear(512, 2048, float32[2048,], None)
                        gelu: QuickGELU(None, None)
                        c_proj: Linear(2048, 512, float32[512,], None)
                    )
                    ln_2: LayerNorm((512,), 1e-05, elementwise_affine=True)
                    drop_path: Identity(None, None)
                )
                4: ResidualAttentionBlock(
                    attn: MultiheadAttention(
                        out_proj: Linear(512, 512, float32[512,], None)
                    )
                    ln_1: LayerNorm((512,), 1e-05, elementwise_affine=True)
                    mlp: Sequential(
                        c_fc: Linear(512, 2048, float32[2048,], None)
                        gelu: QuickGELU(None, None)
                        c_proj: Linear(2048, 512, float32[512,], None)
                    )
                    ln_2: LayerNorm((512,), 1e-05, elementwise_affine=True)
                    drop_path: Identity(None, None)
                )
                5: ResidualAttentionBlock(
                    attn: MultiheadAttention(
                        out_proj: Linear(512, 512, float32[512,], None)
                    )
                    ln_1: LayerNorm((512,), 1e-05, elementwise_affine=True)
                    mlp: Sequential(
                        c_fc: Linear(512, 2048, float32[2048,], None)
                        gelu: QuickGELU(None, None)
                        c_proj: Linear(2048, 512, float32[512,], None)
                    )
                    ln_2: LayerNorm((512,), 1e-05, elementwise_affine=True)
                    drop_path: Identity(None, None)
                )
                6: ResidualAttentionBlock(
                    attn: MultiheadAttention(
                        out_proj: Linear(512, 512, float32[512,], None)
                    )
                    ln_1: LayerNorm((512,), 1e-05, elementwise_affine=True)
                    mlp: Sequential(
                        c_fc: Linear(512, 2048, float32[2048,], None)
                        gelu: QuickGELU(None, None)
                        c_proj: Linear(2048, 512, float32[512,], None)
                    )
                    ln_2: LayerNorm((512,), 1e-05, elementwise_affine=True)
                    drop_path: Identity(None, None)
                )
                7: ResidualAttentionBlock(
                    attn: MultiheadAttention(
                        out_proj: Linear(512, 512, float32[512,], None)
                    )
                    ln_1: LayerNorm((512,), 1e-05, elementwise_affine=True)
                    mlp: Sequential(
                        c_fc: Linear(512, 2048, float32[2048,], None)
                        gelu: QuickGELU(None, None)
                        c_proj: Linear(2048, 512, float32[512,], None)
                    )
                    ln_2: LayerNorm((512,), 1e-05, elementwise_affine=True)
                    drop_path: Identity(None, None)
                )
                8: ResidualAttentionBlock(
                    attn: MultiheadAttention(
                        out_proj: Linear(512, 512, float32[512,], None)
                    )
                    ln_1: LayerNorm((512,), 1e-05, elementwise_affine=True)
                    mlp: Sequential(
                        c_fc: Linear(512, 2048, float32[2048,], None)
                        gelu: QuickGELU(None, None)
                        c_proj: Linear(2048, 512, float32[512,], None)
                    )
                    ln_2: LayerNorm((512,), 1e-05, elementwise_affine=True)
                    drop_path: Identity(None, None)
                )
                9: ResidualAttentionBlock(
                    attn: MultiheadAttention(
                        out_proj: Linear(512, 512, float32[512,], None)
                    )
                    ln_1: LayerNorm((512,), 1e-05, elementwise_affine=True)
                    mlp: Sequential(
                        c_fc: Linear(512, 2048, float32[2048,], None)
                        gelu: QuickGELU(None, None)
                        c_proj: Linear(2048, 512, float32[512,], None)
                    )
                    ln_2: LayerNorm((512,), 1e-05, elementwise_affine=True)
                    drop_path: Identity(None, None)
                )
                10: ResidualAttentionBlock(
                    attn: MultiheadAttention(
                        out_proj: Linear(512, 512, float32[512,], None)
                    )
                    ln_1: LayerNorm((512,), 1e-05, elementwise_affine=True)
                    mlp: Sequential(
                        c_fc: Linear(512, 2048, float32[2048,], None)
                        gelu: QuickGELU(None, None)
                        c_proj: Linear(2048, 512, float32[512,], None)
                    )
                    ln_2: LayerNorm((512,), 1e-05, elementwise_affine=True)
                    drop_path: Identity(None, None)
                )
                11: ResidualAttentionBlock(
                    attn: MultiheadAttention(
                        out_proj: Linear(512, 512, float32[512,], None)
                    )
                    ln_1: LayerNorm((512,), 1e-05, elementwise_affine=True)
                    mlp: Sequential(
                        c_fc: Linear(512, 2048, float32[2048,], None)
                        gelu: QuickGELU(None, None)
                        c_proj: Linear(2048, 512, float32[512,], None)
                    )
                    ln_2: LayerNorm((512,), 1e-05, elementwise_affine=True)
                    drop_path: Identity(None, None)
                )
            )
        )
        token_embedding: Embedding(49408, 512, None, dtype=None)
        ln_final: LayerNorm((512,), 1e-05, elementwise_affine=True)
    )
)
Loaded 10582 images
Loaded 1449 images
Thu Aug  1 13:17:59 2024 Start running
Thu Aug  1 13:18:17 2024 Start running
Thu Aug  1 13:18:47 2024 Start running
Thu Aug  1 13:19:17 2024 Start running
Traceback (most recent call last):
  File "/mnt/fast/nobackup/scratch4weeks/ae01116/zegenv/lib/python3.9/site-packages/jittor/dataset/dataset.py", line 258, in _worker_main
    batch.append(self[i])
  File "/mnt/fast/nobackup/users/ae01116/multi-modal-dissertation-uos/jseg/datasets/custom.py", line 129, in __getitem__
    return self.prepare_train_img(idx)
  File "/mnt/fast/nobackup/users/ae01116/multi-modal-dissertation-uos/jseg/datasets/custom.py", line 136, in prepare_train_img
    return self.pipeline(results)
  File "/mnt/fast/nobackup/users/ae01116/multi-modal-dissertation-uos/jseg/datasets/pipelines/compose.py", line 22, in __call__
    data = t(data)
  File "/mnt/fast/nobackup/users/ae01116/multi-modal-dissertation-uos/jseg/datasets/pipelines/formating.py", line 23, in __call__
    results['gt_semantic_seg'] = to_tensor(
  File "/mnt/fast/nobackup/users/ae01116/multi-modal-dissertation-uos/jseg/datasets/pipelines/formating.py", line 8, in to_tensor
    return jt.Var(data)
RuntimeError: Wrong inputs arguments, Please refer to examples(help(jt.__init__)).

Types of your inputs are:
 self	= Var,
 args	= (ndarray, ),

The function declarations are:
 VarHolder(PyObject* v, NanoString dtype=ns_void)
cuda
Failed reason:[f 0801 13:19:33.881474 32 helper_cuda.h:128] CUDA error at /mnt/fast/nobackup/scratch4weeks/ae01116/zegenv/lib/python3.9/site-packages/jittor/src/mem/allocator/_host_allocator.cc:22  code=3( cudaErrorInitializationError ) cudaMallocHost(&ptr, size)

-------------------------------------------------------
Primary job  terminated normally, but 1 process returned
a non-zero exit code.. Per user-direction, the job has been aborted.
-------------------------------------------------------
--------------------------------------------------------------------------
mpirun detected that one or more processes exited with non-zero status, thus causing
the job to be terminated. The first process to do so was:

  Process name: [[45756,1],0]
  Exit code:    1
--------------------------------------------------------------------------
Beginning training script
