000 (178644.000.000) 2024-08-01 12:02:54 Job submitted from host: <131.227.81.127:9618?addrs=131.227.81.127-9618&alias=aisurrey-condor.surrey.ac.uk&noUDP&sock=schedd_1795_cc96>
...
040 (178644.000.000) 2024-08-01 12:02:54 Started transferring input files
	Transferring to host: <131.227.80.134:9618?addrs=131.227.80.134-9618&alias=aisurrey19.surrey.ac.uk&noUDP&sock=slot1_3_4848_9abe_8455>
...
040 (178644.000.000) 2024-08-01 12:02:55 Finished transferring input files
...
001 (178644.000.000) 2024-08-01 12:02:56 Job executing on host: <131.227.80.134:9618?addrs=131.227.80.134-9618&alias=aisurrey19.surrey.ac.uk&noUDP&sock=startd_4709_8f90>
...
006 (178644.000.000) 2024-08-01 12:03:04 Image size of job updated: 17500
	207  -  MemoryUsage of job (MB)
	212040  -  ResidentSetSize of job (KB)
...
006 (178644.000.000) 2024-08-01 12:05:03 Image size of job updated: 26646
	26646  -  MemoryUsage of job (MB)
	27285688  -  ResidentSetSize of job (KB)
...
040 (178644.000.000) 2024-08-01 12:05:03 Started transferring output files
...
040 (178644.000.000) 2024-08-01 12:05:03 Finished transferring output files
...
005 (178644.000.000) 2024-08-01 12:05:03 Job terminated.
	(1) Normal termination (return value 0)
		Usr 0 00:00:01, Sys 0 00:00:00  -  Run Remote Usage
		Usr 0 00:00:00, Sys 0 00:00:00  -  Run Local Usage
		Usr 0 00:00:01, Sys 0 00:00:00  -  Total Remote Usage
		Usr 0 00:00:00, Sys 0 00:00:00  -  Total Local Usage
	6082  -  Run Bytes Sent By Job
	16251893  -  Run Bytes Received By Job
	6082  -  Total Bytes Sent By Job
	16251893  -  Total Bytes Received By Job
	Partitionable Resources :    Usage  Request Allocated Assigned
	   Cpus                 :     0.00        4         4 
	   Disk (KB)            : 16065       17500    652975 
	   Gpus (Average)       :     0.04        4         4 "CUDA3,CUDA4,CUDA5,CUDA6"
	   GpusMemory (MB)      :  2784                       
	   Memory (MB)          : 26646       65536     65536 

	Job terminated of its own accord at 2024-08-01T11:05:03Z.
...
