000 (178719.000.000) 2024-08-01 15:04:52 Job submitted from host: <131.227.81.127:9618?addrs=131.227.81.127-9618&alias=aisurrey-condor.surrey.ac.uk&noUDP&sock=schedd_1795_cc96>
...
040 (178719.000.000) 2024-08-01 15:04:52 Started transferring input files
	Transferring to host: <131.227.80.126:9618?addrs=131.227.80.126-9618&alias=aisurrey14.surrey.ac.uk&noUDP&sock=slot1_1_4748_253a_18238>
...
040 (178719.000.000) 2024-08-01 15:04:52 Finished transferring input files
...
001 (178719.000.000) 2024-08-01 15:04:53 Job executing on host: <131.227.80.126:9618?addrs=131.227.80.126-9618&alias=aisurrey14.surrey.ac.uk&noUDP&sock=startd_4608_487f>
...
006 (178719.000.000) 2024-08-01 15:05:02 Image size of job updated: 17500
	157  -  MemoryUsage of job (MB)
	161396  -  ResidentSetSize of job (KB)
...
006 (178719.000.000) 2024-08-01 15:06:54 Image size of job updated: 17500
	6047  -  MemoryUsage of job (MB)
	6193056  -  ResidentSetSize of job (KB)
...
040 (178719.000.000) 2024-08-01 15:06:54 Started transferring output files
...
040 (178719.000.000) 2024-08-01 15:06:54 Finished transferring output files
...
005 (178719.000.000) 2024-08-01 15:06:54 Job terminated.
	(1) Normal termination (return value 0)
		Usr 0 00:00:01, Sys 0 00:00:00  -  Run Remote Usage
		Usr 0 00:00:00, Sys 0 00:00:00  -  Run Local Usage
		Usr 0 00:00:01, Sys 0 00:00:00  -  Total Remote Usage
		Usr 0 00:00:00, Sys 0 00:00:00  -  Total Local Usage
	6082  -  Run Bytes Sent By Job
	16252046  -  Run Bytes Received By Job
	6082  -  Total Bytes Sent By Job
	16252046  -  Total Bytes Received By Job
	Partitionable Resources :    Usage  Request Allocated Assigned
	   Cpus                 :     0           4         4 
	   Disk (KB)            : 24095       17500    652975 
	   Gpus (Average)       :     0.00        4         4 "CUDA0,CUDA1,CUDA3,CUDA4"
	   GpusMemory (MB)      :   323                       
	   Memory (MB)          :  6047       65536     65536 

	Job terminated of its own accord at 2024-08-01T14:06:54Z.
...
