000 (178661.000.000) 2024-08-01 12:48:44 Job submitted from host: <131.227.81.127:9618?addrs=131.227.81.127-9618&alias=aisurrey-condor.surrey.ac.uk&noUDP&sock=schedd_1795_cc96>
...
040 (178661.000.000) 2024-08-01 12:48:53 Started transferring input files
	Transferring to host: <131.227.80.134:9618?addrs=131.227.80.134-9618&alias=aisurrey19.surrey.ac.uk&noUDP&sock=slot1_1_4848_9abe_8475>
...
040 (178661.000.000) 2024-08-01 12:48:53 Finished transferring input files
...
001 (178661.000.000) 2024-08-01 12:48:54 Job executing on host: <131.227.80.134:9618?addrs=131.227.80.134-9618&alias=aisurrey19.surrey.ac.uk&noUDP&sock=startd_4709_8f90>
...
006 (178661.000.000) 2024-08-01 12:49:03 Image size of job updated: 17500
	429  -  MemoryUsage of job (MB)
	439744  -  ResidentSetSize of job (KB)
...
006 (178661.000.000) 2024-08-01 12:50:10 Image size of job updated: 26789
	26789  -  MemoryUsage of job (MB)
	27432900  -  ResidentSetSize of job (KB)
...
040 (178661.000.000) 2024-08-01 12:50:10 Started transferring output files
...
040 (178661.000.000) 2024-08-01 12:50:10 Finished transferring output files
...
005 (178661.000.000) 2024-08-01 12:50:10 Job terminated.
	(1) Normal termination (return value 0)
		Usr 0 00:02:22, Sys 0 00:00:57  -  Run Remote Usage
		Usr 0 00:00:00, Sys 0 00:00:00  -  Run Local Usage
		Usr 0 00:02:22, Sys 0 00:00:57  -  Total Remote Usage
		Usr 0 00:00:00, Sys 0 00:00:00  -  Total Local Usage
	6082  -  Run Bytes Sent By Job
	16251893  -  Run Bytes Received By Job
	6082  -  Total Bytes Sent By Job
	16251893  -  Total Bytes Received By Job
	Partitionable Resources :    Usage  Request Allocated Assigned
	   Cpus                 :     0.00        4         4 
	   Disk (KB)            : 16008       17500    652975 
	   Gpus (Average)       :     0.07        4         4 "CUDA0,CUDA3,CUDA4,CUDA5"
	   GpusMemory (MB)      :  2784                       
	   Memory (MB)          : 26789       65536     65536 

	Job terminated of its own accord at 2024-08-01T11:50:10Z.
...
