000 (178672.000.000) 2024-08-01 13:15:39 Job submitted from host: <131.227.81.127:9618?addrs=131.227.81.127-9618&alias=aisurrey-condor.surrey.ac.uk&noUDP&sock=schedd_1795_cc96>
...
040 (178672.000.000) 2024-08-01 13:15:40 Started transferring input files
	Transferring to host: <131.227.80.126:9618?addrs=131.227.80.126-9618&alias=aisurrey14.surrey.ac.uk&noUDP&sock=slot1_1_4748_253a_18197>
...
040 (178672.000.000) 2024-08-01 13:15:40 Finished transferring input files
...
001 (178672.000.000) 2024-08-01 13:15:41 Job executing on host: <131.227.80.126:9618?addrs=131.227.80.126-9618&alias=aisurrey14.surrey.ac.uk&noUDP&sock=startd_4608_487f>
...
006 (178672.000.000) 2024-08-01 13:15:50 Image size of job updated: 17500
	267  -  MemoryUsage of job (MB)
	273588  -  ResidentSetSize of job (KB)
...
006 (178672.000.000) 2024-08-01 13:17:35 Image size of job updated: 17500
	6033  -  MemoryUsage of job (MB)
	6178624  -  ResidentSetSize of job (KB)
...
040 (178672.000.000) 2024-08-01 13:17:35 Started transferring output files
...
040 (178672.000.000) 2024-08-01 13:17:35 Finished transferring output files
...
005 (178672.000.000) 2024-08-01 13:17:35 Job terminated.
	(1) Normal termination (return value 0)
		Usr 0 00:05:24, Sys 0 00:01:03  -  Run Remote Usage
		Usr 0 00:00:00, Sys 0 00:00:00  -  Run Local Usage
		Usr 0 00:05:24, Sys 0 00:01:03  -  Total Remote Usage
		Usr 0 00:00:00, Sys 0 00:00:00  -  Total Local Usage
	6082  -  Run Bytes Sent By Job
	16252046  -  Run Bytes Received By Job
	6082  -  Total Bytes Sent By Job
	16252046  -  Total Bytes Received By Job
	Partitionable Resources :    Usage  Request Allocated Assigned
	   Cpus                 :     0.00        4         4 
	   Disk (KB)            : 16075       17500    652975 
	   Gpus (Average)       :     0.00        4         4 "CUDA0,CUDA1,CUDA3,CUDA5"
	   GpusMemory (MB)      :   323                       
	   Memory (MB)          :  6033       65536     65536 

	Job terminated of its own accord at 2024-08-01T12:17:35Z.
...
