Torch cache cleared
Loading config from:  /mnt/fast/nobackup/users/ae01116/multi-modal-dissertation-uos/configs/voc12/clip_rc_zero_vit-b_512x512_40k_voc_10_16.py
Torch cache cleared
Loading config from:  /mnt/fast/nobackup/users/ae01116/multi-modal-dissertation-uos/configs/voc12/clip_rc_zero_vit-b_512x512_40k_voc_10_16.py
Torch cache cleared
Loading config from:  /mnt/fast/nobackup/users/ae01116/multi-modal-dissertation-uos/configs/voc12/clip_rc_zero_vit-b_512x512_40k_voc_10_16.py
Torch cache cleared
Loading config from:  /mnt/fast/nobackup/users/ae01116/multi-modal-dissertation-uos/configs/voc12/clip_rc_zero_vit-b_512x512_40k_voc_10_16.py
Resize the pos_embed shape from (197, 768) to [1025,768,]
Resize the pos_embed shape from (197, 768) to [1025,768,]
Resize the pos_embed shape from (197, 768) to [1025,768,]
Resize the pos_embed shape from (197, 768) to [1025,768,]
Making visible mask for zero-shot setting: [  0   1   2   3   4   5   6   7   8   9  10  11  12  13  14  -1  -1  -1
  -1  -1  -1  -1  -1  -1  -1  -1  -1  -1  -1  -1  -1  -1  -1  -1  -1  -1
  -1  -1  -1  -1  -1  -1  -1  -1  -1  -1  -1  -1  -1  -1  -1  -1  -1  -1
  -1  -1  -1  -1  -1  -1  -1  -1  -1  -1  -1  -1  -1  -1  -1  -1  -1  -1
  -1  -1  -1  -1  -1  -1  -1  -1  -1  -1  -1  -1  -1  -1  -1  -1  -1  -1
  -1  -1  -1  -1  -1  -1  -1  -1  -1  -1  -1  -1  -1  -1  -1  -1  -1  -1
  -1  -1  -1  -1  -1  -1  -1  -1  -1  -1  -1  -1  -1  -1  -1  -1  -1  -1
  -1  -1  -1  -1  -1  -1  -1  -1  -1  -1  -1  -1  -1  -1  -1  -1  -1  -1
  -1  -1  -1  -1  -1  -1  -1  -1  -1  -1  -1  -1  -1  -1  -1  -1  -1  -1
  -1  -1  -1  -1  -1  -1  -1  -1  -1  -1  -1  -1  -1  -1  -1  -1  -1  -1
  -1  -1  -1  -1  -1  -1  -1  -1  -1  -1  -1  -1  -1  -1  -1  -1  -1  -1
  -1  -1  -1  -1  -1  -1  -1  -1  -1  -1  -1  -1  -1  -1  -1  -1  -1  -1
  -1  -1  -1  -1  -1  -1  -1  -1  -1  -1  -1  -1  -1  -1  -1  -1  -1  -1
  -1  -1  -1  -1  -1  -1  -1  -1  -1  -1  -1  -1  -1  -1  -1  -1  -1  -1
  -1  -1  -1 255]
--------------------------------------
Finetune layer in segmentor: backbone.prompt_embeddings
Finetune layer in segmentor: backbone.deep_prompt_embeddings
Finetune layer in segmentor: backbone.prompt_proj.weight
Finetune layer in segmentor: backbone.prompt_proj.bias
Finetune layer in segmentor: backbone.prompt_norm.weight
Finetune layer in segmentor: backbone.prompt_norm.bias
Finetune layer in segmentor: decode_head.decoder_q.layers.0.linear1.bias
Finetune layer in segmentor: decode_head.decoder_q.layers.0.linear2.bias
Finetune layer in segmentor: decode_head.decoder_q.layers.0.norm2.weight
Finetune layer in segmentor: decode_head.decoder_q.layers.0.norm2.bias
Finetune layer in segmentor: decode_head.decoder_q.layers.0.norm3.weight
Finetune layer in segmentor: decode_head.decoder_q.layers.0.norm3.bias
Finetune layer in segmentor: decode_head.decoder_q.layers.0.multihead_attn.q.bias
Finetune layer in segmentor: decode_head.decoder_q.layers.0.multihead_attn.k.bias
Finetune layer in segmentor: decode_head.decoder_q.layers.0.multihead_attn.v.bias
Finetune layer in segmentor: decode_head.decoder_q.layers.0.multihead_attn.proj.bias
Finetune layer in segmentor: decode_head.decoder_q.layers.1.linear1.bias
Finetune layer in segmentor: decode_head.decoder_q.layers.1.linear2.bias
Finetune layer in segmentor: decode_head.decoder_q.layers.1.norm2.weight
Finetune layer in segmentor: decode_head.decoder_q.layers.1.norm2.bias
Finetune layer in segmentor: decode_head.decoder_q.layers.1.norm3.weight
Finetune layer in segmentor: decode_head.decoder_q.layers.1.norm3.bias
Finetune layer in segmentor: decode_head.decoder_q.layers.1.multihead_attn.q.bias
Finetune layer in segmentor: decode_head.decoder_q.layers.1.multihead_attn.k.bias
Finetune layer in segmentor: decode_head.decoder_q.layers.1.multihead_attn.v.bias
Finetune layer in segmentor: decode_head.decoder_q.layers.1.multihead_attn.proj.bias
Finetune layer in segmentor: decode_head.decoder_q.layers.2.linear1.bias
Finetune layer in segmentor: decode_head.decoder_q.layers.2.linear2.bias
Finetune layer in segmentor: decode_head.decoder_q.layers.2.norm2.weight
Finetune layer in segmentor: decode_head.decoder_q.layers.2.norm2.bias
Finetune layer in segmentor: decode_head.decoder_q.layers.2.norm3.weight
Finetune layer in segmentor: decode_head.decoder_q.layers.2.norm3.bias
Finetune layer in segmentor: decode_head.decoder_q.layers.2.multihead_attn.q.bias
Finetune layer in segmentor: decode_head.decoder_q.layers.2.multihead_attn.k.bias
Finetune layer in segmentor: decode_head.decoder_q.layers.2.multihead_attn.v.bias
Finetune layer in segmentor: decode_head.decoder_q.layers.2.multihead_attn.proj.bias
Finetune layer in segmentor: decode_head.decoder_v.layers.0.linear1.bias
Finetune layer in segmentor: decode_head.decoder_v.layers.0.linear2.bias
Finetune layer in segmentor: decode_head.decoder_v.layers.0.norm2.weight
Finetune layer in segmentor: decode_head.decoder_v.layers.0.norm2.bias
Finetune layer in segmentor: decode_head.decoder_v.layers.0.norm3.weight
Finetune layer in segmentor: decode_head.decoder_v.layers.0.norm3.bias
Finetune layer in segmentor: decode_head.decoder_v.layers.0.multihead_attn.q.bias
Finetune layer in segmentor: decode_head.decoder_v.layers.0.multihead_attn.k.bias
Finetune layer in segmentor: decode_head.decoder_v.layers.0.multihead_attn.v.bias
Finetune layer in segmentor: decode_head.decoder_v.layers.0.multihead_attn.proj.bias
Finetune layer in segmentor: decode_head.decoder_v.layers.1.linear1.bias
Finetune layer in segmentor: decode_head.decoder_v.layers.1.linear2.bias
Finetune layer in segmentor: decode_head.decoder_v.layers.1.norm2.weight
Finetune layer in segmentor: decode_head.decoder_v.layers.1.norm2.bias
Finetune layer in segmentor: decode_head.decoder_v.layers.1.norm3.weight
Finetune layer in segmentor: decode_head.decoder_v.layers.1.norm3.bias
Finetune layer in segmentor: decode_head.decoder_v.layers.1.multihead_attn.q.bias
Finetune layer in segmentor: decode_head.decoder_v.layers.1.multihead_attn.k.bias
Finetune layer in segmentor: decode_head.decoder_v.layers.1.multihead_attn.v.bias
Finetune layer in segmentor: decode_head.decoder_v.layers.1.multihead_attn.proj.bias
Finetune layer in segmentor: decode_head.decoder_v.layers.2.linear1.bias
Finetune layer in segmentor: decode_head.decoder_v.layers.2.linear2.bias
Finetune layer in segmentor: decode_head.decoder_v.layers.2.norm2.weight
Finetune layer in segmentor: decode_head.decoder_v.layers.2.norm2.bias
Finetune layer in segmentor: decode_head.decoder_v.layers.2.norm3.weight
Finetune layer in segmentor: decode_head.decoder_v.layers.2.norm3.bias
Finetune layer in segmentor: decode_head.decoder_v.layers.2.multihead_attn.q.bias
Finetune layer in segmentor: decode_head.decoder_v.layers.2.multihead_attn.k.bias
Finetune layer in segmentor: decode_head.decoder_v.layers.2.multihead_attn.v.bias
Finetune layer in segmentor: decode_head.decoder_v.layers.2.multihead_attn.proj.bias
Finetune layer in segmentor: decode_head.recovery_decoder.decouple_q.0.linear1.bias
Finetune layer in segmentor: decode_head.recovery_decoder.decouple_q.0.linear2.bias
Finetune layer in segmentor: decode_head.recovery_decoder.decouple_q.0.norm2.weight
Finetune layer in segmentor: decode_head.recovery_decoder.decouple_q.0.norm2.bias
Finetune layer in segmentor: decode_head.recovery_decoder.decouple_q.0.norm3.weight
Finetune layer in segmentor: decode_head.recovery_decoder.decouple_q.0.norm3.bias
Finetune layer in segmentor: decode_head.recovery_decoder.decouple_q.0.multihead_attn.q.bias
Finetune layer in segmentor: decode_head.recovery_decoder.decouple_q.0.multihead_attn.k.bias
Finetune layer in segmentor: decode_head.recovery_decoder.decouple_q.0.multihead_attn.v.bias
Finetune layer in segmentor: decode_head.recovery_decoder.decouple_q.0.multihead_attn.proj.bias
Finetune layer in segmentor: decode_head.recovery_decoder.decouple_v.0.linear1.bias
Finetune layer in segmentor: decode_head.recovery_decoder.decouple_v.0.linear2.bias
Finetune layer in segmentor: decode_head.recovery_decoder.decouple_v.0.norm2.weight
Finetune layer in segmentor: decode_head.recovery_decoder.decouple_v.0.norm2.bias
Finetune layer in segmentor: decode_head.recovery_decoder.decouple_v.0.norm3.weight
Finetune layer in segmentor: decode_head.recovery_decoder.decouple_v.0.norm3.bias
Finetune layer in segmentor: decode_head.recovery_decoder.decouple_v.0.multihead_attn.q.bias
Finetune layer in segmentor: decode_head.recovery_decoder.decouple_v.0.multihead_attn.k.bias
Finetune layer in segmentor: decode_head.recovery_decoder.decouple_v.0.multihead_attn.v.bias
Finetune layer in segmentor: decode_head.recovery_decoder.decouple_v.0.multihead_attn.proj.bias
Finetune layer in segmentor: decode_head.recovery_decoder.linear_q_in.bias
Finetune layer in segmentor: decode_head.recovery_decoder.linear_k_in.bias
Finetune layer in segmentor: decode_head.recovery_decoder.linear_q_out.bias
Finetune layer in segmentor: decode_head.recovery_decoder.linear_k_out.bias
Finetune layer in segmentor: decode_head.lateral_proj.bias
Finetune layer in segmentor: decode_head.q_proj.bias
CLASSES: &id003 !!python/tuple
- aeroplane
- bicycle
- bird
- boat
- bottle
- bus
- car
- cat
- chair
- cow
- diningtable
- dog
- horse
- motorbike
- person
- pottedplant
- sheep
- sofa
- train
- tvmonitor
base: /mnt/fast/nobackup/users/ae01116/multi-modal-dissertation-uos
base_class:
- 0
- 1
- 2
- 3
- 4
- 5
- 6
- 7
- 8
- 9
- 10
- 11
- 12
- 13
- 14
base_scratch: /mnt/fast/nobackup/scratch4weeks/ae01116
both_class:
- 0
- 1
- 2
- 3
- 4
- 5
- 6
- 7
- 8
- 9
- 10
- 11
- 12
- 13
- 14
- 15
- 16
- 17
- 18
- 19
checkpoint_interval: 2000
crop_size: &id002 !!python/tuple
- 512
- 512
cudnn_benchmark: true
data:
  samples_per_gpu: 4
  test:
    ann_dir: SegmentationClass
    data_root: /mnt/fast/nobackup/scratch4weeks/ae01116/data/VOC2012
    img_dir: JPEGImages
    pipeline:
    - type: LoadImageFromFile
    - flip: false
      img_scale: &id001 !!python/tuple
      - 2048
      - 512
      transforms:
      - keep_ratio: true
        min_size: 512
        type: Resize
      - type: RandomFlip
      - mean:
        - 123.675
        - 116.28
        - 103.53
        std:
        - 58.395
        - 57.12
        - 57.375
        to_rgb: true
        type: Normalize
      - keys:
        - img
        type: ImageToTensor
      - keys:
        - img
        type: Collect
      type: MultiScaleFlipAug
    split: ImageSets/Segmentation/val.txt
    type: ZeroPascalVOCDataset20
  train:
    ann_dir:
    - SegmentationClass
    - SegmentationClassAug
    data_root: /mnt/fast/nobackup/scratch4weeks/ae01116/data/VOC2012
    img_dir: JPEGImages
    pipeline:
    - type: LoadImageFromFile
    - reduce_zero_label: true
      type: LoadAnnotations
    - img_scale: *id001
      ratio_range: &id004 !!python/tuple
      - 0.5
      - 2.0
      type: Resize
    - cat_max_ratio: 0.75
      crop_size: *id002
      type: RandomCrop
    - prob: 0.5
      type: RandomFlip
    - type: PhotoMetricDistortion
    - mean:
      - 123.675
      - 116.28
      - 103.53
      std:
      - 58.395
      - 57.12
      - 57.375
      to_rgb: true
      type: Normalize
    - pad_val: 0
      seg_pad_val: 255
      size: *id002
      type: Pad
    - type: DefaultFormatBundle
    - keys:
      - img
      - gt_semantic_seg
      type: Collect
    split:
    - ImageSets/Segmentation/train.txt
    - ImageSets/Segmentation/aug.txt
    type: ZeroPascalVOCDataset20
  val:
    ann_dir: SegmentationClass
    data_root: /mnt/fast/nobackup/scratch4weeks/ae01116/data/VOC2012
    img_dir: JPEGImages
    pipeline:
    - type: LoadImageFromFile
    - flip: false
      img_scale: *id001
      transforms:
      - keep_ratio: true
        min_size: 512
        type: Resize
      - type: RandomFlip
      - mean:
        - 123.675
        - 116.28
        - 103.53
        std:
        - 58.395
        - 57.12
        - 57.375
        to_rgb: true
        type: Normalize
      - keys:
        - img
        type: ImageToTensor
      - keys:
        - img
        type: Collect
      type: MultiScaleFlipAug
    split: ImageSets/Segmentation/val.txt
    type: ZeroPascalVOCDataset20
  workers_per_gpu: 4
data_root: /mnt/fast/nobackup/scratch4weeks/ae01116/data/VOC2012
dataset_type: ZeroPascalVOCDataset20
dist_params:
  backend: nccl
eval_interval: 2000
find_unused_parameters: true
img_norm_cfg:
  mean:
  - 123.675
  - 116.28
  - 103.53
  std:
  - 58.395
  - 57.12
  - 57.375
  to_rgb: true
img_size: 512
in_channels: 512
load_from: null
log_config:
  hooks:
  - by_epoch: false
    type: TextLoggerHook
  interval: 50
log_interval: 50
log_level: INFO
logger:
  type: RunLogger
max_iter: 40000
model:
  backbone:
    drop_path_rate: 0.1
    get_embeddings: true
    input_resolution: 512
    layers: 12
    num_tokens: 10
    out_indices:
    - 11
    output_dim: 512
    patch_size: 16
    prompt_dim: 768
    region_level_bridge_size: 16
    total_d_layer: 11
    type: CLIPVisionTransformerWithRLB
    width: 768
  base_class:
  - 0
  - 1
  - 2
  - 3
  - 4
  - 5
  - 6
  - 7
  - 8
  - 9
  - 10
  - 11
  - 12
  - 13
  - 14
  both_class:
  - 0
  - 1
  - 2
  - 3
  - 4
  - 5
  - 6
  - 7
  - 8
  - 9
  - 10
  - 11
  - 12
  - 13
  - 14
  - 15
  - 16
  - 17
  - 18
  - 19
  class_names: *id003
  decode_head:
    all_idx:
    - 0
    - 1
    - 2
    - 3
    - 4
    - 5
    - 6
    - 7
    - 8
    - 9
    - 10
    - 11
    - 12
    - 13
    - 14
    - 15
    - 16
    - 17
    - 18
    - 19
    channels: 512
    embed_dims: 512
    img_size: 512
    in_channels: 512
    num_classes: 15
    num_heads: 8
    num_layers: 3
    seen_idx:
    - 0
    - 1
    - 2
    - 3
    - 4
    - 5
    - 6
    - 7
    - 8
    - 9
    - 10
    - 11
    - 12
    - 13
    - 14
    type: ATMSingleHeadSeg
    use_proj: false
    use_stages: 1
  exclude_key: prompt
  ft_backbone: false
  load_text_embedding: /mnt/fast/nobackup/users/ae01116/multi-modal-dissertation-uos/configs/_base_/datasets/text_embedding/voc12_single.npy
  novel_class:
  - 15
  - 16
  - 17
  - 18
  - 19
  pretrained: /mnt/fast/nobackup/scratch4weeks/ae01116/weights/ViT-B-16-RC-CLIP.pkl
  pretrained_text: /mnt/fast/nobackup/scratch4weeks/ae01116/weights/ViT-B-16-RC-CLIP.pkl
  test_cfg:
    crop_size: !!python/tuple
    - 512
    - 512
    mode: slide
    stride: !!python/tuple
    - 426
    - 426
  text_encoder:
    context_length: 77
    embed_dim: 512
    pretrained: /mnt/fast/nobackup/scratch4weeks/ae01116/weights/ViT-B-16-RC-CLIP.pkl
    transformer_heads: 8
    transformer_layers: 12
    transformer_width: 512
    type: CLIPTextEncoder
  type: CLIPRC
name: clip_rc_zero_vit-b_512x512_40k_voc_10_16
novel_class:
- 15
- 16
- 17
- 18
- 19
optimizer:
  betas: !!python/tuple
  - 0.9
  - 0.999
  lr: 2.0e-05
  type: CustomAdamW
  weight_decay: 0.01
out_indices:
- 11
parameter_groups_generator:
  custom_keys:
    backbone:
      lr_mult: 10.0
    head:
      lr_mult: 10.0
    ln:
      decay_mult: 0.0
    norm:
      decay_mult: 0.0
    text_encoder:
      lr_mult: 0.0
  type: CustomPrameterGroupsGenerator
pretrained: /mnt/fast/nobackup/scratch4weeks/ae01116/weights/ViT-B-16-RC-CLIP.pkl
region_level_bridge_size: 16
resume_from: null
scheduler:
  max_steps: 40000
  min_lr: 1.0e-06
  power: 0.9
  type: PolyLR
  warmup: linear
  warmup_iters: 1500
  warmup_ratio: 1.0e-06
test_pipeline:
- type: LoadImageFromFile
- flip: false
  img_scale: *id001
  transforms:
  - keep_ratio: true
    min_size: 512
    type: Resize
  - type: RandomFlip
  - mean:
    - 123.675
    - 116.28
    - 103.53
    std:
    - 58.395
    - 57.12
    - 57.375
    to_rgb: true
    type: Normalize
  - keys:
    - img
    type: ImageToTensor
  - keys:
    - img
    type: Collect
  type: MultiScaleFlipAug
train_pipeline:
- type: LoadImageFromFile
- reduce_zero_label: true
  type: LoadAnnotations
- img_scale: *id001
  ratio_range: *id004
  type: Resize
- cat_max_ratio: 0.75
  crop_size: *id002
  type: RandomCrop
- prob: 0.5
  type: RandomFlip
- type: PhotoMetricDistortion
- mean:
  - 123.675
  - 116.28
  - 103.53
  std:
  - 58.395
  - 57.12
  - 57.375
  to_rgb: true
  type: Normalize
- pad_val: 0
  seg_pad_val: 255
  size: *id002
  type: Pad
- type: DefaultFormatBundle
- keys:
  - img
  - gt_semantic_seg
  type: Collect
work_dir: work_dirs/clip_rc_zero_vit-b_512x512_40k_voc_10_16
workflow:
- !!python/tuple
  - train
  - 1

Thu Aug  1 11:25:20 2024  model:CLIPRC(
    backbone: CLIPVisionTransformerWithRLB(
        conv1: Conv(3, 768, (16, 16), (16, 16), (0, 0), (1, 1), 1, None, None, Kw=None, fan=None, i=None, bound=None)
        ln_pre: LayerNorm((768,), 1e-05, elementwise_affine=True)
        transformer: Transformer(
            resblocks: Sequential(
                0: ResidualAttentionBlock(
                    attn: MultiheadAttention(
                        out_proj: Linear(768, 768, float32[768,], None)
                    )
                    ln_1: LayerNorm((768,), 1e-05, elementwise_affine=True)
                    mlp: Sequential(
                        c_fc: Linear(768, 3072, float32[3072,], None)
                        gelu: QuickGELU(None, None)
                        c_proj: Linear(3072, 768, float32[768,], None)
                    )
                    ln_2: LayerNorm((768,), 1e-05, elementwise_affine=True)
                    drop_path: Identity(None, None)
                )
                1: ResidualAttentionBlock(
                    attn: MultiheadAttention(
                        out_proj: Linear(768, 768, float32[768,], None)
                    )
                    ln_1: LayerNorm((768,), 1e-05, elementwise_affine=True)
                    mlp: Sequential(
                        c_fc: Linear(768, 3072, float32[3072,], None)
                        gelu: QuickGELU(None, None)
                        c_proj: Linear(3072, 768, float32[768,], None)
                    )
                    ln_2: LayerNorm((768,), 1e-05, elementwise_affine=True)
                    drop_path: DropPath(p=0.00909090880304575)
                )
                2: ResidualAttentionBlock(
                    attn: MultiheadAttention(
                        out_proj: Linear(768, 768, float32[768,], None)
                    )
                    ln_1: LayerNorm((768,), 1e-05, elementwise_affine=True)
                    mlp: Sequential(
                        c_fc: Linear(768, 3072, float32[3072,], None)
                        gelu: QuickGELU(None, None)
                        c_proj: Linear(3072, 768, float32[768,], None)
                    )
                    ln_2: LayerNorm((768,), 1e-05, elementwise_affine=True)
                    drop_path: DropPath(p=0.0181818176060915)
                )
                3: ResidualAttentionBlock(
                    attn: MultiheadAttention(
                        out_proj: Linear(768, 768, float32[768,], None)
                    )
                    ln_1: LayerNorm((768,), 1e-05, elementwise_affine=True)
                    mlp: Sequential(
                        c_fc: Linear(768, 3072, float32[3072,], None)
                        gelu: QuickGELU(None, None)
                        c_proj: Linear(3072, 768, float32[768,], None)
                    )
                    ln_2: LayerNorm((768,), 1e-05, elementwise_affine=True)
                    drop_path: DropPath(p=0.027272727340459824)
                )
                4: ResidualAttentionBlock(
                    attn: MultiheadAttention(
                        out_proj: Linear(768, 768, float32[768,], None)
                    )
                    ln_1: LayerNorm((768,), 1e-05, elementwise_affine=True)
                    mlp: Sequential(
                        c_fc: Linear(768, 3072, float32[3072,], None)
                        gelu: QuickGELU(None, None)
                        c_proj: Linear(3072, 768, float32[768,], None)
                    )
                    ln_2: LayerNorm((768,), 1e-05, elementwise_affine=True)
                    drop_path: DropPath(p=0.036363635212183)
                )
                5: ResidualAttentionBlock(
                    attn: MultiheadAttention(
                        out_proj: Linear(768, 768, float32[768,], None)
                    )
                    ln_1: LayerNorm((768,), 1e-05, elementwise_affine=True)
                    mlp: Sequential(
                        c_fc: Linear(768, 3072, float32[3072,], None)
                        gelu: QuickGELU(None, None)
                        c_proj: Linear(3072, 768, float32[768,], None)
                    )
                    ln_2: LayerNorm((768,), 1e-05, elementwise_affine=True)
                    drop_path: DropPath(p=0.045454543083906174)
                )
                6: ResidualAttentionBlock(
                    attn: MultiheadAttention(
                        out_proj: Linear(768, 768, float32[768,], None)
                    )
                    ln_1: LayerNorm((768,), 1e-05, elementwise_affine=True)
                    mlp: Sequential(
                        c_fc: Linear(768, 3072, float32[3072,], None)
                        gelu: QuickGELU(None, None)
                        c_proj: Linear(3072, 768, float32[768,], None)
                    )
                    ln_2: LayerNorm((768,), 1e-05, elementwise_affine=True)
                    drop_path: DropPath(p=0.05454545468091965)
                )
                7: ResidualAttentionBlock(
                    attn: MultiheadAttention(
                        out_proj: Linear(768, 768, float32[768,], None)
                    )
                    ln_1: LayerNorm((768,), 1e-05, elementwise_affine=True)
                    mlp: Sequential(
                        c_fc: Linear(768, 3072, float32[3072,], None)
                        gelu: QuickGELU(None, None)
                        c_proj: Linear(3072, 768, float32[768,], None)
                    )
                    ln_2: LayerNorm((768,), 1e-05, elementwise_affine=True)
                    drop_path: DropPath(p=0.06363636255264282)
                )
                8: ResidualAttentionBlock(
                    attn: MultiheadAttention(
                        out_proj: Linear(768, 768, float32[768,], None)
                    )
                    ln_1: LayerNorm((768,), 1e-05, elementwise_affine=True)
                    mlp: Sequential(
                        c_fc: Linear(768, 3072, float32[3072,], None)
                        gelu: QuickGELU(None, None)
                        c_proj: Linear(3072, 768, float32[768,], None)
                    )
                    ln_2: LayerNorm((768,), 1e-05, elementwise_affine=True)
                    drop_path: DropPath(p=0.072727270424366)
                )
                9: ResidualAttentionBlock(
                    attn: MultiheadAttention(
                        out_proj: Linear(768, 768, float32[768,], None)
                    )
                    ln_1: LayerNorm((768,), 1e-05, elementwise_affine=True)
                    mlp: Sequential(
                        c_fc: Linear(768, 3072, float32[3072,], None)
                        gelu: QuickGELU(None, None)
                        c_proj: Linear(3072, 768, float32[768,], None)
                    )
                    ln_2: LayerNorm((768,), 1e-05, elementwise_affine=True)
                    drop_path: DropPath(p=0.08181817829608917)
                )
                10: ResidualAttentionBlock(
                    attn: MultiheadAttention(
                        out_proj: Linear(768, 768, float32[768,], None)
                    )
                    ln_1: LayerNorm((768,), 1e-05, elementwise_affine=True)
                    mlp: Sequential(
                        c_fc: Linear(768, 3072, float32[3072,], None)
                        gelu: QuickGELU(None, None)
                        c_proj: Linear(3072, 768, float32[768,], None)
                    )
                    ln_2: LayerNorm((768,), 1e-05, elementwise_affine=True)
                    drop_path: DropPath(p=0.09090908616781235)
                )
                11: ResidualAttentionBlock(
                    attn: MultiheadAttention(
                        out_proj: Linear(768, 768, float32[768,], None)
                    )
                    ln_1: LayerNorm((768,), 1e-05, elementwise_affine=True)
                    mlp: Sequential(
                        c_fc: Linear(768, 3072, float32[3072,], None)
                        gelu: QuickGELU(None, None)
                        c_proj: Linear(3072, 768, float32[768,], None)
                    )
                    ln_2: LayerNorm((768,), 1e-05, elementwise_affine=True)
                    drop_path: DropPath(p=0.09999999403953552)
                )
            )
        )
        ln_post: LayerNorm((768,), 1e-05, elementwise_affine=True)
        prompt_proj: Linear(768, 768, float32[768,], None)
        prompt_norm: LayerNorm((768,), 1e-06, elementwise_affine=True)
        prompt_dropout: Dropout(0.1, is_train=False)
    )
    decode_head: ATMSingleHeadSeg(
        loss_decode: CrossEntropyLoss(avg_non_ignore=False)
        dropout: Dropout(0.1, is_train=False)
        input_proj_1: Identity(None, None)
        proj_norm_1: Identity(None, None)
        decoder_q: TPN_Decoder(
            layers: Sequential(
                0: TPN_DecoderLayer(
                    linear1: Linear(512, 2048, float32[2048,], None)
                    dropout: Dropout(0.1, is_train=False)
                    linear2: Linear(2048, 512, float32[512,], None)
                    norm2: LayerNorm((512,), 1e-05, elementwise_affine=True)
                    norm3: LayerNorm((512,), 1e-05, elementwise_affine=True)
                    dropout1: Dropout(0.1, is_train=False)
                    dropout2: Dropout(0.1, is_train=False)
                    dropout3: Dropout(0.1, is_train=False)
                    multihead_attn: Attention(
                        q: Linear(512, 512, float32[512,], None)
                        k: Linear(512, 512, float32[512,], None)
                        v: Linear(512, 512, float32[512,], None)
                        attn_drop: Dropout(0.1, is_train=False)
                        proj: Linear(512, 512, float32[512,], None)
                        proj_drop: Dropout(0.0, is_train=False)
                    )
                )
                1: TPN_DecoderLayer(
                    linear1: Linear(512, 2048, float32[2048,], None)
                    dropout: Dropout(0.1, is_train=False)
                    linear2: Linear(2048, 512, float32[512,], None)
                    norm2: LayerNorm((512,), 1e-05, elementwise_affine=True)
                    norm3: LayerNorm((512,), 1e-05, elementwise_affine=True)
                    dropout1: Dropout(0.1, is_train=False)
                    dropout2: Dropout(0.1, is_train=False)
                    dropout3: Dropout(0.1, is_train=False)
                    multihead_attn: Attention(
                        q: Linear(512, 512, float32[512,], None)
                        k: Linear(512, 512, float32[512,], None)
                        v: Linear(512, 512, float32[512,], None)
                        attn_drop: Dropout(0.1, is_train=False)
                        proj: Linear(512, 512, float32[512,], None)
                        proj_drop: Dropout(0.0, is_train=False)
                    )
                )
                2: TPN_DecoderLayer(
                    linear1: Linear(512, 2048, float32[2048,], None)
                    dropout: Dropout(0.1, is_train=False)
                    linear2: Linear(2048, 512, float32[512,], None)
                    norm2: LayerNorm((512,), 1e-05, elementwise_affine=True)
                    norm3: LayerNorm((512,), 1e-05, elementwise_affine=True)
                    dropout1: Dropout(0.1, is_train=False)
                    dropout2: Dropout(0.1, is_train=False)
                    dropout3: Dropout(0.1, is_train=False)
                    multihead_attn: Attention(
                        q: Linear(512, 512, float32[512,], None)
                        k: Linear(512, 512, float32[512,], None)
                        v: Linear(512, 512, float32[512,], None)
                        attn_drop: Dropout(0.1, is_train=False)
                        proj: Linear(512, 512, float32[512,], None)
                        proj_drop: Dropout(0.0, is_train=False)
                    )
                )
            )
        )
        decoder_v: TPN_Decoder(
            layers: Sequential(
                0: TPN_DecoderLayer(
                    linear1: Linear(512, 2048, float32[2048,], None)
                    dropout: Dropout(0.1, is_train=False)
                    linear2: Linear(2048, 512, float32[512,], None)
                    norm2: LayerNorm((512,), 1e-05, elementwise_affine=True)
                    norm3: LayerNorm((512,), 1e-05, elementwise_affine=True)
                    dropout1: Dropout(0.1, is_train=False)
                    dropout2: Dropout(0.1, is_train=False)
                    dropout3: Dropout(0.1, is_train=False)
                    multihead_attn: Attention(
                        q: Linear(512, 512, float32[512,], None)
                        k: Linear(512, 512, float32[512,], None)
                        v: Linear(512, 512, float32[512,], None)
                        attn_drop: Dropout(0.1, is_train=False)
                        proj: Linear(512, 512, float32[512,], None)
                        proj_drop: Dropout(0.0, is_train=False)
                    )
                )
                1: TPN_DecoderLayer(
                    linear1: Linear(512, 2048, float32[2048,], None)
                    dropout: Dropout(0.1, is_train=False)
                    linear2: Linear(2048, 512, float32[512,], None)
                    norm2: LayerNorm((512,), 1e-05, elementwise_affine=True)
                    norm3: LayerNorm((512,), 1e-05, elementwise_affine=True)
                    dropout1: Dropout(0.1, is_train=False)
                    dropout2: Dropout(0.1, is_train=False)
                    dropout3: Dropout(0.1, is_train=False)
                    multihead_attn: Attention(
                        q: Linear(512, 512, float32[512,], None)
                        k: Linear(512, 512, float32[512,], None)
                        v: Linear(512, 512, float32[512,], None)
                        attn_drop: Dropout(0.1, is_train=False)
                        proj: Linear(512, 512, float32[512,], None)
                        proj_drop: Dropout(0.0, is_train=False)
                    )
                )
                2: TPN_DecoderLayer(
                    linear1: Linear(512, 2048, float32[2048,], None)
                    dropout: Dropout(0.1, is_train=False)
                    linear2: Linear(2048, 512, float32[512,], None)
                    norm2: LayerNorm((512,), 1e-05, elementwise_affine=True)
                    norm3: LayerNorm((512,), 1e-05, elementwise_affine=True)
                    dropout1: Dropout(0.1, is_train=False)
                    dropout2: Dropout(0.1, is_train=False)
                    dropout3: Dropout(0.1, is_train=False)
                    multihead_attn: Attention(
                        q: Linear(512, 512, float32[512,], None)
                        k: Linear(512, 512, float32[512,], None)
                        v: Linear(512, 512, float32[512,], None)
                        attn_drop: Dropout(0.1, is_train=False)
                        proj: Linear(512, 512, float32[512,], None)
                        proj_drop: Dropout(0.0, is_train=False)
                    )
                )
            )
        )
        recovery_decoder: RecoveryDecoder(
            decouple_q: Sequential(
                0: TPN_DecoderLayer(
                    linear1: Linear(512, 2048, float32[2048,], None)
                    dropout: Dropout(0.1, is_train=False)
                    linear2: Linear(2048, 512, float32[512,], None)
                    norm2: LayerNorm((512,), 1e-05, elementwise_affine=True)
                    norm3: LayerNorm((512,), 1e-05, elementwise_affine=True)
                    dropout1: Dropout(0.1, is_train=False)
                    dropout2: Dropout(0.1, is_train=False)
                    dropout3: Dropout(0.1, is_train=False)
                    multihead_attn: Attention(
                        q: Linear(512, 512, float32[512,], None)
                        k: Linear(512, 512, float32[512,], None)
                        v: Linear(512, 512, float32[512,], None)
                        attn_drop: Dropout(0.1, is_train=False)
                        proj: Linear(512, 512, float32[512,], None)
                        proj_drop: Dropout(0.0, is_train=False)
                    )
                )
            )
            decouple_v: Sequential(
                0: TPN_DecoderLayer(
                    linear1: Linear(512, 2048, float32[2048,], None)
                    dropout: Dropout(0.1, is_train=False)
                    linear2: Linear(2048, 512, float32[512,], None)
                    norm2: LayerNorm((512,), 1e-05, elementwise_affine=True)
                    norm3: LayerNorm((512,), 1e-05, elementwise_affine=True)
                    dropout1: Dropout(0.1, is_train=False)
                    dropout2: Dropout(0.1, is_train=False)
                    dropout3: Dropout(0.1, is_train=False)
                    multihead_attn: Attention(
                        q: Linear(512, 512, float32[512,], None)
                        k: Linear(512, 512, float32[512,], None)
                        v: Linear(512, 512, float32[512,], None)
                        attn_drop: Dropout(0.1, is_train=False)
                        proj: Linear(512, 512, float32[512,], None)
                        proj_drop: Dropout(0.0, is_train=False)
                    )
                )
            )
            linear_q_in: Linear(512, 512, float32[512,], None)
            linear_k_in: Linear(512, 512, float32[512,], None)
            linear_q_out: Linear(512, 1024, float32[1024,], None)
            linear_k_out: Linear(512, 512, float32[512,], None)
        )
        lateral_proj: Linear(1536, 512, float32[512,], None)
        q_proj: Linear(1024, 512, float32[512,], None)
    )
    text_encoder: CLIPTextEncoder(
        transformer: Transformer(
            resblocks: Sequential(
                0: ResidualAttentionBlock(
                    attn: MultiheadAttention(
                        out_proj: Linear(512, 512, float32[512,], None)
                    )
                    ln_1: LayerNorm((512,), 1e-05, elementwise_affine=True)
                    mlp: Sequential(
                        c_fc: Linear(512, 2048, float32[2048,], None)
                        gelu: QuickGELU(None, None)
                        c_proj: Linear(2048, 512, float32[512,], None)
                    )
                    ln_2: LayerNorm((512,), 1e-05, elementwise_affine=True)
                    drop_path: Identity(None, None)
                )
                1: ResidualAttentionBlock(
                    attn: MultiheadAttention(
                        out_proj: Linear(512, 512, float32[512,], None)
                    )
                    ln_1: LayerNorm((512,), 1e-05, elementwise_affine=True)
                    mlp: Sequential(
                        c_fc: Linear(512, 2048, float32[2048,], None)
                        gelu: QuickGELU(None, None)
                        c_proj: Linear(2048, 512, float32[512,], None)
                    )
                    ln_2: LayerNorm((512,), 1e-05, elementwise_affine=True)
                    drop_path: Identity(None, None)
                )
                2: ResidualAttentionBlock(
                    attn: MultiheadAttention(
                        out_proj: Linear(512, 512, float32[512,], None)
                    )
                    ln_1: LayerNorm((512,), 1e-05, elementwise_affine=True)
                    mlp: Sequential(
                        c_fc: Linear(512, 2048, float32[2048,], None)
                        gelu: QuickGELU(None, None)
                        c_proj: Linear(2048, 512, float32[512,], None)
                    )
                    ln_2: LayerNorm((512,), 1e-05, elementwise_affine=True)
                    drop_path: Identity(None, None)
                )
                3: ResidualAttentionBlock(
                    attn: MultiheadAttention(
                        out_proj: Linear(512, 512, float32[512,], None)
                    )
                    ln_1: LayerNorm((512,), 1e-05, elementwise_affine=True)
                    mlp: Sequential(
                        c_fc: Linear(512, 2048, float32[2048,], None)
                        gelu: QuickGELU(None, None)
                        c_proj: Linear(2048, 512, float32[512,], None)
                    )
                    ln_2: LayerNorm((512,), 1e-05, elementwise_affine=True)
                    drop_path: Identity(None, None)
                )
                4: ResidualAttentionBlock(
                    attn: MultiheadAttention(
                        out_proj: Linear(512, 512, float32[512,], None)
                    )
                    ln_1: LayerNorm((512,), 1e-05, elementwise_affine=True)
                    mlp: Sequential(
                        c_fc: Linear(512, 2048, float32[2048,], None)
                        gelu: QuickGELU(None, None)
                        c_proj: Linear(2048, 512, float32[512,], None)
                    )
                    ln_2: LayerNorm((512,), 1e-05, elementwise_affine=True)
                    drop_path: Identity(None, None)
                )
                5: ResidualAttentionBlock(
                    attn: MultiheadAttention(
                        out_proj: Linear(512, 512, float32[512,], None)
                    )
                    ln_1: LayerNorm((512,), 1e-05, elementwise_affine=True)
                    mlp: Sequential(
                        c_fc: Linear(512, 2048, float32[2048,], None)
                        gelu: QuickGELU(None, None)
                        c_proj: Linear(2048, 512, float32[512,], None)
                    )
                    ln_2: LayerNorm((512,), 1e-05, elementwise_affine=True)
                    drop_path: Identity(None, None)
                )
                6: ResidualAttentionBlock(
                    attn: MultiheadAttention(
                        out_proj: Linear(512, 512, float32[512,], None)
                    )
                    ln_1: LayerNorm((512,), 1e-05, elementwise_affine=True)
                    mlp: Sequential(
                        c_fc: Linear(512, 2048, float32[2048,], None)
                        gelu: QuickGELU(None, None)
                        c_proj: Linear(2048, 512, float32[512,], None)
                    )
                    ln_2: LayerNorm((512,), 1e-05, elementwise_affine=True)
                    drop_path: Identity(None, None)
                )
                7: ResidualAttentionBlock(
                    attn: MultiheadAttention(
                        out_proj: Linear(512, 512, float32[512,], None)
                    )
                    ln_1: LayerNorm((512,), 1e-05, elementwise_affine=True)
                    mlp: Sequential(
                        c_fc: Linear(512, 2048, float32[2048,], None)
                        gelu: QuickGELU(None, None)
                        c_proj: Linear(2048, 512, float32[512,], None)
                    )
                    ln_2: LayerNorm((512,), 1e-05, elementwise_affine=True)
                    drop_path: Identity(None, None)
                )
                8: ResidualAttentionBlock(
                    attn: MultiheadAttention(
                        out_proj: Linear(512, 512, float32[512,], None)
                    )
                    ln_1: LayerNorm((512,), 1e-05, elementwise_affine=True)
                    mlp: Sequential(
                        c_fc: Linear(512, 2048, float32[2048,], None)
                        gelu: QuickGELU(None, None)
                        c_proj: Linear(2048, 512, float32[512,], None)
                    )
                    ln_2: LayerNorm((512,), 1e-05, elementwise_affine=True)
                    drop_path: Identity(None, None)
                )
                9: ResidualAttentionBlock(
                    attn: MultiheadAttention(
                        out_proj: Linear(512, 512, float32[512,], None)
                    )
                    ln_1: LayerNorm((512,), 1e-05, elementwise_affine=True)
                    mlp: Sequential(
                        c_fc: Linear(512, 2048, float32[2048,], None)
                        gelu: QuickGELU(None, None)
                        c_proj: Linear(2048, 512, float32[512,], None)
                    )
                    ln_2: LayerNorm((512,), 1e-05, elementwise_affine=True)
                    drop_path: Identity(None, None)
                )
                10: ResidualAttentionBlock(
                    attn: MultiheadAttention(
                        out_proj: Linear(512, 512, float32[512,], None)
                    )
                    ln_1: LayerNorm((512,), 1e-05, elementwise_affine=True)
                    mlp: Sequential(
                        c_fc: Linear(512, 2048, float32[2048,], None)
                        gelu: QuickGELU(None, None)
                        c_proj: Linear(2048, 512, float32[512,], None)
                    )
                    ln_2: LayerNorm((512,), 1e-05, elementwise_affine=True)
                    drop_path: Identity(None, None)
                )
                11: ResidualAttentionBlock(
                    attn: MultiheadAttention(
                        out_proj: Linear(512, 512, float32[512,], None)
                    )
                    ln_1: LayerNorm((512,), 1e-05, elementwise_affine=True)
                    mlp: Sequential(
                        c_fc: Linear(512, 2048, float32[2048,], None)
                        gelu: QuickGELU(None, None)
                        c_proj: Linear(2048, 512, float32[512,], None)
                    )
                    ln_2: LayerNorm((512,), 1e-05, elementwise_affine=True)
                    drop_path: Identity(None, None)
                )
            )
        )
        token_embedding: Embedding(49408, 512, None, dtype=None)
        ln_final: LayerNorm((512,), 1e-05, elementwise_affine=True)
    )
)
Beginning training script
