000 (178875.000.000) 2024-08-02 08:24:28 Job submitted from host: <131.227.81.127:9618?addrs=131.227.81.127-9618&alias=aisurrey-condor.surrey.ac.uk&noUDP&sock=schedd_1795_cc96>
...
040 (178875.000.000) 2024-08-02 08:24:29 Started transferring input files
	Transferring to host: <131.227.80.154:9618?addrs=131.227.80.154-9618&alias=aisurrey11.surrey.ac.uk&noUDP&sock=slot1_5_8568_ae55_34779>
...
040 (178875.000.000) 2024-08-02 08:24:29 Finished transferring input files
...
001 (178875.000.000) 2024-08-02 08:24:30 Job executing on host: <131.227.80.154:9618?addrs=131.227.80.154-9618&alias=aisurrey11.surrey.ac.uk&noUDP&sock=startd_8426_1d16>
...
006 (178875.000.000) 2024-08-02 08:24:39 Image size of job updated: 17500
	141  -  MemoryUsage of job (MB)
	144724  -  ResidentSetSize of job (KB)
...
006 (178875.000.000) 2024-08-02 08:24:56 Image size of job updated: 17500
	5073  -  MemoryUsage of job (MB)
	5195280  -  ResidentSetSize of job (KB)
...
040 (178875.000.000) 2024-08-02 08:24:56 Started transferring output files
...
040 (178875.000.000) 2024-08-02 08:24:56 Finished transferring output files
...
005 (178875.000.000) 2024-08-02 08:24:57 Job terminated.
	(1) Normal termination (return value 0)
		Usr 0 00:00:06, Sys 0 00:00:04  -  Run Remote Usage
		Usr 0 00:00:00, Sys 0 00:00:00  -  Run Local Usage
		Usr 0 00:00:06, Sys 0 00:00:04  -  Total Remote Usage
		Usr 0 00:00:00, Sys 0 00:00:00  -  Total Local Usage
	6082  -  Run Bytes Sent By Job
	16252046  -  Run Bytes Received By Job
	6082  -  Total Bytes Sent By Job
	16252046  -  Total Bytes Received By Job
	Partitionable Resources :    Usage  Request Allocated Assigned
	   Cpus                 :     0.00        4         4 
	   Disk (KB)            : 15932       17500    652975 
	   Gpus (Average)       :     0           4         4 "CUDA0,CUDA1,CUDA2,CUDA6"
	   GpusMemory (MB)      :   323                       
	   Memory (MB)          :  5073       65536     65536 

	Job terminated of its own accord at 2024-08-02T07:24:56Z.
...
