000 (178688.000.000) 2024-08-01 13:47:45 Job submitted from host: <131.227.81.127:9618?addrs=131.227.81.127-9618&alias=aisurrey-condor.surrey.ac.uk&noUDP&sock=schedd_1795_cc96>
...
040 (178688.000.000) 2024-08-01 13:47:46 Started transferring input files
	Transferring to host: <131.227.80.154:9618?addrs=131.227.80.154-9618&alias=aisurrey11.surrey.ac.uk&noUDP&sock=slot1_1_8568_ae55_34398>
...
040 (178688.000.000) 2024-08-01 13:47:46 Finished transferring input files
...
001 (178688.000.000) 2024-08-01 13:47:47 Job executing on host: <131.227.80.154:9618?addrs=131.227.80.154-9618&alias=aisurrey11.surrey.ac.uk&noUDP&sock=startd_8426_1d16>
...
006 (178688.000.000) 2024-08-01 13:47:56 Image size of job updated: 17500
	294  -  MemoryUsage of job (MB)
	302052  -  ResidentSetSize of job (KB)
...
006 (178688.000.000) 2024-08-01 13:50:53 Image size of job updated: 22898
	22898  -  MemoryUsage of job (MB)
	23447764  -  ResidentSetSize of job (KB)
...
040 (178688.000.000) 2024-08-01 13:50:53 Started transferring output files
...
040 (178688.000.000) 2024-08-01 13:50:53 Finished transferring output files
...
005 (178688.000.000) 2024-08-01 13:50:53 Job terminated.
	(1) Normal termination (return value 0)
		Usr 0 00:13:03, Sys 0 00:01:51  -  Run Remote Usage
		Usr 0 00:00:00, Sys 0 00:00:00  -  Run Local Usage
		Usr 0 00:13:03, Sys 0 00:01:51  -  Total Remote Usage
		Usr 0 00:00:00, Sys 0 00:00:00  -  Total Local Usage
	6082  -  Run Bytes Sent By Job
	16252046  -  Run Bytes Received By Job
	6082  -  Total Bytes Sent By Job
	16252046  -  Total Bytes Received By Job
	Partitionable Resources :    Usage  Request Allocated Assigned
	   Cpus                 :     0.00        4         4 
	   Disk (KB)            : 24424       17500    652975 
	   Gpus (Average)       :     0.01        4         4 "CUDA0,CUDA1,CUDA2,CUDA4"
	   GpusMemory (MB)      :  3180                       
	   Memory (MB)          : 22898       65536     65536 

	Job terminated of its own accord at 2024-08-01T12:50:53Z.
...
