000 (178723.000.000) 2024-08-01 15:18:28 Job submitted from host: <131.227.81.127:9618?addrs=131.227.81.127-9618&alias=aisurrey-condor.surrey.ac.uk&noUDP&sock=schedd_1795_cc96>
...
040 (178723.000.000) 2024-08-01 15:18:29 Started transferring input files
	Transferring to host: <131.227.80.126:9618?addrs=131.227.80.126-9618&alias=aisurrey14.surrey.ac.uk&noUDP&sock=slot1_1_4748_253a_18246>
...
040 (178723.000.000) 2024-08-01 15:18:29 Finished transferring input files
...
001 (178723.000.000) 2024-08-01 15:18:30 Job executing on host: <131.227.80.126:9618?addrs=131.227.80.126-9618&alias=aisurrey14.surrey.ac.uk&noUDP&sock=startd_4608_487f>
...
006 (178723.000.000) 2024-08-01 15:18:38 Image size of job updated: 17500
	249  -  MemoryUsage of job (MB)
	255516  -  ResidentSetSize of job (KB)
...
006 (178723.000.000) 2024-08-01 15:20:26 Image size of job updated: 17500
	6511  -  MemoryUsage of job (MB)
	6667676  -  ResidentSetSize of job (KB)
...
040 (178723.000.000) 2024-08-01 15:20:26 Started transferring output files
...
040 (178723.000.000) 2024-08-01 15:20:26 Finished transferring output files
...
005 (178723.000.000) 2024-08-01 15:20:26 Job terminated.
	(1) Normal termination (return value 0)
		Usr 0 00:05:22, Sys 0 00:01:04  -  Run Remote Usage
		Usr 0 00:00:00, Sys 0 00:00:00  -  Run Local Usage
		Usr 0 00:05:22, Sys 0 00:01:04  -  Total Remote Usage
		Usr 0 00:00:00, Sys 0 00:00:00  -  Total Local Usage
	6082  -  Run Bytes Sent By Job
	16252046  -  Run Bytes Received By Job
	6082  -  Total Bytes Sent By Job
	16252046  -  Total Bytes Received By Job
	Partitionable Resources :    Usage  Request Allocated Assigned
	   Cpus                 :     0.00        4         4 
	   Disk (KB)            : 24445       17500    652975 
	   Gpus (Average)       :     0.00        4         4 "CUDA0,CUDA1,CUDA3,CUDA4"
	   GpusMemory (MB)      :   323                       
	   Memory (MB)          :  6511       65536     65536 

	Job terminated of its own accord at 2024-08-01T14:20:26Z.
...
