000 (179795.000.000) 2024-08-06 18:07:27 Job submitted from host: <131.227.81.127:9618?addrs=131.227.81.127-9618&alias=aisurrey-condor.surrey.ac.uk&noUDP&sock=schedd_1795_cc96>
...
040 (179795.000.000) 2024-08-06 18:07:27 Started transferring input files
	Transferring to host: <131.227.80.126:9618?addrs=131.227.80.126-9618&alias=aisurrey14.surrey.ac.uk&noUDP&sock=slot1_2_4748_253a_20955>
...
040 (179795.000.000) 2024-08-06 18:07:28 Finished transferring input files
...
001 (179795.000.000) 2024-08-06 18:07:29 Job executing on host: <131.227.80.126:9618?addrs=131.227.80.126-9618&alias=aisurrey14.surrey.ac.uk&noUDP&sock=startd_4608_487f>
...
006 (179795.000.000) 2024-08-06 18:07:37 Image size of job updated: 17500
	442  -  MemoryUsage of job (MB)
	452948  -  ResidentSetSize of job (KB)
...
006 (179795.000.000) 2024-08-06 18:12:37 Image size of job updated: 21033
	21033  -  MemoryUsage of job (MB)
	21538644  -  ResidentSetSize of job (KB)
...
006 (179795.000.000) 2024-08-06 18:17:37 Image size of job updated: 21086
	21086  -  MemoryUsage of job (MB)
	21592712  -  ResidentSetSize of job (KB)
...
004 (179795.000.000) 2024-08-06 18:18:30 Job was evicted.
	(0) CPU times
		Usr 0 00:40:02, Sys 0 00:09:48  -  Run Remote Usage
		Usr 0 00:00:00, Sys 0 00:00:00  -  Run Local Usage
	0  -  Run Bytes Sent By Job
	16252046  -  Run Bytes Received By Job
	Partitionable Resources :    Usage  Request Allocated Assigned
	   Cpus                 :     0.00        4         4 
	   Disk (KB)            : 15895       17500    652975 
	   Gpus (Average)       :     0           4         4 "CUDA1,CUDA2,CUDA3,CUDA4"
	   GpusMemory (MB)      :  5240                       
	   Memory (MB)          : 21086       65536     65536 
...
009 (179795.000.000) 2024-08-06 18:18:30 Job was aborted.
	via condor_rm (by user ae01116)
...
