000 (179792.000.000) 2024-08-06 17:41:23 Job submitted from host: <131.227.81.127:9618?addrs=131.227.81.127-9618&alias=aisurrey-condor.surrey.ac.uk&noUDP&sock=schedd_1795_cc96>
...
040 (179792.000.000) 2024-08-06 17:41:37 Started transferring input files
	Transferring to host: <131.227.80.126:9618?addrs=131.227.80.126-9618&alias=aisurrey14.surrey.ac.uk&noUDP&sock=slot1_2_4748_253a_20943>
...
040 (179792.000.000) 2024-08-06 17:41:37 Finished transferring input files
...
001 (179792.000.000) 2024-08-06 17:41:38 Job executing on host: <131.227.80.126:9618?addrs=131.227.80.126-9618&alias=aisurrey14.surrey.ac.uk&noUDP&sock=startd_4608_487f>
...
006 (179792.000.000) 2024-08-06 17:41:47 Image size of job updated: 17500
	358  -  MemoryUsage of job (MB)
	367052  -  ResidentSetSize of job (KB)
...
006 (179792.000.000) 2024-08-06 17:43:06 Image size of job updated: 17500
	6845  -  MemoryUsage of job (MB)
	7009796  -  ResidentSetSize of job (KB)
...
040 (179792.000.000) 2024-08-06 17:43:06 Started transferring output files
...
040 (179792.000.000) 2024-08-06 17:43:06 Finished transferring output files
...
005 (179792.000.000) 2024-08-06 17:43:06 Job terminated.
	(1) Normal termination (return value 0)
		Usr 0 00:03:41, Sys 0 00:00:45  -  Run Remote Usage
		Usr 0 00:00:00, Sys 0 00:00:00  -  Run Local Usage
		Usr 0 00:03:41, Sys 0 00:00:45  -  Total Remote Usage
		Usr 0 00:00:00, Sys 0 00:00:00  -  Total Local Usage
	0  -  Run Bytes Sent By Job
	16252046  -  Run Bytes Received By Job
	0  -  Total Bytes Sent By Job
	16252046  -  Total Bytes Received By Job
	Partitionable Resources :    Usage  Request Allocated Assigned
	   Cpus                 :     0.00        4         4 
	   Disk (KB)            : 16166       17500    652975 
	   Gpus (Average)       :     0.00        4         4 "CUDA1,CUDA2,CUDA3,CUDA4"
	   GpusMemory (MB)      :   323                       
	   Memory (MB)          :  6845       65536     65536 

	Job terminated of its own accord at 2024-08-06T16:43:06Z.
...
