[i 0807 07:25:02.086149 44 lock.py:85] Create lock file:/user/HS400/ae01116/.cache/jittor/jt1.3.8/g++7.5.0/py3.9.19/Linux-4.18.0-4x5b/AMDEPYC753232-x73/jittor.lock
[i 0807 07:25:02.131348 44 compiler.py:956] Jittor(1.3.8.5) src: /mnt/fast/nobackup/scratch4weeks/ae01116/zegenv/lib/python3.9/site-packages/jittor
[i 0807 07:25:02.135499 44 compiler.py:957] g++ at /usr/bin/g++(7.5.0)
[i 0807 07:25:02.135611 44 compiler.py:958] cache_path: /user/HS400/ae01116/.cache/jittor/jt1.3.8/g++7.5.0/py3.9.19/Linux-4.18.0-4x5b/AMDEPYC753232-x73/default
[i 0807 07:25:02.140878 44 __init__.py:411] Found nvcc(11.0.221) at /usr/local/cuda/bin/nvcc.
[i 0807 07:25:02.146093 44 __init__.py:411] Found addr2line(2.30) at /usr/bin/addr2line.
[i 0807 07:25:02.283835 44 compiler.py:1011] cuda key:cu11.0.221_sm_86
[i 0807 07:25:02.326954 44 compiler.py:34] Create cache dir: /user/HS400/ae01116/.cache/jittor/jt1.3.8/g++7.5.0/py3.9.19/Linux-4.18.0-4x5b/AMDEPYC753232-x73/default/cu11.0.221_sm_86
[i 0807 07:25:02.329774 44 compiler.py:34] Create cache dir: /user/HS400/ae01116/.cache/jittor/jt1.3.8/g++7.5.0/py3.9.19/Linux-4.18.0-4x5b/AMDEPYC753232-x73/default/cu11.0.221_sm_86/jit
[i 0807 07:25:02.331454 44 compiler.py:34] Create cache dir: /user/HS400/ae01116/.cache/jittor/jt1.3.8/g++7.5.0/py3.9.19/Linux-4.18.0-4x5b/AMDEPYC753232-x73/default/cu11.0.221_sm_86/obj_files
[i 0807 07:25:02.332762 44 compiler.py:34] Create cache dir: /user/HS400/ae01116/.cache/jittor/jt1.3.8/g++7.5.0/py3.9.19/Linux-4.18.0-4x5b/AMDEPYC753232-x73/default/cu11.0.221_sm_86/gen
[i 0807 07:25:02.334135 44 compiler.py:34] Create cache dir: /user/HS400/ae01116/.cache/jittor/jt1.3.8/g++7.5.0/py3.9.19/Linux-4.18.0-4x5b/AMDEPYC753232-x73/default/cu11.0.221_sm_86/tmp
[i 0807 07:25:02.335592 44 compiler.py:34] Create cache dir: /user/HS400/ae01116/.cache/jittor/jt1.3.8/g++7.5.0/py3.9.19/Linux-4.18.0-4x5b/AMDEPYC753232-x73/default/cu11.0.221_sm_86/checkpoints
Compiling jittor_core(16/151) used: 2.008s eta: 16.940s
Compiling jittor_core(17/151) used: 2.012s eta: 15.860s
Compiling jittor_core(18/151) used: 2.048s eta: 15.131s
Compiling jittor_core(19/151) used: 2.100s eta: 14.590s
Compiling jittor_core(20/151) used: 2.101s eta: 13.758s
Compiling jittor_core(21/151) used: 2.261s eta: 13.999s
Compiling jittor_core(22/151) used: 2.267s eta: 13.293s
Compiling jittor_core(23/151) used: 2.498s eta: 13.902s
Compiling jittor_core(24/151) used: 2.541s eta: 13.444s
Compiling jittor_core(25/151) used: 2.583s eta: 13.020s
Compiling jittor_core(26/151) used: 2.682s eta: 12.893s
Compiling jittor_core(27/151) used: 2.826s eta: 12.978s
Compiling jittor_core(28/151) used: 2.939s eta: 12.911s
Compiling jittor_core(29/151) used: 3.026s eta: 12.729s
Compiling jittor_core(30/151) used: 3.064s eta: 12.357s
Compiling jittor_core(31/151) used: 3.596s eta: 13.919s
Compiling jittor_core(32/151) used: 3.625s eta: 13.481s
Compiling jittor_core(33/151) used: 3.724s eta: 13.318s
Compiling jittor_core(34/151) used: 3.738s eta: 12.862s
Compiling jittor_core(35/151) used: 3.808s eta: 12.622s
Compiling jittor_core(36/151) used: 3.829s eta: 12.231s
Compiling jittor_core(37/151) used: 3.906s eta: 12.035s
Compiling jittor_core(38/151) used: 4.168s eta: 12.393s
Compiling jittor_core(39/151) used: 4.246s eta: 12.195s
Compiling jittor_core(40/151) used: 4.360s eta: 12.098s
Compiling jittor_core(41/151) used: 4.416s eta: 11.847s
Compiling jittor_core(42/151) used: 4.551s eta: 11.811s
Compiling jittor_core(43/151) used: 4.687s eta: 11.771s
Compiling jittor_core(44/151) used: 4.752s eta: 11.557s
Compiling jittor_core(45/151) used: 4.799s eta: 11.305s
Compiling jittor_core(46/151) used: 5.060s eta: 11.551s
Compiling jittor_core(47/151) used: 5.071s eta: 11.222s
Compiling jittor_core(48/151) used: 5.095s eta: 10.934s
Compiling jittor_core(49/151) used: 5.128s eta: 10.675s
Compiling jittor_core(50/151) used: 5.147s eta: 10.397s
Compiling jittor_core(51/151) used: 5.200s eta: 10.197s
Compiling jittor_core(52/151) used: 5.413s eta: 10.306s
Compiling jittor_core(53/151) used: 5.528s eta: 10.221s
Compiling jittor_core(54/151) used: 5.570s eta: 10.006s
Compiling jittor_core(55/151) used: 5.663s eta: 9.884s
Compiling jittor_core(56/151) used: 5.778s eta: 9.802s
Compiling jittor_core(57/151) used: 5.795s eta: 9.556s
Compiling jittor_core(58/151) used: 5.843s eta: 9.368s
Compiling jittor_core(59/151) used: 6.018s eta: 9.384s
Compiling jittor_core(60/151) used: 6.103s eta: 9.257s
Compiling jittor_core(61/151) used: 6.225s eta: 9.185s
Compiling jittor_core(62/151) used: 6.282s eta: 9.018s
Compiling jittor_core(63/151) used: 6.316s eta: 8.823s
Compiling jittor_core(64/151) used: 6.577s eta: 8.941s
Compiling jittor_core(65/151) used: 6.611s eta: 8.747s
Compiling jittor_core(66/151) used: 6.697s eta: 8.625s
Compiling jittor_core(67/151) used: 6.747s eta: 8.459s
Compiling jittor_core(68/151) used: 6.902s eta: 8.424s
Compiling jittor_core(69/151) used: 6.928s eta: 8.234s
Compiling jittor_core(70/151) used: 7.055s eta: 8.164s
Compiling jittor_core(71/151) used: 7.152s eta: 8.059s
Compiling jittor_core(72/151) used: 7.338s eta: 8.052s
Compiling jittor_core(73/151) used: 7.351s eta: 7.854s
Compiling jittor_core(74/151) used: 7.371s eta: 7.670s
Compiling jittor_core(75/151) used: 7.438s eta: 7.537s
Compiling jittor_core(76/151) used: 7.622s eta: 7.522s
Compiling jittor_core(77/151) used: 7.727s eta: 7.426s
Compiling jittor_core(78/151) used: 7.800s eta: 7.300s
Compiling jittor_core(79/151) used: 7.984s eta: 7.276s
Compiling jittor_core(80/151) used: 7.993s eta: 7.094s
Compiling jittor_core(81/151) used: 8.069s eta: 6.974s
Compiling jittor_core(82/151) used: 8.238s eta: 6.932s
Compiling jittor_core(83/151) used: 8.278s eta: 6.782s
Compiling jittor_core(84/151) used: 8.454s eta: 6.743s
Compiling jittor_core(85/151) used: 8.467s eta: 6.574s
Compiling jittor_core(86/151) used: 8.501s eta: 6.425s
Compiling jittor_core(87/151) used: 8.527s eta: 6.273s
Compiling jittor_core(88/151) used: 8.904s eta: 6.375s
Compiling jittor_core(89/151) used: 8.910s eta: 6.207s
Compiling jittor_core(90/151) used: 9.000s eta: 6.100s
Compiling jittor_core(91/151) used: 9.196s eta: 6.063s
Compiling jittor_core(92/151) used: 9.296s eta: 5.962s
Compiling jittor_core(93/151) used: 9.361s eta: 5.838s
Compiling jittor_core(94/151) used: 9.364s eta: 5.678s
Compiling jittor_core(95/151) used: 9.445s eta: 5.567s
Compiling jittor_core(96/151) used: 9.603s eta: 5.502s
Compiling jittor_core(97/151) used: 9.631s eta: 5.362s
Compiling jittor_core(98/151) used: 9.651s eta: 5.219s
Compiling jittor_core(99/151) used: 9.756s eta: 5.125s
Compiling jittor_core(100/151) used: 9.756s eta: 4.976s
Compiling jittor_core(101/151) used: 10.017s eta: 4.959s
Compiling jittor_core(102/151) used: 10.254s eta: 4.926s
Compiling jittor_core(103/151) used: 10.260s eta: 4.782s
Compiling jittor_core(104/151) used: 10.380s eta: 4.691s
Compiling jittor_core(105/151) used: 10.393s eta: 4.553s
Compiling jittor_core(106/151) used: 10.445s eta: 4.434s
Compiling jittor_core(107/151) used: 10.610s eta: 4.363s
Compiling jittor_core(108/151) used: 10.612s eta: 4.225s
Compiling jittor_core(109/151) used: 10.794s eta: 4.159s
Compiling jittor_core(110/151) used: 10.900s eta: 4.063s
Compiling jittor_core(111/151) used: 10.904s eta: 3.929s
Compiling jittor_core(112/151) used: 10.920s eta: 3.803s
Compiling jittor_core(113/151) used: 10.950s eta: 3.682s
Compiling jittor_core(114/151) used: 10.951s eta: 3.554s
Compiling jittor_core(115/151) used: 10.988s eta: 3.440s
Compiling jittor_core(116/151) used: 11.069s eta: 3.340s
Compiling jittor_core(117/151) used: 11.281s eta: 3.278s
Compiling jittor_core(118/151) used: 11.292s eta: 3.158s
Compiling jittor_core(119/151) used: 11.301s eta: 3.039s
Compiling jittor_core(120/151) used: 11.392s eta: 2.943s
Compiling jittor_core(121/151) used: 11.400s eta: 2.826s
Compiling jittor_core(122/151) used: 11.648s eta: 2.769s
Compiling jittor_core(123/151) used: 11.847s eta: 2.697s
Compiling jittor_core(124/151) used: 11.914s eta: 2.594s
Compiling jittor_core(125/151) used: 11.923s eta: 2.480s
Compiling jittor_core(126/151) used: 11.972s eta: 2.375s
Compiling jittor_core(127/151) used: 12.014s eta: 2.270s
Compiling jittor_core(128/151) used: 12.022s eta: 2.160s
Compiling jittor_core(129/151) used: 12.032s eta: 2.052s
Compiling jittor_core(130/151) used: 12.072s eta: 1.950s
Compiling jittor_core(131/151) used: 12.228s eta: 1.867s
Compiling jittor_core(132/151) used: 12.266s eta: 1.766s
Compiling jittor_core(133/151) used: 12.353s eta: 1.672s
Compiling jittor_core(134/151) used: 12.404s eta: 1.574s
Compiling jittor_core(135/151) used: 12.508s eta: 1.482s
Compiling jittor_core(136/151) used: 12.601s eta: 1.390s
Compiling jittor_core(137/151) used: 12.603s eta: 1.288s
Compiling jittor_core(138/151) used: 12.627s eta: 1.190s
Compiling jittor_core(139/151) used: 12.922s eta: 1.116s
Compiling jittor_core(140/151) used: 12.985s eta: 1.020s
Compiling jittor_core(141/151) used: 13.048s eta: 0.925s
Compiling jittor_core(142/151) used: 13.082s eta: 0.829s
Compiling jittor_core(143/151) used: 13.149s eta: 0.736s
Compiling jittor_core(144/151) used: 13.318s eta: 0.647s
Compiling jittor_core(145/151) used: 13.746s eta: 0.569s
Compiling jittor_core(146/151) used: 14.433s eta: 0.494s
Compiling jittor_core(147/151) used: 14.520s eta: 0.395s
Compiling jittor_core(148/151) used: 14.748s eta: 0.299s
Compiling jittor_core(149/151) used: 15.085s eta: 0.202s
Compiling jittor_core(150/151) used: 16.402s eta: 0.109s
Compiling jittor_core(151/151) used: 23.205s eta: 0.000s
Compiling jittor_mpi_core(7/7) used: 2.505s eta: 0.000s
Compiling libcutt(8/9) used: 4.569s eta: 0.571s
Compiling libcutt(9/9) used: 8.768s eta: 0.000s
Compiling gen_ops_mkl_test_mkl_conv_backward_x_mkl_matmul_mk___hash16649c(6/7) used: 2.304s eta: 0.384s
Compiling gen_ops_mkl_test_mkl_conv_backward_x_mkl_matmul_mk___hash16649c(7/7) used: 2.738s eta: 0.000s
Compiling libcuda_extern(3/3) used: 2.338s eta: 0.000s
Compiling gen_ops_cublas_batched_matmul_cublas_acc_matmul_cu___hash4e18cc(8/8) used: 2.187s eta: 0.000s
Compiling gen_ops_cudnn_test_cudnn_conv3d_backward_w_cudnn_c___hashca4f2c(16/16) used: 4.085s eta: 0.000s
None
Using CUDA
Loading config from:  /mnt/fast/nobackup/users/ae01116/multi-modal-dissertation-uos/configs/voc12/clip_rc_zero_vit-b_512x512_40k_voc_10_16.py
Resize the pos_embed shape from (197, 768) to [1025,768,]
Making visible mask for zero-shot setting: [  0   1   2   3   4   5   6   7   8   9  10  11  12  13  14  -1  -1  -1
  -1  -1  -1  -1  -1  -1  -1  -1  -1  -1  -1  -1  -1  -1  -1  -1  -1  -1
  -1  -1  -1  -1  -1  -1  -1  -1  -1  -1  -1  -1  -1  -1  -1  -1  -1  -1
  -1  -1  -1  -1  -1  -1  -1  -1  -1  -1  -1  -1  -1  -1  -1  -1  -1  -1
  -1  -1  -1  -1  -1  -1  -1  -1  -1  -1  -1  -1  -1  -1  -1  -1  -1  -1
  -1  -1  -1  -1  -1  -1  -1  -1  -1  -1  -1  -1  -1  -1  -1  -1  -1  -1
  -1  -1  -1  -1  -1  -1  -1  -1  -1  -1  -1  -1  -1  -1  -1  -1  -1  -1
  -1  -1  -1  -1  -1  -1  -1  -1  -1  -1  -1  -1  -1  -1  -1  -1  -1  -1
  -1  -1  -1  -1  -1  -1  -1  -1  -1  -1  -1  -1  -1  -1  -1  -1  -1  -1
  -1  -1  -1  -1  -1  -1  -1  -1  -1  -1  -1  -1  -1  -1  -1  -1  -1  -1
  -1  -1  -1  -1  -1  -1  -1  -1  -1  -1  -1  -1  -1  -1  -1  -1  -1  -1
  -1  -1  -1  -1  -1  -1  -1  -1  -1  -1  -1  -1  -1  -1  -1  -1  -1  -1
  -1  -1  -1  -1  -1  -1  -1  -1  -1  -1  -1  -1  -1  -1  -1  -1  -1  -1
  -1  -1  -1  -1  -1  -1  -1  -1  -1  -1  -1  -1  -1  -1  -1  -1  -1  -1
  -1  -1  -1 255]
--------------------------------------
Finetune layer in segmentor: backbone.prompt_embeddings
Finetune layer in segmentor: backbone.deep_prompt_embeddings
Finetune layer in segmentor: backbone.prompt_proj.weight
Finetune layer in segmentor: backbone.prompt_proj.bias
Finetune layer in segmentor: backbone.prompt_norm.weight
Finetune layer in segmentor: backbone.prompt_norm.bias
Finetune layer in segmentor: decode_head.decoder_q.layers.0.linear1.bias
Finetune layer in segmentor: decode_head.decoder_q.layers.0.linear2.bias
Finetune layer in segmentor: decode_head.decoder_q.layers.0.norm2.weight
Finetune layer in segmentor: decode_head.decoder_q.layers.0.norm2.bias
Finetune layer in segmentor: decode_head.decoder_q.layers.0.norm3.weight
Finetune layer in segmentor: decode_head.decoder_q.layers.0.norm3.bias
Finetune layer in segmentor: decode_head.decoder_q.layers.0.multihead_attn.q.bias
Finetune layer in segmentor: decode_head.decoder_q.layers.0.multihead_attn.k.bias
Finetune layer in segmentor: decode_head.decoder_q.layers.0.multihead_attn.v.bias
Finetune layer in segmentor: decode_head.decoder_q.layers.0.multihead_attn.proj.bias
Finetune layer in segmentor: decode_head.decoder_q.layers.1.linear1.bias
Finetune layer in segmentor: decode_head.decoder_q.layers.1.linear2.bias
Finetune layer in segmentor: decode_head.decoder_q.layers.1.norm2.weight
Finetune layer in segmentor: decode_head.decoder_q.layers.1.norm2.bias
Finetune layer in segmentor: decode_head.decoder_q.layers.1.norm3.weight
Finetune layer in segmentor: decode_head.decoder_q.layers.1.norm3.bias
Finetune layer in segmentor: decode_head.decoder_q.layers.1.multihead_attn.q.bias
Finetune layer in segmentor: decode_head.decoder_q.layers.1.multihead_attn.k.bias
Finetune layer in segmentor: decode_head.decoder_q.layers.1.multihead_attn.v.bias
Finetune layer in segmentor: decode_head.decoder_q.layers.1.multihead_attn.proj.bias
Finetune layer in segmentor: decode_head.decoder_q.layers.2.linear1.bias
Finetune layer in segmentor: decode_head.decoder_q.layers.2.linear2.bias
Finetune layer in segmentor: decode_head.decoder_q.layers.2.norm2.weight
Finetune layer in segmentor: decode_head.decoder_q.layers.2.norm2.bias
Finetune layer in segmentor: decode_head.decoder_q.layers.2.norm3.weight
Finetune layer in segmentor: decode_head.decoder_q.layers.2.norm3.bias
Finetune layer in segmentor: decode_head.decoder_q.layers.2.multihead_attn.q.bias
Finetune layer in segmentor: decode_head.decoder_q.layers.2.multihead_attn.k.bias
Finetune layer in segmentor: decode_head.decoder_q.layers.2.multihead_attn.v.bias
Finetune layer in segmentor: decode_head.decoder_q.layers.2.multihead_attn.proj.bias
Finetune layer in segmentor: decode_head.decoder_v.layers.0.linear1.bias
Finetune layer in segmentor: decode_head.decoder_v.layers.0.linear2.bias
Finetune layer in segmentor: decode_head.decoder_v.layers.0.norm2.weight
Finetune layer in segmentor: decode_head.decoder_v.layers.0.norm2.bias
Finetune layer in segmentor: decode_head.decoder_v.layers.0.norm3.weight
Finetune layer in segmentor: decode_head.decoder_v.layers.0.norm3.bias
Finetune layer in segmentor: decode_head.decoder_v.layers.0.multihead_attn.q.bias
Finetune layer in segmentor: decode_head.decoder_v.layers.0.multihead_attn.k.bias
Finetune layer in segmentor: decode_head.decoder_v.layers.0.multihead_attn.v.bias
Finetune layer in segmentor: decode_head.decoder_v.layers.0.multihead_attn.proj.bias
Finetune layer in segmentor: decode_head.decoder_v.layers.1.linear1.bias
Finetune layer in segmentor: decode_head.decoder_v.layers.1.linear2.bias
Finetune layer in segmentor: decode_head.decoder_v.layers.1.norm2.weight
Finetune layer in segmentor: decode_head.decoder_v.layers.1.norm2.bias
Finetune layer in segmentor: decode_head.decoder_v.layers.1.norm3.weight
Finetune layer in segmentor: decode_head.decoder_v.layers.1.norm3.bias
Finetune layer in segmentor: decode_head.decoder_v.layers.1.multihead_attn.q.bias
Finetune layer in segmentor: decode_head.decoder_v.layers.1.multihead_attn.k.bias
Finetune layer in segmentor: decode_head.decoder_v.layers.1.multihead_attn.v.bias
Finetune layer in segmentor: decode_head.decoder_v.layers.1.multihead_attn.proj.bias
Finetune layer in segmentor: decode_head.decoder_v.layers.2.linear1.bias
Finetune layer in segmentor: decode_head.decoder_v.layers.2.linear2.bias
Finetune layer in segmentor: decode_head.decoder_v.layers.2.norm2.weight
Finetune layer in segmentor: decode_head.decoder_v.layers.2.norm2.bias
Finetune layer in segmentor: decode_head.decoder_v.layers.2.norm3.weight
Finetune layer in segmentor: decode_head.decoder_v.layers.2.norm3.bias
Finetune layer in segmentor: decode_head.decoder_v.layers.2.multihead_attn.q.bias
Finetune layer in segmentor: decode_head.decoder_v.layers.2.multihead_attn.k.bias
Finetune layer in segmentor: decode_head.decoder_v.layers.2.multihead_attn.v.bias
Finetune layer in segmentor: decode_head.decoder_v.layers.2.multihead_attn.proj.bias
Finetune layer in segmentor: decode_head.recovery_decoder.decouple_q.0.linear1.bias
Finetune layer in segmentor: decode_head.recovery_decoder.decouple_q.0.linear2.bias
Finetune layer in segmentor: decode_head.recovery_decoder.decouple_q.0.norm2.weight
Finetune layer in segmentor: decode_head.recovery_decoder.decouple_q.0.norm2.bias
Finetune layer in segmentor: decode_head.recovery_decoder.decouple_q.0.norm3.weight
Finetune layer in segmentor: decode_head.recovery_decoder.decouple_q.0.norm3.bias
Finetune layer in segmentor: decode_head.recovery_decoder.decouple_q.0.multihead_attn.q.bias
Finetune layer in segmentor: decode_head.recovery_decoder.decouple_q.0.multihead_attn.k.bias
Finetune layer in segmentor: decode_head.recovery_decoder.decouple_q.0.multihead_attn.v.bias
Finetune layer in segmentor: decode_head.recovery_decoder.decouple_q.0.multihead_attn.proj.bias
Finetune layer in segmentor: decode_head.recovery_decoder.decouple_v.0.linear1.bias
Finetune layer in segmentor: decode_head.recovery_decoder.decouple_v.0.linear2.bias
Finetune layer in segmentor: decode_head.recovery_decoder.decouple_v.0.norm2.weight
Finetune layer in segmentor: decode_head.recovery_decoder.decouple_v.0.norm2.bias
Finetune layer in segmentor: decode_head.recovery_decoder.decouple_v.0.norm3.weight
Finetune layer in segmentor: decode_head.recovery_decoder.decouple_v.0.norm3.bias
Finetune layer in segmentor: decode_head.recovery_decoder.decouple_v.0.multihead_attn.q.bias
Finetune layer in segmentor: decode_head.recovery_decoder.decouple_v.0.multihead_attn.k.bias
Finetune layer in segmentor: decode_head.recovery_decoder.decouple_v.0.multihead_attn.v.bias
Finetune layer in segmentor: decode_head.recovery_decoder.decouple_v.0.multihead_attn.proj.bias
Finetune layer in segmentor: decode_head.recovery_decoder.linear_q_in.bias
Finetune layer in segmentor: decode_head.recovery_decoder.linear_k_in.bias
Finetune layer in segmentor: decode_head.recovery_decoder.linear_q_out.bias
Finetune layer in segmentor: decode_head.recovery_decoder.linear_k_out.bias
Finetune layer in segmentor: decode_head.lateral_proj.bias
Finetune layer in segmentor: decode_head.q_proj.bias
CLASSES: &id003 !!python/tuple
- aeroplane
- bicycle
- bird
- boat
- bottle
- bus
- car
- cat
- chair
- cow
- diningtable
- dog
- horse
- motorbike
- person
- pottedplant
- sheep
- sofa
- train
- tvmonitor
base: /mnt/fast/nobackup/users/ae01116/multi-modal-dissertation-uos
base_class:
- 0
- 1
- 2
- 3
- 4
- 5
- 6
- 7
- 8
- 9
- 10
- 11
- 12
- 13
- 14
base_scratch: /mnt/fast/nobackup/scratch4weeks/ae01116
both_class:
- 0
- 1
- 2
- 3
- 4
- 5
- 6
- 7
- 8
- 9
- 10
- 11
- 12
- 13
- 14
- 15
- 16
- 17
- 18
- 19
checkpoint_interval: 2000
crop_size: &id001 !!python/tuple
- 512
- 512
data_root: /mnt/fast/nobackup/scratch4weeks/ae01116/data/VOC2012
dataset:
  train:
    ann_dir: SegmentationClassAug
    batch_size: 4
    data_root: /mnt/fast/nobackup/scratch4weeks/ae01116/data/VOC2012
    drop_last: false
    img_dir: JPEGImages
    num_workers: 8
    pipeline:
    - type: LoadImageFromFile
    - reduce_zero_label: true
      type: LoadAnnotations
    - img_scale: &id002 !!python/tuple
      - 2048
      - 512
      ratio_range: &id004 !!python/tuple
      - 0.5
      - 2.0
      type: Resize
    - cat_max_ratio: 0.75
      crop_size: *id001
      type: RandomCrop
    - prob: 0.5
      type: RandomFlip
    - type: PhotoMetricDistortion
    - mean:
      - 123.675
      - 116.28
      - 103.53
      std:
      - 58.395
      - 57.12
      - 57.375
      to_rgb: true
      type: Normalize
    - pad_val: 0
      seg_pad_val: 255
      size: *id001
      type: Pad
    - type: DefaultFormatBundle
    - keys:
      - img
      - gt_semantic_seg
      type: Collect
    shuffle: true
    split: ImageSets/Segmentation/trainaug.txt
    type: ZeroPascalVOCDataset20
  val:
    ann_dir: SegmentationClass
    batch_size: 1
    data_root: /mnt/fast/nobackup/scratch4weeks/ae01116/data/VOC2012
    drop_last: false
    img_dir: JPEGImages
    num_workers: 1
    pipeline:
    - type: LoadImageFromFile
    - flip: false
      img_scale: *id002
      transforms:
      - keep_ratio: true
        min_size: 512
        type: Resize
      - type: RandomFlip
      - mean:
        - 123.675
        - 116.28
        - 103.53
        std:
        - 58.395
        - 57.12
        - 57.375
        to_rgb: true
        type: Normalize
      - keys:
        - img
        type: ImageToTensor
      - keys:
        - img
        type: Collect
      type: MultiScaleFlipAug
    shuffle: false
    split: ImageSets/Segmentation/val.txt
    type: ZeroPascalVOCDataset20
dataset_type: ZeroPascalVOCDataset20
eval_interval: 2000
img_norm_cfg:
  mean:
  - 123.675
  - 116.28
  - 103.53
  std:
  - 58.395
  - 57.12
  - 57.375
  to_rgb: true
img_size: 512
in_channels: 512
log_interval: 50
logger:
  type: RunLogger
max_iter: 40000
model:
  backbone:
    drop_path_rate: 0.1
    get_embeddings: true
    input_resolution: 512
    layers: 12
    num_tokens: 10
    out_indices:
    - 11
    output_dim: 512
    patch_size: 16
    prompt_dim: 768
    region_level_bridge_size: 16
    total_d_layer: 11
    type: CLIPVisionTransformerWithRLB
    width: 768
  base_class:
  - 0
  - 1
  - 2
  - 3
  - 4
  - 5
  - 6
  - 7
  - 8
  - 9
  - 10
  - 11
  - 12
  - 13
  - 14
  both_class:
  - 0
  - 1
  - 2
  - 3
  - 4
  - 5
  - 6
  - 7
  - 8
  - 9
  - 10
  - 11
  - 12
  - 13
  - 14
  - 15
  - 16
  - 17
  - 18
  - 19
  class_names: *id003
  decode_head:
    all_idx:
    - 0
    - 1
    - 2
    - 3
    - 4
    - 5
    - 6
    - 7
    - 8
    - 9
    - 10
    - 11
    - 12
    - 13
    - 14
    - 15
    - 16
    - 17
    - 18
    - 19
    channels: 512
    embed_dims: 512
    img_size: 512
    in_channels: 512
    num_classes: 15
    num_heads: 8
    num_layers: 3
    seen_idx:
    - 0
    - 1
    - 2
    - 3
    - 4
    - 5
    - 6
    - 7
    - 8
    - 9
    - 10
    - 11
    - 12
    - 13
    - 14
    type: ATMSingleHeadSeg
    use_proj: false
    use_stages: 1
  exclude_key: prompt
  ft_backbone: false
  load_text_embedding: /mnt/fast/nobackup/users/ae01116/multi-modal-dissertation-uos/configs/_base_/datasets/text_embedding/voc12_single.npy
  novel_class:
  - 15
  - 16
  - 17
  - 18
  - 19
  pretrained: /mnt/fast/nobackup/scratch4weeks/ae01116/weights/ViT-B-16-RC-CLIP.pkl
  pretrained_text: /mnt/fast/nobackup/scratch4weeks/ae01116/weights/ViT-B-16-RC-CLIP.pkl
  test_cfg:
    crop_size: !!python/tuple
    - 512
    - 512
    mode: slide
    stride: !!python/tuple
    - 426
    - 426
  text_encoder:
    context_length: 77
    embed_dim: 512
    pretrained: /mnt/fast/nobackup/scratch4weeks/ae01116/weights/ViT-B-16-RC-CLIP.pkl
    transformer_heads: 8
    transformer_layers: 12
    transformer_width: 512
    type: CLIPTextEncoder
  type: CLIPRC
name: clip_rc_zero_vit-b_512x512_40k_voc_10_16
novel_class:
- 15
- 16
- 17
- 18
- 19
optimizer:
  betas: !!python/tuple
  - 0.9
  - 0.999
  lr: 2.0e-05
  type: CustomAdamW
  weight_decay: 0.01
out_indices:
- 11
parameter_groups_generator:
  custom_keys:
    backbone:
      lr_mult: 10.0
    head:
      lr_mult: 10.0
    ln:
      decay_mult: 0.0
    norm:
      decay_mult: 0.0
    text_encoder:
      lr_mult: 0.0
  type: CustomPrameterGroupsGenerator
pretrained: /mnt/fast/nobackup/scratch4weeks/ae01116/weights/ViT-B-16-RC-CLIP.pkl
region_level_bridge_size: 16
scheduler:
  max_steps: 40000
  min_lr: 1.0e-06
  power: 0.9
  type: PolyLR
  warmup: linear
  warmup_iters: 1500
  warmup_ratio: 1.0e-06
test_pipeline:
- type: LoadImageFromFile
- flip: false
  img_scale: *id002
  transforms:
  - keep_ratio: true
    min_size: 512
    type: Resize
  - type: RandomFlip
  - mean:
    - 123.675
    - 116.28
    - 103.53
    std:
    - 58.395
    - 57.12
    - 57.375
    to_rgb: true
    type: Normalize
  - keys:
    - img
    type: ImageToTensor
  - keys:
    - img
    type: Collect
  type: MultiScaleFlipAug
train_pipeline:
- type: LoadImageFromFile
- reduce_zero_label: true
  type: LoadAnnotations
- img_scale: *id002
  ratio_range: *id004
  type: Resize
- cat_max_ratio: 0.75
  crop_size: *id001
  type: RandomCrop
- prob: 0.5
  type: RandomFlip
- type: PhotoMetricDistortion
- mean:
  - 123.675
  - 116.28
  - 103.53
  std:
  - 58.395
  - 57.12
  - 57.375
  to_rgb: true
  type: Normalize
- pad_val: 0
  seg_pad_val: 255
  size: *id001
  type: Pad
- type: DefaultFormatBundle
- keys:
  - img
  - gt_semantic_seg
  type: Collect
work_dir: work_dirs/clip_rc_zero_vit-b_512x512_40k_voc_10_16

Wed Aug  7 07:27:14 2024  model:CLIPRC(
    backbone: CLIPVisionTransformerWithRLB(
        conv1: Conv(3, 768, (16, 16), (16, 16), (0, 0), (1, 1), 1, None, None, Kw=None, fan=None, i=None, bound=None)
        ln_pre: LayerNorm((768,), 1e-05, elementwise_affine=True)
        transformer: Transformer(
            resblocks: Sequential(
                0: ResidualAttentionBlock(
                    attn: MultiheadAttention(
                        out_proj: Linear(768, 768, float32[768,], None)
                    )
                    ln_1: LayerNorm((768,), 1e-05, elementwise_affine=True)
                    mlp: Sequential(
                        c_fc: Linear(768, 3072, float32[3072,], None)
                        gelu: QuickGELU(None, None)
                        c_proj: Linear(3072, 768, float32[768,], None)
                    )
                    ln_2: LayerNorm((768,), 1e-05, elementwise_affine=True)
                    drop_path: Identity(None, None)
                )
                1: ResidualAttentionBlock(
                    attn: MultiheadAttention(
                        out_proj: Linear(768, 768, float32[768,], None)
                    )
                    ln_1: LayerNorm((768,), 1e-05, elementwise_affine=True)
                    mlp: Sequential(
                        c_fc: Linear(768, 3072, float32[3072,], None)
                        gelu: QuickGELU(None, None)
                        c_proj: Linear(3072, 768, float32[768,], None)
                    )
                    ln_2: LayerNorm((768,), 1e-05, elementwise_affine=True)
                    drop_path: DropPath(p=0.00909090880304575)
                )
                2: ResidualAttentionBlock(
                    attn: MultiheadAttention(
                        out_proj: Linear(768, 768, float32[768,], None)
                    )
                    ln_1: LayerNorm((768,), 1e-05, elementwise_affine=True)
                    mlp: Sequential(
                        c_fc: Linear(768, 3072, float32[3072,], None)
                        gelu: QuickGELU(None, None)
                        c_proj: Linear(3072, 768, float32[768,], None)
                    )
                    ln_2: LayerNorm((768,), 1e-05, elementwise_affine=True)
                    drop_path: DropPath(p=0.0181818176060915)
                )
                3: ResidualAttentionBlock(
                    attn: MultiheadAttention(
                        out_proj: Linear(768, 768, float32[768,], None)
                    )
                    ln_1: LayerNorm((768,), 1e-05, elementwise_affine=True)
                    mlp: Sequential(
                        c_fc: Linear(768, 3072, float32[3072,], None)
                        gelu: QuickGELU(None, None)
                        c_proj: Linear(3072, 768, float32[768,], None)
                    )
                    ln_2: LayerNorm((768,), 1e-05, elementwise_affine=True)
                    drop_path: DropPath(p=0.027272727340459824)
                )
                4: ResidualAttentionBlock(
                    attn: MultiheadAttention(
                        out_proj: Linear(768, 768, float32[768,], None)
                    )
                    ln_1: LayerNorm((768,), 1e-05, elementwise_affine=True)
                    mlp: Sequential(
                        c_fc: Linear(768, 3072, float32[3072,], None)
                        gelu: QuickGELU(None, None)
                        c_proj: Linear(3072, 768, float32[768,], None)
                    )
                    ln_2: LayerNorm((768,), 1e-05, elementwise_affine=True)
                    drop_path: DropPath(p=0.036363635212183)
                )
                5: ResidualAttentionBlock(
                    attn: MultiheadAttention(
                        out_proj: Linear(768, 768, float32[768,], None)
                    )
                    ln_1: LayerNorm((768,), 1e-05, elementwise_affine=True)
                    mlp: Sequential(
                        c_fc: Linear(768, 3072, float32[3072,], None)
                        gelu: QuickGELU(None, None)
                        c_proj: Linear(3072, 768, float32[768,], None)
                    )
                    ln_2: LayerNorm((768,), 1e-05, elementwise_affine=True)
                    drop_path: DropPath(p=0.045454543083906174)
                )
                6: ResidualAttentionBlock(
                    attn: MultiheadAttention(
                        out_proj: Linear(768, 768, float32[768,], None)
                    )
                    ln_1: LayerNorm((768,), 1e-05, elementwise_affine=True)
                    mlp: Sequential(
                        c_fc: Linear(768, 3072, float32[3072,], None)
                        gelu: QuickGELU(None, None)
                        c_proj: Linear(3072, 768, float32[768,], None)
                    )
                    ln_2: LayerNorm((768,), 1e-05, elementwise_affine=True)
                    drop_path: DropPath(p=0.05454545468091965)
                )
                7: ResidualAttentionBlock(
                    attn: MultiheadAttention(
                        out_proj: Linear(768, 768, float32[768,], None)
                    )
                    ln_1: LayerNorm((768,), 1e-05, elementwise_affine=True)
                    mlp: Sequential(
                        c_fc: Linear(768, 3072, float32[3072,], None)
                        gelu: QuickGELU(None, None)
                        c_proj: Linear(3072, 768, float32[768,], None)
                    )
                    ln_2: LayerNorm((768,), 1e-05, elementwise_affine=True)
                    drop_path: DropPath(p=0.06363636255264282)
                )
                8: ResidualAttentionBlock(
                    attn: MultiheadAttention(
                        out_proj: Linear(768, 768, float32[768,], None)
                    )
                    ln_1: LayerNorm((768,), 1e-05, elementwise_affine=True)
                    mlp: Sequential(
                        c_fc: Linear(768, 3072, float32[3072,], None)
                        gelu: QuickGELU(None, None)
                        c_proj: Linear(3072, 768, float32[768,], None)
                    )
                    ln_2: LayerNorm((768,), 1e-05, elementwise_affine=True)
                    drop_path: DropPath(p=0.072727270424366)
                )
                9: ResidualAttentionBlock(
                    attn: MultiheadAttention(
                        out_proj: Linear(768, 768, float32[768,], None)
                    )
                    ln_1: LayerNorm((768,), 1e-05, elementwise_affine=True)
                    mlp: Sequential(
                        c_fc: Linear(768, 3072, float32[3072,], None)
                        gelu: QuickGELU(None, None)
                        c_proj: Linear(3072, 768, float32[768,], None)
                    )
                    ln_2: LayerNorm((768,), 1e-05, elementwise_affine=True)
                    drop_path: DropPath(p=0.08181817829608917)
                )
                10: ResidualAttentionBlock(
                    attn: MultiheadAttention(
                        out_proj: Linear(768, 768, float32[768,], None)
                    )
                    ln_1: LayerNorm((768,), 1e-05, elementwise_affine=True)
                    mlp: Sequential(
                        c_fc: Linear(768, 3072, float32[3072,], None)
                        gelu: QuickGELU(None, None)
                        c_proj: Linear(3072, 768, float32[768,], None)
                    )
                    ln_2: LayerNorm((768,), 1e-05, elementwise_affine=True)
                    drop_path: DropPath(p=0.09090908616781235)
                )
                11: ResidualAttentionBlock(
                    attn: MultiheadAttention(
                        out_proj: Linear(768, 768, float32[768,], None)
                    )
                    ln_1: LayerNorm((768,), 1e-05, elementwise_affine=True)
                    mlp: Sequential(
                        c_fc: Linear(768, 3072, float32[3072,], None)
                        gelu: QuickGELU(None, None)
                        c_proj: Linear(3072, 768, float32[768,], None)
                    )
                    ln_2: LayerNorm((768,), 1e-05, elementwise_affine=True)
                    drop_path: DropPath(p=0.09999999403953552)
                )
            )
        )
        ln_post: LayerNorm((768,), 1e-05, elementwise_affine=True)
        prompt_proj: Linear(768, 768, float32[768,], None)
        prompt_norm: LayerNorm((768,), 1e-06, elementwise_affine=True)
        prompt_dropout: Dropout(0.1, is_train=False)
    )
    decode_head: ATMSingleHeadSeg(
        loss_decode: CrossEntropyLoss(avg_non_ignore=False)
        dropout: Dropout(0.1, is_train=False)
        input_proj_1: Identity(None, None)
        proj_norm_1: Identity(None, None)
        decoder_q: TPN_Decoder(
            layers: Sequential(
                0: TPN_DecoderLayer(
                    linear1: Linear(512, 2048, float32[2048,], None)
                    dropout: Dropout(0.1, is_train=False)
                    linear2: Linear(2048, 512, float32[512,], None)
                    norm2: LayerNorm((512,), 1e-05, elementwise_affine=True)
                    norm3: LayerNorm((512,), 1e-05, elementwise_affine=True)
                    dropout1: Dropout(0.1, is_train=False)
                    dropout2: Dropout(0.1, is_train=False)
                    dropout3: Dropout(0.1, is_train=False)
                    multihead_attn: Attention(
                        q: Linear(512, 512, float32[512,], None)
                        k: Linear(512, 512, float32[512,], None)
                        v: Linear(512, 512, float32[512,], None)
                        attn_drop: Dropout(0.1, is_train=False)
                        proj: Linear(512, 512, float32[512,], None)
                        proj_drop: Dropout(0.0, is_train=False)
                    )
                )
                1: TPN_DecoderLayer(
                    linear1: Linear(512, 2048, float32[2048,], None)
                    dropout: Dropout(0.1, is_train=False)
                    linear2: Linear(2048, 512, float32[512,], None)
                    norm2: LayerNorm((512,), 1e-05, elementwise_affine=True)
                    norm3: LayerNorm((512,), 1e-05, elementwise_affine=True)
                    dropout1: Dropout(0.1, is_train=False)
                    dropout2: Dropout(0.1, is_train=False)
                    dropout3: Dropout(0.1, is_train=False)
                    multihead_attn: Attention(
                        q: Linear(512, 512, float32[512,], None)
                        k: Linear(512, 512, float32[512,], None)
                        v: Linear(512, 512, float32[512,], None)
                        attn_drop: Dropout(0.1, is_train=False)
                        proj: Linear(512, 512, float32[512,], None)
                        proj_drop: Dropout(0.0, is_train=False)
                    )
                )
                2: TPN_DecoderLayer(
                    linear1: Linear(512, 2048, float32[2048,], None)
                    dropout: Dropout(0.1, is_train=False)
                    linear2: Linear(2048, 512, float32[512,], None)
                    norm2: LayerNorm((512,), 1e-05, elementwise_affine=True)
                    norm3: LayerNorm((512,), 1e-05, elementwise_affine=True)
                    dropout1: Dropout(0.1, is_train=False)
                    dropout2: Dropout(0.1, is_train=False)
                    dropout3: Dropout(0.1, is_train=False)
                    multihead_attn: Attention(
                        q: Linear(512, 512, float32[512,], None)
                        k: Linear(512, 512, float32[512,], None)
                        v: Linear(512, 512, float32[512,], None)
                        attn_drop: Dropout(0.1, is_train=False)
                        proj: Linear(512, 512, float32[512,], None)
                        proj_drop: Dropout(0.0, is_train=False)
                    )
                )
            )
        )
        decoder_v: TPN_Decoder(
            layers: Sequential(
                0: TPN_DecoderLayer(
                    linear1: Linear(512, 2048, float32[2048,], None)
                    dropout: Dropout(0.1, is_train=False)
                    linear2: Linear(2048, 512, float32[512,], None)
                    norm2: LayerNorm((512,), 1e-05, elementwise_affine=True)
                    norm3: LayerNorm((512,), 1e-05, elementwise_affine=True)
                    dropout1: Dropout(0.1, is_train=False)
                    dropout2: Dropout(0.1, is_train=False)
                    dropout3: Dropout(0.1, is_train=False)
                    multihead_attn: Attention(
                        q: Linear(512, 512, float32[512,], None)
                        k: Linear(512, 512, float32[512,], None)
                        v: Linear(512, 512, float32[512,], None)
                        attn_drop: Dropout(0.1, is_train=False)
                        proj: Linear(512, 512, float32[512,], None)
                        proj_drop: Dropout(0.0, is_train=False)
                    )
                )
                1: TPN_DecoderLayer(
                    linear1: Linear(512, 2048, float32[2048,], None)
                    dropout: Dropout(0.1, is_train=False)
                    linear2: Linear(2048, 512, float32[512,], None)
                    norm2: LayerNorm((512,), 1e-05, elementwise_affine=True)
                    norm3: LayerNorm((512,), 1e-05, elementwise_affine=True)
                    dropout1: Dropout(0.1, is_train=False)
                    dropout2: Dropout(0.1, is_train=False)
                    dropout3: Dropout(0.1, is_train=False)
                    multihead_attn: Attention(
                        q: Linear(512, 512, float32[512,], None)
                        k: Linear(512, 512, float32[512,], None)
                        v: Linear(512, 512, float32[512,], None)
                        attn_drop: Dropout(0.1, is_train=False)
                        proj: Linear(512, 512, float32[512,], None)
                        proj_drop: Dropout(0.0, is_train=False)
                    )
                )
                2: TPN_DecoderLayer(
                    linear1: Linear(512, 2048, float32[2048,], None)
                    dropout: Dropout(0.1, is_train=False)
                    linear2: Linear(2048, 512, float32[512,], None)
                    norm2: LayerNorm((512,), 1e-05, elementwise_affine=True)
                    norm3: LayerNorm((512,), 1e-05, elementwise_affine=True)
                    dropout1: Dropout(0.1, is_train=False)
                    dropout2: Dropout(0.1, is_train=False)
                    dropout3: Dropout(0.1, is_train=False)
                    multihead_attn: Attention(
                        q: Linear(512, 512, float32[512,], None)
                        k: Linear(512, 512, float32[512,], None)
                        v: Linear(512, 512, float32[512,], None)
                        attn_drop: Dropout(0.1, is_train=False)
                        proj: Linear(512, 512, float32[512,], None)
                        proj_drop: Dropout(0.0, is_train=False)
                    )
                )
            )
        )
        recovery_decoder: RecoveryDecoder(
            decouple_q: Sequential(
                0: TPN_DecoderLayer(
                    linear1: Linear(512, 2048, float32[2048,], None)
                    dropout: Dropout(0.1, is_train=False)
                    linear2: Linear(2048, 512, float32[512,], None)
                    norm2: LayerNorm((512,), 1e-05, elementwise_affine=True)
                    norm3: LayerNorm((512,), 1e-05, elementwise_affine=True)
                    dropout1: Dropout(0.1, is_train=False)
                    dropout2: Dropout(0.1, is_train=False)
                    dropout3: Dropout(0.1, is_train=False)
                    multihead_attn: Attention(
                        q: Linear(512, 512, float32[512,], None)
                        k: Linear(512, 512, float32[512,], None)
                        v: Linear(512, 512, float32[512,], None)
                        attn_drop: Dropout(0.1, is_train=False)
                        proj: Linear(512, 512, float32[512,], None)
                        proj_drop: Dropout(0.0, is_train=False)
                    )
                )
            )
            decouple_v: Sequential(
                0: TPN_DecoderLayer(
                    linear1: Linear(512, 2048, float32[2048,], None)
                    dropout: Dropout(0.1, is_train=False)
                    linear2: Linear(2048, 512, float32[512,], None)
                    norm2: LayerNorm((512,), 1e-05, elementwise_affine=True)
                    norm3: LayerNorm((512,), 1e-05, elementwise_affine=True)
                    dropout1: Dropout(0.1, is_train=False)
                    dropout2: Dropout(0.1, is_train=False)
                    dropout3: Dropout(0.1, is_train=False)
                    multihead_attn: Attention(
                        q: Linear(512, 512, float32[512,], None)
                        k: Linear(512, 512, float32[512,], None)
                        v: Linear(512, 512, float32[512,], None)
                        attn_drop: Dropout(0.1, is_train=False)
                        proj: Linear(512, 512, float32[512,], None)
                        proj_drop: Dropout(0.0, is_train=False)
                    )
                )
            )
            linear_q_in: Linear(512, 512, float32[512,], None)
            linear_k_in: Linear(512, 512, float32[512,], None)
            linear_q_out: Linear(512, 1024, float32[1024,], None)
            linear_k_out: Linear(512, 512, float32[512,], None)
        )
        lateral_proj: Linear(1536, 512, float32[512,], None)
        q_proj: Linear(1024, 512, float32[512,], None)
    )
    text_encoder: CLIPTextEncoder(
        transformer: Transformer(
            resblocks: Sequential(
                0: ResidualAttentionBlock(
                    attn: MultiheadAttention(
                        out_proj: Linear(512, 512, float32[512,], None)
                    )
                    ln_1: LayerNorm((512,), 1e-05, elementwise_affine=True)
                    mlp: Sequential(
                        c_fc: Linear(512, 2048, float32[2048,], None)
                        gelu: QuickGELU(None, None)
                        c_proj: Linear(2048, 512, float32[512,], None)
                    )
                    ln_2: LayerNorm((512,), 1e-05, elementwise_affine=True)
                    drop_path: Identity(None, None)
                )
                1: ResidualAttentionBlock(
                    attn: MultiheadAttention(
                        out_proj: Linear(512, 512, float32[512,], None)
                    )
                    ln_1: LayerNorm((512,), 1e-05, elementwise_affine=True)
                    mlp: Sequential(
                        c_fc: Linear(512, 2048, float32[2048,], None)
                        gelu: QuickGELU(None, None)
                        c_proj: Linear(2048, 512, float32[512,], None)
                    )
                    ln_2: LayerNorm((512,), 1e-05, elementwise_affine=True)
                    drop_path: Identity(None, None)
                )
                2: ResidualAttentionBlock(
                    attn: MultiheadAttention(
                        out_proj: Linear(512, 512, float32[512,], None)
                    )
                    ln_1: LayerNorm((512,), 1e-05, elementwise_affine=True)
                    mlp: Sequential(
                        c_fc: Linear(512, 2048, float32[2048,], None)
                        gelu: QuickGELU(None, None)
                        c_proj: Linear(2048, 512, float32[512,], None)
                    )
                    ln_2: LayerNorm((512,), 1e-05, elementwise_affine=True)
                    drop_path: Identity(None, None)
                )
                3: ResidualAttentionBlock(
                    attn: MultiheadAttention(
                        out_proj: Linear(512, 512, float32[512,], None)
                    )
                    ln_1: LayerNorm((512,), 1e-05, elementwise_affine=True)
                    mlp: Sequential(
                        c_fc: Linear(512, 2048, float32[2048,], None)
                        gelu: QuickGELU(None, None)
                        c_proj: Linear(2048, 512, float32[512,], None)
                    )
                    ln_2: LayerNorm((512,), 1e-05, elementwise_affine=True)
                    drop_path: Identity(None, None)
                )
                4: ResidualAttentionBlock(
                    attn: MultiheadAttention(
                        out_proj: Linear(512, 512, float32[512,], None)
                    )
                    ln_1: LayerNorm((512,), 1e-05, elementwise_affine=True)
                    mlp: Sequential(
                        c_fc: Linear(512, 2048, float32[2048,], None)
                        gelu: QuickGELU(None, None)
                        c_proj: Linear(2048, 512, float32[512,], None)
                    )
                    ln_2: LayerNorm((512,), 1e-05, elementwise_affine=True)
                    drop_path: Identity(None, None)
                )
                5: ResidualAttentionBlock(
                    attn: MultiheadAttention(
                        out_proj: Linear(512, 512, float32[512,], None)
                    )
                    ln_1: LayerNorm((512,), 1e-05, elementwise_affine=True)
                    mlp: Sequential(
                        c_fc: Linear(512, 2048, float32[2048,], None)
                        gelu: QuickGELU(None, None)
                        c_proj: Linear(2048, 512, float32[512,], None)
                    )
                    ln_2: LayerNorm((512,), 1e-05, elementwise_affine=True)
                    drop_path: Identity(None, None)
                )
                6: ResidualAttentionBlock(
                    attn: MultiheadAttention(
                        out_proj: Linear(512, 512, float32[512,], None)
                    )
                    ln_1: LayerNorm((512,), 1e-05, elementwise_affine=True)
                    mlp: Sequential(
                        c_fc: Linear(512, 2048, float32[2048,], None)
                        gelu: QuickGELU(None, None)
                        c_proj: Linear(2048, 512, float32[512,], None)
                    )
                    ln_2: LayerNorm((512,), 1e-05, elementwise_affine=True)
                    drop_path: Identity(None, None)
                )
                7: ResidualAttentionBlock(
                    attn: MultiheadAttention(
                        out_proj: Linear(512, 512, float32[512,], None)
                    )
                    ln_1: LayerNorm((512,), 1e-05, elementwise_affine=True)
                    mlp: Sequential(
                        c_fc: Linear(512, 2048, float32[2048,], None)
                        gelu: QuickGELU(None, None)
                        c_proj: Linear(2048, 512, float32[512,], None)
                    )
                    ln_2: LayerNorm((512,), 1e-05, elementwise_affine=True)
                    drop_path: Identity(None, None)
                )
                8: ResidualAttentionBlock(
                    attn: MultiheadAttention(
                        out_proj: Linear(512, 512, float32[512,], None)
                    )
                    ln_1: LayerNorm((512,), 1e-05, elementwise_affine=True)
                    mlp: Sequential(
                        c_fc: Linear(512, 2048, float32[2048,], None)
                        gelu: QuickGELU(None, None)
                        c_proj: Linear(2048, 512, float32[512,], None)
                    )
                    ln_2: LayerNorm((512,), 1e-05, elementwise_affine=True)
                    drop_path: Identity(None, None)
                )
                9: ResidualAttentionBlock(
                    attn: MultiheadAttention(
                        out_proj: Linear(512, 512, float32[512,], None)
                    )
                    ln_1: LayerNorm((512,), 1e-05, elementwise_affine=True)
                    mlp: Sequential(
                        c_fc: Linear(512, 2048, float32[2048,], None)
                        gelu: QuickGELU(None, None)
                        c_proj: Linear(2048, 512, float32[512,], None)
                    )
                    ln_2: LayerNorm((512,), 1e-05, elementwise_affine=True)
                    drop_path: Identity(None, None)
                )
                10: ResidualAttentionBlock(
                    attn: MultiheadAttention(
                        out_proj: Linear(512, 512, float32[512,], None)
                    )
                    ln_1: LayerNorm((512,), 1e-05, elementwise_affine=True)
                    mlp: Sequential(
                        c_fc: Linear(512, 2048, float32[2048,], None)
                        gelu: QuickGELU(None, None)
                        c_proj: Linear(2048, 512, float32[512,], None)
                    )
                    ln_2: LayerNorm((512,), 1e-05, elementwise_affine=True)
                    drop_path: Identity(None, None)
                )
                11: ResidualAttentionBlock(
                    attn: MultiheadAttention(
                        out_proj: Linear(512, 512, float32[512,], None)
                    )
                    ln_1: LayerNorm((512,), 1e-05, elementwise_affine=True)
                    mlp: Sequential(
                        c_fc: Linear(512, 2048, float32[2048,], None)
                        gelu: QuickGELU(None, None)
                        c_proj: Linear(2048, 512, float32[512,], None)
                    )
                    ln_2: LayerNorm((512,), 1e-05, elementwise_affine=True)
                    drop_path: Identity(None, None)
                )
            )
        )
        token_embedding: Embedding(49408, 512, None, dtype=None)
        ln_final: LayerNorm((512,), 1e-05, elementwise_affine=True)
    )
)
Loaded 10582 images
Loaded 1449 images
Wed Aug  7 07:27:14 2024 Start running
Traceback (most recent call last):
  File "/mnt/fast/nobackup/scratch4weeks/ae01116/zegenv/lib/python3.9/site-packages/jittor/dataset/dataset.py", line 258, in _worker_main
    batch.append(self[i])
  File "/mnt/fast/nobackup/users/ae01116/multi-modal-dissertation-uos/jseg/datasets/custom.py", line 129, in __getitem__
    return self.prepare_train_img(idx)
  File "/mnt/fast/nobackup/users/ae01116/multi-modal-dissertation-uos/jseg/datasets/custom.py", line 136, in prepare_train_img
    return self.pipeline(results)
  File "/mnt/fast/nobackup/users/ae01116/multi-modal-dissertation-uos/jseg/datasets/pipelines/compose.py", line 22, in __call__
    data = t(data)
  File "/mnt/fast/nobackup/users/ae01116/multi-modal-dissertation-uos/jseg/datasets/pipelines/formating.py", line 23, in __call__
    results['gt_semantic_seg'] = to_tensor(
  File "/mnt/fast/nobackup/users/ae01116/multi-modal-dissertation-uos/jseg/datasets/pipelines/formating.py", line 8, in to_tensor
    return jt.Var(data)
RuntimeError: Wrong inputs arguments, Please refer to examples(help(jt.__init__)).

Types of your inputs are:
 self	= Var,
 args	= (ndarray, ),

The function declarations are:
 VarHolder(PyObject* v, NanoString dtype=ns_void)

Failed reason:[f 0807 07:27:20.433408 24 helper_cuda.h:128] CUDA error at /mnt/fast/nobackup/scratch4weeks/ae01116/zegenv/lib/python3.9/site-packages/jittor/src/mem/allocator/cuda_host_allocator.cc:22  code=3( cudaErrorInitializationError ) cudaMallocHost(&ptr, size)

Beginning training script
