000 (179344.000.000) 2024-08-05 09:20:18 Job submitted from host: <131.227.81.127:9618?addrs=131.227.81.127-9618&alias=aisurrey-condor.surrey.ac.uk&noUDP&sock=schedd_1795_cc96>
...
040 (179344.000.000) 2024-08-05 09:20:19 Started transferring input files
	Transferring to host: <131.227.80.126:9618?addrs=131.227.80.126-9618&alias=aisurrey14.surrey.ac.uk&noUDP&sock=slot1_2_4748_253a_20206>
...
040 (179344.000.000) 2024-08-05 09:20:19 Finished transferring input files
...
001 (179344.000.000) 2024-08-05 09:20:20 Job executing on host: <131.227.80.126:9618?addrs=131.227.80.126-9618&alias=aisurrey14.surrey.ac.uk&noUDP&sock=startd_4608_487f>
...
040 (179344.000.000) 2024-08-05 09:20:23 Started transferring output files
...
040 (179344.000.000) 2024-08-05 09:20:23 Finished transferring output files
...
005 (179344.000.000) 2024-08-05 09:20:25 Job terminated.
	(1) Normal termination (return value 0)
		Usr 0 00:00:00, Sys 0 00:00:00  -  Run Remote Usage
		Usr 0 00:00:00, Sys 0 00:00:00  -  Run Local Usage
		Usr 0 00:00:00, Sys 0 00:00:00  -  Total Remote Usage
		Usr 0 00:00:00, Sys 0 00:00:00  -  Total Local Usage
	0  -  Run Bytes Sent By Job
	16252046  -  Run Bytes Received By Job
	0  -  Total Bytes Sent By Job
	16252046  -  Total Bytes Received By Job
	Partitionable Resources :    Usage  Request Allocated Assigned
	   Cpus                 :        0        4         4 
	   Disk (KB)            :    15895    17500    652975 
	   Gpus (Average)       :                 4         4 "CUDA1,CUDA2,CUDA3,CUDA5"
	   Memory (MB)          :             65536     65536 

	Job terminated of its own accord at 2024-08-05T08:20:23Z.
...
