000 (179793.000.000) 2024-08-06 17:55:35 Job submitted from host: <131.227.81.127:9618?addrs=131.227.81.127-9618&alias=aisurrey-condor.surrey.ac.uk&noUDP&sock=schedd_1795_cc96>
...
040 (179793.000.000) 2024-08-06 17:55:35 Started transferring input files
	Transferring to host: <131.227.80.126:9618?addrs=131.227.80.126-9618&alias=aisurrey14.surrey.ac.uk&noUDP&sock=slot1_2_4748_253a_20949>
...
040 (179793.000.000) 2024-08-06 17:55:35 Finished transferring input files
...
001 (179793.000.000) 2024-08-06 17:55:36 Job executing on host: <131.227.80.126:9618?addrs=131.227.80.126-9618&alias=aisurrey14.surrey.ac.uk&noUDP&sock=startd_4608_487f>
...
006 (179793.000.000) 2024-08-06 17:55:45 Image size of job updated: 17500
	298  -  MemoryUsage of job (MB)
	305312  -  ResidentSetSize of job (KB)
...
006 (179793.000.000) 2024-08-06 17:57:09 Image size of job updated: 20063
	20063  -  MemoryUsage of job (MB)
	20545104  -  ResidentSetSize of job (KB)
...
040 (179793.000.000) 2024-08-06 17:57:09 Started transferring output files
...
040 (179793.000.000) 2024-08-06 17:57:09 Finished transferring output files
...
005 (179793.000.000) 2024-08-06 17:57:10 Job terminated.
	(1) Normal termination (return value 0)
		Usr 0 00:00:00, Sys 0 00:00:00  -  Run Remote Usage
		Usr 0 00:00:00, Sys 0 00:00:00  -  Run Local Usage
		Usr 0 00:00:00, Sys 0 00:00:00  -  Total Remote Usage
		Usr 0 00:00:00, Sys 0 00:00:00  -  Total Local Usage
	0  -  Run Bytes Sent By Job
	16252046  -  Run Bytes Received By Job
	0  -  Total Bytes Sent By Job
	16252046  -  Total Bytes Received By Job
	Partitionable Resources :    Usage  Request Allocated Assigned
	   Cpus                 :     0.00        4         4 
	   Disk (KB)            : 16090       17500    652975 
	   Gpus (Average)       :     0.01        4         4 "CUDA1,CUDA2,CUDA3,CUDA4"
	   GpusMemory (MB)      :   323                       
	   Memory (MB)          : 20063       65536     65536 

	Job terminated of its own accord at 2024-08-06T16:57:09Z.
...
