000 (179794.000.000) 2024-08-06 17:59:46 Job submitted from host: <131.227.81.127:9618?addrs=131.227.81.127-9618&alias=aisurrey-condor.surrey.ac.uk&noUDP&sock=schedd_1795_cc96>
...
040 (179794.000.000) 2024-08-06 17:59:56 Started transferring input files
	Transferring to host: <131.227.80.126:9618?addrs=131.227.80.126-9618&alias=aisurrey14.surrey.ac.uk&noUDP&sock=slot1_2_4748_253a_20951>
...
040 (179794.000.000) 2024-08-06 17:59:56 Finished transferring input files
...
001 (179794.000.000) 2024-08-06 17:59:57 Job executing on host: <131.227.80.126:9618?addrs=131.227.80.126-9618&alias=aisurrey14.surrey.ac.uk&noUDP&sock=startd_4608_487f>
...
006 (179794.000.000) 2024-08-06 18:00:05 Image size of job updated: 17500
	325  -  MemoryUsage of job (MB)
	333460  -  ResidentSetSize of job (KB)
...
006 (179794.000.000) 2024-08-06 18:00:08 Image size of job updated: 17500
	2135  -  MemoryUsage of job (MB)
	2186652  -  ResidentSetSize of job (KB)
...
040 (179794.000.000) 2024-08-06 18:00:08 Started transferring output files
...
040 (179794.000.000) 2024-08-06 18:00:08 Finished transferring output files
...
005 (179794.000.000) 2024-08-06 18:00:08 Job terminated.
	(1) Normal termination (return value 0)
		Usr 0 00:00:13, Sys 0 00:00:05  -  Run Remote Usage
		Usr 0 00:00:00, Sys 0 00:00:00  -  Run Local Usage
		Usr 0 00:00:13, Sys 0 00:00:05  -  Total Remote Usage
		Usr 0 00:00:00, Sys 0 00:00:00  -  Total Local Usage
	0  -  Run Bytes Sent By Job
	16252046  -  Run Bytes Received By Job
	0  -  Total Bytes Sent By Job
	16252046  -  Total Bytes Received By Job
	Partitionable Resources :    Usage  Request Allocated Assigned
	   Cpus                 :     0.03        4         4 
	   Disk (KB)            : 15895       17500    652975 
	   Gpus (Average)       :     0           4         4 "CUDA1,CUDA2,CUDA3,CUDA4"
	   GpusMemory (MB)      :   323                       
	   Memory (MB)          :  2135       65536     65536 

	Job terminated of its own accord at 2024-08-06T17:00:08Z.
...
