000 (179890.000.000) 2024-08-07 08:05:25 Job submitted from host: <131.227.81.127:9618?addrs=131.227.81.127-9618&alias=aisurrey-condor.surrey.ac.uk&noUDP&sock=schedd_1795_cc96>
...
040 (179890.000.000) 2024-08-07 08:05:25 Started transferring input files
	Transferring to host: <131.227.80.126:9618?addrs=131.227.80.126-9618&alias=aisurrey14.surrey.ac.uk&noUDP&sock=slot1_4_4748_253a_21338>
...
040 (179890.000.000) 2024-08-07 08:05:26 Finished transferring input files
...
001 (179890.000.000) 2024-08-07 08:05:27 Job executing on host: <131.227.80.126:9618?addrs=131.227.80.126-9618&alias=aisurrey14.surrey.ac.uk&noUDP&sock=startd_4608_487f>
...
006 (179890.000.000) 2024-08-07 08:05:35 Image size of job updated: 17500
	222  -  MemoryUsage of job (MB)
	228328  -  ResidentSetSize of job (KB)
...
006 (179890.000.000) 2024-08-07 08:07:07 Image size of job updated: 17500
	5112  -  MemoryUsage of job (MB)
	5235404  -  ResidentSetSize of job (KB)
...
040 (179890.000.000) 2024-08-07 08:07:07 Started transferring output files
...
040 (179890.000.000) 2024-08-07 08:07:07 Finished transferring output files
...
005 (179890.000.000) 2024-08-07 08:07:08 Job terminated.
	(1) Normal termination (return value 0)
		Usr 0 00:04:34, Sys 0 00:00:45  -  Run Remote Usage
		Usr 0 00:00:00, Sys 0 00:00:00  -  Run Local Usage
		Usr 0 00:04:34, Sys 0 00:00:45  -  Total Remote Usage
		Usr 0 00:00:00, Sys 0 00:00:00  -  Total Local Usage
	0  -  Run Bytes Sent By Job
	16252056  -  Run Bytes Received By Job
	0  -  Total Bytes Sent By Job
	16252056  -  Total Bytes Received By Job
	Partitionable Resources :    Usage  Request Allocated Assigned
	   Cpus                 :     0           4         4 
	   Disk (KB)            : 15986       17500    652975 
	   Gpus (Average)       :     0.00        4         4 "CUDA2,CUDA3,CUDA4,CUDA7"
	   GpusMemory (MB)      :   323                       
	   Memory (MB)          :  5112       65536     65536 

	Job terminated of its own accord at 2024-08-07T07:07:07Z.
...
