000 (179840.000.000) 2024-08-06 21:20:10 Job submitted from host: <131.227.81.127:9618?addrs=131.227.81.127-9618&alias=aisurrey-condor.surrey.ac.uk&noUDP&sock=schedd_1795_cc96>
...
040 (179840.000.000) 2024-08-06 21:25:50 Started transferring input files
	Transferring to host: <131.227.80.132:9618?addrs=131.227.80.132-9618&alias=aisurrey17.surrey.ac.uk&noUDP&sock=slot1_3_5174_4d0b_9856>
...
040 (179840.000.000) 2024-08-06 21:25:50 Finished transferring input files
...
001 (179840.000.000) 2024-08-06 21:25:51 Job executing on host: <131.227.80.132:9618?addrs=131.227.80.132-9618&alias=aisurrey17.surrey.ac.uk&noUDP&sock=startd_5043_a832>
...
006 (179840.000.000) 2024-08-06 21:25:59 Image size of job updated: 17500
	347  -  MemoryUsage of job (MB)
	355728  -  ResidentSetSize of job (KB)
...
006 (179840.000.000) 2024-08-06 21:27:46 Image size of job updated: 17500
	6296  -  MemoryUsage of job (MB)
	6447668  -  ResidentSetSize of job (KB)
...
040 (179840.000.000) 2024-08-06 21:27:46 Started transferring output files
...
040 (179840.000.000) 2024-08-06 21:27:46 Finished transferring output files
...
005 (179840.000.000) 2024-08-06 21:27:46 Job terminated.
	(1) Normal termination (return value 0)
		Usr 0 00:05:26, Sys 0 00:00:59  -  Run Remote Usage
		Usr 0 00:00:00, Sys 0 00:00:00  -  Run Local Usage
		Usr 0 00:05:26, Sys 0 00:00:59  -  Total Remote Usage
		Usr 0 00:00:00, Sys 0 00:00:00  -  Total Local Usage
	6082  -  Run Bytes Sent By Job
	16252056  -  Run Bytes Received By Job
	6082  -  Total Bytes Sent By Job
	16252056  -  Total Bytes Received By Job
	Partitionable Resources :    Usage  Request Allocated Assigned
	   Cpus                 :     0.00        4         4 
	   Disk (KB)            : 16244       17500    652975 
	   Gpus (Average)       :     0.00        4         4 "CUDA2,CUDA3,CUDA4,CUDA6"
	   GpusMemory (MB)      :   323                       
	   Memory (MB)          :  6296       65536     65536 

	Job terminated of its own accord at 2024-08-06T20:27:46Z.
...
