000 (179848.000.000) 2024-08-06 21:55:37 Job submitted from host: <131.227.81.127:9618?addrs=131.227.81.127-9618&alias=aisurrey-condor.surrey.ac.uk&noUDP&sock=schedd_1795_cc96>
...
040 (179848.000.000) 2024-08-06 22:33:04 Started transferring input files
	Transferring to host: <131.227.80.156:9618?addrs=131.227.80.156-9618&alias=aisurrey12.surrey.ac.uk&noUDP&sock=slot1_3_8364_f1cd_38538>
...
040 (179848.000.000) 2024-08-06 22:33:05 Finished transferring input files
...
001 (179848.000.000) 2024-08-06 22:33:06 Job executing on host: <131.227.80.156:9618?addrs=131.227.80.156-9618&alias=aisurrey12.surrey.ac.uk&noUDP&sock=startd_8217_c1cb>
...
006 (179848.000.000) 2024-08-06 22:33:14 Image size of job updated: 17500
	344  -  MemoryUsage of job (MB)
	352312  -  ResidentSetSize of job (KB)
...
006 (179848.000.000) 2024-08-06 22:35:17 Image size of job updated: 27185
	27185  -  MemoryUsage of job (MB)
	27837740  -  ResidentSetSize of job (KB)
...
040 (179848.000.000) 2024-08-06 22:35:17 Started transferring output files
...
040 (179848.000.000) 2024-08-06 22:35:17 Finished transferring output files
...
005 (179848.000.000) 2024-08-06 22:35:18 Job terminated.
	(1) Normal termination (return value 0)
		Usr 0 00:00:00, Sys 0 00:00:00  -  Run Remote Usage
		Usr 0 00:00:00, Sys 0 00:00:00  -  Run Local Usage
		Usr 0 00:00:00, Sys 0 00:00:00  -  Total Remote Usage
		Usr 0 00:00:00, Sys 0 00:00:00  -  Total Local Usage
	6082  -  Run Bytes Sent By Job
	16252056  -  Run Bytes Received By Job
	6082  -  Total Bytes Sent By Job
	16252056  -  Total Bytes Received By Job
	Partitionable Resources :    Usage  Request Allocated Assigned
	   Cpus                 :     0.00        4         4 
	   Disk (KB)            : 16166       17500    652975 
	   Gpus (Average)       :                 4         4 "CUDA0,CUDA1,CUDA2,CUDA3"
	   GpusMemory (MB)      :  2784                       
	   Memory (MB)          : 27185       65536     65536 

	Job terminated of its own accord at 2024-08-06T21:35:17Z.
...
