000 (179788.000.000) 2024-08-06 17:25:59 Job submitted from host: <131.227.81.127:9618?addrs=131.227.81.127-9618&alias=aisurrey-condor.surrey.ac.uk&noUDP&sock=schedd_1795_cc96>
...
040 (179788.000.000) 2024-08-06 17:26:05 Started transferring input files
	Transferring to host: <131.227.80.126:9618?addrs=131.227.80.126-9618&alias=aisurrey14.surrey.ac.uk&noUDP&sock=slot1_2_4748_253a_20936>
...
040 (179788.000.000) 2024-08-06 17:26:06 Finished transferring input files
...
001 (179788.000.000) 2024-08-06 17:26:07 Job executing on host: <131.227.80.126:9618?addrs=131.227.80.126-9618&alias=aisurrey14.surrey.ac.uk&noUDP&sock=startd_4608_487f>
...
006 (179788.000.000) 2024-08-06 17:26:15 Image size of job updated: 17500
	187  -  MemoryUsage of job (MB)
	191508  -  ResidentSetSize of job (KB)
...
006 (179788.000.000) 2024-08-06 17:26:20 Image size of job updated: 17500
	433  -  MemoryUsage of job (MB)
	443504  -  ResidentSetSize of job (KB)
...
040 (179788.000.000) 2024-08-06 17:26:20 Started transferring output files
...
040 (179788.000.000) 2024-08-06 17:26:20 Finished transferring output files
...
005 (179788.000.000) 2024-08-06 17:26:21 Job terminated.
	(1) Normal termination (return value 0)
		Usr 0 00:00:02, Sys 0 00:00:01  -  Run Remote Usage
		Usr 0 00:00:00, Sys 0 00:00:00  -  Run Local Usage
		Usr 0 00:00:02, Sys 0 00:00:01  -  Total Remote Usage
		Usr 0 00:00:00, Sys 0 00:00:00  -  Total Local Usage
	0  -  Run Bytes Sent By Job
	16252046  -  Run Bytes Received By Job
	0  -  Total Bytes Sent By Job
	16252046  -  Total Bytes Received By Job
	Partitionable Resources :    Usage  Request Allocated Assigned
	   Cpus                 :     0.01        4         4 
	   Disk (KB)            : 15895       17500    652975 
	   Gpus (Average)       :     0           4         4 "CUDA1,CUDA2,CUDA3,CUDA6"
	   GpusMemory (MB)      :   323                       
	   Memory (MB)          :   433       65536     65536 

	Job terminated of its own accord at 2024-08-06T16:26:20Z.
...
