000 (179998.000.000) 2024-08-07 14:56:55 Job submitted from host: <131.227.81.127:9618?addrs=131.227.81.127-9618&alias=aisurrey-condor.surrey.ac.uk&noUDP&sock=schedd_1795_cc96>
...
040 (179998.000.000) 2024-08-07 14:56:56 Started transferring input files
	Transferring to host: <131.227.80.172:9618?addrs=131.227.80.172-9618&alias=aisurrey01.surrey.ac.uk&noUDP&sock=slot1_4_8919_fe04_23031>
...
040 (179998.000.000) 2024-08-07 14:56:56 Finished transferring input files
...
001 (179998.000.000) 2024-08-07 14:56:57 Job executing on host: <131.227.80.172:9618?addrs=131.227.80.172-9618&alias=aisurrey01.surrey.ac.uk&noUDP&sock=startd_8775_7fa4>
...
006 (179998.000.000) 2024-08-07 14:57:05 Image size of job updated: 17500
	338  -  MemoryUsage of job (MB)
	346756  -  ResidentSetSize of job (KB)
...
006 (179998.000.000) 2024-08-07 14:58:24 Image size of job updated: 17500
	4901  -  MemoryUsage of job (MB)
	5018836  -  ResidentSetSize of job (KB)
...
040 (179998.000.000) 2024-08-07 14:58:24 Started transferring output files
...
040 (179998.000.000) 2024-08-07 14:58:24 Finished transferring output files
...
005 (179998.000.000) 2024-08-07 14:58:24 Job terminated.
	(1) Normal termination (return value 0)
		Usr 0 00:00:00, Sys 0 00:00:01  -  Run Remote Usage
		Usr 0 00:00:00, Sys 0 00:00:00  -  Run Local Usage
		Usr 0 00:00:00, Sys 0 00:00:01  -  Total Remote Usage
		Usr 0 00:00:00, Sys 0 00:00:00  -  Total Local Usage
	0  -  Run Bytes Sent By Job
	16252056  -  Run Bytes Received By Job
	0  -  Total Bytes Sent By Job
	16252056  -  Total Bytes Received By Job
	Partitionable Resources :    Usage  Request Allocated Assigned
	   Cpus                 :     0.00        4         4 
	   Disk (KB)            : 16246       17500    246844 
	   Gpus (Average)       :                 4         4 "GPU-36a655d1-c604-0db2-f8ee-bf0e0ad128fb,GPU-fe446e8b-007f-e048-cd1c-41ba266978c3,GPU-5868899d-1d9a-6d46-f057-90abf099adfd,GPU-551e2112-58c0-b44d-d64c-cdc1493acd1c"
	   GpusMemory (MB)      :   257                       
	   Memory (MB)          :  4901       65536     65536 

	Job terminated of its own accord at 2024-08-07T13:58:24Z.
...
