000 (179891.000.000) 2024-08-07 08:08:23 Job submitted from host: <131.227.81.127:9618?addrs=131.227.81.127-9618&alias=aisurrey-condor.surrey.ac.uk&noUDP&sock=schedd_1795_cc96>
...
040 (179891.000.000) 2024-08-07 08:08:23 Started transferring input files
	Transferring to host: <131.227.80.126:9618?addrs=131.227.80.126-9618&alias=aisurrey14.surrey.ac.uk&noUDP&sock=slot1_4_4748_253a_21340>
...
040 (179891.000.000) 2024-08-07 08:08:23 Finished transferring input files
...
001 (179891.000.000) 2024-08-07 08:08:24 Job executing on host: <131.227.80.126:9618?addrs=131.227.80.126-9618&alias=aisurrey14.surrey.ac.uk&noUDP&sock=startd_4608_487f>
...
006 (179891.000.000) 2024-08-07 08:08:33 Image size of job updated: 17500
	279  -  MemoryUsage of job (MB)
	285788  -  ResidentSetSize of job (KB)
...
006 (179891.000.000) 2024-08-07 08:09:31 Image size of job updated: 17500
	3742  -  MemoryUsage of job (MB)
	3832552  -  ResidentSetSize of job (KB)
...
040 (179891.000.000) 2024-08-07 08:09:31 Started transferring output files
...
040 (179891.000.000) 2024-08-07 08:09:31 Finished transferring output files
...
005 (179891.000.000) 2024-08-07 08:09:31 Job terminated.
	(1) Normal termination (return value 0)
		Usr 0 00:00:50, Sys 0 00:00:10  -  Run Remote Usage
		Usr 0 00:00:00, Sys 0 00:00:00  -  Run Local Usage
		Usr 0 00:00:50, Sys 0 00:00:10  -  Total Remote Usage
		Usr 0 00:00:00, Sys 0 00:00:00  -  Total Local Usage
	0  -  Run Bytes Sent By Job
	16252056  -  Run Bytes Received By Job
	0  -  Total Bytes Sent By Job
	16252056  -  Total Bytes Received By Job
	Partitionable Resources :    Usage  Request Allocated Assigned
	   Cpus                 :     0           4         4 
	   Disk (KB)            : 15911       17500    652975 
	   Gpus (Average)       :     0.00        4         4 "CUDA2,CUDA3,CUDA4,CUDA7"
	   GpusMemory (MB)      :   323                       
	   Memory (MB)          :  3742       65536     65536 

	Job terminated of its own accord at 2024-08-07T07:09:31Z.
...
