000 (179923.000.000) 2024-08-07 10:33:25 Job submitted from host: <131.227.81.127:9618?addrs=131.227.81.127-9618&alias=aisurrey-condor.surrey.ac.uk&noUDP&sock=schedd_1795_cc96>
...
040 (179923.000.000) 2024-08-07 10:47:12 Started transferring input files
	Transferring to host: <131.227.80.188:9618?addrs=131.227.80.188-9618&alias=aisurrey09.surrey.ac.uk&noUDP&sock=slot1_3_4713_7c19_21484>
...
040 (179923.000.000) 2024-08-07 10:47:12 Finished transferring input files
...
001 (179923.000.000) 2024-08-07 10:47:13 Job executing on host: <131.227.80.188:9618?addrs=131.227.80.188-9618&alias=aisurrey09.surrey.ac.uk&noUDP&sock=startd_4574_f647>
...
006 (179923.000.000) 2024-08-07 10:47:17 Image size of job updated: 17500
	342  -  MemoryUsage of job (MB)
	350812  -  ResidentSetSize of job (KB)
...
040 (179923.000.000) 2024-08-07 10:47:17 Started transferring output files
...
040 (179923.000.000) 2024-08-07 10:47:17 Finished transferring output files
...
005 (179923.000.000) 2024-08-07 10:47:17 Job terminated.
	(1) Normal termination (return value 0)
		Usr 0 00:00:01, Sys 0 00:00:00  -  Run Remote Usage
		Usr 0 00:00:00, Sys 0 00:00:00  -  Run Local Usage
		Usr 0 00:00:01, Sys 0 00:00:00  -  Total Remote Usage
		Usr 0 00:00:00, Sys 0 00:00:00  -  Total Local Usage
	0  -  Run Bytes Sent By Job
	16252056  -  Run Bytes Received By Job
	0  -  Total Bytes Sent By Job
	16252056  -  Total Bytes Received By Job
	Partitionable Resources :    Usage  Request Allocated Assigned
	   Cpus                 :        0        4         4 
	   Disk (KB)            :    15896    17500    246844 
	   Gpus (Average)       :                 4         4 "GPU-412dc69b-f4ff-2989-1f2a-1039af8e2d34,GPU-12c3b11e-5d99-1d28-076a-858d1dbb1aa6,GPU-6cb284b0-ce9a-ebc1-d419-cace684e6837,GPU-ecabb446-bff5-bdb1-7089-543e59b94155"
	   Memory (MB)          :      342    65536     65536 

	Job terminated of its own accord at 2024-08-07T09:47:17Z.
...
