000 (179901.000.000) 2024-08-07 08:37:44 Job submitted from host: <131.227.81.127:9618?addrs=131.227.81.127-9618&alias=aisurrey-condor.surrey.ac.uk&noUDP&sock=schedd_1795_cc96>
...
040 (179901.000.000) 2024-08-07 08:37:44 Started transferring input files
	Transferring to host: <131.227.80.178:9618?addrs=131.227.80.178-9618&alias=aisurrey04.surrey.ac.uk&noUDP&sock=slot1_1_4735_fc5a_22519>
...
040 (179901.000.000) 2024-08-07 08:37:45 Finished transferring input files
...
001 (179901.000.000) 2024-08-07 08:37:46 Job executing on host: <131.227.80.178:9618?addrs=131.227.80.178-9618&alias=aisurrey04.surrey.ac.uk&noUDP&sock=startd_4596_0d5c>
...
006 (179901.000.000) 2024-08-07 08:37:54 Image size of job updated: 17500
	341  -  MemoryUsage of job (MB)
	349540  -  ResidentSetSize of job (KB)
...
006 (179901.000.000) 2024-08-07 08:39:39 Image size of job updated: 17500
	5535  -  MemoryUsage of job (MB)
	5667972  -  ResidentSetSize of job (KB)
...
040 (179901.000.000) 2024-08-07 08:39:39 Started transferring output files
...
040 (179901.000.000) 2024-08-07 08:39:39 Finished transferring output files
...
005 (179901.000.000) 2024-08-07 08:39:40 Job terminated.
	(1) Normal termination (return value 0)
		Usr 0 00:05:12, Sys 0 00:01:01  -  Run Remote Usage
		Usr 0 00:00:00, Sys 0 00:00:00  -  Run Local Usage
		Usr 0 00:05:12, Sys 0 00:01:01  -  Total Remote Usage
		Usr 0 00:00:00, Sys 0 00:00:00  -  Total Local Usage
	6082  -  Run Bytes Sent By Job
	16252056  -  Run Bytes Received By Job
	6082  -  Total Bytes Sent By Job
	16252056  -  Total Bytes Received By Job
	Partitionable Resources :    Usage  Request Allocated Assigned
	   Cpus                 :     0.00        4         4 
	   Disk (KB)            : 16247       17500    246844 
	   Gpus (Average)       :     0.00        4         4 "GPU-ec4eb180-2293-1d4a-97fd-626bac3b365a,GPU-d2653cd8-a463-d9a0-7f19-0bef04198056,GPU-527420aa-a74e-837e-7287-5667a662e5ff,GPU-4b7e85e4-70b8-d123-b08e-7177a348840c"
	   GpusMemory (MB)      :   257                       
	   Memory (MB)          :  5535       65536     65536 

	Job terminated of its own accord at 2024-08-07T07:39:39Z.
...
