000 (179898.000.000) 2024-08-07 08:31:38 Job submitted from host: <131.227.81.127:9618?addrs=131.227.81.127-9618&alias=aisurrey-condor.surrey.ac.uk&noUDP&sock=schedd_1795_cc96>
...
040 (179898.000.000) 2024-08-07 08:31:38 Started transferring input files
	Transferring to host: <131.227.80.126:9618?addrs=131.227.80.126-9618&alias=aisurrey14.surrey.ac.uk&noUDP&sock=slot1_4_4748_253a_21351>
...
040 (179898.000.000) 2024-08-07 08:31:38 Finished transferring input files
...
001 (179898.000.000) 2024-08-07 08:31:39 Job executing on host: <131.227.80.126:9618?addrs=131.227.80.126-9618&alias=aisurrey14.surrey.ac.uk&noUDP&sock=startd_4608_487f>
...
006 (179898.000.000) 2024-08-07 08:31:48 Image size of job updated: 17500
	313  -  MemoryUsage of job (MB)
	320872  -  ResidentSetSize of job (KB)
...
006 (179898.000.000) 2024-08-07 08:34:10 Image size of job updated: 17500
	6218  -  MemoryUsage of job (MB)
	6367456  -  ResidentSetSize of job (KB)
...
040 (179898.000.000) 2024-08-07 08:34:10 Started transferring output files
...
040 (179898.000.000) 2024-08-07 08:34:10 Finished transferring output files
...
005 (179898.000.000) 2024-08-07 08:34:11 Job terminated.
	(1) Normal termination (return value 0)
		Usr 0 00:07:11, Sys 0 00:01:26  -  Run Remote Usage
		Usr 0 00:00:00, Sys 0 00:00:00  -  Run Local Usage
		Usr 0 00:07:11, Sys 0 00:01:26  -  Total Remote Usage
		Usr 0 00:00:00, Sys 0 00:00:00  -  Total Local Usage
	6082  -  Run Bytes Sent By Job
	16252056  -  Run Bytes Received By Job
	6082  -  Total Bytes Sent By Job
	16252056  -  Total Bytes Received By Job
	Partitionable Resources :    Usage  Request Allocated Assigned
	   Cpus                 :     0.00        4         4 
	   Disk (KB)            : 16102       17500    652975 
	   Gpus (Average)       :     0.00        4         4 "CUDA2,CUDA3,CUDA4,CUDA7"
	   GpusMemory (MB)      :   323                       
	   Memory (MB)          :  6218       65536     65536 

	Job terminated of its own accord at 2024-08-07T07:34:10Z.
...
