000 (180417.000.000) 2024-08-08 15:28:52 Job submitted from host: <131.227.81.127:9618?addrs=131.227.81.127-9618&alias=aisurrey-condor.surrey.ac.uk&noUDP&sock=schedd_1795_cc96>
...
040 (180417.000.000) 2024-08-08 17:14:17 Started transferring input files
	Transferring to host: <10.4.1.32:9618?addrs=10.4.1.32-9618+[fde1-53ba-e9a0-de11-8e11-dbce-7692-b29]-9618&alias=aisurrey22.surrey.ac.uk&noUDP&sock=slot1_1_29407_a445_4>
...
040 (180417.000.000) 2024-08-08 17:14:18 Finished transferring input files
...
001 (180417.000.000) 2024-08-08 17:14:19 Job executing on host: <10.4.1.32:9618?addrs=10.4.1.32-9618+[fde1-53ba-e9a0-de11-8e11-dbce-7692-b29]-9618&alias=aisurrey22.surrey.ac.uk&noUDP&sock=startd_29304_af61>
...
006 (180417.000.000) 2024-08-08 17:14:27 Image size of job updated: 17500
	257  -  MemoryUsage of job (MB)
	263660  -  ResidentSetSize of job (KB)
...
006 (180417.000.000) 2024-08-08 17:14:45 Image size of job updated: 17500
	435  -  MemoryUsage of job (MB)
	446096  -  ResidentSetSize of job (KB)
...
040 (180417.000.000) 2024-08-08 17:14:45 Started transferring output files
...
040 (180417.000.000) 2024-08-08 17:14:45 Finished transferring output files
...
005 (180417.000.000) 2024-08-08 17:14:47 Job terminated.
	(1) Normal termination (return value 0)
		Usr 0 00:00:09, Sys 0 00:00:02  -  Run Remote Usage
		Usr 0 00:00:00, Sys 0 00:00:00  -  Run Local Usage
		Usr 0 00:00:09, Sys 0 00:00:02  -  Total Remote Usage
		Usr 0 00:00:00, Sys 0 00:00:00  -  Total Local Usage
	0  -  Run Bytes Sent By Job
	16252056  -  Run Bytes Received By Job
	0  -  Total Bytes Sent By Job
	16252056  -  Total Bytes Received By Job
	Partitionable Resources :    Usage  Request Allocated Assigned
	   Cpus                 :        0        4         4 
	   Disk (KB)            :    50306    17500   9306305 
	   Gpus (Average)       :                 4         4 "CUDA0,CUDA1,CUDA2,CUDA3"
	   Memory (MB)          :      435    65536     65536 

	Job terminated of its own accord at 2024-08-08T16:14:45Z.
...
