000 (180095.000.000) 2024-08-07 17:37:01 Job submitted from host: <131.227.81.127:9618?addrs=131.227.81.127-9618&alias=aisurrey-condor.surrey.ac.uk&noUDP&sock=schedd_1795_cc96>
...
040 (180095.000.000) 2024-08-07 17:37:20 Started transferring input files
	Transferring to host: <131.227.80.188:9618?addrs=131.227.80.188-9618&alias=aisurrey09.surrey.ac.uk&noUDP&sock=slot1_1_4713_7c19_21741>
...
040 (180095.000.000) 2024-08-07 17:37:20 Finished transferring input files
...
001 (180095.000.000) 2024-08-07 17:37:21 Job executing on host: <131.227.80.188:9618?addrs=131.227.80.188-9618&alias=aisurrey09.surrey.ac.uk&noUDP&sock=startd_4574_f647>
...
006 (180095.000.000) 2024-08-07 17:37:30 Image size of job updated: 17500
	345  -  MemoryUsage of job (MB)
	353876  -  ResidentSetSize of job (KB)
...
006 (180095.000.000) 2024-08-07 17:42:30 Image size of job updated: 17500
	7528  -  MemoryUsage of job (MB)
	7708944  -  ResidentSetSize of job (KB)
...
004 (180095.000.000) 2024-08-07 18:01:33 Job was evicted.
	(0) CPU times
		Usr 0 00:26:04, Sys 0 00:01:44  -  Run Remote Usage
		Usr 0 00:00:00, Sys 0 00:00:00  -  Run Local Usage
	0  -  Run Bytes Sent By Job
	16252056  -  Run Bytes Received By Job
	Partitionable Resources :    Usage  Request Allocated Assigned
	   Cpus                 :     0.00        4         4 
	   Disk (KB)            : 16102       17500    246844 
	   Gpus (Average)       :     0.90        4         4 "GPU-8ea7f420-6c54-e277-c504-0725b1b2102b,GPU-a2707a0f-8abf-8d0c-e1f5-565fd2e12ede,GPU-412dc69b-f4ff-2989-1f2a-1039af8e2d34,GPU-12c3b11e-5d99-1d28-076a-858d1dbb1aa6"
	   GpusMemory (MB)      :   257                       
	   Memory (MB)          :  7528       65536     65536 
...
009 (180095.000.000) 2024-08-07 18:01:33 Job was aborted.
	via condor_rm (by user ae01116)
...
