000 (180048.000.000) 2024-08-07 16:14:35 Job submitted from host: <131.227.81.127:9618?addrs=131.227.81.127-9618&alias=aisurrey-condor.surrey.ac.uk&noUDP&sock=schedd_1795_cc96>
...
040 (180048.000.000) 2024-08-07 16:16:36 Started transferring input files
	Transferring to host: <131.227.80.178:9618?addrs=131.227.80.178-9618&alias=aisurrey04.surrey.ac.uk&noUDP&sock=slot1_1_4735_fc5a_22796>
...
040 (180048.000.000) 2024-08-07 16:16:36 Finished transferring input files
...
001 (180048.000.000) 2024-08-07 16:16:37 Job executing on host: <131.227.80.178:9618?addrs=131.227.80.178-9618&alias=aisurrey04.surrey.ac.uk&noUDP&sock=startd_4596_0d5c>
...
006 (180048.000.000) 2024-08-07 16:16:45 Image size of job updated: 17500
	449  -  MemoryUsage of job (MB)
	459908  -  ResidentSetSize of job (KB)
...
006 (180048.000.000) 2024-08-07 16:21:45 Image size of job updated: 17500
	6576  -  MemoryUsage of job (MB)
	6733916  -  ResidentSetSize of job (KB)
...
004 (180048.000.000) 2024-08-07 16:22:47 Job was evicted.
	(0) CPU times
		Usr 0 00:11:25, Sys 0 00:03:46  -  Run Remote Usage
		Usr 0 00:00:00, Sys 0 00:00:00  -  Run Local Usage
	0  -  Run Bytes Sent By Job
	16252056  -  Run Bytes Received By Job
	Partitionable Resources :    Usage  Request Allocated Assigned
	   Cpus                 :     0.00        4         4 
	   Disk (KB)            : 16247       17500    246844 
	   Gpus (Average)       :     0.67        4         4 "GPU-ec4eb180-2293-1d4a-97fd-626bac3b365a,GPU-d2653cd8-a463-d9a0-7f19-0bef04198056,GPU-527420aa-a74e-837e-7287-5667a662e5ff,GPU-4b7e85e4-70b8-d123-b08e-7177a348840c"
	   GpusMemory (MB)      :   257                       
	   Memory (MB)          :  6576       65536     65536 
...
009 (180048.000.000) 2024-08-07 16:22:47 Job was aborted.
	via condor_rm (by user ae01116)
...
