000 (180015.000.000) 2024-08-07 15:20:01 Job submitted from host: <131.227.81.127:9618?addrs=131.227.81.127-9618&alias=aisurrey-condor.surrey.ac.uk&noUDP&sock=schedd_1795_cc96>
...
040 (180015.000.000) 2024-08-07 15:40:53 Started transferring input files
	Transferring to host: <131.227.80.126:9618?addrs=131.227.80.126-9618&alias=aisurrey14.surrey.ac.uk&noUDP&sock=slot1_4_4748_253a_21533>
...
040 (180015.000.000) 2024-08-07 15:40:54 Finished transferring input files
...
001 (180015.000.000) 2024-08-07 15:40:55 Job executing on host: <131.227.80.126:9618?addrs=131.227.80.126-9618&alias=aisurrey14.surrey.ac.uk&noUDP&sock=startd_4608_487f>
...
006 (180015.000.000) 2024-08-07 15:41:03 Image size of job updated: 17500
	280  -  MemoryUsage of job (MB)
	287268  -  ResidentSetSize of job (KB)
...
006 (180015.000.000) 2024-08-07 15:43:35 Image size of job updated: 17500
	6473  -  MemoryUsage of job (MB)
	6628772  -  ResidentSetSize of job (KB)
...
040 (180015.000.000) 2024-08-07 15:43:35 Started transferring output files
...
040 (180015.000.000) 2024-08-07 15:43:35 Finished transferring output files
...
005 (180015.000.000) 2024-08-07 15:43:37 Job terminated.
	(1) Normal termination (return value 0)
		Usr 0 00:07:02, Sys 0 00:01:28  -  Run Remote Usage
		Usr 0 00:00:00, Sys 0 00:00:00  -  Run Local Usage
		Usr 0 00:07:02, Sys 0 00:01:28  -  Total Remote Usage
		Usr 0 00:00:00, Sys 0 00:00:00  -  Total Local Usage
	6082  -  Run Bytes Sent By Job
	16252056  -  Run Bytes Received By Job
	6082  -  Total Bytes Sent By Job
	16252056  -  Total Bytes Received By Job
	Partitionable Resources :    Usage  Request Allocated Assigned
	   Cpus                 :     0.00        4         4 
	   Disk (KB)            : 15932       17500    652975 
	   Gpus (Average)       :     0.00        4         4 "CUDA2,CUDA3,CUDA4,CUDA7"
	   GpusMemory (MB)      :   323                       
	   Memory (MB)          :  6473       65536     65536 

	Job terminated of its own accord at 2024-08-07T14:43:35Z.
...
