000 (180012.000.000) 2024-08-07 15:14:59 Job submitted from host: <131.227.81.127:9618?addrs=131.227.81.127-9618&alias=aisurrey-condor.surrey.ac.uk&noUDP&sock=schedd_1795_cc96>
...
040 (180012.000.000) 2024-08-07 15:14:59 Started transferring input files
	Transferring to host: <131.227.80.178:9618?addrs=131.227.80.178-9618&alias=aisurrey04.surrey.ac.uk&noUDP&sock=slot1_1_4735_fc5a_22726>
...
040 (180012.000.000) 2024-08-07 15:14:59 Finished transferring input files
...
001 (180012.000.000) 2024-08-07 15:15:00 Job executing on host: <131.227.80.178:9618?addrs=131.227.80.178-9618&alias=aisurrey04.surrey.ac.uk&noUDP&sock=startd_4596_0d5c>
...
006 (180012.000.000) 2024-08-07 15:15:09 Image size of job updated: 17500
	418  -  MemoryUsage of job (MB)
	428956  -  ResidentSetSize of job (KB)
...
006 (180012.000.000) 2024-08-07 15:16:49 Image size of job updated: 17500
	5861  -  MemoryUsage of job (MB)
	6002348  -  ResidentSetSize of job (KB)
...
040 (180012.000.000) 2024-08-07 15:16:50 Started transferring output files
...
040 (180012.000.000) 2024-08-07 15:16:50 Finished transferring output files
...
005 (180012.000.000) 2024-08-07 15:16:50 Job terminated.
	(1) Normal termination (return value 0)
		Usr 0 00:05:16, Sys 0 00:00:56  -  Run Remote Usage
		Usr 0 00:00:00, Sys 0 00:00:00  -  Run Local Usage
		Usr 0 00:05:16, Sys 0 00:00:56  -  Total Remote Usage
		Usr 0 00:00:00, Sys 0 00:00:00  -  Total Local Usage
	6082  -  Run Bytes Sent By Job
	16252056  -  Run Bytes Received By Job
	6082  -  Total Bytes Sent By Job
	16252056  -  Total Bytes Received By Job
	Partitionable Resources :    Usage  Request Allocated Assigned
	   Cpus                 :     0.00        4         4 
	   Disk (KB)            : 15934       17500    246844 
	   Gpus (Average)       :     0.00        4         4 "GPU-ec4eb180-2293-1d4a-97fd-626bac3b365a,GPU-527420aa-a74e-837e-7287-5667a662e5ff,GPU-4b7e85e4-70b8-d123-b08e-7177a348840c,GPU-fc23261f-b77a-7d6b-5a0e-eb2bbf01491e"
	   GpusMemory (MB)      :   257                       
	   Memory (MB)          :  5861       65536     65536 

	Job terminated of its own accord at 2024-08-07T14:16:49Z.
...
