000 (180000.000.000) 2024-08-07 15:00:36 Job submitted from host: <131.227.81.127:9618?addrs=131.227.81.127-9618&alias=aisurrey-condor.surrey.ac.uk&noUDP&sock=schedd_1795_cc96>
...
040 (180000.000.000) 2024-08-07 15:00:56 Started transferring input files
	Transferring to host: <131.227.80.188:9618?addrs=131.227.80.188-9618&alias=aisurrey09.surrey.ac.uk&noUDP&sock=slot1_1_4713_7c19_21584>
...
040 (180000.000.000) 2024-08-07 15:00:56 Finished transferring input files
...
001 (180000.000.000) 2024-08-07 15:00:57 Job executing on host: <131.227.80.188:9618?addrs=131.227.80.188-9618&alias=aisurrey09.surrey.ac.uk&noUDP&sock=startd_4574_f647>
...
006 (180000.000.000) 2024-08-07 15:01:05 Image size of job updated: 17500
	344  -  MemoryUsage of job (MB)
	352508  -  ResidentSetSize of job (KB)
...
006 (180000.000.000) 2024-08-07 15:06:06 Image size of job updated: 17500
	368  -  MemoryUsage of job (MB)
	376980  -  ResidentSetSize of job (KB)
...
006 (180000.000.000) 2024-08-07 15:11:07 Image size of job updated: 17500
	374  -  MemoryUsage of job (MB)
	383180  -  ResidentSetSize of job (KB)
...
006 (180000.000.000) 2024-08-07 15:16:08 Image size of job updated: 17500
	379  -  MemoryUsage of job (MB)
	389004  -  ResidentSetSize of job (KB)
...
006 (180000.000.000) 2024-08-07 15:21:09 Image size of job updated: 17500
	382  -  MemoryUsage of job (MB)
	391196  -  ResidentSetSize of job (KB)
...
004 (180000.000.000) 2024-08-07 15:22:16 Job was evicted.
	(0) CPU times
		Usr 0 00:01:08, Sys 0 00:06:35  -  Run Remote Usage
		Usr 0 00:00:00, Sys 0 00:00:00  -  Run Local Usage
	0  -  Run Bytes Sent By Job
	16252056  -  Run Bytes Received By Job
	Partitionable Resources :    Usage  Request Allocated Assigned
	   Cpus                 :        0        4         4 
	   Disk (KB)            :    15896    17500    246844 
	   Gpus (Average)       :        0        4         4 "GPU-8ea7f420-6c54-e277-c504-0725b1b2102b,GPU-a2707a0f-8abf-8d0c-e1f5-565fd2e12ede,GPU-412dc69b-f4ff-2989-1f2a-1039af8e2d34,GPU-12c3b11e-5d99-1d28-076a-858d1dbb1aa6"
	   GpusMemory (MB)      :      257                    
	   Memory (MB)          :      382    65536     65536 
...
009 (180000.000.000) 2024-08-07 15:22:16 Job was aborted.
	via condor_rm (by user ae01116)
...
