000 (180100.000.000) 2024-08-07 17:43:18 Job submitted from host: <131.227.81.127:9618?addrs=131.227.81.127-9618&alias=aisurrey-condor.surrey.ac.uk&noUDP&sock=schedd_1795_cc96>
...
040 (180100.000.000) 2024-08-07 20:33:23 Started transferring input files
	Transferring to host: <131.227.80.126:9618?addrs=131.227.80.126-9618&alias=aisurrey14.surrey.ac.uk&noUDP&sock=slot1_4_4748_253a_21694>
...
040 (180100.000.000) 2024-08-07 20:33:23 Finished transferring input files
...
001 (180100.000.000) 2024-08-07 20:33:24 Job executing on host: <131.227.80.126:9618?addrs=131.227.80.126-9618&alias=aisurrey14.surrey.ac.uk&noUDP&sock=startd_4608_487f>
...
006 (180100.000.000) 2024-08-07 20:33:33 Image size of job updated: 17500
	228  -  MemoryUsage of job (MB)
	233860  -  ResidentSetSize of job (KB)
...
006 (180100.000.000) 2024-08-07 20:36:07 Image size of job updated: 17500
	7978  -  MemoryUsage of job (MB)
	8170260  -  ResidentSetSize of job (KB)
...
040 (180100.000.000) 2024-08-07 20:36:07 Started transferring output files
...
040 (180100.000.000) 2024-08-07 20:36:07 Finished transferring output files
...
005 (180100.000.000) 2024-08-07 20:36:09 Job terminated.
	(1) Normal termination (return value 0)
		Usr 0 00:09:14, Sys 0 00:02:56  -  Run Remote Usage
		Usr 0 00:00:00, Sys 0 00:00:00  -  Run Local Usage
		Usr 0 00:09:14, Sys 0 00:02:56  -  Total Remote Usage
		Usr 0 00:00:00, Sys 0 00:00:00  -  Total Local Usage
	6082  -  Run Bytes Sent By Job
	16252056  -  Run Bytes Received By Job
	6082  -  Total Bytes Sent By Job
	16252056  -  Total Bytes Received By Job
	Partitionable Resources :    Usage  Request Allocated Assigned
	   Cpus                 :     0.00        4         4 
	   Disk (KB)            : 16185       17500    652975 
	   Gpus (Average)       :     0.00        4         4 "CUDA2,CUDA3,CUDA4,CUDA7"
	   GpusMemory (MB)      :   323                       
	   Memory (MB)          :  7978       65536     65536 

	Job terminated of its own accord at 2024-08-07T19:36:07Z.
...
