000 (182598.000.000) 2024-08-15 12:33:15 Job submitted from host: <131.227.81.127:9618?addrs=131.227.81.127-9618&alias=aisurrey-condor.surrey.ac.uk&noUDP&sock=schedd_1795_cc96>
...
040 (182598.000.000) 2024-08-15 16:02:57 Started transferring input files
	Transferring to host: <131.227.80.158:9618?addrs=131.227.80.158-9618&alias=aisurrey13.surrey.ac.uk&noUDP&sock=slot1_4_8684_69da_51722>
...
040 (182598.000.000) 2024-08-15 16:02:57 Finished transferring input files
...
001 (182598.000.000) 2024-08-15 16:02:58 Job executing on host: <131.227.80.158:9618?addrs=131.227.80.158-9618&alias=aisurrey13.surrey.ac.uk&noUDP&sock=startd_8541_fe7b>
...
006 (182598.000.000) 2024-08-15 16:03:06 Image size of job updated: 17500
	340  -  MemoryUsage of job (MB)
	348688  -  ResidentSetSize of job (KB)
...
006 (182598.000.000) 2024-08-15 16:07:14 Image size of job updated: 27154
	27154  -  MemoryUsage of job (MB)
	27806196  -  ResidentSetSize of job (KB)
...
040 (182598.000.000) 2024-08-15 16:07:14 Started transferring output files
...
040 (182598.000.000) 2024-08-15 16:07:14 Finished transferring output files
...
005 (182598.000.000) 2024-08-15 16:07:14 Job terminated.
	(1) Normal termination (return value 0)
		Usr 0 00:16:36, Sys 0 00:05:23  -  Run Remote Usage
		Usr 0 00:00:00, Sys 0 00:00:00  -  Run Local Usage
		Usr 0 00:16:36, Sys 0 00:05:23  -  Total Remote Usage
		Usr 0 00:00:00, Sys 0 00:00:00  -  Total Local Usage
	0  -  Run Bytes Sent By Job
	16252056  -  Run Bytes Received By Job
	0  -  Total Bytes Sent By Job
	16252056  -  Total Bytes Received By Job
	Partitionable Resources :    Usage  Request Allocated Assigned
	   Cpus                 :     0.00        4         4 
	   Disk (KB)            : 15895       17500    652975 
	   Gpus (Average)       :     1.63        4         4 "CUDA0,CUDA2,CUDA3,CUDA6"
	   GpusMemory (MB)      : 11718                       
	   Memory (MB)          : 27154       65536     65536 

	Job terminated of its own accord at 2024-08-15T15:07:14Z.
...
