000 (182048.000.000) 2024-08-13 19:57:31 Job submitted from host: <131.227.81.127:9618?addrs=131.227.81.127-9618&alias=aisurrey-condor.surrey.ac.uk&noUDP&sock=schedd_1795_cc96>
...
040 (182048.000.000) 2024-08-13 22:08:32 Started transferring input files
	Transferring to host: <131.227.80.126:9618?addrs=131.227.80.126-9618&alias=aisurrey14.surrey.ac.uk&noUDP&sock=slot1_4_4748_253a_24706>
...
040 (182048.000.000) 2024-08-13 22:08:32 Finished transferring input files
...
001 (182048.000.000) 2024-08-13 22:08:33 Job executing on host: <131.227.80.126:9618?addrs=131.227.80.126-9618&alias=aisurrey14.surrey.ac.uk&noUDP&sock=startd_4608_487f>
...
006 (182048.000.000) 2024-08-13 22:08:42 Image size of job updated: 17500
	357  -  MemoryUsage of job (MB)
	366428  -  ResidentSetSize of job (KB)
...
006 (182048.000.000) 2024-08-13 22:09:15 Image size of job updated: 17500
	452  -  MemoryUsage of job (MB)
	463660  -  ResidentSetSize of job (KB)
...
040 (182048.000.000) 2024-08-13 22:09:15 Started transferring output files
...
040 (182048.000.000) 2024-08-13 22:09:15 Finished transferring output files
...
005 (182048.000.000) 2024-08-13 22:09:15 Job terminated.
	(1) Normal termination (return value 0)
		Usr 0 00:00:08, Sys 0 00:00:03  -  Run Remote Usage
		Usr 0 00:00:00, Sys 0 00:00:00  -  Run Local Usage
		Usr 0 00:00:08, Sys 0 00:00:03  -  Total Remote Usage
		Usr 0 00:00:00, Sys 0 00:00:00  -  Total Local Usage
	0  -  Run Bytes Sent By Job
	16252056  -  Run Bytes Received By Job
	0  -  Total Bytes Sent By Job
	16252056  -  Total Bytes Received By Job
	Partitionable Resources :    Usage  Request Allocated Assigned
	   Cpus                 :     0.00        4         4 
	   Disk (KB)            : 50411       17500    652975 
	   Gpus (Average)       :                 4         4 "CUDA4,CUDA5,CUDA6,CUDA7"
	   GpusMemory (MB)      : 20964                       
	   Memory (MB)          :   452       65536     65536 

	Job terminated of its own accord at 2024-08-13T21:09:15Z.
...
