000 (182586.000.000) 2024-08-15 12:16:38 Job submitted from host: <131.227.81.127:9618?addrs=131.227.81.127-9618&alias=aisurrey-condor.surrey.ac.uk&noUDP&sock=schedd_1795_cc96>
...
040 (182586.000.000) 2024-08-15 12:16:38 Started transferring input files
	Transferring to host: <131.227.80.186:9618?addrs=131.227.80.186-9618&alias=aisurrey08.surrey.ac.uk&noUDP&sock=slot1_2_4745_081a_25619>
...
040 (182586.000.000) 2024-08-15 12:16:38 Finished transferring input files
...
001 (182586.000.000) 2024-08-15 12:16:39 Job executing on host: <131.227.80.186:9618?addrs=131.227.80.186-9618&alias=aisurrey08.surrey.ac.uk&noUDP&sock=startd_4605_39b7>
...
006 (182586.000.000) 2024-08-15 12:16:48 Image size of job updated: 17500
	664  -  MemoryUsage of job (MB)
	679948  -  ResidentSetSize of job (KB)
...
006 (182586.000.000) 2024-08-15 12:20:10 Image size of job updated: 24860
	24860  -  MemoryUsage of job (MB)
	25456700  -  ResidentSetSize of job (KB)
...
004 (182586.000.000) 2024-08-15 12:20:12 Job was evicted.
	(0) CPU times
		Usr 0 00:00:02, Sys 0 00:00:01  -  Run Remote Usage
		Usr 0 00:00:00, Sys 0 00:00:00  -  Run Local Usage
	0  -  Run Bytes Sent By Job
	16252056  -  Run Bytes Received By Job
	Partitionable Resources :    Usage  Request Allocated Assigned
	   Cpus                 :     0.00        4         4 
	   Disk (KB)            : 15896       17500    246844 
	   Gpus (Average)       :     2.44        4         4 "GPU-a4c2f5c5-c1af-6d7f-3709-14f6a7d78641,GPU-9f1a4d93-a8ab-1e71-1a1d-5f679ccdd67d,GPU-2104b114-866d-845f-c10e-c21c0826c80c,GPU-649f9f98-2242-d13e-9375-d2ae9d76b2f2"
	   GpusMemory (MB)      : 10679                       
	   Memory (MB)          : 24860       65536     65536 
...
009 (182586.000.000) 2024-08-15 12:20:12 Job was aborted.
	via condor_rm (by user ae01116)
...
