000 (182587.000.000) 2024-08-15 12:18:12 Job submitted from host: <131.227.81.127:9618?addrs=131.227.81.127-9618&alias=aisurrey-condor.surrey.ac.uk&noUDP&sock=schedd_1795_cc96>
...
040 (182587.000.000) 2024-08-15 12:18:13 Started transferring input files
	Transferring to host: <131.227.80.188:9618?addrs=131.227.80.188-9618&alias=aisurrey09.surrey.ac.uk&noUDP&sock=slot1_1_4713_7c19_25805>
...
040 (182587.000.000) 2024-08-15 12:18:13 Finished transferring input files
...
001 (182587.000.000) 2024-08-15 12:18:14 Job executing on host: <131.227.80.188:9618?addrs=131.227.80.188-9618&alias=aisurrey09.surrey.ac.uk&noUDP&sock=startd_4574_f647>
...
006 (182587.000.000) 2024-08-15 12:18:22 Image size of job updated: 17500
	614  -  MemoryUsage of job (MB)
	629560  -  ResidentSetSize of job (KB)
...
006 (182587.000.000) 2024-08-15 12:18:39 Image size of job updated: 17500
	17482  -  MemoryUsage of job (MB)
	17902072  -  ResidentSetSize of job (KB)
...
040 (182587.000.000) 2024-08-15 12:18:39 Started transferring output files
...
040 (182587.000.000) 2024-08-15 12:18:39 Finished transferring output files
...
005 (182587.000.000) 2024-08-15 12:18:39 Job terminated.
	(1) Normal termination (return value 0)
		Usr 0 00:00:57, Sys 0 00:00:18  -  Run Remote Usage
		Usr 0 00:00:00, Sys 0 00:00:00  -  Run Local Usage
		Usr 0 00:00:57, Sys 0 00:00:18  -  Total Remote Usage
		Usr 0 00:00:00, Sys 0 00:00:00  -  Total Local Usage
	0  -  Run Bytes Sent By Job
	16252056  -  Run Bytes Received By Job
	0  -  Total Bytes Sent By Job
	16252056  -  Total Bytes Received By Job
	Partitionable Resources :    Usage  Request Allocated Assigned
	   Cpus                 :     0.01        4         4 
	   Disk (KB)            : 15896       17500    246844 
	   Gpus (Average)       :     0.07        4         4 "GPU-8ea7f420-6c54-e277-c504-0725b1b2102b,GPU-a2707a0f-8abf-8d0c-e1f5-565fd2e12ede,GPU-fa8b2c92-70de-0a44-30fe-09367488c012,GPU-ecabb446-bff5-bdb1-7089-543e59b94155"
	   GpusMemory (MB)      :  3293                       
	   Memory (MB)          : 17482       65536     65536 

	Job terminated of its own accord at 2024-08-15T11:18:39Z.
...
