000 (182669.000.000) 2024-08-15 19:12:08 Job submitted from host: <131.227.81.127:9618?addrs=131.227.81.127-9618&alias=aisurrey-condor.surrey.ac.uk&noUDP&sock=schedd_1795_cc96>
...
040 (182669.000.000) 2024-08-15 19:12:09 Started transferring input files
	Transferring to host: <131.227.80.190:9618?addrs=131.227.80.190-9618&alias=aisurrey10.surrey.ac.uk&noUDP&sock=slot1_2_4821_949d_26033>
...
040 (182669.000.000) 2024-08-15 19:12:10 Finished transferring input files
...
001 (182669.000.000) 2024-08-15 19:12:11 Job executing on host: <131.227.80.190:9618?addrs=131.227.80.190-9618&alias=aisurrey10.surrey.ac.uk&noUDP&sock=startd_4682_0a81>
...
006 (182669.000.000) 2024-08-15 19:17:21 Image size of job updated: 25375
	25375  -  MemoryUsage of job (MB)
	25984964  -  ResidentSetSize of job (KB)
...
006 (182669.000.000) 2024-08-15 19:22:22 Image size of job updated: 25412
	25412  -  MemoryUsage of job (MB)
	26022044  -  ResidentSetSize of job (KB)
...
006 (182669.000.000) 2024-08-15 19:32:22 Image size of job updated: 25460
	25460  -  MemoryUsage of job (MB)
	26071372  -  ResidentSetSize of job (KB)
...
006 (182669.000.000) 2024-08-15 19:37:22 Image size of job updated: 25468
	25468  -  MemoryUsage of job (MB)
	26079404  -  ResidentSetSize of job (KB)
...
006 (182669.000.000) 2024-08-15 20:17:26 Image size of job updated: 25680
	25680  -  MemoryUsage of job (MB)
	26297132  -  ResidentSetSize of job (KB)
...
006 (182669.000.000) 2024-08-15 20:42:28 Image size of job updated: 25742
	25742  -  MemoryUsage of job (MB)
	26360696  -  ResidentSetSize of job (KB)
...
006 (182669.000.000) 2024-08-15 20:47:28 Image size of job updated: 25753
	25753  -  MemoryUsage of job (MB)
	26372048  -  ResidentSetSize of job (KB)
...
006 (182669.000.000) 2024-08-15 21:37:37 Image size of job updated: 25880
	25880  -  MemoryUsage of job (MB)
	26501940  -  ResidentSetSize of job (KB)
...
006 (182669.000.000) 2024-08-15 21:57:38 Image size of job updated: 25888
	25888  -  MemoryUsage of job (MB)
	26509548  -  ResidentSetSize of job (KB)
...
006 (182669.000.000) 2024-08-15 22:07:39 Image size of job updated: 25889
	25889  -  MemoryUsage of job (MB)
	26511072  -  ResidentSetSize of job (KB)
...
004 (182669.000.000) 2024-08-15 23:00:58 Job was evicted.
	(0) CPU times
		Usr 0 16:00:43, Sys 0 03:50:52  -  Run Remote Usage
		Usr 0 00:00:00, Sys 0 00:00:00  -  Run Local Usage
	0  -  Run Bytes Sent By Job
	16252056  -  Run Bytes Received By Job
	Partitionable Resources :    Usage  Request Allocated Assigned
	   Cpus                 :     0.00        4         4 
	   Disk (KB)            : 15896       17500    246844 
	   Gpus (Average)       :     2.38        4         4 "GPU-1afec2e8-d3aa-c772-f762-bcfbceee2109,GPU-1ca663a6-28a2-1723-51c0-4367e1cef787,GPU-4a906a5c-05fe-96ec-0211-f10c5e5b12ce,GPU-1b0e8d5c-768d-396c-851a-9df778306f5c"
	   GpusMemory (MB)      : 11161                       
	   Memory (MB)          : 25889       65536     65536 
...
040 (182669.000.000) 2024-08-15 23:06:57 Started transferring input files
	Transferring to host: <131.227.80.186:9618?addrs=131.227.80.186-9618&alias=aisurrey08.surrey.ac.uk&noUDP&sock=slot1_2_4745_081a_25838>
...
040 (182669.000.000) 2024-08-15 23:06:57 Finished transferring input files
...
001 (182669.000.000) 2024-08-15 23:06:58 Job executing on host: <131.227.80.186:9618?addrs=131.227.80.186-9618&alias=aisurrey08.surrey.ac.uk&noUDP&sock=startd_4605_39b7>
...
004 (182669.000.000) 2024-08-15 23:23:59 Job was evicted.
	(0) CPU times
		Usr 0 01:02:13, Sys 0 00:16:33  -  Run Remote Usage
		Usr 0 00:00:00, Sys 0 00:00:00  -  Run Local Usage
	0  -  Run Bytes Sent By Job
	16252056  -  Run Bytes Received By Job
	Partitionable Resources :    Usage  Request Allocated Assigned
	   Cpus                 :     0.02        4         4 
	   Disk (KB)            : 15897       17500    246844 
	   Gpus (Average)       :     2.35        4         4 "GPU-a4c2f5c5-c1af-6d7f-3709-14f6a7d78641,GPU-8259e7d9-f8a2-cb67-3606-e2fd1f4ad374,GPU-9f1a4d93-a8ab-1e71-1a1d-5f679ccdd67d,GPU-f779f17c-a1cb-91aa-033e-48468d1fcbcf"
	   GpusMemory (MB)      : 11161                       
	   Memory (MB)          : 25889       65536     65536 
...
009 (182669.000.000) 2024-08-15 23:23:59 Job was aborted.
	via condor_rm (by user ae01116)
...
