000 (182688.000.000) 2024-08-15 23:14:00 Job submitted from host: <131.227.81.127:9618?addrs=131.227.81.127-9618&alias=aisurrey-condor.surrey.ac.uk&noUDP&sock=schedd_1795_cc96>
...
040 (182688.000.000) 2024-08-16 04:33:47 Started transferring input files
	Transferring to host: <131.227.80.154:9618?addrs=131.227.80.154-9618&alias=aisurrey11.surrey.ac.uk&noUDP&sock=slot1_5_8568_ae55_47920>
...
040 (182688.000.000) 2024-08-16 04:33:47 Finished transferring input files
...
001 (182688.000.000) 2024-08-16 04:33:48 Job executing on host: <131.227.80.154:9618?addrs=131.227.80.154-9618&alias=aisurrey11.surrey.ac.uk&noUDP&sock=startd_8426_1d16>
...
006 (182688.000.000) 2024-08-16 04:33:56 Image size of job updated: 17500
	318  -  MemoryUsage of job (MB)
	326548  -  ResidentSetSize of job (KB)
...
006 (182688.000.000) 2024-08-16 04:38:57 Image size of job updated: 35292
	35292  -  MemoryUsage of job (MB)
	36139680  -  ResidentSetSize of job (KB)
...
006 (182688.000.000) 2024-08-16 04:48:58 Image size of job updated: 35702
	35702  -  MemoryUsage of job (MB)
	36558884  -  ResidentSetSize of job (KB)
...
006 (182688.000.000) 2024-08-16 04:53:58 Image size of job updated: 35720
	35720  -  MemoryUsage of job (MB)
	36578032  -  ResidentSetSize of job (KB)
...
006 (182688.000.000) 2024-08-16 04:58:59 Image size of job updated: 35792
	35792  -  MemoryUsage of job (MB)
	36651116  -  ResidentSetSize of job (KB)
...
006 (182688.000.000) 2024-08-16 05:04:00 Image size of job updated: 35801
	35801  -  MemoryUsage of job (MB)
	36660872  -  ResidentSetSize of job (KB)
...
006 (182688.000.000) 2024-08-16 09:13:13 Image size of job updated: 48898
	48898  -  MemoryUsage of job (MB)
	50072524  -  ResidentSetSize of job (KB)
...
040 (182688.000.000) 2024-08-16 09:13:13 Started transferring output files
...
040 (182688.000.000) 2024-08-16 09:13:13 Finished transferring output files
...
005 (182688.000.000) 2024-08-16 09:13:13 Job terminated.
	(1) Normal termination (return value 0)
		Usr 0 21:45:35, Sys 0 06:36:10  -  Run Remote Usage
		Usr 0 00:00:00, Sys 0 00:00:00  -  Run Local Usage
		Usr 0 21:45:35, Sys 0 06:36:10  -  Total Remote Usage
		Usr 0 00:00:00, Sys 0 00:00:00  -  Total Local Usage
	0  -  Run Bytes Sent By Job
	16252056  -  Run Bytes Received By Job
	0  -  Total Bytes Sent By Job
	16252056  -  Total Bytes Received By Job
	Partitionable Resources :    Usage  Request Allocated Assigned
	   Cpus                 :     0.00        4         4 
	   Disk (KB)            : 15895       17500    652975 
	   Gpus (Average)       :                 4         4 "CUDA0,CUDA3,CUDA4,CUDA5"
	   GpusMemory (MB)      : 20146                       
	   Memory (MB)          : 48898       65536     65536 

	Job terminated of its own accord at 2024-08-16T08:13:12Z.
...
