000 (182503.000.000) 2024-08-14 22:40:23 Job submitted from host: <131.227.81.127:9618?addrs=131.227.81.127-9618&alias=aisurrey-condor.surrey.ac.uk&noUDP&sock=schedd_1795_cc96>
...
040 (182503.000.000) 2024-08-15 01:09:34 Started transferring input files
	Transferring to host: <131.227.80.178:9618?addrs=131.227.80.178-9618&alias=aisurrey04.surrey.ac.uk&noUDP&sock=slot1_1_4735_fc5a_26739>
...
040 (182503.000.000) 2024-08-15 01:09:34 Finished transferring input files
...
001 (182503.000.000) 2024-08-15 01:09:35 Job executing on host: <131.227.80.178:9618?addrs=131.227.80.178-9618&alias=aisurrey04.surrey.ac.uk&noUDP&sock=startd_4596_0d5c>
...
006 (182503.000.000) 2024-08-15 01:09:44 Image size of job updated: 17500
	302  -  MemoryUsage of job (MB)
	310200  -  ResidentSetSize of job (KB)
...
006 (182503.000.000) 2024-08-15 01:10:09 Image size of job updated: 17500
	17330  -  MemoryUsage of job (MB)
	17746276  -  ResidentSetSize of job (KB)
...
040 (182503.000.000) 2024-08-15 01:10:09 Started transferring output files
...
040 (182503.000.000) 2024-08-15 01:10:09 Finished transferring output files
...
005 (182503.000.000) 2024-08-15 01:10:09 Job terminated.
	(1) Normal termination (return value 0)
		Usr 0 00:01:13, Sys 0 00:00:23  -  Run Remote Usage
		Usr 0 00:00:00, Sys 0 00:00:00  -  Run Local Usage
		Usr 0 00:01:13, Sys 0 00:00:23  -  Total Remote Usage
		Usr 0 00:00:00, Sys 0 00:00:00  -  Total Local Usage
	0  -  Run Bytes Sent By Job
	16252056  -  Run Bytes Received By Job
	0  -  Total Bytes Sent By Job
	16252056  -  Total Bytes Received By Job
	Partitionable Resources :    Usage  Request Allocated Assigned
	   Cpus                 :     0.00        4         4 
	   Disk (KB)            : 15896       17500    246844 
	   Gpus (Average)       :                 4         4 "GPU-ec4eb180-2293-1d4a-97fd-626bac3b365a,GPU-d2653cd8-a463-d9a0-7f19-0bef04198056,GPU-fc23261f-b77a-7d6b-5a0e-eb2bbf01491e,GPU-d1893eab-679e-20c3-30ea-c62d1d2d35ea"
	   GpusMemory (MB)      :  3293                       
	   Memory (MB)          : 17330       65536     65536 

	Job terminated of its own accord at 2024-08-15T00:10:09Z.
...
