000 (182256.000.000) 2024-08-14 17:51:32 Job submitted from host: <131.227.81.127:9618?addrs=131.227.81.127-9618&alias=aisurrey-condor.surrey.ac.uk&noUDP&sock=schedd_1795_cc96>
...
040 (182256.000.000) 2024-08-14 20:12:45 Started transferring input files
	Transferring to host: <131.227.80.186:9618?addrs=131.227.80.186-9618&alias=aisurrey08.surrey.ac.uk&noUDP&sock=slot1_6_4745_081a_25273>
...
040 (182256.000.000) 2024-08-14 20:12:46 Finished transferring input files
...
001 (182256.000.000) 2024-08-14 20:12:47 Job executing on host: <131.227.80.186:9618?addrs=131.227.80.186-9618&alias=aisurrey08.surrey.ac.uk&noUDP&sock=startd_4605_39b7>
...
006 (182256.000.000) 2024-08-14 20:12:55 Image size of job updated: 17500
	342  -  MemoryUsage of job (MB)
	351084  -  ResidentSetSize of job (KB)
...
006 (182256.000.000) 2024-08-14 20:13:18 Image size of job updated: 17500
	17417  -  MemoryUsage of job (MB)
	17835624  -  ResidentSetSize of job (KB)
...
040 (182256.000.000) 2024-08-14 20:13:18 Started transferring output files
...
040 (182256.000.000) 2024-08-14 20:13:18 Finished transferring output files
...
005 (182256.000.000) 2024-08-14 20:13:19 Job terminated.
	(1) Normal termination (return value 0)
		Usr 0 00:01:14, Sys 0 00:00:27  -  Run Remote Usage
		Usr 0 00:00:00, Sys 0 00:00:00  -  Run Local Usage
		Usr 0 00:01:14, Sys 0 00:00:27  -  Total Remote Usage
		Usr 0 00:00:00, Sys 0 00:00:00  -  Total Local Usage
	0  -  Run Bytes Sent By Job
	16252056  -  Run Bytes Received By Job
	0  -  Total Bytes Sent By Job
	16252056  -  Total Bytes Received By Job
	Partitionable Resources :    Usage  Request Allocated Assigned
	   Cpus                 :     0           4         4 
	   Disk (KB)            : 15896       17500    246844 
	   Gpus (Average)       : 44746.06        4         4 "GPU-b10e5e98-d533-35c0-c507-da5471772c00,GPU-a4c2f5c5-c1af-6d7f-3709-14f6a7d78641,GPU-f779f17c-a1cb-91aa-033e-48468d1fcbcf,GPU-2104b114-866d-845f-c10e-c21c0826c80c"
	   GpusMemory (MB)      :  4341                       
	   Memory (MB)          : 17417       65536     65536 

	Job terminated of its own accord at 2024-08-14T19:13:18Z.
...
