000 (182584.000.000) 2024-08-15 12:10:18 Job submitted from host: <131.227.81.127:9618?addrs=131.227.81.127-9618&alias=aisurrey-condor.surrey.ac.uk&noUDP&sock=schedd_1795_cc96>
...
040 (182584.000.000) 2024-08-15 12:10:20 Started transferring input files
	Transferring to host: <131.227.80.188:9618?addrs=131.227.80.188-9618&alias=aisurrey09.surrey.ac.uk&noUDP&sock=slot1_1_4713_7c19_25801>
...
040 (182584.000.000) 2024-08-15 12:10:20 Finished transferring input files
...
001 (182584.000.000) 2024-08-15 12:10:21 Job executing on host: <131.227.80.188:9618?addrs=131.227.80.188-9618&alias=aisurrey09.surrey.ac.uk&noUDP&sock=startd_4574_f647>
...
006 (182584.000.000) 2024-08-15 12:10:29 Image size of job updated: 17500
	636  -  MemoryUsage of job (MB)
	651696  -  ResidentSetSize of job (KB)
...
006 (182584.000.000) 2024-08-15 12:10:45 Image size of job updated: 17500
	17487  -  MemoryUsage of job (MB)
	17906696  -  ResidentSetSize of job (KB)
...
040 (182584.000.000) 2024-08-15 12:10:45 Started transferring output files
...
040 (182584.000.000) 2024-08-15 12:10:45 Finished transferring output files
...
005 (182584.000.000) 2024-08-15 12:10:46 Job terminated.
	(1) Normal termination (return value 0)
		Usr 0 00:00:58, Sys 0 00:00:17  -  Run Remote Usage
		Usr 0 00:00:00, Sys 0 00:00:00  -  Run Local Usage
		Usr 0 00:00:58, Sys 0 00:00:17  -  Total Remote Usage
		Usr 0 00:00:00, Sys 0 00:00:00  -  Total Local Usage
	0  -  Run Bytes Sent By Job
	16252056  -  Run Bytes Received By Job
	0  -  Total Bytes Sent By Job
	16252056  -  Total Bytes Received By Job
	Partitionable Resources :    Usage  Request Allocated Assigned
	   Cpus                 :     0           4         4 
	   Disk (KB)            : 15896       17500    246844 
	   Gpus (Average)       :     0.08        4         4 "GPU-8ea7f420-6c54-e277-c504-0725b1b2102b,GPU-a2707a0f-8abf-8d0c-e1f5-565fd2e12ede,GPU-fa8b2c92-70de-0a44-30fe-09367488c012,GPU-ecabb446-bff5-bdb1-7089-543e59b94155"
	   GpusMemory (MB)      :  4341                       
	   Memory (MB)          : 17487       65536     65536 

	Job terminated of its own accord at 2024-08-15T11:10:45Z.
...
