000 (182581.000.000) 2024-08-15 12:03:18 Job submitted from host: <131.227.81.127:9618?addrs=131.227.81.127-9618&alias=aisurrey-condor.surrey.ac.uk&noUDP&sock=schedd_1795_cc96>
...
040 (182581.000.000) 2024-08-15 12:03:19 Started transferring input files
	Transferring to host: <131.227.80.186:9618?addrs=131.227.80.186-9618&alias=aisurrey08.surrey.ac.uk&noUDP&sock=slot1_2_4745_081a_25613>
...
040 (182581.000.000) 2024-08-15 12:03:19 Finished transferring input files
...
001 (182581.000.000) 2024-08-15 12:03:20 Job executing on host: <131.227.80.186:9618?addrs=131.227.80.186-9618&alias=aisurrey08.surrey.ac.uk&noUDP&sock=startd_4605_39b7>
...
006 (182581.000.000) 2024-08-15 12:03:28 Image size of job updated: 17500
	725  -  MemoryUsage of job (MB)
	742896  -  ResidentSetSize of job (KB)
...
006 (182581.000.000) 2024-08-15 12:06:50 Image size of job updated: 23836
	23836  -  MemoryUsage of job (MB)
	24408376  -  ResidentSetSize of job (KB)
...
004 (182581.000.000) 2024-08-15 12:06:50 Job was evicted.
	(0) CPU times
		Usr 0 00:00:02, Sys 0 00:00:02  -  Run Remote Usage
		Usr 0 00:00:00, Sys 0 00:00:00  -  Run Local Usage
	0  -  Run Bytes Sent By Job
	16252056  -  Run Bytes Received By Job
	Partitionable Resources :    Usage  Request Allocated Assigned
	   Cpus                 :     0.00        4         4 
	   Disk (KB)            : 15896       17500    246844 
	   Gpus (Average)       :     2.34        4         4 "GPU-a4c2f5c5-c1af-6d7f-3709-14f6a7d78641,GPU-9f1a4d93-a8ab-1e71-1a1d-5f679ccdd67d,GPU-2104b114-866d-845f-c10e-c21c0826c80c,GPU-649f9f98-2242-d13e-9375-d2ae9d76b2f2"
	   GpusMemory (MB)      : 10679                       
	   Memory (MB)          : 23836       65536     65536 
...
009 (182581.000.000) 2024-08-15 12:06:50 Job was aborted.
	via condor_rm (by user ae01116)
...
