000 (182576.000.000) 2024-08-15 11:47:08 Job submitted from host: <131.227.81.127:9618?addrs=131.227.81.127-9618&alias=aisurrey-condor.surrey.ac.uk&noUDP&sock=schedd_1795_cc96>
...
040 (182576.000.000) 2024-08-15 11:47:09 Started transferring input files
	Transferring to host: <131.227.80.186:9618?addrs=131.227.80.186-9618&alias=aisurrey08.surrey.ac.uk&noUDP&sock=slot1_2_4745_081a_25604>
...
040 (182576.000.000) 2024-08-15 11:47:09 Finished transferring input files
...
001 (182576.000.000) 2024-08-15 11:47:10 Job executing on host: <131.227.80.186:9618?addrs=131.227.80.186-9618&alias=aisurrey08.surrey.ac.uk&noUDP&sock=startd_4605_39b7>
...
006 (182576.000.000) 2024-08-15 11:47:18 Image size of job updated: 17500
	654  -  MemoryUsage of job (MB)
	670424  -  ResidentSetSize of job (KB)
...
006 (182576.000.000) 2024-08-15 11:47:34 Image size of job updated: 17500
	17454  -  MemoryUsage of job (MB)
	17873712  -  ResidentSetSize of job (KB)
...
040 (182576.000.000) 2024-08-15 11:47:34 Started transferring output files
...
040 (182576.000.000) 2024-08-15 11:47:34 Finished transferring output files
...
005 (182576.000.000) 2024-08-15 11:47:35 Job terminated.
	(1) Normal termination (return value 0)
		Usr 0 00:00:59, Sys 0 00:00:17  -  Run Remote Usage
		Usr 0 00:00:00, Sys 0 00:00:00  -  Run Local Usage
		Usr 0 00:00:59, Sys 0 00:00:17  -  Total Remote Usage
		Usr 0 00:00:00, Sys 0 00:00:00  -  Total Local Usage
	0  -  Run Bytes Sent By Job
	16252056  -  Run Bytes Received By Job
	0  -  Total Bytes Sent By Job
	16252056  -  Total Bytes Received By Job
	Partitionable Resources :    Usage  Request Allocated Assigned
	   Cpus                 :     0.00        4         4 
	   Disk (KB)            : 15896       17500    246844 
	   Gpus (Average)       :     0.08        4         4 "GPU-a4c2f5c5-c1af-6d7f-3709-14f6a7d78641,GPU-9f1a4d93-a8ab-1e71-1a1d-5f679ccdd67d,GPU-2104b114-866d-845f-c10e-c21c0826c80c,GPU-649f9f98-2242-d13e-9375-d2ae9d76b2f2"
	   GpusMemory (MB)      :  3293                       
	   Memory (MB)          : 17454       65536     65536 

	Job terminated of its own accord at 2024-08-15T10:47:34Z.
...
