000 (183117.000.000) 2024-08-17 08:53:37 Job submitted from host: <131.227.81.127:9618?addrs=131.227.81.127-9618&alias=aisurrey-condor.surrey.ac.uk&noUDP&sock=schedd_1795_cc96>
...
040 (183117.000.000) 2024-08-17 08:53:40 Started transferring input files
	Transferring to host: <131.227.80.180:9618?addrs=131.227.80.180-9618&alias=aisurrey05.surrey.ac.uk&noUDP&sock=slot1_1_5055_7467_1037>
...
040 (183117.000.000) 2024-08-17 08:53:41 Finished transferring input files
...
001 (183117.000.000) 2024-08-17 08:53:42 Job executing on host: <131.227.80.180:9618?addrs=131.227.80.180-9618&alias=aisurrey05.surrey.ac.uk&noUDP&sock=startd_4916_8bab>
...
006 (183117.000.000) 2024-08-17 08:53:50 Image size of job updated: 17500
	629  -  MemoryUsage of job (MB)
	644416  -  ResidentSetSize of job (KB)
...
006 (183117.000.000) 2024-08-17 08:58:50 Image size of job updated: 19574
	19574  -  MemoryUsage of job (MB)
	20044004  -  ResidentSetSize of job (KB)
...
006 (183117.000.000) 2024-08-17 09:03:50 Image size of job updated: 19576
	19576  -  MemoryUsage of job (MB)
	20045844  -  ResidentSetSize of job (KB)
...
006 (183117.000.000) 2024-08-17 09:06:20 Image size of job updated: 19582
	19582  -  MemoryUsage of job (MB)
	20052440  -  ResidentSetSize of job (KB)
...
004 (183117.000.000) 2024-08-17 09:06:20 Job was evicted.
	(0) CPU times
		Usr 0 00:41:01, Sys 0 00:15:46  -  Run Remote Usage
		Usr 0 00:00:00, Sys 0 00:00:00  -  Run Local Usage
	0  -  Run Bytes Sent By Job
	16252266  -  Run Bytes Received By Job
	Partitionable Resources :    Usage  Request Allocated Assigned
	   Cpus                 :     0.00        4         4 
	   Disk (KB)            : 15896       17500    246844 
	   Gpus (Average)       :     1.33        4         4 "GPU-4c0e07af-34f9-c133-1852-19a006e806fc,GPU-a100ace2-2694-3aa2-55ef-ae3a446ea6bf,GPU-1e0cfc12-9972-1d70-d20d-b6b7b3347417,GPU-8b29988f-da65-72fe-d7a9-2f038be7242f"
	   GpusMemory (MB)      :  4975                       
	   Memory (MB)          : 19582       65536     65536 
...
009 (183117.000.000) 2024-08-17 09:06:20 Job was aborted.
	via condor_rm (by user ae01116)
...
