000 (183413.000.000) 2024-08-18 10:30:48 Job submitted from host: <131.227.81.127:9618?addrs=131.227.81.127-9618&alias=aisurrey-condor.surrey.ac.uk&noUDP&sock=schedd_1795_cc96>
...
040 (183413.000.000) 2024-08-18 10:30:49 Started transferring input files
	Transferring to host: <131.227.80.180:9618?addrs=131.227.80.180-9618&alias=aisurrey05.surrey.ac.uk&noUDP&sock=slot1_1_5055_7467_1580>
...
040 (183413.000.000) 2024-08-18 10:30:49 Finished transferring input files
...
001 (183413.000.000) 2024-08-18 10:30:50 Job executing on host: <131.227.80.180:9618?addrs=131.227.80.180-9618&alias=aisurrey05.surrey.ac.uk&noUDP&sock=startd_4916_8bab>
...
006 (183413.000.000) 2024-08-18 10:30:58 Image size of job updated: 17500
	334  -  MemoryUsage of job (MB)
	342088  -  ResidentSetSize of job (KB)
...
040 (183413.000.000) 2024-08-18 10:31:00 Started transferring output files
...
040 (183413.000.000) 2024-08-18 10:31:00 Finished transferring output files
...
005 (183413.000.000) 2024-08-18 10:31:02 Job terminated.
	(1) Normal termination (return value 0)
		Usr 0 00:00:04, Sys 0 00:00:03  -  Run Remote Usage
		Usr 0 00:00:00, Sys 0 00:00:00  -  Run Local Usage
		Usr 0 00:00:04, Sys 0 00:00:03  -  Total Remote Usage
		Usr 0 00:00:00, Sys 0 00:00:00  -  Total Local Usage
	0  -  Run Bytes Sent By Job
	16252421  -  Run Bytes Received By Job
	0  -  Total Bytes Sent By Job
	16252421  -  Total Bytes Received By Job
	Partitionable Resources :    Usage  Request Allocated Assigned
	   Cpus                 :     0.01        4         4 
	   Disk (KB)            : 15896       17500    246844 
	   Gpus (Average)       :     0.00        4         4 "GPU-4c0e07af-34f9-c133-1852-19a006e806fc,GPU-a100ace2-2694-3aa2-55ef-ae3a446ea6bf,GPU-1e0cfc12-9972-1d70-d20d-b6b7b3347417,GPU-8b29988f-da65-72fe-d7a9-2f038be7242f"
	   GpusMemory (MB)      :   257                       
	   Memory (MB)          :   334       65536     65536 

	Job terminated of its own accord at 2024-08-18T09:31:00Z.
...
