000 (183127.000.000) 2024-08-17 09:24:07 Job submitted from host: <131.227.81.127:9618?addrs=131.227.81.127-9618&alias=aisurrey-condor.surrey.ac.uk&noUDP&sock=schedd_1795_cc96>
...
040 (183127.000.000) 2024-08-17 09:24:07 Started transferring input files
	Transferring to host: <131.227.80.180:9618?addrs=131.227.80.180-9618&alias=aisurrey05.surrey.ac.uk&noUDP&sock=slot1_1_5055_7467_1051>
...
040 (183127.000.000) 2024-08-17 09:24:07 Finished transferring input files
...
001 (183127.000.000) 2024-08-17 09:24:08 Job executing on host: <131.227.80.180:9618?addrs=131.227.80.180-9618&alias=aisurrey05.surrey.ac.uk&noUDP&sock=startd_4916_8bab>
...
006 (183127.000.000) 2024-08-17 09:24:17 Image size of job updated: 17500
	2372  -  MemoryUsage of job (MB)
	2429928  -  ResidentSetSize of job (KB)
...
006 (183127.000.000) 2024-08-17 09:25:14 Image size of job updated: 24499
	24499  -  MemoryUsage of job (MB)
	25087968  -  ResidentSetSize of job (KB)
...
040 (183127.000.000) 2024-08-17 09:25:14 Started transferring output files
...
040 (183127.000.000) 2024-08-17 09:25:14 Finished transferring output files
...
005 (183127.000.000) 2024-08-17 09:25:14 Job terminated.
	(1) Normal termination (return value 0)
		Usr 0 00:03:57, Sys 0 00:00:38  -  Run Remote Usage
		Usr 0 00:00:00, Sys 0 00:00:00  -  Run Local Usage
		Usr 0 00:03:57, Sys 0 00:00:38  -  Total Remote Usage
		Usr 0 00:00:00, Sys 0 00:00:00  -  Total Local Usage
	0  -  Run Bytes Sent By Job
	16252266  -  Run Bytes Received By Job
	0  -  Total Bytes Sent By Job
	16252266  -  Total Bytes Received By Job
	Partitionable Resources :    Usage  Request Allocated Assigned
	   Cpus                 :     0.00        4         4 
	   Disk (KB)            : 15896       17500    246844 
	   Gpus (Average)       :     1.72        4         4 "GPU-4c0e07af-34f9-c133-1852-19a006e806fc,GPU-a100ace2-2694-3aa2-55ef-ae3a446ea6bf,GPU-1e0cfc12-9972-1d70-d20d-b6b7b3347417,GPU-8b29988f-da65-72fe-d7a9-2f038be7242f"
	   GpusMemory (MB)      :  4863                       
	   Memory (MB)          : 24499       65536     65536 

	Job terminated of its own accord at 2024-08-17T08:25:14Z.
...
