000 (183116.000.000) 2024-08-17 08:51:20 Job submitted from host: <131.227.81.127:9618?addrs=131.227.81.127-9618&alias=aisurrey-condor.surrey.ac.uk&noUDP&sock=schedd_1795_cc96>
...
040 (183116.000.000) 2024-08-17 08:51:21 Started transferring input files
	Transferring to host: <131.227.80.180:9618?addrs=131.227.80.180-9618&alias=aisurrey05.surrey.ac.uk&noUDP&sock=slot1_1_5055_7467_1035>
...
040 (183116.000.000) 2024-08-17 08:51:21 Finished transferring input files
...
001 (183116.000.000) 2024-08-17 08:51:22 Job executing on host: <131.227.80.180:9618?addrs=131.227.80.180-9618&alias=aisurrey05.surrey.ac.uk&noUDP&sock=startd_4916_8bab>
...
006 (183116.000.000) 2024-08-17 08:51:30 Image size of job updated: 17500
	642  -  MemoryUsage of job (MB)
	657688  -  ResidentSetSize of job (KB)
...
006 (183116.000.000) 2024-08-17 08:52:52 Image size of job updated: 21065
	21065  -  MemoryUsage of job (MB)
	21570820  -  ResidentSetSize of job (KB)
...
040 (183116.000.000) 2024-08-17 08:52:52 Started transferring output files
...
040 (183116.000.000) 2024-08-17 08:52:52 Finished transferring output files
...
005 (183116.000.000) 2024-08-17 08:52:53 Job terminated.
	(1) Normal termination (return value 0)
		Usr 0 00:05:16, Sys 0 00:01:12  -  Run Remote Usage
		Usr 0 00:00:00, Sys 0 00:00:00  -  Run Local Usage
		Usr 0 00:05:16, Sys 0 00:01:12  -  Total Remote Usage
		Usr 0 00:00:00, Sys 0 00:00:00  -  Total Local Usage
	0  -  Run Bytes Sent By Job
	16252266  -  Run Bytes Received By Job
	0  -  Total Bytes Sent By Job
	16252266  -  Total Bytes Received By Job
	Partitionable Resources :    Usage  Request Allocated Assigned
	   Cpus                 :     0.00        4         4 
	   Disk (KB)            : 15896       17500    246844 
	   Gpus (Average)       :     1.56        4         4 "GPU-4c0e07af-34f9-c133-1852-19a006e806fc,GPU-a100ace2-2694-3aa2-55ef-ae3a446ea6bf,GPU-1e0cfc12-9972-1d70-d20d-b6b7b3347417,GPU-8b29988f-da65-72fe-d7a9-2f038be7242f"
	   GpusMemory (MB)      :  4959                       
	   Memory (MB)          : 21065       65536     65536 

	Job terminated of its own accord at 2024-08-17T07:52:52Z.
...
