000 (183503.000.000) 2024-08-18 19:27:57 Job submitted from host: <131.227.81.127:9618?addrs=131.227.81.127-9618&alias=aisurrey-condor.surrey.ac.uk&noUDP&sock=schedd_1795_cc96>
...
040 (183503.000.000) 2024-08-18 19:28:13 Started transferring input files
	Transferring to host: <131.227.80.172:9618?addrs=131.227.80.172-9618&alias=aisurrey01.surrey.ac.uk&noUDP&sock=slot1_1_8919_fe04_29073>
...
040 (183503.000.000) 2024-08-18 19:28:13 Finished transferring input files
...
001 (183503.000.000) 2024-08-18 19:28:14 Job executing on host: <131.227.80.172:9618?addrs=131.227.80.172-9618&alias=aisurrey01.surrey.ac.uk&noUDP&sock=startd_8775_7fa4>
...
006 (183503.000.000) 2024-08-18 19:28:23 Image size of job updated: 17500
	320  -  MemoryUsage of job (MB)
	327996  -  ResidentSetSize of job (KB)
...
006 (183503.000.000) 2024-08-18 19:28:24 Image size of job updated: 17500
	344  -  MemoryUsage of job (MB)
	352376  -  ResidentSetSize of job (KB)
...
040 (183503.000.000) 2024-08-18 19:28:24 Started transferring output files
...
040 (183503.000.000) 2024-08-18 19:28:24 Finished transferring output files
...
005 (183503.000.000) 2024-08-18 19:28:24 Job terminated.
	(1) Normal termination (return value 0)
		Usr 0 00:00:04, Sys 0 00:00:03  -  Run Remote Usage
		Usr 0 00:00:00, Sys 0 00:00:00  -  Run Local Usage
		Usr 0 00:00:04, Sys 0 00:00:03  -  Total Remote Usage
		Usr 0 00:00:00, Sys 0 00:00:00  -  Total Local Usage
	0  -  Run Bytes Sent By Job
	16252421  -  Run Bytes Received By Job
	0  -  Total Bytes Sent By Job
	16252421  -  Total Bytes Received By Job
	Partitionable Resources :    Usage  Request Allocated Assigned
	   Cpus                 :        0        4         4 
	   Disk (KB)            :    15896    17500    246844 
	   Gpus (Average)       :                 4         4 "GPU-36a655d1-c604-0db2-f8ee-bf0e0ad128fb,GPU-fe446e8b-007f-e048-cd1c-41ba266978c3,GPU-5868899d-1d9a-6d46-f057-90abf099adfd,GPU-551e2112-58c0-b44d-d64c-cdc1493acd1c"
	   Memory (MB)          :      344    65536     65536 

	Job terminated of its own accord at 2024-08-18T18:28:24Z.
...
