000 (183118.000.000) 2024-08-17 08:56:34 Job submitted from host: <131.227.81.127:9618?addrs=131.227.81.127-9618&alias=aisurrey-condor.surrey.ac.uk&noUDP&sock=schedd_1795_cc96>
...
040 (183118.000.000) 2024-08-17 08:56:35 Started transferring input files
	Transferring to host: <131.227.80.186:9618?addrs=131.227.80.186-9618&alias=aisurrey08.surrey.ac.uk&noUDP&sock=slot1_1_4745_081a_26520>
...
040 (183118.000.000) 2024-08-17 08:56:35 Finished transferring input files
...
001 (183118.000.000) 2024-08-17 08:56:36 Job executing on host: <131.227.80.186:9618?addrs=131.227.80.186-9618&alias=aisurrey08.surrey.ac.uk&noUDP&sock=startd_4605_39b7>
...
006 (183118.000.000) 2024-08-17 08:56:44 Image size of job updated: 17500
	341  -  MemoryUsage of job (MB)
	349440  -  ResidentSetSize of job (KB)
...
006 (183118.000.000) 2024-08-17 08:57:44 Image size of job updated: 20625
	20625  -  MemoryUsage of job (MB)
	21120916  -  ResidentSetSize of job (KB)
...
040 (183118.000.000) 2024-08-17 08:57:44 Started transferring output files
...
040 (183118.000.000) 2024-08-17 08:57:44 Finished transferring output files
...
005 (183118.000.000) 2024-08-17 08:57:44 Job terminated.
	(1) Normal termination (return value 0)
		Usr 0 00:03:53, Sys 0 00:00:41  -  Run Remote Usage
		Usr 0 00:00:00, Sys 0 00:00:00  -  Run Local Usage
		Usr 0 00:03:53, Sys 0 00:00:41  -  Total Remote Usage
		Usr 0 00:00:00, Sys 0 00:00:00  -  Total Local Usage
	0  -  Run Bytes Sent By Job
	16252266  -  Run Bytes Received By Job
	0  -  Total Bytes Sent By Job
	16252266  -  Total Bytes Received By Job
	Partitionable Resources :    Usage  Request Allocated Assigned
	   Cpus                 :     0.00        4         4 
	   Disk (KB)            : 15896       17500    246844 
	   Gpus (Average)       :     1.52        4         4 "GPU-b10e5e98-d533-35c0-c507-da5471772c00,GPU-a4c2f5c5-c1af-6d7f-3709-14f6a7d78641,GPU-8259e7d9-f8a2-cb67-3606-e2fd1f4ad374,GPU-9f1a4d93-a8ab-1e71-1a1d-5f679ccdd67d"
	   GpusMemory (MB)      :  4877                       
	   Memory (MB)          : 20625       65536     65536 

	Job terminated of its own accord at 2024-08-17T07:57:44Z.
...
