000 (184994.000.000) 2024-08-23 16:52:33 Job submitted from host: <131.227.81.127:9618?addrs=131.227.81.127-9618&alias=aisurrey-condor.surrey.ac.uk&noUDP&sock=schedd_1795_cc96>
...
040 (184994.000.000) 2024-08-23 17:04:18 Started transferring input files
	Transferring to host: <10.4.1.32:9618?addrs=10.4.1.32-9618+[fde1-53ba-e9a0-de11-8e11-dbce-7692-b29]-9618&alias=aisurrey22.surrey.ac.uk&noUDP&sock=slot1_1_23821_cca2_4>
...
040 (184994.000.000) 2024-08-23 17:04:18 Finished transferring input files
...
001 (184994.000.000) 2024-08-23 17:04:19 Job executing on host: <10.4.1.32:9618?addrs=10.4.1.32-9618+[fde1-53ba-e9a0-de11-8e11-dbce-7692-b29]-9618&alias=aisurrey22.surrey.ac.uk&noUDP&sock=startd_23718_2758>
...
006 (184994.000.000) 2024-08-23 17:04:28 Image size of job updated: 17500
	255  -  MemoryUsage of job (MB)
	261336  -  ResidentSetSize of job (KB)
...
006 (184994.000.000) 2024-08-23 17:09:29 Image size of job updated: 36239
	36239  -  MemoryUsage of job (MB)
	37109364  -  ResidentSetSize of job (KB)
...
006 (184994.000.000) 2024-08-23 17:14:30 Image size of job updated: 36311
	36311  -  MemoryUsage of job (MB)
	37182960  -  ResidentSetSize of job (KB)
...
006 (184994.000.000) 2024-08-23 17:24:32 Image size of job updated: 36335
	36335  -  MemoryUsage of job (MB)
	37207692  -  ResidentSetSize of job (KB)
...
004 (184994.000.000) 2024-08-23 18:09:24 Job was evicted.
	(0) CPU times
		Usr 0 05:00:27, Sys 0 01:21:43  -  Run Remote Usage
		Usr 0 00:00:00, Sys 0 00:00:00  -  Run Local Usage
	0  -  Run Bytes Sent By Job
	16252523  -  Run Bytes Received By Job
	Partitionable Resources :    Usage  Request Allocated Assigned
	   Cpus                 :     0.00        4         4 
	   Disk (KB)            : 15894       17500   9306305 
	   Gpus (Average)       :     0           4         4 "CUDA0,CUDA1,CUDA2,CUDA3"
	   GpusMemory (MB)      : 21478                       
	   Memory (MB)          : 36335       65536     65536 
...
040 (184994.000.000) 2024-08-23 18:11:16 Started transferring input files
	Transferring to host: <131.227.80.158:9618?addrs=131.227.80.158-9618&alias=aisurrey13.surrey.ac.uk&noUDP&sock=slot1_6_8684_69da_56198>
...
040 (184994.000.000) 2024-08-23 18:11:17 Finished transferring input files
...
001 (184994.000.000) 2024-08-23 18:11:18 Job executing on host: <131.227.80.158:9618?addrs=131.227.80.158-9618&alias=aisurrey13.surrey.ac.uk&noUDP&sock=startd_8541_fe7b>
...
006 (184994.000.000) 2024-08-23 22:26:53 Image size of job updated: 37500
	36341  -  MemoryUsage of job (MB)
	37500000  -  ResidentSetSize of job (KB)
...
006 (184994.000.000) 2024-08-23 22:36:54 Image size of job updated: 37500
	36382  -  MemoryUsage of job (MB)
	37500000  -  ResidentSetSize of job (KB)
...
006 (184994.000.000) 2024-08-23 22:46:56 Image size of job updated: 53063
	53063  -  MemoryUsage of job (MB)
	54337072  -  ResidentSetSize of job (KB)
...
006 (184994.000.000) 2024-08-23 22:56:56 Image size of job updated: 53072
	53072  -  MemoryUsage of job (MB)
	54345728  -  ResidentSetSize of job (KB)
...
006 (184994.000.000) 2024-08-23 23:01:57 Image size of job updated: 53098
	53098  -  MemoryUsage of job (MB)
	54372584  -  ResidentSetSize of job (KB)
...
004 (184994.000.000) 2024-08-23 23:05:56 Job was evicted.
	(0) CPU times
		Usr 0 23:56:59, Sys 0 05:55:48  -  Run Remote Usage
		Usr 0 00:00:00, Sys 0 00:00:00  -  Run Local Usage
	0  -  Run Bytes Sent By Job
	16252523  -  Run Bytes Received By Job
	Partitionable Resources :    Usage  Request Allocated Assigned
	   Cpus                 :     0.00        4         4 
	   Disk (KB)            : 15896       17500    652975 
	   Gpus (Average)       :     0           4         4 "CUDA3,CUDA4,CUDA5,CUDA6"
	   GpusMemory (MB)      : 20158                       
	   Memory (MB)          : 53098       65536     65536 
...
009 (184994.000.000) 2024-08-23 23:05:56 Job was aborted.
	via condor_rm (by user ae01116)
...
