000 (184311.000.000) 2024-08-21 10:05:42 Job submitted from host: <131.227.81.127:9618?addrs=131.227.81.127-9618&alias=aisurrey-condor.surrey.ac.uk&noUDP&sock=schedd_1795_cc96>
...
040 (184311.000.000) 2024-08-21 10:05:43 Started transferring input files
	Transferring to host: <131.227.80.188:9618?addrs=131.227.80.188-9618&alias=aisurrey09.surrey.ac.uk&noUDP&sock=slot1_2_4713_7c19_28760>
...
040 (184311.000.000) 2024-08-21 10:05:43 Finished transferring input files
...
001 (184311.000.000) 2024-08-21 10:05:44 Job executing on host: <131.227.80.188:9618?addrs=131.227.80.188-9618&alias=aisurrey09.surrey.ac.uk&noUDP&sock=startd_4574_f647>
...
006 (184311.000.000) 2024-08-21 10:05:52 Image size of job updated: 17500
	699  -  MemoryUsage of job (MB)
	716412  -  ResidentSetSize of job (KB)
...
006 (184311.000.000) 2024-08-21 10:06:09 Image size of job updated: 17500
	15616  -  MemoryUsage of job (MB)
	15990928  -  ResidentSetSize of job (KB)
...
040 (184311.000.000) 2024-08-21 10:06:09 Started transferring output files
...
040 (184311.000.000) 2024-08-21 10:06:09 Finished transferring output files
...
005 (184311.000.000) 2024-08-21 10:06:09 Job terminated.
	(1) Normal termination (return value 0)
		Usr 0 00:01:13, Sys 0 00:00:20  -  Run Remote Usage
		Usr 0 00:00:00, Sys 0 00:00:00  -  Run Local Usage
		Usr 0 00:01:13, Sys 0 00:00:20  -  Total Remote Usage
		Usr 0 00:00:00, Sys 0 00:00:00  -  Total Local Usage
	0  -  Run Bytes Sent By Job
	16252523  -  Run Bytes Received By Job
	0  -  Total Bytes Sent By Job
	16252523  -  Total Bytes Received By Job
	Partitionable Resources :    Usage  Request Allocated Assigned
	   Cpus                 :     0.01        4         4 
	   Disk (KB)            : 15896       17500    246844 
	   Gpus (Average)       :     0.10        4         4 "GPU-a2707a0f-8abf-8d0c-e1f5-565fd2e12ede,GPU-412dc69b-f4ff-2989-1f2a-1039af8e2d34,GPU-12c3b11e-5d99-1d28-076a-858d1dbb1aa6,GPU-fa8b2c92-70de-0a44-30fe-09367488c012"
	   GpusMemory (MB)      :  2979                       
	   Memory (MB)          : 15616       65536     65536 

	Job terminated of its own accord at 2024-08-21T09:06:09Z.
...
