000 (184301.000.000) 2024-08-21 09:48:41 Job submitted from host: <131.227.81.127:9618?addrs=131.227.81.127-9618&alias=aisurrey-condor.surrey.ac.uk&noUDP&sock=schedd_1795_cc96>
...
040 (184301.000.000) 2024-08-21 09:48:41 Started transferring input files
	Transferring to host: <131.227.80.188:9618?addrs=131.227.80.188-9618&alias=aisurrey09.surrey.ac.uk&noUDP&sock=slot1_3_4713_7c19_28753>
...
040 (184301.000.000) 2024-08-21 09:48:42 Finished transferring input files
...
001 (184301.000.000) 2024-08-21 09:48:42 Job executing on host: <131.227.80.188:9618?addrs=131.227.80.188-9618&alias=aisurrey09.surrey.ac.uk&noUDP&sock=startd_4574_f647>
...
006 (184301.000.000) 2024-08-21 09:48:51 Image size of job updated: 17500
	694  -  MemoryUsage of job (MB)
	711528  -  ResidentSetSize of job (KB)
...
006 (184301.000.000) 2024-08-21 09:49:13 Image size of job updated: 17500
	17243  -  MemoryUsage of job (MB)
	17657596  -  ResidentSetSize of job (KB)
...
040 (184301.000.000) 2024-08-21 09:49:14 Started transferring output files
...
040 (184301.000.000) 2024-08-21 09:49:14 Finished transferring output files
...
005 (184301.000.000) 2024-08-21 09:49:15 Job terminated.
	(1) Normal termination (return value 0)
		Usr 0 00:01:13, Sys 0 00:00:24  -  Run Remote Usage
		Usr 0 00:00:00, Sys 0 00:00:00  -  Run Local Usage
		Usr 0 00:01:13, Sys 0 00:00:24  -  Total Remote Usage
		Usr 0 00:00:00, Sys 0 00:00:00  -  Total Local Usage
	0  -  Run Bytes Sent By Job
	16252523  -  Run Bytes Received By Job
	0  -  Total Bytes Sent By Job
	16252523  -  Total Bytes Received By Job
	Partitionable Resources :    Usage  Request Allocated Assigned
	   Cpus                 :     0.01        4         4 
	   Disk (KB)            : 15896       17500    246844 
	   Gpus (Average)       :     0.09        4         4 "GPU-412dc69b-f4ff-2989-1f2a-1039af8e2d34,GPU-12c3b11e-5d99-1d28-076a-858d1dbb1aa6,GPU-fa8b2c92-70de-0a44-30fe-09367488c012,GPU-ecabb446-bff5-bdb1-7089-543e59b94155"
	   GpusMemory (MB)      :  2979                       
	   Memory (MB)          : 17243       65536     65536 

	Job terminated of its own accord at 2024-08-21T08:49:13Z.
...
