000 (184316.000.000) 2024-08-21 10:19:38 Job submitted from host: <131.227.81.127:9618?addrs=131.227.81.127-9618&alias=aisurrey-condor.surrey.ac.uk&noUDP&sock=schedd_1795_cc96>
...
040 (184316.000.000) 2024-08-21 10:19:40 Started transferring input files
	Transferring to host: <131.227.80.128:9618?addrs=131.227.80.128-9618&alias=aisurrey16.surrey.ac.uk&noUDP&sock=slot1_2_5054_c007_901>
...
040 (184316.000.000) 2024-08-21 10:19:40 Finished transferring input files
...
001 (184316.000.000) 2024-08-21 10:19:41 Job executing on host: <131.227.80.128:9618?addrs=131.227.80.128-9618&alias=aisurrey16.surrey.ac.uk&noUDP&sock=startd_4915_dc12>
...
006 (184316.000.000) 2024-08-21 10:19:50 Image size of job updated: 17500
	2141  -  MemoryUsage of job (MB)
	2193152  -  ResidentSetSize of job (KB)
...
006 (184316.000.000) 2024-08-21 10:20:27 Image size of job updated: 24725
	24725  -  MemoryUsage of job (MB)
	25318460  -  ResidentSetSize of job (KB)
...
040 (184316.000.000) 2024-08-21 10:20:27 Started transferring output files
...
040 (184316.000.000) 2024-08-21 10:20:27 Finished transferring output files
...
005 (184316.000.000) 2024-08-21 10:20:27 Job terminated.
	(1) Normal termination (return value 0)
		Usr 0 00:02:22, Sys 0 00:00:43  -  Run Remote Usage
		Usr 0 00:00:00, Sys 0 00:00:00  -  Run Local Usage
		Usr 0 00:02:22, Sys 0 00:00:43  -  Total Remote Usage
		Usr 0 00:00:00, Sys 0 00:00:00  -  Total Local Usage
	0  -  Run Bytes Sent By Job
	16252523  -  Run Bytes Received By Job
	0  -  Total Bytes Sent By Job
	16252523  -  Total Bytes Received By Job
	Partitionable Resources :    Usage  Request Allocated Assigned
	   Cpus                 :     0.00        4         4 
	   Disk (KB)            : 15895       17500    652975 
	   Gpus (Average)       :     0.07        4         4 "CUDA0,CUDA5,CUDA6,CUDA7"
	   GpusMemory (MB)      :  3314                       
	   Memory (MB)          : 24725       65536     65536 

	Job terminated of its own accord at 2024-08-21T09:20:27Z.
...
