000 (184317.000.000) 2024-08-21 10:20:56 Job submitted from host: <131.227.81.127:9618?addrs=131.227.81.127-9618&alias=aisurrey-condor.surrey.ac.uk&noUDP&sock=schedd_1795_cc96>
...
040 (184317.000.000) 2024-08-21 10:21:00 Started transferring input files
	Transferring to host: <131.227.80.128:9618?addrs=131.227.80.128-9618&alias=aisurrey16.surrey.ac.uk&noUDP&sock=slot1_2_5054_c007_902>
...
040 (184317.000.000) 2024-08-21 10:21:00 Finished transferring input files
...
001 (184317.000.000) 2024-08-21 10:21:01 Job executing on host: <131.227.80.128:9618?addrs=131.227.80.128-9618&alias=aisurrey16.surrey.ac.uk&noUDP&sock=startd_4915_dc12>
...
006 (184317.000.000) 2024-08-21 10:21:10 Image size of job updated: 17500
	2365  -  MemoryUsage of job (MB)
	2422452  -  ResidentSetSize of job (KB)
...
006 (184317.000.000) 2024-08-21 10:26:11 Image size of job updated: 22329
	22329  -  MemoryUsage of job (MB)
	22865188  -  ResidentSetSize of job (KB)
...
004 (184317.000.000) 2024-08-21 10:30:05 Job was evicted.
	(0) CPU times
		Usr 0 00:15:55, Sys 0 00:06:11  -  Run Remote Usage
		Usr 0 00:00:00, Sys 0 00:00:00  -  Run Local Usage
	0  -  Run Bytes Sent By Job
	16252523  -  Run Bytes Received By Job
	Partitionable Resources :    Usage  Request Allocated Assigned
	   Cpus                 :     0           4         4 
	   Disk (KB)            : 15895       17500    652975 
	   Gpus (Average)       :     1.47        4         4 "CUDA0,CUDA5,CUDA6,CUDA7"
	   GpusMemory (MB)      : 20708                       
	   Memory (MB)          : 22329       65536     65536 
...
040 (184317.000.000) 2024-08-21 11:42:43 Started transferring input files
	Transferring to host: <131.227.80.127:9618?addrs=131.227.80.127-9618&alias=aisurrey15.surrey.ac.uk&noUDP&sock=slot1_1_5002_1c84_1111>
...
040 (184317.000.000) 2024-08-21 11:42:43 Finished transferring input files
...
001 (184317.000.000) 2024-08-21 11:42:44 Job executing on host: <131.227.80.127:9618?addrs=131.227.80.127-9618&alias=aisurrey15.surrey.ac.uk&noUDP&sock=startd_4867_ef87>
...
004 (184317.000.000) 2024-08-21 11:43:35 Job was evicted.
	(0) CPU times
		Usr 0 00:00:01, Sys 0 00:00:00  -  Run Remote Usage
		Usr 0 00:00:00, Sys 0 00:00:00  -  Run Local Usage
	0  -  Run Bytes Sent By Job
	16252523  -  Run Bytes Received By Job
	Partitionable Resources :    Usage  Request Allocated Assigned
	   Cpus                 :     0.05        4         4 
	   Disk (KB)            : 15896       17500    652975 
	   Gpus (Average)       :     0.17        4         4 "CUDA0,CUDA1,CUDA2,CUDA4"
	   GpusMemory (MB)      :  4750                       
	   Memory (MB)          : 22329       65536     65536 
...
009 (184317.000.000) 2024-08-21 17:13:16 Job was aborted.
	via condor_rm (by user ae01116)
...
