000 (184643.000.000) 2024-08-22 10:32:36 Job submitted from host: <131.227.81.127:9618?addrs=131.227.81.127-9618&alias=aisurrey-condor.surrey.ac.uk&noUDP&sock=schedd_1795_cc96>
...
040 (184643.000.000) 2024-08-22 13:51:43 Started transferring input files
	Transferring to host: <131.227.80.128:9618?addrs=131.227.80.128-9618&alias=aisurrey16.surrey.ac.uk&noUDP&sock=slot1_1_5054_c007_1468>
...
040 (184643.000.000) 2024-08-22 13:51:43 Finished transferring input files
...
001 (184643.000.000) 2024-08-22 13:51:44 Job executing on host: <131.227.80.128:9618?addrs=131.227.80.128-9618&alias=aisurrey16.surrey.ac.uk&noUDP&sock=startd_4915_dc12>
...
006 (184643.000.000) 2024-08-22 13:51:53 Image size of job updated: 17500
	2142  -  MemoryUsage of job (MB)
	2194300  -  ResidentSetSize of job (KB)
...
006 (184643.000.000) 2024-08-22 13:52:30 Image size of job updated: 24777
	24777  -  MemoryUsage of job (MB)
	25372640  -  ResidentSetSize of job (KB)
...
040 (184643.000.000) 2024-08-22 13:52:30 Started transferring output files
...
040 (184643.000.000) 2024-08-22 13:52:30 Finished transferring output files
...
005 (184643.000.000) 2024-08-22 13:52:30 Job terminated.
	(1) Normal termination (return value 0)
		Usr 0 00:02:21, Sys 0 00:00:45  -  Run Remote Usage
		Usr 0 00:00:00, Sys 0 00:00:00  -  Run Local Usage
		Usr 0 00:02:21, Sys 0 00:00:45  -  Total Remote Usage
		Usr 0 00:00:00, Sys 0 00:00:00  -  Total Local Usage
	0  -  Run Bytes Sent By Job
	16252523  -  Run Bytes Received By Job
	0  -  Total Bytes Sent By Job
	16252523  -  Total Bytes Received By Job
	Partitionable Resources :    Usage  Request Allocated Assigned
	   Cpus                 :     0.00        4         4 
	   Disk (KB)            : 15895       17500    652975 
	   Gpus (Average)       :     0.28        4         4 "CUDA1,CUDA2,CUDA3,CUDA4"
	   GpusMemory (MB)      : 17210                       
	   Memory (MB)          : 24777       65536     65536 

	Job terminated of its own accord at 2024-08-22T12:52:30Z.
...
