000 (184774.000.000) 2024-08-22 16:40:48 Job submitted from host: <131.227.81.127:9618?addrs=131.227.81.127-9618&alias=aisurrey-condor.surrey.ac.uk&noUDP&sock=schedd_1795_cc96>
...
040 (184774.000.000) 2024-08-22 17:41:55 Started transferring input files
	Transferring to host: <131.227.80.126:9618?addrs=131.227.80.126-9618&alias=aisurrey14.surrey.ac.uk&noUDP&sock=slot1_1_4748_253a_29132>
...
040 (184774.000.000) 2024-08-22 17:41:55 Finished transferring input files
...
001 (184774.000.000) 2024-08-22 17:41:56 Job executing on host: <131.227.80.126:9618?addrs=131.227.80.126-9618&alias=aisurrey14.surrey.ac.uk&noUDP&sock=startd_4608_487f>
...
006 (184774.000.000) 2024-08-22 17:42:04 Image size of job updated: 17500
	617  -  MemoryUsage of job (MB)
	631904  -  ResidentSetSize of job (KB)
...
006 (184774.000.000) 2024-08-22 17:47:05 Image size of job updated: 22388
	22388  -  MemoryUsage of job (MB)
	22926084  -  ResidentSetSize of job (KB)
...
006 (184774.000.000) 2024-08-22 18:07:08 Image size of job updated: 22410
	22410  -  MemoryUsage of job (MB)
	22948560  -  ResidentSetSize of job (KB)
...
006 (184774.000.000) 2024-08-22 18:17:10 Image size of job updated: 22435
	22435  -  MemoryUsage of job (MB)
	22973460  -  ResidentSetSize of job (KB)
...
006 (184774.000.000) 2024-08-22 18:32:12 Image size of job updated: 22464
	22464  -  MemoryUsage of job (MB)
	23003348  -  ResidentSetSize of job (KB)
...
006 (184774.000.000) 2024-08-22 18:42:12 Image size of job updated: 22496
	22496  -  MemoryUsage of job (MB)
	23036344  -  ResidentSetSize of job (KB)
...
006 (184774.000.000) 2024-08-22 18:47:12 Image size of job updated: 22518
	22518  -  MemoryUsage of job (MB)
	23059216  -  ResidentSetSize of job (KB)
...
006 (184774.000.000) 2024-08-22 18:57:14 Image size of job updated: 22540
	22540  -  MemoryUsage of job (MB)
	23081388  -  ResidentSetSize of job (KB)
...
006 (184774.000.000) 2024-08-22 19:02:15 Image size of job updated: 22544
	22544  -  MemoryUsage of job (MB)
	23085832  -  ResidentSetSize of job (KB)
...
006 (184774.000.000) 2024-08-22 19:22:16 Image size of job updated: 22601
	22601  -  MemoryUsage of job (MB)
	23144132  -  ResidentSetSize of job (KB)
...
006 (184774.000.000) 2024-08-22 19:32:16 Image size of job updated: 22652
	22652  -  MemoryUsage of job (MB)
	23196576  -  ResidentSetSize of job (KB)
...
006 (184774.000.000) 2024-08-23 00:27:48 Image size of job updated: 25569
	25569  -  MemoryUsage of job (MB)
	26182960  -  ResidentSetSize of job (KB)
...
006 (184774.000.000) 2024-08-23 00:32:49 Image size of job updated: 25584
	25584  -  MemoryUsage of job (MB)
	26198896  -  ResidentSetSize of job (KB)
...
006 (184774.000.000) 2024-08-23 00:42:49 Image size of job updated: 25885
	25885  -  MemoryUsage of job (MB)
	26506904  -  ResidentSetSize of job (KB)
...
006 (184774.000.000) 2024-08-23 01:07:50 Image size of job updated: 26286
	26286  -  MemoryUsage of job (MB)
	26917848  -  ResidentSetSize of job (KB)
...
040 (184774.000.000) 2024-08-23 01:12:48 Started transferring output files
...
040 (184774.000.000) 2024-08-23 01:12:48 Finished transferring output files
...
005 (184774.000.000) 2024-08-23 01:12:49 Job terminated.
	(1) Normal termination (return value 0)
		Usr 1 00:50:34, Sys 0 08:01:24  -  Run Remote Usage
		Usr 0 00:00:00, Sys 0 00:00:00  -  Run Local Usage
		Usr 1 00:50:34, Sys 0 08:01:24  -  Total Remote Usage
		Usr 0 00:00:00, Sys 0 00:00:00  -  Total Local Usage
	0  -  Run Bytes Sent By Job
	16252523  -  Run Bytes Received By Job
	0  -  Total Bytes Sent By Job
	16252523  -  Total Bytes Received By Job
	Partitionable Resources :    Usage  Request Allocated Assigned
	   Cpus                 :     0.00        4         4 
	   Disk (KB)            : 15895       17500    652975 
	   Gpus (Average)       :     1.63        4         4 "CUDA0,CUDA2,CUDA3,CUDA5"
	   GpusMemory (MB)      : 20742                       
	   Memory (MB)          : 26286       65536     65536 

	Job terminated of its own accord at 2024-08-23T00:12:48Z.
...
