000 (184701.000.000) 2024-08-22 13:59:20 Job submitted from host: <131.227.81.127:9618?addrs=131.227.81.127-9618&alias=aisurrey-condor.surrey.ac.uk&noUDP&sock=schedd_1795_cc96>
...
040 (184701.000.000) 2024-08-22 14:54:51 Started transferring input files
	Transferring to host: <131.227.80.127:9618?addrs=131.227.80.127-9618&alias=aisurrey15.surrey.ac.uk&noUDP&sock=slot1_2_5002_1c84_1698>
...
040 (184701.000.000) 2024-08-22 14:54:52 Finished transferring input files
...
001 (184701.000.000) 2024-08-22 14:54:53 Job executing on host: <131.227.80.127:9618?addrs=131.227.80.127-9618&alias=aisurrey15.surrey.ac.uk&noUDP&sock=startd_4867_ef87>
...
006 (184701.000.000) 2024-08-22 14:55:01 Image size of job updated: 17500
	564  -  MemoryUsage of job (MB)
	577580  -  ResidentSetSize of job (KB)
...
006 (184701.000.000) 2024-08-22 14:55:28 Image size of job updated: 20681
	20681  -  MemoryUsage of job (MB)
	21177528  -  ResidentSetSize of job (KB)
...
040 (184701.000.000) 2024-08-22 14:55:28 Started transferring output files
...
040 (184701.000.000) 2024-08-22 14:55:28 Finished transferring output files
...
005 (184701.000.000) 2024-08-22 14:55:28 Job terminated.
	(1) Normal termination (return value 0)
		Usr 0 00:01:37, Sys 0 00:00:31  -  Run Remote Usage
		Usr 0 00:00:00, Sys 0 00:00:00  -  Run Local Usage
		Usr 0 00:01:37, Sys 0 00:00:31  -  Total Remote Usage
		Usr 0 00:00:00, Sys 0 00:00:00  -  Total Local Usage
	0  -  Run Bytes Sent By Job
	16252523  -  Run Bytes Received By Job
	0  -  Total Bytes Sent By Job
	16252523  -  Total Bytes Received By Job
	Partitionable Resources :    Usage  Request Allocated Assigned
	   Cpus                 :     0.00        4         4 
	   Disk (KB)            : 15895       17500    652975 
	   Gpus (Average)       :     0.09        4         4 "CUDA4,CUDA5,CUDA6,CUDA7"
	   GpusMemory (MB)      :  3318                       
	   Memory (MB)          : 20681       65536     65536 

	Job terminated of its own accord at 2024-08-22T13:55:28Z.
...
