000 (185529.000.000) 2024-08-26 08:28:54 Job submitted from host: <131.227.81.127:9618?addrs=131.227.81.127-9618&alias=aisurrey-condor.surrey.ac.uk&noUDP&sock=schedd_1795_cc96>
...
040 (185529.000.000) 2024-08-26 08:37:02 Started transferring input files
	Transferring to host: <131.227.80.127:9618?addrs=131.227.80.127-9618&alias=aisurrey15.surrey.ac.uk&noUDP&sock=slot1_2_5002_1c84_3749>
...
040 (185529.000.000) 2024-08-26 08:37:02 Finished transferring input files
...
001 (185529.000.000) 2024-08-26 08:37:03 Job executing on host: <131.227.80.127:9618?addrs=131.227.80.127-9618&alias=aisurrey15.surrey.ac.uk&noUDP&sock=startd_4867_ef87>
...
006 (185529.000.000) 2024-08-26 08:37:12 Image size of job updated: 17500
	2379  -  MemoryUsage of job (MB)
	2436612  -  ResidentSetSize of job (KB)
...
006 (185529.000.000) 2024-08-26 08:37:43 Image size of job updated: 23793
	23793  -  MemoryUsage of job (MB)
	24364980  -  ResidentSetSize of job (KB)
...
040 (185529.000.000) 2024-08-26 08:37:43 Started transferring output files
...
040 (185529.000.000) 2024-08-26 08:37:43 Finished transferring output files
...
005 (185529.000.000) 2024-08-26 08:37:43 Job terminated.
	(1) Normal termination (return value 0)
		Usr 0 00:02:20, Sys 0 00:00:40  -  Run Remote Usage
		Usr 0 00:00:00, Sys 0 00:00:00  -  Run Local Usage
		Usr 0 00:02:20, Sys 0 00:00:40  -  Total Remote Usage
		Usr 0 00:00:00, Sys 0 00:00:00  -  Total Local Usage
	0  -  Run Bytes Sent By Job
	16252523  -  Run Bytes Received By Job
	0  -  Total Bytes Sent By Job
	16252523  -  Total Bytes Received By Job
	Partitionable Resources :    Usage  Request Allocated Assigned
	   Cpus                 :     0.00        4         4 
	   Disk (KB)            : 15896       17500    652975 
	   Gpus (Average)       :     0.15        4         4 "CUDA1,CUDA2,CUDA3,CUDA4"
	   GpusMemory (MB)      :  3636                       
	   Memory (MB)          : 23793       65536     65536 

	Job terminated of its own accord at 2024-08-26T07:37:43Z.
...
