000 (185261.000.000) 2024-08-24 15:29:42 Job submitted from host: <131.227.81.127:9618?addrs=131.227.81.127-9618&alias=aisurrey-condor.surrey.ac.uk&noUDP&sock=schedd_1795_cc96>
...
040 (185261.000.000) 2024-08-24 15:29:43 Started transferring input files
	Transferring to host: <131.227.80.188:9618?addrs=131.227.80.188-9618&alias=aisurrey09.surrey.ac.uk&noUDP&sock=slot1_2_4713_7c19_30403>
...
040 (185261.000.000) 2024-08-24 15:29:43 Finished transferring input files
...
001 (185261.000.000) 2024-08-24 15:29:44 Job executing on host: <131.227.80.188:9618?addrs=131.227.80.188-9618&alias=aisurrey09.surrey.ac.uk&noUDP&sock=startd_4574_f647>
...
006 (185261.000.000) 2024-08-24 15:29:53 Image size of job updated: 17500
	1531  -  MemoryUsage of job (MB)
	1568028  -  ResidentSetSize of job (KB)
...
006 (185261.000.000) 2024-08-24 15:30:14 Image size of job updated: 17726
	17726  -  MemoryUsage of job (MB)
	18152428  -  ResidentSetSize of job (KB)
...
040 (185261.000.000) 2024-08-24 15:30:14 Started transferring output files
...
040 (185261.000.000) 2024-08-24 15:30:14 Finished transferring output files
...
005 (185261.000.000) 2024-08-24 15:30:15 Job terminated.
	(1) Normal termination (return value 0)
		Usr 0 00:00:03, Sys 0 00:00:02  -  Run Remote Usage
		Usr 0 00:00:00, Sys 0 00:00:00  -  Run Local Usage
		Usr 0 00:00:03, Sys 0 00:00:02  -  Total Remote Usage
		Usr 0 00:00:00, Sys 0 00:00:00  -  Total Local Usage
	0  -  Run Bytes Sent By Job
	16252523  -  Run Bytes Received By Job
	0  -  Total Bytes Sent By Job
	16252523  -  Total Bytes Received By Job
	Partitionable Resources :    Usage  Request Allocated Assigned
	   Cpus                 :     0.01        4         4 
	   Disk (KB)            : 15897       17500    246844 
	   Gpus (Average)       :     0.08        4         4 "GPU-a2707a0f-8abf-8d0c-e1f5-565fd2e12ede,GPU-412dc69b-f4ff-2989-1f2a-1039af8e2d34,GPU-12c3b11e-5d99-1d28-076a-858d1dbb1aa6,GPU-6cb284b0-ce9a-ebc1-d419-cace684e6837"
	   GpusMemory (MB)      :  3275                       
	   Memory (MB)          : 17726       65536     65536 

	Job terminated of its own accord at 2024-08-24T14:30:14Z.
...
