000 (185246.000.000) 2024-08-24 15:09:27 Job submitted from host: <131.227.81.127:9618?addrs=131.227.81.127-9618&alias=aisurrey-condor.surrey.ac.uk&noUDP&sock=schedd_1795_cc96>
...
040 (185246.000.000) 2024-08-24 15:09:43 Started transferring input files
	Transferring to host: <131.227.80.174:9618?addrs=131.227.80.174-9618&alias=aisurrey02.surrey.ac.uk&noUDP&sock=slot1_1_9029_7f48_30828>
...
040 (185246.000.000) 2024-08-24 15:09:43 Finished transferring input files
...
001 (185246.000.000) 2024-08-24 15:09:44 Job executing on host: <131.227.80.174:9618?addrs=131.227.80.174-9618&alias=aisurrey02.surrey.ac.uk&noUDP&sock=startd_8776_2f3c>
...
006 (185246.000.000) 2024-08-24 15:09:53 Image size of job updated: 17500
	327  -  MemoryUsage of job (MB)
	335280  -  ResidentSetSize of job (KB)
...
006 (185246.000.000) 2024-08-24 15:10:02 Image size of job updated: 17500
	2139  -  MemoryUsage of job (MB)
	2190656  -  ResidentSetSize of job (KB)
...
040 (185246.000.000) 2024-08-24 15:10:02 Started transferring output files
...
040 (185246.000.000) 2024-08-24 15:10:02 Finished transferring output files
...
005 (185246.000.000) 2024-08-24 15:10:04 Job terminated.
	(1) Normal termination (return value 0)
		Usr 0 00:00:23, Sys 0 00:00:07  -  Run Remote Usage
		Usr 0 00:00:00, Sys 0 00:00:00  -  Run Local Usage
		Usr 0 00:00:23, Sys 0 00:00:07  -  Total Remote Usage
		Usr 0 00:00:00, Sys 0 00:00:00  -  Total Local Usage
	0  -  Run Bytes Sent By Job
	16252523  -  Run Bytes Received By Job
	0  -  Total Bytes Sent By Job
	16252523  -  Total Bytes Received By Job
	Partitionable Resources :    Usage  Request Allocated Assigned
	   Cpus                 :     0.02        4         4 
	   Disk (KB)            : 15896       17500    246844 
	   Gpus (Average)       :     0           4         4 "GPU-d1f548cd-f042-2574-f668-c031c7999519,GPU-64610121-158a-61b7-9590-6d8bf8c1803a,GPU-e05a0b02-df58-eb49-48df-ff7a193916eb,GPU-5f00503a-683e-5594-7d0c-169b3e8f2c01"
	   GpusMemory (MB)      :   257                       
	   Memory (MB)          :  2139       65536     65536 

	Job terminated of its own accord at 2024-08-24T14:10:02Z.
...
