000 (185259.000.000) 2024-08-24 15:28:35 Job submitted from host: <131.227.81.127:9618?addrs=131.227.81.127-9618&alias=aisurrey-condor.surrey.ac.uk&noUDP&sock=schedd_1795_cc96>
...
040 (185259.000.000) 2024-08-24 15:28:35 Started transferring input files
	Transferring to host: <131.227.80.188:9618?addrs=131.227.80.188-9618&alias=aisurrey09.surrey.ac.uk&noUDP&sock=slot1_2_4713_7c19_30402>
...
040 (185259.000.000) 2024-08-24 15:28:35 Finished transferring input files
...
001 (185259.000.000) 2024-08-24 15:28:36 Job executing on host: <131.227.80.188:9618?addrs=131.227.80.188-9618&alias=aisurrey09.surrey.ac.uk&noUDP&sock=startd_4574_f647>
...
006 (185259.000.000) 2024-08-24 15:28:45 Image size of job updated: 17500
	2125  -  MemoryUsage of job (MB)
	2176872  -  ResidentSetSize of job (KB)
...
006 (185259.000.000) 2024-08-24 15:29:07 Image size of job updated: 17500
	17336  -  MemoryUsage of job (MB)
	17752672  -  ResidentSetSize of job (KB)
...
040 (185259.000.000) 2024-08-24 15:29:07 Started transferring output files
...
040 (185259.000.000) 2024-08-24 15:29:07 Finished transferring output files
...
005 (185259.000.000) 2024-08-24 15:29:07 Job terminated.
	(1) Normal termination (return value 0)
		Usr 0 00:01:13, Sys 0 00:00:25  -  Run Remote Usage
		Usr 0 00:00:00, Sys 0 00:00:00  -  Run Local Usage
		Usr 0 00:01:13, Sys 0 00:00:25  -  Total Remote Usage
		Usr 0 00:00:00, Sys 0 00:00:00  -  Total Local Usage
	0  -  Run Bytes Sent By Job
	16252523  -  Run Bytes Received By Job
	0  -  Total Bytes Sent By Job
	16252523  -  Total Bytes Received By Job
	Partitionable Resources :    Usage  Request Allocated Assigned
	   Cpus                 :     0.01        4         4 
	   Disk (KB)            : 15897       17500    246844 
	   Gpus (Average)       :     0.08        4         4 "GPU-a2707a0f-8abf-8d0c-e1f5-565fd2e12ede,GPU-412dc69b-f4ff-2989-1f2a-1039af8e2d34,GPU-12c3b11e-5d99-1d28-076a-858d1dbb1aa6,GPU-6cb284b0-ce9a-ebc1-d419-cace684e6837"
	   GpusMemory (MB)      :  3275                       
	   Memory (MB)          : 17336       65536     65536 

	Job terminated of its own accord at 2024-08-24T14:29:07Z.
...
