000 (185095.000.000) 2024-08-23 23:57:50 Job submitted from host: <131.227.81.127:9618?addrs=131.227.81.127-9618&alias=aisurrey-condor.surrey.ac.uk&noUDP&sock=schedd_1795_cc96>
...
040 (185095.000.000) 2024-08-23 23:57:51 Started transferring input files
	Transferring to host: <131.227.80.158:9618?addrs=131.227.80.158-9618&alias=aisurrey13.surrey.ac.uk&noUDP&sock=slot1_3_8684_69da_56314>
...
040 (185095.000.000) 2024-08-23 23:57:51 Finished transferring input files
...
001 (185095.000.000) 2024-08-23 23:57:52 Job executing on host: <131.227.80.158:9618?addrs=131.227.80.158-9618&alias=aisurrey13.surrey.ac.uk&noUDP&sock=startd_8541_fe7b>
...
006 (185095.000.000) 2024-08-23 23:58:01 Image size of job updated: 17500
	607  -  MemoryUsage of job (MB)
	622404  -  ResidentSetSize of job (KB)
...
006 (185095.000.000) 2024-08-24 00:03:01 Image size of job updated: 35813
	35813  -  MemoryUsage of job (MB)
	36673144  -  ResidentSetSize of job (KB)
...
006 (185095.000.000) 2024-08-24 00:18:02 Image size of job updated: 35874
	35874  -  MemoryUsage of job (MB)
	36735112  -  ResidentSetSize of job (KB)
...
006 (185095.000.000) 2024-08-24 00:28:04 Image size of job updated: 35890
	35890  -  MemoryUsage of job (MB)
	36751388  -  ResidentSetSize of job (KB)
...
006 (185095.000.000) 2024-08-24 04:13:34 Image size of job updated: 52468
	52468  -  MemoryUsage of job (MB)
	53728108  -  ResidentSetSize of job (KB)
...
006 (185095.000.000) 2024-08-24 04:18:35 Image size of job updated: 52645
	52645  -  MemoryUsage of job (MB)
	53908952  -  ResidentSetSize of job (KB)
...
006 (185095.000.000) 2024-08-24 04:23:35 Image size of job updated: 52743
	52743  -  MemoryUsage of job (MB)
	54008836  -  ResidentSetSize of job (KB)
...
040 (185095.000.000) 2024-08-24 04:34:20 Started transferring output files
...
040 (185095.000.000) 2024-08-24 04:34:20 Finished transferring output files
...
005 (185095.000.000) 2024-08-24 04:34:20 Job terminated.
	(1) Normal termination (return value 0)
		Usr 0 22:12:41, Sys 0 06:03:17  -  Run Remote Usage
		Usr 0 00:00:00, Sys 0 00:00:00  -  Run Local Usage
		Usr 0 22:12:41, Sys 0 06:03:17  -  Total Remote Usage
		Usr 0 00:00:00, Sys 0 00:00:00  -  Total Local Usage
	0  -  Run Bytes Sent By Job
	16252523  -  Run Bytes Received By Job
	0  -  Total Bytes Sent By Job
	16252523  -  Total Bytes Received By Job
	Partitionable Resources :    Usage  Request Allocated Assigned
	   Cpus                 :     0.00        4         4 
	   Disk (KB)            : 15895       17500    652975 
	   Gpus (Average)       :     2.53        4         4 "CUDA3,CUDA4,CUDA5,CUDA6"
	   GpusMemory (MB)      : 20222                       
	   Memory (MB)          : 52743       65536     65536 

	Job terminated of its own accord at 2024-08-24T03:34:19Z.
...
