000 (185256.000.000) 2024-08-24 15:23:06 Job submitted from host: <131.227.81.127:9618?addrs=131.227.81.127-9618&alias=aisurrey-condor.surrey.ac.uk&noUDP&sock=schedd_1795_cc96>
...
040 (185256.000.000) 2024-08-24 15:23:07 Started transferring input files
	Transferring to host: <131.227.80.126:9618?addrs=131.227.80.126-9618&alias=aisurrey14.surrey.ac.uk&noUDP&sock=slot1_2_4748_253a_30090>
...
040 (185256.000.000) 2024-08-24 15:23:07 Finished transferring input files
...
001 (185256.000.000) 2024-08-24 15:23:08 Job executing on host: <131.227.80.126:9618?addrs=131.227.80.126-9618&alias=aisurrey14.surrey.ac.uk&noUDP&sock=startd_4608_487f>
...
006 (185256.000.000) 2024-08-24 15:23:17 Image size of job updated: 17500
	2141  -  MemoryUsage of job (MB)
	2193068  -  ResidentSetSize of job (KB)
...
006 (185256.000.000) 2024-08-24 15:28:18 Image size of job updated: 35896
	35896  -  MemoryUsage of job (MB)
	36757624  -  ResidentSetSize of job (KB)
...
004 (185256.000.000) 2024-08-24 15:37:48 Job was evicted.
	(0) CPU times
		Usr 0 00:47:27, Sys 0 00:14:37  -  Run Remote Usage
		Usr 0 00:00:00, Sys 0 00:00:00  -  Run Local Usage
	0  -  Run Bytes Sent By Job
	16252523  -  Run Bytes Received By Job
	Partitionable Resources :    Usage  Request Allocated Assigned
	   Cpus                 :     0.00        4         4 
	   Disk (KB)            : 15895       17500    652975 
	   Gpus (Average)       :     2.32        4         4 "CUDA1,CUDA4,CUDA6,CUDA7"
	   GpusMemory (MB)      : 19798                       
	   Memory (MB)          : 35896       65536     65536 
...
009 (185256.000.000) 2024-08-24 15:37:48 Job was aborted.
	via condor_rm (by user ae01116)
...
