000 (185255.000.000) 2024-08-24 15:21:31 Job submitted from host: <131.227.81.127:9618?addrs=131.227.81.127-9618&alias=aisurrey-condor.surrey.ac.uk&noUDP&sock=schedd_1795_cc96>
...
040 (185255.000.000) 2024-08-24 15:21:32 Started transferring input files
	Transferring to host: <131.227.80.174:9618?addrs=131.227.80.174-9618&alias=aisurrey02.surrey.ac.uk&noUDP&sock=slot1_1_9029_7f48_30837>
...
040 (185255.000.000) 2024-08-24 15:21:32 Finished transferring input files
...
001 (185255.000.000) 2024-08-24 15:21:33 Job executing on host: <131.227.80.174:9618?addrs=131.227.80.174-9618&alias=aisurrey02.surrey.ac.uk&noUDP&sock=startd_8776_2f3c>
...
006 (185255.000.000) 2024-08-24 15:21:42 Image size of job updated: 17500
	2140  -  MemoryUsage of job (MB)
	2191684  -  ResidentSetSize of job (KB)
...
006 (185255.000.000) 2024-08-24 15:26:42 Image size of job updated: 19489
	19489  -  MemoryUsage of job (MB)
	19957712  -  ResidentSetSize of job (KB)
...
006 (185255.000.000) 2024-08-24 15:31:42 Image size of job updated: 19497
	19497  -  MemoryUsage of job (MB)
	19965096  -  ResidentSetSize of job (KB)
...
004 (185255.000.000) 2024-08-24 15:32:51 Job was evicted.
	(0) CPU times
		Usr 0 00:38:58, Sys 0 00:12:20  -  Run Remote Usage
		Usr 0 00:00:00, Sys 0 00:00:00  -  Run Local Usage
	0  -  Run Bytes Sent By Job
	16252523  -  Run Bytes Received By Job
	Partitionable Resources :    Usage  Request Allocated Assigned
	   Cpus                 :     0.00        4         4 
	   Disk (KB)            : 15895       17500    246844 
	   Gpus (Average)       :     1.27        4         4 "GPU-d1f548cd-f042-2574-f668-c031c7999519,GPU-64610121-158a-61b7-9590-6d8bf8c1803a,GPU-e05a0b02-df58-eb49-48df-ff7a193916eb,GPU-5f00503a-683e-5594-7d0c-169b3e8f2c01"
	   GpusMemory (MB)      :  4887                       
	   Memory (MB)          : 19497       65536     65536 
...
009 (185255.000.000) 2024-08-24 15:32:51 Job was aborted.
	via condor_rm (by user ae01116)
...
