000 (185088.000.000) 2024-08-23 23:16:12 Job submitted from host: <131.227.81.127:9618?addrs=131.227.81.127-9618&alias=aisurrey-condor.surrey.ac.uk&noUDP&sock=schedd_1795_cc96>
...
040 (185088.000.000) 2024-08-23 23:16:31 Started transferring input files
	Transferring to host: <131.227.80.172:9618?addrs=131.227.80.172-9618&alias=aisurrey01.surrey.ac.uk&noUDP&sock=slot1_2_8919_fe04_34099>
...
040 (185088.000.000) 2024-08-23 23:16:32 Finished transferring input files
...
001 (185088.000.000) 2024-08-23 23:16:33 Job executing on host: <131.227.80.172:9618?addrs=131.227.80.172-9618&alias=aisurrey01.surrey.ac.uk&noUDP&sock=startd_8775_7fa4>
...
006 (185088.000.000) 2024-08-23 23:16:41 Image size of job updated: 17500
	3  -  MemoryUsage of job (MB)
	3632  -  ResidentSetSize of job (KB)
...
006 (185088.000.000) 2024-08-23 23:21:42 Image size of job updated: 19712
	19712  -  MemoryUsage of job (MB)
	20185092  -  ResidentSetSize of job (KB)
...
006 (185088.000.000) 2024-08-23 23:26:42 Image size of job updated: 19720
	19720  -  MemoryUsage of job (MB)
	20194156  -  ResidentSetSize of job (KB)
...
006 (185088.000.000) 2024-08-23 23:28:39 Image size of job updated: 19721
	19721  -  MemoryUsage of job (MB)
	20195064  -  ResidentSetSize of job (KB)
...
004 (185088.000.000) 2024-08-23 23:28:39 Job was evicted.
	(0) CPU times
		Usr 0 00:34:29, Sys 0 00:07:55  -  Run Remote Usage
		Usr 0 00:00:00, Sys 0 00:00:00  -  Run Local Usage
	0  -  Run Bytes Sent By Job
	16252523  -  Run Bytes Received By Job
	Partitionable Resources :    Usage  Request Allocated Assigned
	   Cpus                 :     0           4         4 
	   Disk (KB)            : 15896       17500    246844 
	   Gpus (Average)       :     1.29        4         4 "GPU-5868899d-1d9a-6d46-f057-90abf099adfd,GPU-551e2112-58c0-b44d-d64c-cdc1493acd1c,GPU-0783041b-8bda-1df4-bc06-c65a4899c992,GPU-6090b2fc-bbf1-e593-a137-2a016494001e"
	   GpusMemory (MB)      :  4989                       
	   Memory (MB)          : 19721       65536     65536 
...
009 (185088.000.000) 2024-08-23 23:28:40 Job was aborted.
	via condor_rm (by user ae01116)
...
