000 (185266.000.000) 2024-08-24 15:36:50 Job submitted from host: <131.227.81.127:9618?addrs=131.227.81.127-9618&alias=aisurrey-condor.surrey.ac.uk&noUDP&sock=schedd_1795_cc96>
...
040 (185266.000.000) 2024-08-24 15:36:52 Started transferring input files
	Transferring to host: <131.227.80.128:9618?addrs=131.227.80.128-9618&alias=aisurrey16.surrey.ac.uk&noUDP&sock=slot1_1_5054_c007_2506>
...
040 (185266.000.000) 2024-08-24 15:36:52 Finished transferring input files
...
001 (185266.000.000) 2024-08-24 15:36:53 Job executing on host: <131.227.80.128:9618?addrs=131.227.80.128-9618&alias=aisurrey16.surrey.ac.uk&noUDP&sock=startd_4915_dc12>
...
006 (185266.000.000) 2024-08-24 15:37:02 Image size of job updated: 17500
	347  -  MemoryUsage of job (MB)
	355996  -  ResidentSetSize of job (KB)
...
006 (185266.000.000) 2024-08-24 15:42:03 Image size of job updated: 35766
	35766  -  MemoryUsage of job (MB)
	36624880  -  ResidentSetSize of job (KB)
...
004 (185266.000.000) 2024-08-24 15:47:27 Job was evicted.
	(0) CPU times
		Usr 0 00:50:10, Sys 0 00:13:08  -  Run Remote Usage
		Usr 0 00:00:00, Sys 0 00:00:00  -  Run Local Usage
	0  -  Run Bytes Sent By Job
	16252523  -  Run Bytes Received By Job
	Partitionable Resources :    Usage  Request Allocated Assigned
	   Cpus                 :     0.00        4         4 
	   Disk (KB)            : 15895       17500    652975 
	   Gpus (Average)       :     2.33        4         4 "CUDA0,CUDA5,CUDA6,CUDA7"
	   GpusMemory (MB)      : 20134                       
	   Memory (MB)          : 35766       65536     65536 
...
009 (185266.000.000) 2024-08-24 15:47:27 Job was aborted.
	via condor_rm (by user ae01116)
...
