000 (185265.000.000) 2024-08-24 15:35:12 Job submitted from host: <131.227.81.127:9618?addrs=131.227.81.127-9618&alias=aisurrey-condor.surrey.ac.uk&noUDP&sock=schedd_1795_cc96>
...
040 (185265.000.000) 2024-08-24 15:35:32 Started transferring input files
	Transferring to host: <131.227.80.174:9618?addrs=131.227.80.174-9618&alias=aisurrey02.surrey.ac.uk&noUDP&sock=slot1_1_9029_7f48_30844>
...
040 (185265.000.000) 2024-08-24 15:35:32 Finished transferring input files
...
001 (185265.000.000) 2024-08-24 15:35:33 Job executing on host: <131.227.80.174:9618?addrs=131.227.80.174-9618&alias=aisurrey02.surrey.ac.uk&noUDP&sock=startd_8776_2f3c>
...
006 (185265.000.000) 2024-08-24 15:35:42 Image size of job updated: 17500
	362  -  MemoryUsage of job (MB)
	371488  -  ResidentSetSize of job (KB)
...
006 (185265.000.000) 2024-08-24 15:40:42 Image size of job updated: 19569
	19569  -  MemoryUsage of job (MB)
	20038996  -  ResidentSetSize of job (KB)
...
006 (185265.000.000) 2024-08-24 15:45:42 Image size of job updated: 19576
	19576  -  MemoryUsage of job (MB)
	20046012  -  ResidentSetSize of job (KB)
...
004 (185265.000.000) 2024-08-24 15:46:44 Job was evicted.
	(0) CPU times
		Usr 0 00:38:14, Sys 0 00:12:20  -  Run Remote Usage
		Usr 0 00:00:00, Sys 0 00:00:00  -  Run Local Usage
	0  -  Run Bytes Sent By Job
	16252523  -  Run Bytes Received By Job
	Partitionable Resources :    Usage  Request Allocated Assigned
	   Cpus                 :     0.00        4         4 
	   Disk (KB)            : 15895       17500    246844 
	   Gpus (Average)       :     1.24        4         4 "GPU-d1f548cd-f042-2574-f668-c031c7999519,GPU-64610121-158a-61b7-9590-6d8bf8c1803a,GPU-e05a0b02-df58-eb49-48df-ff7a193916eb,GPU-5f00503a-683e-5594-7d0c-169b3e8f2c01"
	   GpusMemory (MB)      :  4911                       
	   Memory (MB)          : 19576       65536     65536 
...
009 (185265.000.000) 2024-08-24 15:46:44 Job was aborted.
	via condor_rm (by user ae01116)
...
