000 (185252.000.000) 2024-08-24 15:15:54 Job submitted from host: <131.227.81.127:9618?addrs=131.227.81.127-9618&alias=aisurrey-condor.surrey.ac.uk&noUDP&sock=schedd_1795_cc96>
...
040 (185252.000.000) 2024-08-24 15:16:04 Started transferring input files
	Transferring to host: <131.227.80.174:9618?addrs=131.227.80.174-9618&alias=aisurrey02.surrey.ac.uk&noUDP&sock=slot1_1_9029_7f48_30833>
...
040 (185252.000.000) 2024-08-24 15:16:05 Finished transferring input files
...
001 (185252.000.000) 2024-08-24 15:16:06 Job executing on host: <131.227.80.174:9618?addrs=131.227.80.174-9618&alias=aisurrey02.surrey.ac.uk&noUDP&sock=startd_8776_2f3c>
...
006 (185252.000.000) 2024-08-24 15:16:14 Image size of job updated: 17500
	374  -  MemoryUsage of job (MB)
	383740  -  ResidentSetSize of job (KB)
...
006 (185252.000.000) 2024-08-24 15:16:37 Image size of job updated: 17500
	16449  -  MemoryUsage of job (MB)
	16844108  -  ResidentSetSize of job (KB)
...
040 (185252.000.000) 2024-08-24 15:16:37 Started transferring output files
...
040 (185252.000.000) 2024-08-24 15:16:37 Finished transferring output files
...
005 (185252.000.000) 2024-08-24 15:16:40 Job terminated.
	(1) Normal termination (return value 0)
		Usr 0 00:01:30, Sys 0 00:00:19  -  Run Remote Usage
		Usr 0 00:00:00, Sys 0 00:00:00  -  Run Local Usage
		Usr 0 00:01:30, Sys 0 00:00:19  -  Total Remote Usage
		Usr 0 00:00:00, Sys 0 00:00:00  -  Total Local Usage
	0  -  Run Bytes Sent By Job
	16252523  -  Run Bytes Received By Job
	0  -  Total Bytes Sent By Job
	16252523  -  Total Bytes Received By Job
	Partitionable Resources :    Usage  Request Allocated Assigned
	   Cpus                 :     0.01        4         4 
	   Disk (KB)            : 15896       17500    246844 
	   Gpus (Average)       :     0.06        4         4 "GPU-d1f548cd-f042-2574-f668-c031c7999519,GPU-64610121-158a-61b7-9590-6d8bf8c1803a,GPU-e05a0b02-df58-eb49-48df-ff7a193916eb,GPU-5f00503a-683e-5594-7d0c-169b3e8f2c01"
	   GpusMemory (MB)      :  3267                       
	   Memory (MB)          : 16449       65536     65536 

	Job terminated of its own accord at 2024-08-24T14:16:37Z.
...
