000 (185496.000.000) 2024-08-25 22:02:15 Job submitted from host: <131.227.81.127:9618?addrs=131.227.81.127-9618&alias=aisurrey-condor.surrey.ac.uk&noUDP&sock=schedd_1795_cc96>
...
040 (185496.000.000) 2024-08-26 02:48:45 Started transferring input files
	Transferring to host: <131.227.80.127:9618?addrs=131.227.80.127-9618&alias=aisurrey15.surrey.ac.uk&noUDP&sock=slot1_2_5002_1c84_3627>
...
040 (185496.000.000) 2024-08-26 02:48:45 Finished transferring input files
...
001 (185496.000.000) 2024-08-26 02:48:46 Job executing on host: <131.227.80.127:9618?addrs=131.227.80.127-9618&alias=aisurrey15.surrey.ac.uk&noUDP&sock=startd_4867_ef87>
...
006 (185496.000.000) 2024-08-26 02:48:55 Image size of job updated: 17500
	2139  -  MemoryUsage of job (MB)
	2190512  -  ResidentSetSize of job (KB)
...
006 (185496.000.000) 2024-08-26 02:49:35 Image size of job updated: 25159
	25159  -  MemoryUsage of job (MB)
	25763680  -  ResidentSetSize of job (KB)
...
040 (185496.000.000) 2024-08-26 02:49:35 Started transferring output files
...
040 (185496.000.000) 2024-08-26 02:49:35 Finished transferring output files
...
005 (185496.000.000) 2024-08-26 02:49:35 Job terminated.
	(1) Normal termination (return value 0)
		Usr 0 00:00:11, Sys 0 00:00:05  -  Run Remote Usage
		Usr 0 00:00:00, Sys 0 00:00:00  -  Run Local Usage
		Usr 0 00:00:11, Sys 0 00:00:05  -  Total Remote Usage
		Usr 0 00:00:00, Sys 0 00:00:00  -  Total Local Usage
	0  -  Run Bytes Sent By Job
	16252523  -  Run Bytes Received By Job
	0  -  Total Bytes Sent By Job
	16252523  -  Total Bytes Received By Job
	Partitionable Resources :    Usage  Request Allocated Assigned
	   Cpus                 :     0.00        4         4 
	   Disk (KB)            : 15895       17500    652975 
	   Gpus (Average)       :     0.04        4         4 "CUDA1,CUDA2,CUDA3,CUDA4"
	   GpusMemory (MB)      :  3636                       
	   Memory (MB)          : 25159       65536     65536 

	Job terminated of its own accord at 2024-08-26T01:49:35Z.
...
