000 (185092.000.000) 2024-08-23 23:50:57 Job submitted from host: <131.227.81.127:9618?addrs=131.227.81.127-9618&alias=aisurrey-condor.surrey.ac.uk&noUDP&sock=schedd_1795_cc96>
...
040 (185092.000.000) 2024-08-23 23:51:01 Started transferring input files
	Transferring to host: <131.227.80.172:9618?addrs=131.227.80.172-9618&alias=aisurrey01.surrey.ac.uk&noUDP&sock=slot1_2_8919_fe04_34112>
...
040 (185092.000.000) 2024-08-23 23:51:01 Finished transferring input files
...
001 (185092.000.000) 2024-08-23 23:51:02 Job executing on host: <131.227.80.172:9618?addrs=131.227.80.172-9618&alias=aisurrey01.surrey.ac.uk&noUDP&sock=startd_8775_7fa4>
...
006 (185092.000.000) 2024-08-23 23:51:11 Image size of job updated: 17500
	15  -  MemoryUsage of job (MB)
	15748  -  ResidentSetSize of job (KB)
...
006 (185092.000.000) 2024-08-23 23:51:58 Image size of job updated: 17500
	17470  -  MemoryUsage of job (MB)
	17889796  -  ResidentSetSize of job (KB)
...
040 (185092.000.000) 2024-08-23 23:51:59 Started transferring output files
...
040 (185092.000.000) 2024-08-23 23:51:59 Finished transferring output files
...
005 (185092.000.000) 2024-08-23 23:51:59 Job terminated.
	(1) Normal termination (return value 0)
		Usr 0 00:01:25, Sys 0 00:00:17  -  Run Remote Usage
		Usr 0 00:00:00, Sys 0 00:00:00  -  Run Local Usage
		Usr 0 00:01:25, Sys 0 00:00:17  -  Total Remote Usage
		Usr 0 00:00:00, Sys 0 00:00:00  -  Total Local Usage
	0  -  Run Bytes Sent By Job
	16252523  -  Run Bytes Received By Job
	0  -  Total Bytes Sent By Job
	16252523  -  Total Bytes Received By Job
	Partitionable Resources :    Usage  Request Allocated Assigned
	   Cpus                 :     0.00        4         4 
	   Disk (KB)            : 15896       17500    246844 
	   Gpus (Average)       :     0.04        4         4 "GPU-5868899d-1d9a-6d46-f057-90abf099adfd,GPU-551e2112-58c0-b44d-d64c-cdc1493acd1c,GPU-0783041b-8bda-1df4-bc06-c65a4899c992,GPU-6090b2fc-bbf1-e593-a137-2a016494001e"
	   GpusMemory (MB)      :  3327                       
	   Memory (MB)          : 17470       65536     65536 

	Job terminated of its own accord at 2024-08-23T22:51:58Z.
...
