000 (185094.000.000) 2024-08-23 23:54:14 Job submitted from host: <131.227.81.127:9618?addrs=131.227.81.127-9618&alias=aisurrey-condor.surrey.ac.uk&noUDP&sock=schedd_1795_cc96>
...
040 (185094.000.000) 2024-08-23 23:54:15 Started transferring input files
	Transferring to host: <131.227.80.190:9618?addrs=131.227.80.190-9618&alias=aisurrey10.surrey.ac.uk&noUDP&sock=slot1_4_4821_949d_30427>
...
040 (185094.000.000) 2024-08-23 23:54:16 Finished transferring input files
...
001 (185094.000.000) 2024-08-23 23:54:17 Job executing on host: <131.227.80.190:9618?addrs=131.227.80.190-9618&alias=aisurrey10.surrey.ac.uk&noUDP&sock=startd_4682_0a81>
...
006 (185094.000.000) 2024-08-23 23:54:25 Image size of job updated: 17500
	328  -  MemoryUsage of job (MB)
	336048  -  ResidentSetSize of job (KB)
...
006 (185094.000.000) 2024-08-23 23:59:25 Image size of job updated: 18981
	18981  -  MemoryUsage of job (MB)
	19436932  -  ResidentSetSize of job (KB)
...
006 (185094.000.000) 2024-08-24 00:04:26 Image size of job updated: 19448
	19448  -  MemoryUsage of job (MB)
	19914920  -  ResidentSetSize of job (KB)
...
004 (185094.000.000) 2024-08-24 00:06:10 Job was evicted.
	(0) CPU times
		Usr 0 00:37:59, Sys 0 00:15:26  -  Run Remote Usage
		Usr 0 00:00:00, Sys 0 00:00:00  -  Run Local Usage
	0  -  Run Bytes Sent By Job
	16252523  -  Run Bytes Received By Job
	Partitionable Resources :    Usage  Request Allocated Assigned
	   Cpus                 :     0.00        4         4 
	   Disk (KB)            : 15896       17500    246844 
	   Gpus (Average)       :                 4         4 "GPU-85c653d0-d85f-963d-5950-363499bbb660,GPU-1ca663a6-28a2-1723-51c0-4367e1cef787,GPU-837210c5-fc4c-1d71-44af-89eaf40409fe,GPU-4a906a5c-05fe-96ec-0211-f10c5e5b12ce"
	   GpusMemory (MB)      :  4849                       
	   Memory (MB)          : 19448       65536     65536 
...
009 (185094.000.000) 2024-08-24 00:06:10 Job was aborted.
	via condor_rm (by user ae01116)
...
