000 (2129.000.000) 2024-05-12 00:07:35 Job submitted from host: <131.227.81.140:9618?addrs=131.227.81.140-9618&alias=training-condor.surrey.ac.uk&noUDP&sock=schedd_1399_2d15>
...
040 (2129.000.000) 2024-05-12 00:07:53 Finished transferring input files
...
001 (2129.000.000) 2024-05-12 00:07:54 Job executing on host: <131.227.80.176:9618?addrs=131.227.80.176-9618&alias=aisurrey03.surrey.ac.uk&noUDP&sock=startd_9537_2acf>
...
040 (2129.000.000) 2024-05-12 00:07:56 Started transferring output files
...
040 (2129.000.000) 2024-05-12 00:07:56 Finished transferring output files
...
005 (2129.000.000) 2024-05-12 00:07:56 Job terminated.
	(1) Normal termination (return value 1)
		Usr 0 00:00:00, Sys 0 00:00:00  -  Run Remote Usage
		Usr 0 00:00:00, Sys 0 00:00:00  -  Run Local Usage
		Usr 0 00:00:00, Sys 0 00:00:00  -  Total Remote Usage
		Usr 0 00:00:00, Sys 0 00:00:00  -  Total Local Usage
	763  -  Run Bytes Sent By Job
	0  -  Run Bytes Received By Job
	763  -  Total Bytes Sent By Job
	0  -  Total Bytes Received By Job
	Partitionable Resources :    Usage  Request Allocated Assigned
	   Cpus                 :        0        3         3 
	   Disk (KB)            :       25    17500    246844 
	   Gpus (Average)       :                 1         1 "GPU-b457f315-2b66-c3fa-6262-16ded64b8300"
	   Memory (MB)          :              2048      2048 

	Job terminated of its own accord at 2024-05-11T23:07:56Z.
...
