000 (2126.000.000) 2024-05-12 00:04:17 Job submitted from host: <131.227.81.140:9618?addrs=131.227.81.140-9618&alias=training-condor.surrey.ac.uk&noUDP&sock=schedd_1399_2d15>
...
040 (2126.000.000) 2024-05-12 00:04:20 Finished transferring input files
...
001 (2126.000.000) 2024-05-12 00:04:21 Job executing on host: <131.227.80.176:9618?addrs=131.227.80.176-9618&alias=aisurrey03.surrey.ac.uk&noUDP&sock=startd_9537_2acf>
...
040 (2126.000.000) 2024-05-12 00:04:23 Started transferring output files
...
040 (2126.000.000) 2024-05-12 00:04:23 Finished transferring output files
...
005 (2126.000.000) 2024-05-12 00:04:23 Job terminated.
	(1) Normal termination (return value 0)
		Usr 0 00:00:00, Sys 0 00:00:00  -  Run Remote Usage
		Usr 0 00:00:00, Sys 0 00:00:00  -  Run Local Usage
		Usr 0 00:00:00, Sys 0 00:00:00  -  Total Remote Usage
		Usr 0 00:00:00, Sys 0 00:00:00  -  Total Local Usage
	674  -  Run Bytes Sent By Job
	0  -  Run Bytes Received By Job
	674  -  Total Bytes Sent By Job
	0  -  Total Bytes Received By Job
	Partitionable Resources :    Usage  Request Allocated Assigned
	   Cpus                 :        0        3         3 
	   Disk (KB)            :       25    17500    246844 
	   Gpus (Average)       :        0        1         1 "GPU-b457f315-2b66-c3fa-6262-16ded64b8300"
	   GpusMemory (MB)      :      257                    
	   Memory (MB)          :              2048      2048 

	Job terminated of its own accord at 2024-05-11T23:04:23Z.
...
