000 (2134.000.000) 2024-05-12 00:16:50 Job submitted from host: <131.227.81.140:9618?addrs=131.227.81.140-9618&alias=training-condor.surrey.ac.uk&noUDP&sock=schedd_1399_2d15>
...
040 (2134.000.000) 2024-05-12 00:16:54 Started transferring input files
	Transferring to host: <131.227.80.176:9618?addrs=131.227.80.176-9618&alias=aisurrey03.surrey.ac.uk&noUDP&sock=slot1_4_9742_dec5_72404>
...
040 (2134.000.000) 2024-05-12 00:45:34 Finished transferring input files
...
001 (2134.000.000) 2024-05-12 00:45:35 Job executing on host: <131.227.80.176:9618?addrs=131.227.80.176-9618&alias=aisurrey03.surrey.ac.uk&noUDP&sock=startd_9537_2acf>
...
040 (2134.000.000) 2024-05-12 00:45:36 Started transferring output files
...
040 (2134.000.000) 2024-05-12 00:45:36 Finished transferring output files
...
005 (2134.000.000) 2024-05-12 00:45:38 Job terminated.
	(1) Normal termination (return value 0)
		Usr 0 00:00:00, Sys 0 00:00:00  -  Run Remote Usage
		Usr 0 00:00:00, Sys 0 00:00:00  -  Run Local Usage
		Usr 0 00:00:00, Sys 0 00:00:00  -  Total Remote Usage
		Usr 0 00:00:00, Sys 0 00:00:00  -  Total Local Usage
	667  -  Run Bytes Sent By Job
	4639274496  -  Run Bytes Received By Job
	667  -  Total Bytes Sent By Job
	4639274496  -  Total Bytes Received By Job
	Partitionable Resources :      Usage  Request Allocated Assigned
	   Cpus                 :       0.25        3         3 
	   Disk (KB)            : 4530566     4750000   4936873 
	   Gpus (Average)       :       0           1         1 "GPU-b457f315-2b66-c3fa-6262-16ded64b8300"
	   GpusMemory (MB)      :     257                       
	   Memory (MB)          :                2048      2048 

	Job terminated of its own accord at 2024-05-11T23:45:36Z.
...
