000 (2146.000.000) 2024-05-14 15:43:51 Job submitted from host: <131.227.81.140:9618?addrs=131.227.81.140-9618&alias=training-condor.surrey.ac.uk&noUDP&sock=schedd_1399_2d15>
...
040 (2146.000.000) 2024-05-14 15:43:54 Started transferring input files
	Transferring to host: <131.227.80.172:9618?addrs=131.227.80.172-9618&alias=aisurrey01.surrey.ac.uk&noUDP&sock=slot1_5_9731_1ea5_40894>
...
040 (2146.000.000) 2024-05-14 15:44:17 Finished transferring input files
...
004 (2146.000.000) 2024-05-14 15:44:18 Job was evicted.
	(0) CPU times
		Usr 0 00:00:00, Sys 0 00:00:00  -  Run Remote Usage
		Usr 0 00:00:00, Sys 0 00:00:00  -  Run Local Usage
	0  -  Run Bytes Sent By Job
	5174076  -  Run Bytes Received By Job
	Partitionable Resources :    Usage  Request Allocated Assigned
	   Cpus                 :     0.02        3         3 
	   Disk (KB)            :  5072     2500000   2715280 
	   Gpus (Average)       :     0           1         1 "GPU-551e2112-58c0-b44d-d64c-cdc1493acd1c"
	   GpusMemory (MB)      :   257                       
	   Memory (MB)          :              2048      2048 
...
009 (2146.000.000) 2024-05-14 15:44:18 Job was aborted.
	via condor_rm (by user ae01116)
...
