000 (2148.000.000) 2024-05-14 15:51:26 Job submitted from host: <131.227.81.140:9618?addrs=131.227.81.140-9618&alias=training-condor.surrey.ac.uk&noUDP&sock=schedd_1399_2d15>
...
040 (2148.000.000) 2024-05-14 15:51:27 Started transferring input files
	Transferring to host: <131.227.80.172:9618?addrs=131.227.80.172-9618&alias=aisurrey01.surrey.ac.uk&noUDP&sock=slot1_2_9731_1ea5_40898>
...
040 (2148.000.000) 2024-05-14 15:51:27 Finished transferring input files
...
001 (2148.000.000) 2024-05-14 15:51:28 Job executing on host: <131.227.80.172:9618?addrs=131.227.80.172-9618&alias=aisurrey01.surrey.ac.uk&noUDP&sock=startd_9522_e0e3>
...
006 (2148.000.000) 2024-05-14 15:51:36 Image size of job updated: 17500
	8  -  MemoryUsage of job (MB)
	8892  -  ResidentSetSize of job (KB)
...
006 (2148.000.000) 2024-05-14 15:52:22 Image size of job updated: 17500
	490  -  MemoryUsage of job (MB)
	502676  -  ResidentSetSize of job (KB)
...
040 (2148.000.000) 2024-05-14 15:52:22 Started transferring output files
...
040 (2148.000.000) 2024-05-14 15:52:22 Finished transferring output files
...
005 (2148.000.000) 2024-05-14 15:52:22 Job terminated.
	(1) Normal termination (return value 0)
		Usr 0 00:00:02, Sys 0 00:00:00  -  Run Remote Usage
		Usr 0 00:00:00, Sys 0 00:00:00  -  Run Local Usage
		Usr 0 00:00:02, Sys 0 00:00:00  -  Total Remote Usage
		Usr 0 00:00:00, Sys 0 00:00:00  -  Total Local Usage
	10110  -  Run Bytes Sent By Job
	625  -  Run Bytes Received By Job
	10110  -  Total Bytes Sent By Job
	625  -  Total Bytes Received By Job
	Partitionable Resources :    Usage  Request Allocated Assigned
	   Cpus                 :     0.00        3         3 
	   Disk (KB)            :    35       17500    246844 
	   Gpus (Average)       :     0           1         1 "GPU-36a655d1-c604-0db2-f8ee-bf0e0ad128fb"
	   GpusMemory (MB)      :   257                       
	   Memory (MB)          :   490        2048      2048 

	Job terminated of its own accord at 2024-05-14T14:52:22Z.
...
