000 (2147.000.000) 2024-05-14 15:47:12 Job submitted from host: <131.227.81.140:9618?addrs=131.227.81.140-9618&alias=training-condor.surrey.ac.uk&noUDP&sock=schedd_1399_2d15>
...
040 (2147.000.000) 2024-05-14 15:47:32 Started transferring input files
	Transferring to host: <131.227.80.172:9618?addrs=131.227.80.172-9618&alias=aisurrey01.surrey.ac.uk&noUDP&sock=slot1_2_9731_1ea5_40896>
...
040 (2147.000.000) 2024-05-14 15:47:32 Finished transferring input files
...
001 (2147.000.000) 2024-05-14 15:47:33 Job executing on host: <131.227.80.172:9618?addrs=131.227.80.172-9618&alias=aisurrey01.surrey.ac.uk&noUDP&sock=startd_9522_e0e3>
...
040 (2147.000.000) 2024-05-14 15:49:09 Started transferring output files
...
040 (2147.000.000) 2024-05-14 15:49:09 Finished transferring output files
...
005 (2147.000.000) 2024-05-14 15:49:09 Job terminated.
	(1) Normal termination (return value 0)
		Usr 0 00:00:00, Sys 0 00:00:00  -  Run Remote Usage
		Usr 0 00:00:00, Sys 0 00:00:00  -  Run Local Usage
		Usr 0 00:00:00, Sys 0 00:00:00  -  Total Remote Usage
		Usr 0 00:00:00, Sys 0 00:00:00  -  Total Local Usage
	2289  -  Run Bytes Sent By Job
	577  -  Run Bytes Received By Job
	2289  -  Total Bytes Sent By Job
	577  -  Total Bytes Received By Job
	Partitionable Resources :    Usage  Request Allocated Assigned
	   Cpus                 :        0        3         3 
	   Disk (KB)            :       27    17500    246844 
	   Gpus (Average)       :        0        1         1 "GPU-36a655d1-c604-0db2-f8ee-bf0e0ad128fb"
	   GpusMemory (MB)      :      257                    
	   Memory (MB)          :              2048      2048 

	Job terminated of its own accord at 2024-05-14T14:49:09Z.
...
